[0.014s] Invoking command in '/home/devuser/AOX/ros_ws/cpp_pubsub/src/build/tutorial_interfaces': CMAKE_PREFIX_PATH=${CMAKE_PREFIX_PATH}:/opt/ros/humble /usr/bin/cmake --build /home/devuser/AOX/ros_ws/cpp_pubsub/src/build/tutorial_interfaces -- -j8 -l8
[0.177s] -- Found ament_cmake: 1.3.5 (/opt/ros/humble/share/ament_cmake/cmake)
[0.627s] -- Found geometry_msgs: 4.2.3 (/opt/ros/humble/share/geometry_msgs/cmake)
[0.880s] -- Found rosidl_generator_c: 3.1.5 (/opt/ros/humble/share/rosidl_generator_c/cmake)
[0.908s] -- Found rosidl_adapter: 3.1.5 (/opt/ros/humble/share/rosidl_adapter/cmake)
[0.961s] -- Found rosidl_generator_cpp: 3.1.5 (/opt/ros/humble/share/rosidl_generator_cpp/cmake)
[1.001s] -- Using all available rosidl_typesupport_c: rosidl_typesupport_fastrtps_c;rosidl_typesupport_introspection_c
[1.028s] -- Using all available rosidl_typesupport_cpp: rosidl_typesupport_fastrtps_cpp;rosidl_typesupport_introspection_cpp
[1.175s] -- Found rosidl_default_generators: 1.2.0 (/opt/ros/humble/share/rosidl_default_generators/cmake)
[1.527s] -- Found ament_cmake_ros: 0.10.0 (/opt/ros/humble/share/ament_cmake_ros/cmake)
[1.854s] -- Using all available rosidl_typesupport_c: rosidl_typesupport_fastrtps_c;rosidl_typesupport_introspection_c
[1.964s] -- Using all available rosidl_typesupport_cpp: rosidl_typesupport_fastrtps_cpp;rosidl_typesupport_introspection_cpp
[1.978s] -- Found python_cmake_module: 0.10.0 (/opt/ros/humble/share/python_cmake_module/cmake)
[2.018s] -- Using PYTHON_EXECUTABLE: /usr/bin/python3
[2.018s] -- Using PYTHON_INCLUDE_DIRS: /usr/include/python3.10
[2.018s] -- Using PYTHON_LIBRARIES: /usr/lib/x86_64-linux-gnu/libpython3.10.so
[2.094s] -- Found ament_lint_auto: 0.12.7 (/opt/ros/humble/share/ament_lint_auto/cmake)
[2.210s] -- Added test 'lint_cmake' to check CMake code style
[2.213s] -- Added test 'xmllint' to check XML markup files
[2.215s] -- Configuring done
[2.350s] -- Generating done
[2.353s] -- Build files have been written to: /home/devuser/AOX/ros_ws/cpp_pubsub/src/build/tutorial_interfaces
[2.373s] [  1%] [34m[1mGenerating C code for ROS interfaces[0m
[2.380s] [  3%] [34m[1mGenerating C++ code for ROS interfaces[0m
[2.394s] [  3%] Built target ament_cmake_python_copy_tutorial_interfaces
[2.602s] running egg_info
[2.602s] writing tutorial_interfaces.egg-info/PKG-INFO
[2.602s] writing dependency_links to tutorial_interfaces.egg-info/dependency_links.txt
[2.602s] writing top-level names to tutorial_interfaces.egg-info/top_level.txt
[2.604s] reading manifest file 'tutorial_interfaces.egg-info/SOURCES.txt'
[2.605s] writing manifest file 'tutorial_interfaces.egg-info/SOURCES.txt'
[2.629s] [  3%] Built target ament_cmake_python_build_tutorial_interfaces_egg
[2.797s] [  3%] Built target tutorial_interfaces__cpp
[2.807s] [  5%] [34m[1mGenerating C++ introspection for ROS interfaces[0m
[2.808s] [  7%] [34m[1mGenerating C++ type support for eProsima Fast-RTPS[0m
[2.808s] [  9%] [34m[1mGenerating C++ type support dispatch for ROS interfaces[0m
[2.874s] [35m[1mConsolidate compiler generated dependencies of target tutorial_interfaces__rosidl_generator_c[0m
[2.890s] [ 12%] [32mBuilding C object CMakeFiles/tutorial_interfaces__rosidl_generator_c.dir/rosidl_generator_c/tutorial_interfaces/msg/detail/sphere__functions.c.o[0m
[2.890s] [ 14%] [32mBuilding C object CMakeFiles/tutorial_interfaces__rosidl_generator_c.dir/rosidl_generator_c/tutorial_interfaces/srv/detail/add_three_ints__functions.c.o[0m
[2.893s] [ 16%] [32mBuilding C object CMakeFiles/tutorial_interfaces__rosidl_generator_c.dir/rosidl_generator_c/tutorial_interfaces/srv/detail/empty__functions.c.o[0m
[2.894s] [ 16%] [32mBuilding C object CMakeFiles/tutorial_interfaces__rosidl_generator_c.dir/rosidl_generator_c/tutorial_interfaces/msg/detail/num__functions.c.o[0m
[3.190s] [35m[1mConsolidate compiler generated dependencies of target tutorial_interfaces__rosidl_typesupport_introspection_cpp[0m
[3.201s] [ 18%] [32mBuilding CXX object CMakeFiles/tutorial_interfaces__rosidl_typesupport_introspection_cpp.dir/rosidl_typesupport_introspection_cpp/tutorial_interfaces/msg/detail/sphere__type_support.cpp.o[0m
[3.201s] [ 20%] [32mBuilding CXX object CMakeFiles/tutorial_interfaces__rosidl_typesupport_introspection_cpp.dir/rosidl_typesupport_introspection_cpp/tutorial_interfaces/msg/detail/num__type_support.cpp.o[0m
[3.207s] [35m[1mConsolidate compiler generated dependencies of target tutorial_interfaces__rosidl_typesupport_cpp[0m
[3.219s] [ 21%] [32mBuilding CXX object CMakeFiles/tutorial_interfaces__rosidl_typesupport_cpp.dir/rosidl_typesupport_cpp/tutorial_interfaces/msg/num__type_support.cpp.o[0m
[3.308s] [ 23%] [32mBuilding CXX object CMakeFiles/tutorial_interfaces__rosidl_typesupport_cpp.dir/rosidl_typesupport_cpp/tutorial_interfaces/msg/sphere__type_support.cpp.o[0m
[3.325s] [ 25%] [32mBuilding CXX object CMakeFiles/tutorial_interfaces__rosidl_typesupport_introspection_cpp.dir/rosidl_typesupport_introspection_cpp/tutorial_interfaces/srv/detail/add_three_ints__type_support.cpp.o[0m
[3.328s] [ 27%] [32mBuilding CXX object CMakeFiles/tutorial_interfaces__rosidl_typesupport_cpp.dir/rosidl_typesupport_cpp/tutorial_interfaces/srv/add_three_ints__type_support.cpp.o[0m
[3.385s] [ 29%] [32m[1mLinking C shared library libtutorial_interfaces__rosidl_generator_c.so[0m
[3.496s] [ 29%] Built target tutorial_interfaces__rosidl_generator_c
[3.507s] [ 30%] [32mBuilding CXX object CMakeFiles/tutorial_interfaces__rosidl_typesupport_cpp.dir/rosidl_typesupport_cpp/tutorial_interfaces/srv/empty__type_support.cpp.o[0m
[3.525s] [35m[1mConsolidate compiler generated dependencies of target tutorial_interfaces__rosidl_typesupport_fastrtps_cpp[0m
[3.579s] [ 32%] [32mBuilding CXX object CMakeFiles/tutorial_interfaces__rosidl_typesupport_fastrtps_cpp.dir/rosidl_typesupport_fastrtps_cpp/tutorial_interfaces/msg/detail/dds_fastrtps/num__type_support.cpp.o[0m
[3.601s] [ 34%] [34m[1mGenerating C type support for eProsima Fast-RTPS[0m
[3.697s] [ 36%] [32mBuilding CXX object CMakeFiles/tutorial_interfaces__rosidl_typesupport_fastrtps_cpp.dir/rosidl_typesupport_fastrtps_cpp/tutorial_interfaces/msg/detail/dds_fastrtps/sphere__type_support.cpp.o[0m
[3.698s] [ 38%] [32mBuilding CXX object CMakeFiles/tutorial_interfaces__rosidl_typesupport_fastrtps_cpp.dir/rosidl_typesupport_fastrtps_cpp/tutorial_interfaces/srv/detail/dds_fastrtps/add_three_ints__type_support.cpp.o[0m
[3.719s] [ 40%] [32mBuilding CXX object CMakeFiles/tutorial_interfaces__rosidl_typesupport_introspection_cpp.dir/rosidl_typesupport_introspection_cpp/tutorial_interfaces/srv/detail/empty__type_support.cpp.o[0m
[3.825s] [ 41%] [34m[1mGenerating C introspection for ROS interfaces[0m
[3.901s] [ 43%] [34m[1mGenerating C type support dispatch for ROS interfaces[0m
[3.902s] [ 45%] [32m[1mLinking CXX shared library libtutorial_interfaces__rosidl_typesupport_cpp.so[0m
[4.052s] [ 45%] Built target tutorial_interfaces__rosidl_typesupport_cpp
[4.085s] [ 47%] [32mBuilding CXX object CMakeFiles/tutorial_interfaces__rosidl_typesupport_fastrtps_cpp.dir/rosidl_typesupport_fastrtps_cpp/tutorial_interfaces/srv/detail/dds_fastrtps/empty__type_support.cpp.o[0m
[4.313s] [35m[1mConsolidate compiler generated dependencies of target tutorial_interfaces__rosidl_typesupport_fastrtps_c[0m
[4.320s] [ 49%] [32m[1mLinking CXX shared library libtutorial_interfaces__rosidl_typesupport_introspection_cpp.so[0m
[4.331s] [ 50%] [32mBuilding CXX object CMakeFiles/tutorial_interfaces__rosidl_typesupport_fastrtps_c.dir/rosidl_typesupport_fastrtps_c/tutorial_interfaces/msg/detail/sphere__type_support_c.cpp.o[0m
[4.333s] [ 52%] [32mBuilding CXX object CMakeFiles/tutorial_interfaces__rosidl_typesupport_fastrtps_c.dir/rosidl_typesupport_fastrtps_c/tutorial_interfaces/msg/detail/num__type_support_c.cpp.o[0m
[4.334s] [ 54%] [32mBuilding CXX object CMakeFiles/tutorial_interfaces__rosidl_typesupport_fastrtps_c.dir/rosidl_typesupport_fastrtps_c/tutorial_interfaces/srv/detail/add_three_ints__type_support_c.cpp.o[0m
[4.341s] [ 56%] [32mBuilding CXX object CMakeFiles/tutorial_interfaces__rosidl_typesupport_fastrtps_c.dir/rosidl_typesupport_fastrtps_c/tutorial_interfaces/srv/detail/empty__type_support_c.cpp.o[0m
[4.412s] [35m[1mConsolidate compiler generated dependencies of target tutorial_interfaces__rosidl_typesupport_c[0m
[4.445s] [ 58%] [32mBuilding CXX object CMakeFiles/tutorial_interfaces__rosidl_typesupport_c.dir/rosidl_typesupport_c/tutorial_interfaces/msg/num__type_support.cpp.o[0m
[4.478s] [ 58%] Built target tutorial_interfaces__rosidl_typesupport_introspection_cpp
[4.544s] [ 60%] [32mBuilding CXX object CMakeFiles/tutorial_interfaces__rosidl_typesupport_c.dir/rosidl_typesupport_c/tutorial_interfaces/msg/sphere__type_support.cpp.o[0m
[4.570s] [ 61%] [32mBuilding CXX object CMakeFiles/tutorial_interfaces__rosidl_typesupport_c.dir/rosidl_typesupport_c/tutorial_interfaces/srv/add_three_ints__type_support.cpp.o[0m
[4.578s] [35m[1mConsolidate compiler generated dependencies of target tutorial_interfaces__rosidl_typesupport_introspection_c[0m
[4.594s] [ 63%] [32mBuilding C object CMakeFiles/tutorial_interfaces__rosidl_typesupport_introspection_c.dir/rosidl_typesupport_introspection_c/tutorial_interfaces/msg/detail/num__type_support.c.o[0m
[4.616s] [ 65%] [32mBuilding CXX object CMakeFiles/tutorial_interfaces__rosidl_typesupport_c.dir/rosidl_typesupport_c/tutorial_interfaces/srv/empty__type_support.cpp.o[0m
[4.651s] [ 67%] [32mBuilding C object CMakeFiles/tutorial_interfaces__rosidl_typesupport_introspection_c.dir/rosidl_typesupport_introspection_c/tutorial_interfaces/msg/detail/sphere__type_support.c.o[0m
[4.676s] [ 69%] [32m[1mLinking CXX shared library libtutorial_interfaces__rosidl_typesupport_c.so[0m
[4.680s] [ 70%] [32mBuilding C object CMakeFiles/tutorial_interfaces__rosidl_typesupport_introspection_c.dir/rosidl_typesupport_introspection_c/tutorial_interfaces/srv/detail/add_three_ints__type_support.c.o[0m
[4.688s] [ 72%] [32m[1mLinking CXX shared library libtutorial_interfaces__rosidl_typesupport_fastrtps_cpp.so[0m
[4.740s] [ 74%] [32mBuilding C object CMakeFiles/tutorial_interfaces__rosidl_typesupport_introspection_c.dir/rosidl_typesupport_introspection_c/tutorial_interfaces/srv/detail/empty__type_support.c.o[0m
[4.742s] [ 74%] Built target tutorial_interfaces__rosidl_typesupport_c
[4.782s] [ 76%] [32m[1mLinking C shared library libtutorial_interfaces__rosidl_typesupport_introspection_c.so[0m
[4.811s] [ 76%] Built target tutorial_interfaces__rosidl_typesupport_introspection_c
[4.812s] [ 78%] [32m[1mLinking CXX shared library libtutorial_interfaces__rosidl_typesupport_fastrtps_c.so[0m
[4.824s] [ 78%] Built target tutorial_interfaces__rosidl_typesupport_fastrtps_cpp
[4.890s] [ 78%] Built target tutorial_interfaces__rosidl_typesupport_fastrtps_c
[4.905s] [ 78%] Built target tutorial_interfaces
[4.922s] [ 80%] [34m[1mGenerating Python code for ROS interfaces[0m
[5.433s] [ 80%] Built target tutorial_interfaces__py
[5.441s] [35m[1mConsolidate compiler generated dependencies of target tutorial_interfaces__rosidl_generator_py[0m
[5.452s] [ 83%] [32mBuilding C object CMakeFiles/tutorial_interfaces__rosidl_generator_py.dir/rosidl_generator_py/tutorial_interfaces/srv/_empty_s.c.o[0m
[5.452s] [ 83%] [32mBuilding C object CMakeFiles/tutorial_interfaces__rosidl_generator_py.dir/rosidl_generator_py/tutorial_interfaces/srv/_add_three_ints_s.c.o[0m
[5.453s] [ 87%] [32mBuilding C object CMakeFiles/tutorial_interfaces__rosidl_generator_py.dir/rosidl_generator_py/tutorial_interfaces/msg/_num_s.c.o[0m
[5.454s] [ 87%] [32mBuilding C object CMakeFiles/tutorial_interfaces__rosidl_generator_py.dir/rosidl_generator_py/tutorial_interfaces/msg/_sphere_s.c.o[0m
[6.071s] [ 89%] [32m[1mLinking C shared library rosidl_generator_py/tutorial_interfaces/libtutorial_interfaces__rosidl_generator_py.so[0m
[6.102s] [ 89%] Built target tutorial_interfaces__rosidl_generator_py
[6.110s] [35m[1mConsolidate compiler generated dependencies of target tutorial_interfaces__rosidl_typesupport_c__pyext[0m
[6.110s] [35m[1mConsolidate compiler generated dependencies of target tutorial_interfaces__rosidl_typesupport_introspection_c__pyext[0m
[6.110s] [35m[1mConsolidate compiler generated dependencies of target tutorial_interfaces__rosidl_typesupport_fastrtps_c__pyext[0m
[6.120s] [ 92%] [32mBuilding C object CMakeFiles/tutorial_interfaces__rosidl_typesupport_introspection_c__pyext.dir/rosidl_generator_py/tutorial_interfaces/_tutorial_interfaces_s.ep.rosidl_typesupport_introspection_c.c.o[0m
[6.120s] [ 92%] [32mBuilding C object CMakeFiles/tutorial_interfaces__rosidl_typesupport_c__pyext.dir/rosidl_generator_py/tutorial_interfaces/_tutorial_interfaces_s.ep.rosidl_typesupport_c.c.o[0m
[6.120s] [ 94%] [32mBuilding C object CMakeFiles/tutorial_interfaces__rosidl_typesupport_fastrtps_c__pyext.dir/rosidl_generator_py/tutorial_interfaces/_tutorial_interfaces_s.ep.rosidl_typesupport_fastrtps_c.c.o[0m
[6.228s] [ 96%] [32m[1mLinking C shared library rosidl_generator_py/tutorial_interfaces/tutorial_interfaces_s__rosidl_typesupport_fastrtps_c.cpython-310-x86_64-linux-gnu.so[0m
[6.233s] [ 98%] [32m[1mLinking C shared library rosidl_generator_py/tutorial_interfaces/tutorial_interfaces_s__rosidl_typesupport_c.cpython-310-x86_64-linux-gnu.so[0m
[6.239s] [100%] [32m[1mLinking C shared library rosidl_generator_py/tutorial_interfaces/tutorial_interfaces_s__rosidl_typesupport_introspection_c.cpython-310-x86_64-linux-gnu.so[0m
[6.266s] [100%] Built target tutorial_interfaces__rosidl_typesupport_fastrtps_c__pyext
[6.278s] [100%] Built target tutorial_interfaces__rosidl_typesupport_c__pyext
[6.281s] [100%] Built target tutorial_interfaces__rosidl_typesupport_introspection_c__pyext
[6.290s] Invoked command in '/home/devuser/AOX/ros_ws/cpp_pubsub/src/build/tutorial_interfaces' returned '0': CMAKE_PREFIX_PATH=${CMAKE_PREFIX_PATH}:/opt/ros/humble /usr/bin/cmake --build /home/devuser/AOX/ros_ws/cpp_pubsub/src/build/tutorial_interfaces -- -j8 -l8
[6.379s] Invoking command in '/home/devuser/AOX/ros_ws/cpp_pubsub/src/build/tutorial_interfaces': CMAKE_PREFIX_PATH=${CMAKE_PREFIX_PATH}:/opt/ros/humble /usr/bin/cmake --install /home/devuser/AOX/ros_ws/cpp_pubsub/src/build/tutorial_interfaces
[6.385s] -- Install configuration: ""
[6.385s] -- Installing: /home/devuser/AOX/ros_ws/cpp_pubsub/src/install/tutorial_interfaces/share/ament_index/resource_index/rosidl_interfaces/tutorial_interfaces
[6.385s] -- Up-to-date: /home/devuser/AOX/ros_ws/cpp_pubsub/src/install/tutorial_interfaces/include/tutorial_interfaces/tutorial_interfaces
[6.385s] -- Up-to-date: /home/devuser/AOX/ros_ws/cpp_pubsub/src/install/tutorial_interfaces/include/tutorial_interfaces/tutorial_interfaces/srv
[6.385s] -- Installing: /home/devuser/AOX/ros_ws/cpp_pubsub/src/install/tutorial_interfaces/include/tutorial_interfaces/tutorial_interfaces/srv/empty.h
[6.386s] -- Up-to-date: /home/devuser/AOX/ros_ws/cpp_pubsub/src/install/tutorial_interfaces/include/tutorial_interfaces/tutorial_interfaces/srv/detail
[6.386s] -- Installing: /home/devuser/AOX/ros_ws/cpp_pubsub/src/install/tutorial_interfaces/include/tutorial_interfaces/tutorial_interfaces/srv/detail/add_three_ints__type_support.h
[6.386s] -- Installing: /home/devuser/AOX/ros_ws/cpp_pubsub/src/install/tutorial_interfaces/include/tutorial_interfaces/tutorial_interfaces/srv/detail/add_three_ints__functions.c
[6.386s] -- Installing: /home/devuser/AOX/ros_ws/cpp_pubsub/src/install/tutorial_interfaces/include/tutorial_interfaces/tutorial_interfaces/srv/detail/empty__type_support.h
[6.386s] -- Installing: /home/devuser/AOX/ros_ws/cpp_pubsub/src/install/tutorial_interfaces/include/tutorial_interfaces/tutorial_interfaces/srv/detail/empty__struct.h
[6.386s] -- Installing: /home/devuser/AOX/ros_ws/cpp_pubsub/src/install/tutorial_interfaces/include/tutorial_interfaces/tutorial_interfaces/srv/detail/add_three_ints__struct.h
[6.386s] -- Installing: /home/devuser/AOX/ros_ws/cpp_pubsub/src/install/tutorial_interfaces/include/tutorial_interfaces/tutorial_interfaces/srv/detail/add_three_ints__functions.h
[6.386s] -- Installing: /home/devuser/AOX/ros_ws/cpp_pubsub/src/install/tutorial_interfaces/include/tutorial_interfaces/tutorial_interfaces/srv/detail/empty__functions.h
[6.386s] -- Installing: /home/devuser/AOX/ros_ws/cpp_pubsub/src/install/tutorial_interfaces/include/tutorial_interfaces/tutorial_interfaces/srv/detail/empty__functions.c
[6.386s] -- Installing: /home/devuser/AOX/ros_ws/cpp_pubsub/src/install/tutorial_interfaces/include/tutorial_interfaces/tutorial_interfaces/srv/add_three_ints.h
[6.386s] -- Up-to-date: /home/devuser/AOX/ros_ws/cpp_pubsub/src/install/tutorial_interfaces/include/tutorial_interfaces/tutorial_interfaces/msg
[6.387s] -- Installing: /home/devuser/AOX/ros_ws/cpp_pubsub/src/install/tutorial_interfaces/include/tutorial_interfaces/tutorial_interfaces/msg/num.h
[6.387s] -- Installing: /home/devuser/AOX/ros_ws/cpp_pubsub/src/install/tutorial_interfaces/include/tutorial_interfaces/tutorial_interfaces/msg/sphere.h
[6.387s] -- Up-to-date: /home/devuser/AOX/ros_ws/cpp_pubsub/src/install/tutorial_interfaces/include/tutorial_interfaces/tutorial_interfaces/msg/rosidl_generator_c__visibility_control.h
[6.387s] -- Up-to-date: /home/devuser/AOX/ros_ws/cpp_pubsub/src/install/tutorial_interfaces/include/tutorial_interfaces/tutorial_interfaces/msg/detail
[6.387s] -- Installing: /home/devuser/AOX/ros_ws/cpp_pubsub/src/install/tutorial_interfaces/include/tutorial_interfaces/tutorial_interfaces/msg/detail/num__type_support.h
[6.387s] -- Installing: /home/devuser/AOX/ros_ws/cpp_pubsub/src/install/tutorial_interfaces/include/tutorial_interfaces/tutorial_interfaces/msg/detail/sphere__functions.h
[6.387s] -- Installing: /home/devuser/AOX/ros_ws/cpp_pubsub/src/install/tutorial_interfaces/include/tutorial_interfaces/tutorial_interfaces/msg/detail/num__struct.h
[6.387s] -- Installing: /home/devuser/AOX/ros_ws/cpp_pubsub/src/install/tutorial_interfaces/include/tutorial_interfaces/tutorial_interfaces/msg/detail/sphere__type_support.h
[6.387s] -- Installing: /home/devuser/AOX/ros_ws/cpp_pubsub/src/install/tutorial_interfaces/include/tutorial_interfaces/tutorial_interfaces/msg/detail/sphere__functions.c
[6.387s] -- Installing: /home/devuser/AOX/ros_ws/cpp_pubsub/src/install/tutorial_interfaces/include/tutorial_interfaces/tutorial_interfaces/msg/detail/num__functions.h
[6.388s] -- Installing: /home/devuser/AOX/ros_ws/cpp_pubsub/src/install/tutorial_interfaces/include/tutorial_interfaces/tutorial_interfaces/msg/detail/sphere__struct.h
[6.388s] -- Installing: /home/devuser/AOX/ros_ws/cpp_pubsub/src/install/tutorial_interfaces/include/tutorial_interfaces/tutorial_interfaces/msg/detail/num__functions.c
[6.388s] -- Up-to-date: /home/devuser/AOX/ros_ws/cpp_pubsub/src/install/tutorial_interfaces/share/tutorial_interfaces/environment/library_path.sh
[6.388s] -- Installing: /home/devuser/AOX/ros_ws/cpp_pubsub/src/install/tutorial_interfaces/share/tutorial_interfaces/environment/library_path.dsv
[6.388s] -- Installing: /home/devuser/AOX/ros_ws/cpp_pubsub/src/install/tutorial_interfaces/lib/libtutorial_interfaces__rosidl_generator_c.so
[6.389s] -- Set runtime path of "/home/devuser/AOX/ros_ws/cpp_pubsub/src/install/tutorial_interfaces/lib/libtutorial_interfaces__rosidl_generator_c.so" to ""
[6.389s] -- Up-to-date: /home/devuser/AOX/ros_ws/cpp_pubsub/src/install/tutorial_interfaces/include/tutorial_interfaces/tutorial_interfaces
[6.389s] -- Up-to-date: /home/devuser/AOX/ros_ws/cpp_pubsub/src/install/tutorial_interfaces/include/tutorial_interfaces/tutorial_interfaces/srv
[6.389s] -- Up-to-date: /home/devuser/AOX/ros_ws/cpp_pubsub/src/install/tutorial_interfaces/include/tutorial_interfaces/tutorial_interfaces/srv/detail
[6.389s] -- Installing: /home/devuser/AOX/ros_ws/cpp_pubsub/src/install/tutorial_interfaces/include/tutorial_interfaces/tutorial_interfaces/srv/detail/add_three_ints__rosidl_typesupport_fastrtps_c.h
[6.389s] -- Installing: /home/devuser/AOX/ros_ws/cpp_pubsub/src/install/tutorial_interfaces/include/tutorial_interfaces/tutorial_interfaces/srv/detail/empty__rosidl_typesupport_fastrtps_c.h
[6.389s] -- Up-to-date: /home/devuser/AOX/ros_ws/cpp_pubsub/src/install/tutorial_interfaces/include/tutorial_interfaces/tutorial_interfaces/msg
[6.389s] -- Up-to-date: /home/devuser/AOX/ros_ws/cpp_pubsub/src/install/tutorial_interfaces/include/tutorial_interfaces/tutorial_interfaces/msg/detail
[6.389s] -- Installing: /home/devuser/AOX/ros_ws/cpp_pubsub/src/install/tutorial_interfaces/include/tutorial_interfaces/tutorial_interfaces/msg/detail/num__rosidl_typesupport_fastrtps_c.h
[6.389s] -- Installing: /home/devuser/AOX/ros_ws/cpp_pubsub/src/install/tutorial_interfaces/include/tutorial_interfaces/tutorial_interfaces/msg/detail/sphere__rosidl_typesupport_fastrtps_c.h
[6.389s] -- Up-to-date: /home/devuser/AOX/ros_ws/cpp_pubsub/src/install/tutorial_interfaces/include/tutorial_interfaces/tutorial_interfaces/msg/rosidl_typesupport_fastrtps_c__visibility_control.h
[6.389s] -- Installing: /home/devuser/AOX/ros_ws/cpp_pubsub/src/install/tutorial_interfaces/lib/libtutorial_interfaces__rosidl_typesupport_fastrtps_c.so
[6.389s] -- Set runtime path of "/home/devuser/AOX/ros_ws/cpp_pubsub/src/install/tutorial_interfaces/lib/libtutorial_interfaces__rosidl_typesupport_fastrtps_c.so" to ""
[6.390s] -- Up-to-date: /home/devuser/AOX/ros_ws/cpp_pubsub/src/install/tutorial_interfaces/include/tutorial_interfaces/tutorial_interfaces
[6.390s] -- Up-to-date: /home/devuser/AOX/ros_ws/cpp_pubsub/src/install/tutorial_interfaces/include/tutorial_interfaces/tutorial_interfaces/srv
[6.390s] -- Installing: /home/devuser/AOX/ros_ws/cpp_pubsub/src/install/tutorial_interfaces/include/tutorial_interfaces/tutorial_interfaces/srv/empty.hpp
[6.390s] -- Installing: /home/devuser/AOX/ros_ws/cpp_pubsub/src/install/tutorial_interfaces/include/tutorial_interfaces/tutorial_interfaces/srv/add_three_ints.hpp
[6.390s] -- Up-to-date: /home/devuser/AOX/ros_ws/cpp_pubsub/src/install/tutorial_interfaces/include/tutorial_interfaces/tutorial_interfaces/srv/detail
[6.390s] -- Installing: /home/devuser/AOX/ros_ws/cpp_pubsub/src/install/tutorial_interfaces/include/tutorial_interfaces/tutorial_interfaces/srv/detail/empty__builder.hpp
[6.390s] -- Installing: /home/devuser/AOX/ros_ws/cpp_pubsub/src/install/tutorial_interfaces/include/tutorial_interfaces/tutorial_interfaces/srv/detail/add_three_ints__traits.hpp
[6.390s] -- Installing: /home/devuser/AOX/ros_ws/cpp_pubsub/src/install/tutorial_interfaces/include/tutorial_interfaces/tutorial_interfaces/srv/detail/empty__traits.hpp
[6.390s] -- Installing: /home/devuser/AOX/ros_ws/cpp_pubsub/src/install/tutorial_interfaces/include/tutorial_interfaces/tutorial_interfaces/srv/detail/empty__struct.hpp
[6.390s] -- Installing: /home/devuser/AOX/ros_ws/cpp_pubsub/src/install/tutorial_interfaces/include/tutorial_interfaces/tutorial_interfaces/srv/detail/add_three_ints__struct.hpp
[6.390s] -- Installing: /home/devuser/AOX/ros_ws/cpp_pubsub/src/install/tutorial_interfaces/include/tutorial_interfaces/tutorial_interfaces/srv/detail/add_three_ints__builder.hpp
[6.390s] -- Up-to-date: /home/devuser/AOX/ros_ws/cpp_pubsub/src/install/tutorial_interfaces/include/tutorial_interfaces/tutorial_interfaces/msg
[6.390s] -- Installing: /home/devuser/AOX/ros_ws/cpp_pubsub/src/install/tutorial_interfaces/include/tutorial_interfaces/tutorial_interfaces/msg/num.hpp
[6.391s] -- Installing: /home/devuser/AOX/ros_ws/cpp_pubsub/src/install/tutorial_interfaces/include/tutorial_interfaces/tutorial_interfaces/msg/sphere.hpp
[6.391s] -- Up-to-date: /home/devuser/AOX/ros_ws/cpp_pubsub/src/install/tutorial_interfaces/include/tutorial_interfaces/tutorial_interfaces/msg/detail
[6.391s] -- Installing: /home/devuser/AOX/ros_ws/cpp_pubsub/src/install/tutorial_interfaces/include/tutorial_interfaces/tutorial_interfaces/msg/detail/sphere__struct.hpp
[6.391s] -- Installing: /home/devuser/AOX/ros_ws/cpp_pubsub/src/install/tutorial_interfaces/include/tutorial_interfaces/tutorial_interfaces/msg/detail/num__struct.hpp
[6.391s] -- Installing: /home/devuser/AOX/ros_ws/cpp_pubsub/src/install/tutorial_interfaces/include/tutorial_interfaces/tutorial_interfaces/msg/detail/num__traits.hpp
[6.391s] -- Installing: /home/devuser/AOX/ros_ws/cpp_pubsub/src/install/tutorial_interfaces/include/tutorial_interfaces/tutorial_interfaces/msg/detail/sphere__builder.hpp
[6.391s] -- Installing: /home/devuser/AOX/ros_ws/cpp_pubsub/src/install/tutorial_interfaces/include/tutorial_interfaces/tutorial_interfaces/msg/detail/sphere__traits.hpp
[6.391s] -- Installing: /home/devuser/AOX/ros_ws/cpp_pubsub/src/install/tutorial_interfaces/include/tutorial_interfaces/tutorial_interfaces/msg/detail/num__builder.hpp
[6.391s] -- Up-to-date: /home/devuser/AOX/ros_ws/cpp_pubsub/src/install/tutorial_interfaces/include/tutorial_interfaces/tutorial_interfaces
[6.391s] -- Up-to-date: /home/devuser/AOX/ros_ws/cpp_pubsub/src/install/tutorial_interfaces/include/tutorial_interfaces/tutorial_interfaces/srv
[6.391s] -- Up-to-date: /home/devuser/AOX/ros_ws/cpp_pubsub/src/install/tutorial_interfaces/include/tutorial_interfaces/tutorial_interfaces/srv/detail
[6.391s] -- Installing: /home/devuser/AOX/ros_ws/cpp_pubsub/src/install/tutorial_interfaces/include/tutorial_interfaces/tutorial_interfaces/srv/detail/empty__rosidl_typesupport_fastrtps_cpp.hpp
[6.392s] -- Installing: /home/devuser/AOX/ros_ws/cpp_pubsub/src/install/tutorial_interfaces/include/tutorial_interfaces/tutorial_interfaces/srv/detail/add_three_ints__rosidl_typesupport_fastrtps_cpp.hpp
[6.392s] -- Up-to-date: /home/devuser/AOX/ros_ws/cpp_pubsub/src/install/tutorial_interfaces/include/tutorial_interfaces/tutorial_interfaces/srv/detail/dds_fastrtps
[6.392s] -- Up-to-date: /home/devuser/AOX/ros_ws/cpp_pubsub/src/install/tutorial_interfaces/include/tutorial_interfaces/tutorial_interfaces/msg
[6.392s] -- Up-to-date: /home/devuser/AOX/ros_ws/cpp_pubsub/src/install/tutorial_interfaces/include/tutorial_interfaces/tutorial_interfaces/msg/rosidl_typesupport_fastrtps_cpp__visibility_control.h
[6.392s] -- Up-to-date: /home/devuser/AOX/ros_ws/cpp_pubsub/src/install/tutorial_interfaces/include/tutorial_interfaces/tutorial_interfaces/msg/detail
[6.392s] -- Installing: /home/devuser/AOX/ros_ws/cpp_pubsub/src/install/tutorial_interfaces/include/tutorial_interfaces/tutorial_interfaces/msg/detail/num__rosidl_typesupport_fastrtps_cpp.hpp
[6.392s] -- Installing: /home/devuser/AOX/ros_ws/cpp_pubsub/src/install/tutorial_interfaces/include/tutorial_interfaces/tutorial_interfaces/msg/detail/sphere__rosidl_typesupport_fastrtps_cpp.hpp
[6.392s] -- Up-to-date: /home/devuser/AOX/ros_ws/cpp_pubsub/src/install/tutorial_interfaces/include/tutorial_interfaces/tutorial_interfaces/msg/detail/dds_fastrtps
[6.392s] -- Installing: /home/devuser/AOX/ros_ws/cpp_pubsub/src/install/tutorial_interfaces/lib/libtutorial_interfaces__rosidl_typesupport_fastrtps_cpp.so
[6.392s] -- Set runtime path of "/home/devuser/AOX/ros_ws/cpp_pubsub/src/install/tutorial_interfaces/lib/libtutorial_interfaces__rosidl_typesupport_fastrtps_cpp.so" to ""
[6.392s] -- Up-to-date: /home/devuser/AOX/ros_ws/cpp_pubsub/src/install/tutorial_interfaces/include/tutorial_interfaces/tutorial_interfaces
[6.392s] -- Up-to-date: /home/devuser/AOX/ros_ws/cpp_pubsub/src/install/tutorial_interfaces/include/tutorial_interfaces/tutorial_interfaces/srv
[6.393s] -- Up-to-date: /home/devuser/AOX/ros_ws/cpp_pubsub/src/install/tutorial_interfaces/include/tutorial_interfaces/tutorial_interfaces/srv/detail
[6.393s] -- Installing: /home/devuser/AOX/ros_ws/cpp_pubsub/src/install/tutorial_interfaces/include/tutorial_interfaces/tutorial_interfaces/srv/detail/empty__rosidl_typesupport_introspection_c.h
[6.393s] -- Installing: /home/devuser/AOX/ros_ws/cpp_pubsub/src/install/tutorial_interfaces/include/tutorial_interfaces/tutorial_interfaces/srv/detail/add_three_ints__type_support.c
[6.393s] -- Installing: /home/devuser/AOX/ros_ws/cpp_pubsub/src/install/tutorial_interfaces/include/tutorial_interfaces/tutorial_interfaces/srv/detail/add_three_ints__rosidl_typesupport_introspection_c.h
[6.393s] -- Installing: /home/devuser/AOX/ros_ws/cpp_pubsub/src/install/tutorial_interfaces/include/tutorial_interfaces/tutorial_interfaces/srv/detail/empty__type_support.c
[6.393s] -- Up-to-date: /home/devuser/AOX/ros_ws/cpp_pubsub/src/install/tutorial_interfaces/include/tutorial_interfaces/tutorial_interfaces/msg
[6.393s] -- Up-to-date: /home/devuser/AOX/ros_ws/cpp_pubsub/src/install/tutorial_interfaces/include/tutorial_interfaces/tutorial_interfaces/msg/rosidl_typesupport_introspection_c__visibility_control.h
[6.393s] -- Up-to-date: /home/devuser/AOX/ros_ws/cpp_pubsub/src/install/tutorial_interfaces/include/tutorial_interfaces/tutorial_interfaces/msg/detail
[6.393s] -- Installing: /home/devuser/AOX/ros_ws/cpp_pubsub/src/install/tutorial_interfaces/include/tutorial_interfaces/tutorial_interfaces/msg/detail/num__type_support.c
[6.393s] -- Installing: /home/devuser/AOX/ros_ws/cpp_pubsub/src/install/tutorial_interfaces/include/tutorial_interfaces/tutorial_interfaces/msg/detail/num__rosidl_typesupport_introspection_c.h
[6.393s] -- Installing: /home/devuser/AOX/ros_ws/cpp_pubsub/src/install/tutorial_interfaces/include/tutorial_interfaces/tutorial_interfaces/msg/detail/sphere__rosidl_typesupport_introspection_c.h
[6.393s] -- Installing: /home/devuser/AOX/ros_ws/cpp_pubsub/src/install/tutorial_interfaces/include/tutorial_interfaces/tutorial_interfaces/msg/detail/sphere__type_support.c
[6.394s] -- Installing: /home/devuser/AOX/ros_ws/cpp_pubsub/src/install/tutorial_interfaces/lib/libtutorial_interfaces__rosidl_typesupport_introspection_c.so
[6.394s] -- Set runtime path of "/home/devuser/AOX/ros_ws/cpp_pubsub/src/install/tutorial_interfaces/lib/libtutorial_interfaces__rosidl_typesupport_introspection_c.so" to ""
[6.394s] -- Installing: /home/devuser/AOX/ros_ws/cpp_pubsub/src/install/tutorial_interfaces/lib/libtutorial_interfaces__rosidl_typesupport_c.so
[6.394s] -- Set runtime path of "/home/devuser/AOX/ros_ws/cpp_pubsub/src/install/tutorial_interfaces/lib/libtutorial_interfaces__rosidl_typesupport_c.so" to ""
[6.394s] -- Up-to-date: /home/devuser/AOX/ros_ws/cpp_pubsub/src/install/tutorial_interfaces/include/tutorial_interfaces/tutorial_interfaces
[6.394s] -- Up-to-date: /home/devuser/AOX/ros_ws/cpp_pubsub/src/install/tutorial_interfaces/include/tutorial_interfaces/tutorial_interfaces/srv
[6.394s] -- Up-to-date: /home/devuser/AOX/ros_ws/cpp_pubsub/src/install/tutorial_interfaces/include/tutorial_interfaces/tutorial_interfaces/srv/detail
[6.394s] -- Installing: /home/devuser/AOX/ros_ws/cpp_pubsub/src/install/tutorial_interfaces/include/tutorial_interfaces/tutorial_interfaces/srv/detail/empty__type_support.cpp
[6.394s] -- Installing: /home/devuser/AOX/ros_ws/cpp_pubsub/src/install/tutorial_interfaces/include/tutorial_interfaces/tutorial_interfaces/srv/detail/empty__rosidl_typesupport_introspection_cpp.hpp
[6.395s] -- Installing: /home/devuser/AOX/ros_ws/cpp_pubsub/src/install/tutorial_interfaces/include/tutorial_interfaces/tutorial_interfaces/srv/detail/add_three_ints__rosidl_typesupport_introspection_cpp.hpp
[6.395s] -- Installing: /home/devuser/AOX/ros_ws/cpp_pubsub/src/install/tutorial_interfaces/include/tutorial_interfaces/tutorial_interfaces/srv/detail/add_three_ints__type_support.cpp
[6.395s] -- Up-to-date: /home/devuser/AOX/ros_ws/cpp_pubsub/src/install/tutorial_interfaces/include/tutorial_interfaces/tutorial_interfaces/msg
[6.395s] -- Up-to-date: /home/devuser/AOX/ros_ws/cpp_pubsub/src/install/tutorial_interfaces/include/tutorial_interfaces/tutorial_interfaces/msg/detail
[6.395s] -- Installing: /home/devuser/AOX/ros_ws/cpp_pubsub/src/install/tutorial_interfaces/include/tutorial_interfaces/tutorial_interfaces/msg/detail/num__rosidl_typesupport_introspection_cpp.hpp
[6.395s] -- Installing: /home/devuser/AOX/ros_ws/cpp_pubsub/src/install/tutorial_interfaces/include/tutorial_interfaces/tutorial_interfaces/msg/detail/sphere__type_support.cpp
[6.395s] -- Installing: /home/devuser/AOX/ros_ws/cpp_pubsub/src/install/tutorial_interfaces/include/tutorial_interfaces/tutorial_interfaces/msg/detail/sphere__rosidl_typesupport_introspection_cpp.hpp
[6.395s] -- Installing: /home/devuser/AOX/ros_ws/cpp_pubsub/src/install/tutorial_interfaces/include/tutorial_interfaces/tutorial_interfaces/msg/detail/num__type_support.cpp
[6.395s] -- Installing: /home/devuser/AOX/ros_ws/cpp_pubsub/src/install/tutorial_interfaces/lib/libtutorial_interfaces__rosidl_typesupport_introspection_cpp.so
[6.395s] -- Set runtime path of "/home/devuser/AOX/ros_ws/cpp_pubsub/src/install/tutorial_interfaces/lib/libtutorial_interfaces__rosidl_typesupport_introspection_cpp.so" to ""
[6.396s] -- Installing: /home/devuser/AOX/ros_ws/cpp_pubsub/src/install/tutorial_interfaces/lib/libtutorial_interfaces__rosidl_typesupport_cpp.so
[6.396s] -- Set runtime path of "/home/devuser/AOX/ros_ws/cpp_pubsub/src/install/tutorial_interfaces/lib/libtutorial_interfaces__rosidl_typesupport_cpp.so" to ""
[6.396s] -- Up-to-date: /home/devuser/AOX/ros_ws/cpp_pubsub/src/install/tutorial_interfaces/share/tutorial_interfaces/environment/pythonpath.sh
[6.396s] -- Installing: /home/devuser/AOX/ros_ws/cpp_pubsub/src/install/tutorial_interfaces/share/tutorial_interfaces/environment/pythonpath.dsv
[6.396s] -- Up-to-date: /home/devuser/AOX/ros_ws/cpp_pubsub/src/install/tutorial_interfaces/local/lib/python3.10/dist-packages/tutorial_interfaces-0.0.0-py3.10.egg-info
[6.396s] -- Installing: /home/devuser/AOX/ros_ws/cpp_pubsub/src/install/tutorial_interfaces/local/lib/python3.10/dist-packages/tutorial_interfaces-0.0.0-py3.10.egg-info/top_level.txt
[6.396s] -- Installing: /home/devuser/AOX/ros_ws/cpp_pubsub/src/install/tutorial_interfaces/local/lib/python3.10/dist-packages/tutorial_interfaces-0.0.0-py3.10.egg-info/SOURCES.txt
[6.396s] -- Installing: /home/devuser/AOX/ros_ws/cpp_pubsub/src/install/tutorial_interfaces/local/lib/python3.10/dist-packages/tutorial_interfaces-0.0.0-py3.10.egg-info/dependency_links.txt
[6.396s] -- Installing: /home/devuser/AOX/ros_ws/cpp_pubsub/src/install/tutorial_interfaces/local/lib/python3.10/dist-packages/tutorial_interfaces-0.0.0-py3.10.egg-info/PKG-INFO
[6.397s] -- Up-to-date: /home/devuser/AOX/ros_ws/cpp_pubsub/src/install/tutorial_interfaces/local/lib/python3.10/dist-packages/tutorial_interfaces
[6.397s] -- Installing: /home/devuser/AOX/ros_ws/cpp_pubsub/src/install/tutorial_interfaces/local/lib/python3.10/dist-packages/tutorial_interfaces/_tutorial_interfaces_s.ep.rosidl_typesupport_fastrtps_c.c
[6.397s] -- Up-to-date: /home/devuser/AOX/ros_ws/cpp_pubsub/src/install/tutorial_interfaces/local/lib/python3.10/dist-packages/tutorial_interfaces/srv
[6.397s] -- Installing: /home/devuser/AOX/ros_ws/cpp_pubsub/src/install/tutorial_interfaces/local/lib/python3.10/dist-packages/tutorial_interfaces/srv/_add_three_ints.py
[6.397s] -- Installing: /home/devuser/AOX/ros_ws/cpp_pubsub/src/install/tutorial_interfaces/local/lib/python3.10/dist-packages/tutorial_interfaces/srv/_empty.py
[6.397s] -- Installing: /home/devuser/AOX/ros_ws/cpp_pubsub/src/install/tutorial_interfaces/local/lib/python3.10/dist-packages/tutorial_interfaces/srv/_add_three_ints_s.c
[6.397s] -- Installing: /home/devuser/AOX/ros_ws/cpp_pubsub/src/install/tutorial_interfaces/local/lib/python3.10/dist-packages/tutorial_interfaces/srv/__init__.py
[6.397s] -- Installing: /home/devuser/AOX/ros_ws/cpp_pubsub/src/install/tutorial_interfaces/local/lib/python3.10/dist-packages/tutorial_interfaces/srv/_empty_s.c
[6.397s] -- Installing: /home/devuser/AOX/ros_ws/cpp_pubsub/src/install/tutorial_interfaces/local/lib/python3.10/dist-packages/tutorial_interfaces/tutorial_interfaces_s__rosidl_typesupport_introspection_c.cpython-310-x86_64-linux-gnu.so
[6.397s] -- Installing: /home/devuser/AOX/ros_ws/cpp_pubsub/src/install/tutorial_interfaces/local/lib/python3.10/dist-packages/tutorial_interfaces/libtutorial_interfaces__rosidl_generator_py.so
[6.398s] -- Installing: /home/devuser/AOX/ros_ws/cpp_pubsub/src/install/tutorial_interfaces/local/lib/python3.10/dist-packages/tutorial_interfaces/tutorial_interfaces_s__rosidl_typesupport_c.cpython-310-x86_64-linux-gnu.so
[6.398s] -- Installing: /home/devuser/AOX/ros_ws/cpp_pubsub/src/install/tutorial_interfaces/local/lib/python3.10/dist-packages/tutorial_interfaces/_tutorial_interfaces_s.ep.rosidl_typesupport_introspection_c.c
[6.398s] -- Installing: /home/devuser/AOX/ros_ws/cpp_pubsub/src/install/tutorial_interfaces/local/lib/python3.10/dist-packages/tutorial_interfaces/__init__.py
[6.398s] -- Installing: /home/devuser/AOX/ros_ws/cpp_pubsub/src/install/tutorial_interfaces/local/lib/python3.10/dist-packages/tutorial_interfaces/tutorial_interfaces_s__rosidl_typesupport_fastrtps_c.cpython-310-x86_64-linux-gnu.so
[6.398s] -- Up-to-date: /home/devuser/AOX/ros_ws/cpp_pubsub/src/install/tutorial_interfaces/local/lib/python3.10/dist-packages/tutorial_interfaces/msg
[6.398s] -- Installing: /home/devuser/AOX/ros_ws/cpp_pubsub/src/install/tutorial_interfaces/local/lib/python3.10/dist-packages/tutorial_interfaces/msg/_sphere_s.c
[6.398s] -- Installing: /home/devuser/AOX/ros_ws/cpp_pubsub/src/install/tutorial_interfaces/local/lib/python3.10/dist-packages/tutorial_interfaces/msg/_num_s.c
[6.398s] -- Installing: /home/devuser/AOX/ros_ws/cpp_pubsub/src/install/tutorial_interfaces/local/lib/python3.10/dist-packages/tutorial_interfaces/msg/_sphere.py
[6.398s] -- Installing: /home/devuser/AOX/ros_ws/cpp_pubsub/src/install/tutorial_interfaces/local/lib/python3.10/dist-packages/tutorial_interfaces/msg/_num.py
[6.398s] -- Installing: /home/devuser/AOX/ros_ws/cpp_pubsub/src/install/tutorial_interfaces/local/lib/python3.10/dist-packages/tutorial_interfaces/msg/__init__.py
[6.399s] -- Installing: /home/devuser/AOX/ros_ws/cpp_pubsub/src/install/tutorial_interfaces/local/lib/python3.10/dist-packages/tutorial_interfaces/_tutorial_interfaces_s.ep.rosidl_typesupport_c.c
[6.431s] Listing '/home/devuser/AOX/ros_ws/cpp_pubsub/src/install/tutorial_interfaces/local/lib/python3.10/dist-packages/tutorial_interfaces'...
[6.431s] Compiling '/home/devuser/AOX/ros_ws/cpp_pubsub/src/install/tutorial_interfaces/local/lib/python3.10/dist-packages/tutorial_interfaces/__init__.py'...
[6.431s] Listing '/home/devuser/AOX/ros_ws/cpp_pubsub/src/install/tutorial_interfaces/local/lib/python3.10/dist-packages/tutorial_interfaces/msg'...
[6.431s] Compiling '/home/devuser/AOX/ros_ws/cpp_pubsub/src/install/tutorial_interfaces/local/lib/python3.10/dist-packages/tutorial_interfaces/msg/__init__.py'...
[6.432s] Compiling '/home/devuser/AOX/ros_ws/cpp_pubsub/src/install/tutorial_interfaces/local/lib/python3.10/dist-packages/tutorial_interfaces/msg/_num.py'...
[6.432s] Compiling '/home/devuser/AOX/ros_ws/cpp_pubsub/src/install/tutorial_interfaces/local/lib/python3.10/dist-packages/tutorial_interfaces/msg/_sphere.py'...
[6.432s] Listing '/home/devuser/AOX/ros_ws/cpp_pubsub/src/install/tutorial_interfaces/local/lib/python3.10/dist-packages/tutorial_interfaces/srv'...
[6.432s] Compiling '/home/devuser/AOX/ros_ws/cpp_pubsub/src/install/tutorial_interfaces/local/lib/python3.10/dist-packages/tutorial_interfaces/srv/__init__.py'...
[6.432s] Compiling '/home/devuser/AOX/ros_ws/cpp_pubsub/src/install/tutorial_interfaces/local/lib/python3.10/dist-packages/tutorial_interfaces/srv/_add_three_ints.py'...
[6.432s] Compiling '/home/devuser/AOX/ros_ws/cpp_pubsub/src/install/tutorial_interfaces/local/lib/python3.10/dist-packages/tutorial_interfaces/srv/_empty.py'...
[6.435s] -- Installing: /home/devuser/AOX/ros_ws/cpp_pubsub/src/install/tutorial_interfaces/local/lib/python3.10/dist-packages/tutorial_interfaces/tutorial_interfaces_s__rosidl_typesupport_fastrtps_c.cpython-310-x86_64-linux-gnu.so
[6.435s] -- Set runtime path of "/home/devuser/AOX/ros_ws/cpp_pubsub/src/install/tutorial_interfaces/local/lib/python3.10/dist-packages/tutorial_interfaces/tutorial_interfaces_s__rosidl_typesupport_fastrtps_c.cpython-310-x86_64-linux-gnu.so" to ""
[6.435s] -- Installing: /home/devuser/AOX/ros_ws/cpp_pubsub/src/install/tutorial_interfaces/local/lib/python3.10/dist-packages/tutorial_interfaces/tutorial_interfaces_s__rosidl_typesupport_introspection_c.cpython-310-x86_64-linux-gnu.so
[6.436s] -- Set runtime path of "/home/devuser/AOX/ros_ws/cpp_pubsub/src/install/tutorial_interfaces/local/lib/python3.10/dist-packages/tutorial_interfaces/tutorial_interfaces_s__rosidl_typesupport_introspection_c.cpython-310-x86_64-linux-gnu.so" to ""
[6.436s] -- Installing: /home/devuser/AOX/ros_ws/cpp_pubsub/src/install/tutorial_interfaces/local/lib/python3.10/dist-packages/tutorial_interfaces/tutorial_interfaces_s__rosidl_typesupport_c.cpython-310-x86_64-linux-gnu.so
[6.436s] -- Set runtime path of "/home/devuser/AOX/ros_ws/cpp_pubsub/src/install/tutorial_interfaces/local/lib/python3.10/dist-packages/tutorial_interfaces/tutorial_interfaces_s__rosidl_typesupport_c.cpython-310-x86_64-linux-gnu.so" to ""
[6.436s] -- Installing: /home/devuser/AOX/ros_ws/cpp_pubsub/src/install/tutorial_interfaces/lib/libtutorial_interfaces__rosidl_generator_py.so
[6.436s] -- Set runtime path of "/home/devuser/AOX/ros_ws/cpp_pubsub/src/install/tutorial_interfaces/lib/libtutorial_interfaces__rosidl_generator_py.so" to ""
[6.436s] -- Up-to-date: /home/devuser/AOX/ros_ws/cpp_pubsub/src/install/tutorial_interfaces/share/tutorial_interfaces/msg/Num.idl
[6.436s] -- Up-to-date: /home/devuser/AOX/ros_ws/cpp_pubsub/src/install/tutorial_interfaces/share/tutorial_interfaces/msg/Sphere.idl
[6.437s] -- Up-to-date: /home/devuser/AOX/ros_ws/cpp_pubsub/src/install/tutorial_interfaces/share/tutorial_interfaces/srv/AddThreeInts.idl
[6.437s] -- Installing: /home/devuser/AOX/ros_ws/cpp_pubsub/src/install/tutorial_interfaces/share/tutorial_interfaces/srv/Empty.idl
[6.437s] -- Up-to-date: /home/devuser/AOX/ros_ws/cpp_pubsub/src/install/tutorial_interfaces/share/tutorial_interfaces/msg/Num.msg
[6.437s] -- Up-to-date: /home/devuser/AOX/ros_ws/cpp_pubsub/src/install/tutorial_interfaces/share/tutorial_interfaces/msg/Sphere.msg
[6.437s] -- Up-to-date: /home/devuser/AOX/ros_ws/cpp_pubsub/src/install/tutorial_interfaces/share/tutorial_interfaces/srv/AddThreeInts.srv
[6.437s] -- Up-to-date: /home/devuser/AOX/ros_ws/cpp_pubsub/src/install/tutorial_interfaces/share/tutorial_interfaces/srv/AddThreeInts_Request.msg
[6.437s] -- Up-to-date: /home/devuser/AOX/ros_ws/cpp_pubsub/src/install/tutorial_interfaces/share/tutorial_interfaces/srv/AddThreeInts_Response.msg
[6.437s] -- Installing: /home/devuser/AOX/ros_ws/cpp_pubsub/src/install/tutorial_interfaces/share/tutorial_interfaces/srv/Empty.srv
[6.437s] -- Installing: /home/devuser/AOX/ros_ws/cpp_pubsub/src/install/tutorial_interfaces/share/tutorial_interfaces/srv/Empty_Request.msg
[6.437s] -- Installing: /home/devuser/AOX/ros_ws/cpp_pubsub/src/install/tutorial_interfaces/share/tutorial_interfaces/srv/Empty_Response.msg
[6.437s] -- Up-to-date: /home/devuser/AOX/ros_ws/cpp_pubsub/src/install/tutorial_interfaces/share/ament_index/resource_index/package_run_dependencies/tutorial_interfaces
[6.438s] -- Installing: /home/devuser/AOX/ros_ws/cpp_pubsub/src/install/tutorial_interfaces/share/ament_index/resource_index/parent_prefix_path/tutorial_interfaces
[6.438s] -- Up-to-date: /home/devuser/AOX/ros_ws/cpp_pubsub/src/install/tutorial_interfaces/share/tutorial_interfaces/environment/ament_prefix_path.sh
[6.438s] -- Installing: /home/devuser/AOX/ros_ws/cpp_pubsub/src/install/tutorial_interfaces/share/tutorial_interfaces/environment/ament_prefix_path.dsv
[6.438s] -- Up-to-date: /home/devuser/AOX/ros_ws/cpp_pubsub/src/install/tutorial_interfaces/share/tutorial_interfaces/environment/path.sh
[6.438s] -- Installing: /home/devuser/AOX/ros_ws/cpp_pubsub/src/install/tutorial_interfaces/share/tutorial_interfaces/environment/path.dsv
[6.438s] -- Up-to-date: /home/devuser/AOX/ros_ws/cpp_pubsub/src/install/tutorial_interfaces/share/tutorial_interfaces/local_setup.bash
[6.438s] -- Up-to-date: /home/devuser/AOX/ros_ws/cpp_pubsub/src/install/tutorial_interfaces/share/tutorial_interfaces/local_setup.sh
[6.438s] -- Up-to-date: /home/devuser/AOX/ros_ws/cpp_pubsub/src/install/tutorial_interfaces/share/tutorial_interfaces/local_setup.zsh
[6.438s] -- Installing: /home/devuser/AOX/ros_ws/cpp_pubsub/src/install/tutorial_interfaces/share/tutorial_interfaces/local_setup.dsv
[6.439s] -- Installing: /home/devuser/AOX/ros_ws/cpp_pubsub/src/install/tutorial_interfaces/share/tutorial_interfaces/package.dsv
[6.439s] -- Up-to-date: /home/devuser/AOX/ros_ws/cpp_pubsub/src/install/tutorial_interfaces/share/ament_index/resource_index/packages/tutorial_interfaces
[6.439s] -- Up-to-date: /home/devuser/AOX/ros_ws/cpp_pubsub/src/install/tutorial_interfaces/share/tutorial_interfaces/cmake/export_tutorial_interfaces__rosidl_generator_cExport.cmake
[6.439s] -- Up-to-date: /home/devuser/AOX/ros_ws/cpp_pubsub/src/install/tutorial_interfaces/share/tutorial_interfaces/cmake/export_tutorial_interfaces__rosidl_generator_cExport-noconfig.cmake
[6.439s] -- Up-to-date: /home/devuser/AOX/ros_ws/cpp_pubsub/src/install/tutorial_interfaces/share/tutorial_interfaces/cmake/export_tutorial_interfaces__rosidl_typesupport_fastrtps_cExport.cmake
[6.439s] -- Up-to-date: /home/devuser/AOX/ros_ws/cpp_pubsub/src/install/tutorial_interfaces/share/tutorial_interfaces/cmake/export_tutorial_interfaces__rosidl_typesupport_fastrtps_cExport-noconfig.cmake
[6.439s] -- Up-to-date: /home/devuser/AOX/ros_ws/cpp_pubsub/src/install/tutorial_interfaces/share/tutorial_interfaces/cmake/export_tutorial_interfaces__rosidl_generator_cppExport.cmake
[6.439s] -- Up-to-date: /home/devuser/AOX/ros_ws/cpp_pubsub/src/install/tutorial_interfaces/share/tutorial_interfaces/cmake/export_tutorial_interfaces__rosidl_typesupport_fastrtps_cppExport.cmake
[6.439s] -- Up-to-date: /home/devuser/AOX/ros_ws/cpp_pubsub/src/install/tutorial_interfaces/share/tutorial_interfaces/cmake/export_tutorial_interfaces__rosidl_typesupport_fastrtps_cppExport-noconfig.cmake
[6.439s] -- Up-to-date: /home/devuser/AOX/ros_ws/cpp_pubsub/src/install/tutorial_interfaces/share/tutorial_interfaces/cmake/tutorial_interfaces__rosidl_typesupport_introspection_cExport.cmake
[6.439s] -- Up-to-date: /home/devuser/AOX/ros_ws/cpp_pubsub/src/install/tutorial_interfaces/share/tutorial_interfaces/cmake/tutorial_interfaces__rosidl_typesupport_introspection_cExport-noconfig.cmake
[6.440s] -- Up-to-date: /home/devuser/AOX/ros_ws/cpp_pubsub/src/install/tutorial_interfaces/share/tutorial_interfaces/cmake/tutorial_interfaces__rosidl_typesupport_cExport.cmake
[6.440s] -- Up-to-date: /home/devuser/AOX/ros_ws/cpp_pubsub/src/install/tutorial_interfaces/share/tutorial_interfaces/cmake/tutorial_interfaces__rosidl_typesupport_cExport-noconfig.cmake
[6.440s] -- Up-to-date: /home/devuser/AOX/ros_ws/cpp_pubsub/src/install/tutorial_interfaces/share/tutorial_interfaces/cmake/tutorial_interfaces__rosidl_typesupport_introspection_cppExport.cmake
[6.440s] -- Up-to-date: /home/devuser/AOX/ros_ws/cpp_pubsub/src/install/tutorial_interfaces/share/tutorial_interfaces/cmake/tutorial_interfaces__rosidl_typesupport_introspection_cppExport-noconfig.cmake
[6.440s] -- Up-to-date: /home/devuser/AOX/ros_ws/cpp_pubsub/src/install/tutorial_interfaces/share/tutorial_interfaces/cmake/tutorial_interfaces__rosidl_typesupport_cppExport.cmake
[6.440s] -- Up-to-date: /home/devuser/AOX/ros_ws/cpp_pubsub/src/install/tutorial_interfaces/share/tutorial_interfaces/cmake/tutorial_interfaces__rosidl_typesupport_cppExport-noconfig.cmake
[6.440s] -- Up-to-date: /home/devuser/AOX/ros_ws/cpp_pubsub/src/install/tutorial_interfaces/share/tutorial_interfaces/cmake/export_tutorial_interfaces__rosidl_generator_pyExport.cmake
[6.440s] -- Up-to-date: /home/devuser/AOX/ros_ws/cpp_pubsub/src/install/tutorial_interfaces/share/tutorial_interfaces/cmake/export_tutorial_interfaces__rosidl_generator_pyExport-noconfig.cmake
[6.440s] -- Installing: /home/devuser/AOX/ros_ws/cpp_pubsub/src/install/tutorial_interfaces/share/tutorial_interfaces/cmake/rosidl_cmake-extras.cmake
[6.440s] -- Up-to-date: /home/devuser/AOX/ros_ws/cpp_pubsub/src/install/tutorial_interfaces/share/tutorial_interfaces/cmake/ament_cmake_export_dependencies-extras.cmake
[6.440s] -- Up-to-date: /home/devuser/AOX/ros_ws/cpp_pubsub/src/install/tutorial_interfaces/share/tutorial_interfaces/cmake/ament_cmake_export_include_directories-extras.cmake
[6.440s] -- Up-to-date: /home/devuser/AOX/ros_ws/cpp_pubsub/src/install/tutorial_interfaces/share/tutorial_interfaces/cmake/ament_cmake_export_libraries-extras.cmake
[6.441s] -- Up-to-date: /home/devuser/AOX/ros_ws/cpp_pubsub/src/install/tutorial_interfaces/share/tutorial_interfaces/cmake/ament_cmake_export_targets-extras.cmake
[6.441s] -- Up-to-date: /home/devuser/AOX/ros_ws/cpp_pubsub/src/install/tutorial_interfaces/share/tutorial_interfaces/cmake/rosidl_cmake_export_typesupport_targets-extras.cmake
[6.442s] -- Up-to-date: /home/devuser/AOX/ros_ws/cpp_pubsub/src/install/tutorial_interfaces/share/tutorial_interfaces/cmake/rosidl_cmake_export_typesupport_libraries-extras.cmake
[6.443s] -- Up-to-date: /home/devuser/AOX/ros_ws/cpp_pubsub/src/install/tutorial_interfaces/share/tutorial_interfaces/cmake/tutorial_interfacesConfig.cmake
[6.444s] -- Up-to-date: /home/devuser/AOX/ros_ws/cpp_pubsub/src/install/tutorial_interfaces/share/tutorial_interfaces/cmake/tutorial_interfacesConfig-version.cmake
[6.444s] -- Up-to-date: /home/devuser/AOX/ros_ws/cpp_pubsub/src/install/tutorial_interfaces/share/tutorial_interfaces/package.xml
[6.444s] Invoked command in '/home/devuser/AOX/ros_ws/cpp_pubsub/src/build/tutorial_interfaces' returned '0': CMAKE_PREFIX_PATH=${CMAKE_PREFIX_PATH}:/opt/ros/humble /usr/bin/cmake --install /home/devuser/AOX/ros_ws/cpp_pubsub/src/build/tutorial_interfaces
