[0.016s] Invoking command in '/home/devuser/AOX/ROS2/src/lcm_service/build/lcm_service': CMAKE_PREFIX_PATH=${CMAKE_PREFIX_PATH}:/opt/ros/humble /usr/bin/cmake --build /home/devuser/AOX/ROS2/src/lcm_service/build/lcm_service -- -j8 -l8
[0.045s] [35m[1mConsolidate compiler generated dependencies of target server_b[0m
[0.045s] [35m[1mConsolidate compiler generated dependencies of target server_a[0m
[0.054s] [ 16%] [32mBuilding CXX object CMakeFiles/client.dir/src/client.cpp.o[0m
[0.057s] [ 50%] Built target server_a
[0.059s] [ 83%] Built target server_b
[1.640s] In file included from [01m[K/opt/ros/humble/include/rclcpp/rclcpp/logging.hpp:24[m[K,
[1.640s]                  from [01m[K/opt/ros/humble/include/rclcpp/rclcpp/client.hpp:40[m[K,
[1.640s]                  from [01m[K/opt/ros/humble/include/rclcpp/rclcpp/callback_group.hpp:24[m[K,
[1.640s]                  from [01m[K/opt/ros/humble/include/rclcpp/rclcpp/any_executable.hpp:20[m[K,
[1.640s]                  from [01m[K/opt/ros/humble/include/rclcpp/rclcpp/memory_strategy.hpp:25[m[K,
[1.641s]                  from [01m[K/opt/ros/humble/include/rclcpp/rclcpp/memory_strategies.hpp:18[m[K,
[1.641s]                  from [01m[K/opt/ros/humble/include/rclcpp/rclcpp/executor_options.hpp:20[m[K,
[1.641s]                  from [01m[K/opt/ros/humble/include/rclcpp/rclcpp/executor.hpp:37[m[K,
[1.641s]                  from [01m[K/opt/ros/humble/include/rclcpp/rclcpp/executors/multi_threaded_executor.hpp:25[m[K,
[1.641s]                  from [01m[K/opt/ros/humble/include/rclcpp/rclcpp/executors.hpp:21[m[K,
[1.641s]                  from [01m[K/opt/ros/humble/include/rclcpp/rclcpp/rclcpp.hpp:155[m[K,
[1.641s]                  from [01m[K/home/devuser/AOX/ROS2/src/lcm_service/src/client.cpp:1[m[K:
[1.641s] [01m[K/home/devuser/AOX/ROS2/src/lcm_service/src/client.cpp:[m[K In function ‘[01m[Kint main(int, char**)[m[K’:
[1.641s] [01m[K/home/devuser/AOX/ROS2/src/lcm_service/src/client.cpp:40:47:[m[K [01;35m[Kwarning: [m[Kformat ‘[01m[K%ld[m[K’ expects argument of type ‘[01m[Klong int[m[K’, but argument 5 has type ‘[01m[Kint[m[K’ [[01;35m[K]8;;https://gcc.gnu.org/onlinedocs/gcc/Warning-Options.html#index-Wformat=-Wformat=]8;;[m[K]
[1.641s]    40 |     RCLCPP_INFO(rclcpp::get_logger("rclcpp"), [01;35m[K"Noda a shutdown SUCCESS!!: %ld"[m[K, [32m[Kresult.get()->resp[m[K);
[1.641s]       |                                               [01;35m[K^~~~~~~~~~~~~~~~~~~~~~~~~~~~~~~~[m[K  [32m[K~~~~~~~~~~~~~~~~~~[m[K
[1.641s]       |                                                                                               [32m[K|[m[K
[1.641s]       |                                                                                               [32m[Kint[m[K
[1.642s] [01m[K/home/devuser/AOX/ROS2/src/lcm_service/src/client.cpp:40:77:[m[K [01;36m[Knote: [m[Kformat string is defined here
[1.642s]    40 |     RCLCPP_INFO(rclcpp::get_logger("rclcpp"), "Noda a shutdown SUCCESS!!: [01;36m[K%ld[m[K", result.get()->resp);
[1.642s]       |                                                                           [01;36m[K~~^[m[K
[1.642s]       |                                                                             [01;36m[K|[m[K
[1.642s]       |                                                                             [01;36m[Klong int[m[K
[1.642s]       |                                                                           [32m[K%d[m[K
[1.642s] In file included from [01m[K/opt/ros/humble/include/rclcpp/rclcpp/logging.hpp:24[m[K,
[1.642s]                  from [01m[K/opt/ros/humble/include/rclcpp/rclcpp/client.hpp:40[m[K,
[1.642s]                  from [01m[K/opt/ros/humble/include/rclcpp/rclcpp/callback_group.hpp:24[m[K,
[1.642s]                  from [01m[K/opt/ros/humble/include/rclcpp/rclcpp/any_executable.hpp:20[m[K,
[1.642s]                  from [01m[K/opt/ros/humble/include/rclcpp/rclcpp/memory_strategy.hpp:25[m[K,
[1.642s]                  from [01m[K/opt/ros/humble/include/rclcpp/rclcpp/memory_strategies.hpp:18[m[K,
[1.642s]                  from [01m[K/opt/ros/humble/include/rclcpp/rclcpp/executor_options.hpp:20[m[K,
[1.642s]                  from [01m[K/opt/ros/humble/include/rclcpp/rclcpp/executor.hpp:37[m[K,
[1.642s]                  from [01m[K/opt/ros/humble/include/rclcpp/rclcpp/executors/multi_threaded_executor.hpp:25[m[K,
[1.643s]                  from [01m[K/opt/ros/humble/include/rclcpp/rclcpp/executors.hpp:21[m[K,
[1.643s]                  from [01m[K/opt/ros/humble/include/rclcpp/rclcpp/rclcpp.hpp:155[m[K,
[1.643s]                  from [01m[K/home/devuser/AOX/ROS2/src/lcm_service/src/client.cpp:1[m[K:
[1.643s] [01m[K/home/devuser/AOX/ROS2/src/lcm_service/src/client.cpp:50:47:[m[K [01;35m[Kwarning: [m[Kformat ‘[01m[K%ld[m[K’ expects argument of type ‘[01m[Klong int[m[K’, but argument 5 has type ‘[01m[Kint[m[K’ [[01;35m[K]8;;https://gcc.gnu.org/onlinedocs/gcc/Warning-Options.html#index-Wformat=-Wformat=]8;;[m[K]
[1.643s]    50 |     RCLCPP_INFO(rclcpp::get_logger("rclcpp"), [01;35m[K"Noda b shutdown SUCCESS!!: %ld"[m[K, [32m[Kresult2.get()->resp[m[K);
[1.643s]       |                                               [01;35m[K^~~~~~~~~~~~~~~~~~~~~~~~~~~~~~~~[m[K  [32m[K~~~~~~~~~~~~~~~~~~~[m[K
[1.643s]       |                                                                                                [32m[K|[m[K
[1.643s]       |                                                                                                [32m[Kint[m[K
[1.643s] [01m[K/home/devuser/AOX/ROS2/src/lcm_service/src/client.cpp:50:77:[m[K [01;36m[Knote: [m[Kformat string is defined here
[1.643s]    50 |     RCLCPP_INFO(rclcpp::get_logger("rclcpp"), "Noda b shutdown SUCCESS!!: [01;36m[K%ld[m[K", result2.get()->resp);
[1.643s]       |                                                                           [01;36m[K~~^[m[K
[1.643s]       |                                                                             [01;36m[K|[m[K
[1.643s]       |                                                                             [01;36m[Klong int[m[K
[1.643s]       |                                                                           [32m[K%d[m[K
[2.446s] [100%] [32m[1mLinking CXX executable client[0m
[2.552s] [100%] Built target client
[2.559s] Invoked command in '/home/devuser/AOX/ROS2/src/lcm_service/build/lcm_service' returned '0': CMAKE_PREFIX_PATH=${CMAKE_PREFIX_PATH}:/opt/ros/humble /usr/bin/cmake --build /home/devuser/AOX/ROS2/src/lcm_service/build/lcm_service -- -j8 -l8
[2.588s] Invoking command in '/home/devuser/AOX/ROS2/src/lcm_service/build/lcm_service': CMAKE_PREFIX_PATH=${CMAKE_PREFIX_PATH}:/opt/ros/humble /usr/bin/cmake --install /home/devuser/AOX/ROS2/src/lcm_service/build/lcm_service
[2.597s] -- Install configuration: ""
[2.597s] -- Up-to-date: /home/devuser/AOX/ROS2/src/lcm_service/install/lcm_service/lib/lcm_service/server_a
[2.597s] -- Up-to-date: /home/devuser/AOX/ROS2/src/lcm_service/install/lcm_service/lib/lcm_service/server_b
[2.597s] -- Installing: /home/devuser/AOX/ROS2/src/lcm_service/install/lcm_service/lib/lcm_service/client
[2.598s] -- Set runtime path of "/home/devuser/AOX/ROS2/src/lcm_service/install/lcm_service/lib/lcm_service/client" to ""
[2.598s] -- Up-to-date: /home/devuser/AOX/ROS2/src/lcm_service/install/lcm_service/share/ament_index/resource_index/package_run_dependencies/lcm_service
[2.598s] -- Up-to-date: /home/devuser/AOX/ROS2/src/lcm_service/install/lcm_service/share/ament_index/resource_index/parent_prefix_path/lcm_service
[2.598s] -- Up-to-date: /home/devuser/AOX/ROS2/src/lcm_service/install/lcm_service/share/lcm_service/environment/ament_prefix_path.sh
[2.598s] -- Up-to-date: /home/devuser/AOX/ROS2/src/lcm_service/install/lcm_service/share/lcm_service/environment/ament_prefix_path.dsv
[2.598s] -- Up-to-date: /home/devuser/AOX/ROS2/src/lcm_service/install/lcm_service/share/lcm_service/environment/path.sh
[2.598s] -- Up-to-date: /home/devuser/AOX/ROS2/src/lcm_service/install/lcm_service/share/lcm_service/environment/path.dsv
[2.598s] -- Up-to-date: /home/devuser/AOX/ROS2/src/lcm_service/install/lcm_service/share/lcm_service/local_setup.bash
[2.598s] -- Up-to-date: /home/devuser/AOX/ROS2/src/lcm_service/install/lcm_service/share/lcm_service/local_setup.sh
[2.598s] -- Up-to-date: /home/devuser/AOX/ROS2/src/lcm_service/install/lcm_service/share/lcm_service/local_setup.zsh
[2.599s] -- Up-to-date: /home/devuser/AOX/ROS2/src/lcm_service/install/lcm_service/share/lcm_service/local_setup.dsv
[2.599s] -- Installing: /home/devuser/AOX/ROS2/src/lcm_service/install/lcm_service/share/lcm_service/package.dsv
[2.599s] -- Up-to-date: /home/devuser/AOX/ROS2/src/lcm_service/install/lcm_service/share/ament_index/resource_index/packages/lcm_service
[2.599s] -- Up-to-date: /home/devuser/AOX/ROS2/src/lcm_service/install/lcm_service/share/lcm_service/cmake/lcm_serviceConfig.cmake
[2.599s] -- Up-to-date: /home/devuser/AOX/ROS2/src/lcm_service/install/lcm_service/share/lcm_service/cmake/lcm_serviceConfig-version.cmake
[2.599s] -- Up-to-date: /home/devuser/AOX/ROS2/src/lcm_service/install/lcm_service/share/lcm_service/package.xml
[2.604s] Invoked command in '/home/devuser/AOX/ROS2/src/lcm_service/build/lcm_service' returned '0': CMAKE_PREFIX_PATH=${CMAKE_PREFIX_PATH}:/opt/ros/humble /usr/bin/cmake --install /home/devuser/AOX/ROS2/src/lcm_service/build/lcm_service
