[35m[1mConsolidate compiler generated dependencies of target server[0m
[35m[1mConsolidate compiler generated dependencies of target client[0m
[ 50%] [32mBuilding CXX object CMakeFiles/client.dir/src/client.cpp.o[0m
[ 75%] Built target server
[100%] [32m[1mLinking CXX executable client[0m
[100%] Built target client
-- Install configuration: ""
-- Up-to-date: /home/devuser/AOX/ros_ws/callback_trials/install/callback_trials/lib/callback_trials/server
-- Installing: /home/devuser/AOX/ros_ws/callback_trials/install/callback_trials/lib/callback_trials/client
-- Set runtime path of "/home/devuser/AOX/ros_ws/callback_trials/install/callback_trials/lib/callback_trials/client" to ""
-- Up-to-date: /home/devuser/AOX/ros_ws/callback_trials/install/callback_trials/share/ament_index/resource_index/package_run_dependencies/callback_trials
-- Up-to-date: /home/devuser/AOX/ros_ws/callback_trials/install/callback_trials/share/ament_index/resource_index/parent_prefix_path/callback_trials
-- Up-to-date: /home/devuser/AOX/ros_ws/callback_trials/install/callback_trials/share/callback_trials/environment/ament_prefix_path.sh
-- Up-to-date: /home/devuser/AOX/ros_ws/callback_trials/install/callback_trials/share/callback_trials/environment/ament_prefix_path.dsv
-- Up-to-date: /home/devuser/AOX/ros_ws/callback_trials/install/callback_trials/share/callback_trials/environment/path.sh
-- Up-to-date: /home/devuser/AOX/ros_ws/callback_trials/install/callback_trials/share/callback_trials/environment/path.dsv
-- Up-to-date: /home/devuser/AOX/ros_ws/callback_trials/install/callback_trials/share/callback_trials/local_setup.bash
-- Up-to-date: /home/devuser/AOX/ros_ws/callback_trials/install/callback_trials/share/callback_trials/local_setup.sh
-- Up-to-date: /home/devuser/AOX/ros_ws/callback_trials/install/callback_trials/share/callback_trials/local_setup.zsh
-- Up-to-date: /home/devuser/AOX/ros_ws/callback_trials/install/callback_trials/share/callback_trials/local_setup.dsv
-- Installing: /home/devuser/AOX/ros_ws/callback_trials/install/callback_trials/share/callback_trials/package.dsv
-- Up-to-date: /home/devuser/AOX/ros_ws/callback_trials/install/callback_trials/share/ament_index/resource_index/packages/callback_trials
-- Up-to-date: /home/devuser/AOX/ros_ws/callback_trials/install/callback_trials/share/callback_trials/cmake/callback_trialsConfig.cmake
-- Up-to-date: /home/devuser/AOX/ros_ws/callback_trials/install/callback_trials/share/callback_trials/cmake/callback_trialsConfig-version.cmake
-- Up-to-date: /home/devuser/AOX/ros_ws/callback_trials/install/callback_trials/share/callback_trials/package.xml
