[0.013s] Invoking command in '/home/devuser/AOX/ros_ws/cpp_pubsub/src/tutorial_interfaces/build/tutorial_interfaces': CMAKE_PREFIX_PATH=${CMAKE_PREFIX_PATH}:/opt/ros/humble /usr/bin/cmake --build /home/devuser/AOX/ros_ws/cpp_pubsub/src/tutorial_interfaces/build/tutorial_interfaces -- -j8 -l8
[0.058s] [  1%] Built target tutorial_interfaces__cpp
[0.058s] [ 12%] Built target tutorial_interfaces__rosidl_generator_c
[0.067s] [ 12%] Built target ament_cmake_python_copy_tutorial_interfaces
[0.082s] [ 25%] Built target tutorial_interfaces__rosidl_typesupport_introspection_c
[0.084s] [ 34%] Built target tutorial_interfaces__rosidl_typesupport_cpp
[0.084s] [ 45%] Built target tutorial_interfaces__rosidl_typesupport_c
[0.086s] [ 67%] Built target tutorial_interfaces__rosidl_typesupport_introspection_cpp
[0.086s] [ 67%] Built target tutorial_interfaces__rosidl_typesupport_fastrtps_cpp
[0.093s] [ 78%] Built target tutorial_interfaces__rosidl_typesupport_fastrtps_c
[0.108s] [ 78%] Built target tutorial_interfaces
[0.126s] [ 80%] Built target tutorial_interfaces__py
[0.144s] [ 89%] Built target tutorial_interfaces__rosidl_generator_py
[0.163s] [ 92%] Built target tutorial_interfaces__rosidl_typesupport_introspection_c__pyext
[0.163s] [100%] Built target tutorial_interfaces__rosidl_typesupport_fastrtps_c__pyext
[0.163s] [100%] Built target tutorial_interfaces__rosidl_typesupport_c__pyext
[0.281s] running egg_info
[0.281s] writing tutorial_interfaces.egg-info/PKG-INFO
[0.281s] writing dependency_links to tutorial_interfaces.egg-info/dependency_links.txt
[0.281s] writing top-level names to tutorial_interfaces.egg-info/top_level.txt
[0.283s] reading manifest file 'tutorial_interfaces.egg-info/SOURCES.txt'
[0.284s] writing manifest file 'tutorial_interfaces.egg-info/SOURCES.txt'
[0.303s] [100%] Built target ament_cmake_python_build_tutorial_interfaces_egg
[0.313s] Invoked command in '/home/devuser/AOX/ros_ws/cpp_pubsub/src/tutorial_interfaces/build/tutorial_interfaces' returned '0': CMAKE_PREFIX_PATH=${CMAKE_PREFIX_PATH}:/opt/ros/humble /usr/bin/cmake --build /home/devuser/AOX/ros_ws/cpp_pubsub/src/tutorial_interfaces/build/tutorial_interfaces -- -j8 -l8
[0.401s] Invoking command in '/home/devuser/AOX/ros_ws/cpp_pubsub/src/tutorial_interfaces/build/tutorial_interfaces': CMAKE_PREFIX_PATH=${CMAKE_PREFIX_PATH}:/opt/ros/humble /usr/bin/cmake --install /home/devuser/AOX/ros_ws/cpp_pubsub/src/tutorial_interfaces/build/tutorial_interfaces
[0.407s] -- Install configuration: ""
[0.407s] -- Up-to-date: /home/devuser/AOX/ros_ws/cpp_pubsub/src/tutorial_interfaces/install/tutorial_interfaces/share/ament_index/resource_index/rosidl_interfaces/tutorial_interfaces
[0.407s] -- Up-to-date: /home/devuser/AOX/ros_ws/cpp_pubsub/src/tutorial_interfaces/install/tutorial_interfaces/include/tutorial_interfaces/tutorial_interfaces
[0.407s] -- Up-to-date: /home/devuser/AOX/ros_ws/cpp_pubsub/src/tutorial_interfaces/install/tutorial_interfaces/include/tutorial_interfaces/tutorial_interfaces/srv
[0.408s] -- Up-to-date: /home/devuser/AOX/ros_ws/cpp_pubsub/src/tutorial_interfaces/install/tutorial_interfaces/include/tutorial_interfaces/tutorial_interfaces/srv/empty.h
[0.408s] -- Up-to-date: /home/devuser/AOX/ros_ws/cpp_pubsub/src/tutorial_interfaces/install/tutorial_interfaces/include/tutorial_interfaces/tutorial_interfaces/srv/detail
[0.408s] -- Up-to-date: /home/devuser/AOX/ros_ws/cpp_pubsub/src/tutorial_interfaces/install/tutorial_interfaces/include/tutorial_interfaces/tutorial_interfaces/srv/detail/add_three_ints__type_support.h
[0.408s] -- Up-to-date: /home/devuser/AOX/ros_ws/cpp_pubsub/src/tutorial_interfaces/install/tutorial_interfaces/include/tutorial_interfaces/tutorial_interfaces/srv/detail/add_three_ints__functions.c
[0.408s] -- Up-to-date: /home/devuser/AOX/ros_ws/cpp_pubsub/src/tutorial_interfaces/install/tutorial_interfaces/include/tutorial_interfaces/tutorial_interfaces/srv/detail/empty__type_support.h
[0.408s] -- Up-to-date: /home/devuser/AOX/ros_ws/cpp_pubsub/src/tutorial_interfaces/install/tutorial_interfaces/include/tutorial_interfaces/tutorial_interfaces/srv/detail/empty__struct.h
[0.408s] -- Up-to-date: /home/devuser/AOX/ros_ws/cpp_pubsub/src/tutorial_interfaces/install/tutorial_interfaces/include/tutorial_interfaces/tutorial_interfaces/srv/detail/add_three_ints__struct.h
[0.408s] -- Up-to-date: /home/devuser/AOX/ros_ws/cpp_pubsub/src/tutorial_interfaces/install/tutorial_interfaces/include/tutorial_interfaces/tutorial_interfaces/srv/detail/add_three_ints__functions.h
[0.408s] -- Up-to-date: /home/devuser/AOX/ros_ws/cpp_pubsub/src/tutorial_interfaces/install/tutorial_interfaces/include/tutorial_interfaces/tutorial_interfaces/srv/detail/empty__functions.h
[0.408s] -- Up-to-date: /home/devuser/AOX/ros_ws/cpp_pubsub/src/tutorial_interfaces/install/tutorial_interfaces/include/tutorial_interfaces/tutorial_interfaces/srv/detail/empty__functions.c
[0.408s] -- Up-to-date: /home/devuser/AOX/ros_ws/cpp_pubsub/src/tutorial_interfaces/install/tutorial_interfaces/include/tutorial_interfaces/tutorial_interfaces/srv/add_three_ints.h
[0.409s] -- Up-to-date: /home/devuser/AOX/ros_ws/cpp_pubsub/src/tutorial_interfaces/install/tutorial_interfaces/include/tutorial_interfaces/tutorial_interfaces/msg
[0.409s] -- Up-to-date: /home/devuser/AOX/ros_ws/cpp_pubsub/src/tutorial_interfaces/install/tutorial_interfaces/include/tutorial_interfaces/tutorial_interfaces/msg/num.h
[0.409s] -- Up-to-date: /home/devuser/AOX/ros_ws/cpp_pubsub/src/tutorial_interfaces/install/tutorial_interfaces/include/tutorial_interfaces/tutorial_interfaces/msg/sphere.h
[0.409s] -- Up-to-date: /home/devuser/AOX/ros_ws/cpp_pubsub/src/tutorial_interfaces/install/tutorial_interfaces/include/tutorial_interfaces/tutorial_interfaces/msg/rosidl_generator_c__visibility_control.h
[0.409s] -- Up-to-date: /home/devuser/AOX/ros_ws/cpp_pubsub/src/tutorial_interfaces/install/tutorial_interfaces/include/tutorial_interfaces/tutorial_interfaces/msg/detail
[0.409s] -- Up-to-date: /home/devuser/AOX/ros_ws/cpp_pubsub/src/tutorial_interfaces/install/tutorial_interfaces/include/tutorial_interfaces/tutorial_interfaces/msg/detail/num__type_support.h
[0.409s] -- Up-to-date: /home/devuser/AOX/ros_ws/cpp_pubsub/src/tutorial_interfaces/install/tutorial_interfaces/include/tutorial_interfaces/tutorial_interfaces/msg/detail/sphere__functions.h
[0.409s] -- Up-to-date: /home/devuser/AOX/ros_ws/cpp_pubsub/src/tutorial_interfaces/install/tutorial_interfaces/include/tutorial_interfaces/tutorial_interfaces/msg/detail/num__struct.h
[0.409s] -- Up-to-date: /home/devuser/AOX/ros_ws/cpp_pubsub/src/tutorial_interfaces/install/tutorial_interfaces/include/tutorial_interfaces/tutorial_interfaces/msg/detail/sphere__type_support.h
[0.409s] -- Up-to-date: /home/devuser/AOX/ros_ws/cpp_pubsub/src/tutorial_interfaces/install/tutorial_interfaces/include/tutorial_interfaces/tutorial_interfaces/msg/detail/sphere__functions.c
[0.409s] -- Up-to-date: /home/devuser/AOX/ros_ws/cpp_pubsub/src/tutorial_interfaces/install/tutorial_interfaces/include/tutorial_interfaces/tutorial_interfaces/msg/detail/num__functions.h
[0.410s] -- Up-to-date: /home/devuser/AOX/ros_ws/cpp_pubsub/src/tutorial_interfaces/install/tutorial_interfaces/include/tutorial_interfaces/tutorial_interfaces/msg/detail/sphere__struct.h
[0.410s] -- Up-to-date: /home/devuser/AOX/ros_ws/cpp_pubsub/src/tutorial_interfaces/install/tutorial_interfaces/include/tutorial_interfaces/tutorial_interfaces/msg/detail/num__functions.c
[0.410s] -- Up-to-date: /home/devuser/AOX/ros_ws/cpp_pubsub/src/tutorial_interfaces/install/tutorial_interfaces/share/tutorial_interfaces/environment/library_path.sh
[0.410s] -- Up-to-date: /home/devuser/AOX/ros_ws/cpp_pubsub/src/tutorial_interfaces/install/tutorial_interfaces/share/tutorial_interfaces/environment/library_path.dsv
[0.411s] -- Up-to-date: /home/devuser/AOX/ros_ws/cpp_pubsub/src/tutorial_interfaces/install/tutorial_interfaces/lib/libtutorial_interfaces__rosidl_generator_c.so
[0.411s] -- Up-to-date: /home/devuser/AOX/ros_ws/cpp_pubsub/src/tutorial_interfaces/install/tutorial_interfaces/include/tutorial_interfaces/tutorial_interfaces
[0.411s] -- Up-to-date: /home/devuser/AOX/ros_ws/cpp_pubsub/src/tutorial_interfaces/install/tutorial_interfaces/include/tutorial_interfaces/tutorial_interfaces/srv
[0.411s] -- Up-to-date: /home/devuser/AOX/ros_ws/cpp_pubsub/src/tutorial_interfaces/install/tutorial_interfaces/include/tutorial_interfaces/tutorial_interfaces/srv/detail
[0.411s] -- Up-to-date: /home/devuser/AOX/ros_ws/cpp_pubsub/src/tutorial_interfaces/install/tutorial_interfaces/include/tutorial_interfaces/tutorial_interfaces/srv/detail/add_three_ints__rosidl_typesupport_fastrtps_c.h
[0.411s] -- Up-to-date: /home/devuser/AOX/ros_ws/cpp_pubsub/src/tutorial_interfaces/install/tutorial_interfaces/include/tutorial_interfaces/tutorial_interfaces/srv/detail/empty__rosidl_typesupport_fastrtps_c.h
[0.411s] -- Up-to-date: /home/devuser/AOX/ros_ws/cpp_pubsub/src/tutorial_interfaces/install/tutorial_interfaces/include/tutorial_interfaces/tutorial_interfaces/msg
[0.411s] -- Up-to-date: /home/devuser/AOX/ros_ws/cpp_pubsub/src/tutorial_interfaces/install/tutorial_interfaces/include/tutorial_interfaces/tutorial_interfaces/msg/detail
[0.411s] -- Up-to-date: /home/devuser/AOX/ros_ws/cpp_pubsub/src/tutorial_interfaces/install/tutorial_interfaces/include/tutorial_interfaces/tutorial_interfaces/msg/detail/num__rosidl_typesupport_fastrtps_c.h
[0.411s] -- Up-to-date: /home/devuser/AOX/ros_ws/cpp_pubsub/src/tutorial_interfaces/install/tutorial_interfaces/include/tutorial_interfaces/tutorial_interfaces/msg/detail/sphere__rosidl_typesupport_fastrtps_c.h
[0.411s] -- Up-to-date: /home/devuser/AOX/ros_ws/cpp_pubsub/src/tutorial_interfaces/install/tutorial_interfaces/include/tutorial_interfaces/tutorial_interfaces/msg/rosidl_typesupport_fastrtps_c__visibility_control.h
[0.411s] -- Up-to-date: /home/devuser/AOX/ros_ws/cpp_pubsub/src/tutorial_interfaces/install/tutorial_interfaces/lib/libtutorial_interfaces__rosidl_typesupport_fastrtps_c.so
[0.411s] -- Up-to-date: /home/devuser/AOX/ros_ws/cpp_pubsub/src/tutorial_interfaces/install/tutorial_interfaces/include/tutorial_interfaces/tutorial_interfaces
[0.412s] -- Up-to-date: /home/devuser/AOX/ros_ws/cpp_pubsub/src/tutorial_interfaces/install/tutorial_interfaces/include/tutorial_interfaces/tutorial_interfaces/srv
[0.412s] -- Up-to-date: /home/devuser/AOX/ros_ws/cpp_pubsub/src/tutorial_interfaces/install/tutorial_interfaces/include/tutorial_interfaces/tutorial_interfaces/srv/empty.hpp
[0.412s] -- Up-to-date: /home/devuser/AOX/ros_ws/cpp_pubsub/src/tutorial_interfaces/install/tutorial_interfaces/include/tutorial_interfaces/tutorial_interfaces/srv/add_three_ints.hpp
[0.412s] -- Up-to-date: /home/devuser/AOX/ros_ws/cpp_pubsub/src/tutorial_interfaces/install/tutorial_interfaces/include/tutorial_interfaces/tutorial_interfaces/srv/detail
[0.412s] -- Up-to-date: /home/devuser/AOX/ros_ws/cpp_pubsub/src/tutorial_interfaces/install/tutorial_interfaces/include/tutorial_interfaces/tutorial_interfaces/srv/detail/empty__builder.hpp
[0.412s] -- Up-to-date: /home/devuser/AOX/ros_ws/cpp_pubsub/src/tutorial_interfaces/install/tutorial_interfaces/include/tutorial_interfaces/tutorial_interfaces/srv/detail/add_three_ints__traits.hpp
[0.412s] -- Up-to-date: /home/devuser/AOX/ros_ws/cpp_pubsub/src/tutorial_interfaces/install/tutorial_interfaces/include/tutorial_interfaces/tutorial_interfaces/srv/detail/empty__traits.hpp
[0.412s] -- Up-to-date: /home/devuser/AOX/ros_ws/cpp_pubsub/src/tutorial_interfaces/install/tutorial_interfaces/include/tutorial_interfaces/tutorial_interfaces/srv/detail/empty__struct.hpp
[0.412s] -- Up-to-date: /home/devuser/AOX/ros_ws/cpp_pubsub/src/tutorial_interfaces/install/tutorial_interfaces/include/tutorial_interfaces/tutorial_interfaces/srv/detail/add_three_ints__struct.hpp
[0.412s] -- Up-to-date: /home/devuser/AOX/ros_ws/cpp_pubsub/src/tutorial_interfaces/install/tutorial_interfaces/include/tutorial_interfaces/tutorial_interfaces/srv/detail/add_three_ints__builder.hpp
[0.412s] -- Up-to-date: /home/devuser/AOX/ros_ws/cpp_pubsub/src/tutorial_interfaces/install/tutorial_interfaces/include/tutorial_interfaces/tutorial_interfaces/msg
[0.412s] -- Up-to-date: /home/devuser/AOX/ros_ws/cpp_pubsub/src/tutorial_interfaces/install/tutorial_interfaces/include/tutorial_interfaces/tutorial_interfaces/msg/num.hpp
[0.412s] -- Up-to-date: /home/devuser/AOX/ros_ws/cpp_pubsub/src/tutorial_interfaces/install/tutorial_interfaces/include/tutorial_interfaces/tutorial_interfaces/msg/sphere.hpp
[0.412s] -- Up-to-date: /home/devuser/AOX/ros_ws/cpp_pubsub/src/tutorial_interfaces/install/tutorial_interfaces/include/tutorial_interfaces/tutorial_interfaces/msg/detail
[0.412s] -- Up-to-date: /home/devuser/AOX/ros_ws/cpp_pubsub/src/tutorial_interfaces/install/tutorial_interfaces/include/tutorial_interfaces/tutorial_interfaces/msg/detail/sphere__struct.hpp
[0.413s] -- Up-to-date: /home/devuser/AOX/ros_ws/cpp_pubsub/src/tutorial_interfaces/install/tutorial_interfaces/include/tutorial_interfaces/tutorial_interfaces/msg/detail/num__struct.hpp
[0.413s] -- Up-to-date: /home/devuser/AOX/ros_ws/cpp_pubsub/src/tutorial_interfaces/install/tutorial_interfaces/include/tutorial_interfaces/tutorial_interfaces/msg/detail/num__traits.hpp
[0.413s] -- Up-to-date: /home/devuser/AOX/ros_ws/cpp_pubsub/src/tutorial_interfaces/install/tutorial_interfaces/include/tutorial_interfaces/tutorial_interfaces/msg/detail/sphere__builder.hpp
[0.413s] -- Up-to-date: /home/devuser/AOX/ros_ws/cpp_pubsub/src/tutorial_interfaces/install/tutorial_interfaces/include/tutorial_interfaces/tutorial_interfaces/msg/detail/sphere__traits.hpp
[0.413s] -- Up-to-date: /home/devuser/AOX/ros_ws/cpp_pubsub/src/tutorial_interfaces/install/tutorial_interfaces/include/tutorial_interfaces/tutorial_interfaces/msg/detail/num__builder.hpp
[0.413s] -- Up-to-date: /home/devuser/AOX/ros_ws/cpp_pubsub/src/tutorial_interfaces/install/tutorial_interfaces/include/tutorial_interfaces/tutorial_interfaces
[0.413s] -- Up-to-date: /home/devuser/AOX/ros_ws/cpp_pubsub/src/tutorial_interfaces/install/tutorial_interfaces/include/tutorial_interfaces/tutorial_interfaces/srv
[0.413s] -- Up-to-date: /home/devuser/AOX/ros_ws/cpp_pubsub/src/tutorial_interfaces/install/tutorial_interfaces/include/tutorial_interfaces/tutorial_interfaces/srv/detail
[0.413s] -- Up-to-date: /home/devuser/AOX/ros_ws/cpp_pubsub/src/tutorial_interfaces/install/tutorial_interfaces/include/tutorial_interfaces/tutorial_interfaces/srv/detail/empty__rosidl_typesupport_fastrtps_cpp.hpp
[0.413s] -- Up-to-date: /home/devuser/AOX/ros_ws/cpp_pubsub/src/tutorial_interfaces/install/tutorial_interfaces/include/tutorial_interfaces/tutorial_interfaces/srv/detail/add_three_ints__rosidl_typesupport_fastrtps_cpp.hpp
[0.413s] -- Up-to-date: /home/devuser/AOX/ros_ws/cpp_pubsub/src/tutorial_interfaces/install/tutorial_interfaces/include/tutorial_interfaces/tutorial_interfaces/srv/detail/dds_fastrtps
[0.413s] -- Up-to-date: /home/devuser/AOX/ros_ws/cpp_pubsub/src/tutorial_interfaces/install/tutorial_interfaces/include/tutorial_interfaces/tutorial_interfaces/msg
[0.413s] -- Up-to-date: /home/devuser/AOX/ros_ws/cpp_pubsub/src/tutorial_interfaces/install/tutorial_interfaces/include/tutorial_interfaces/tutorial_interfaces/msg/rosidl_typesupport_fastrtps_cpp__visibility_control.h
[0.413s] -- Up-to-date: /home/devuser/AOX/ros_ws/cpp_pubsub/src/tutorial_interfaces/install/tutorial_interfaces/include/tutorial_interfaces/tutorial_interfaces/msg/detail
[0.414s] -- Up-to-date: /home/devuser/AOX/ros_ws/cpp_pubsub/src/tutorial_interfaces/install/tutorial_interfaces/include/tutorial_interfaces/tutorial_interfaces/msg/detail/num__rosidl_typesupport_fastrtps_cpp.hpp
[0.414s] -- Up-to-date: /home/devuser/AOX/ros_ws/cpp_pubsub/src/tutorial_interfaces/install/tutorial_interfaces/include/tutorial_interfaces/tutorial_interfaces/msg/detail/sphere__rosidl_typesupport_fastrtps_cpp.hpp
[0.414s] -- Up-to-date: /home/devuser/AOX/ros_ws/cpp_pubsub/src/tutorial_interfaces/install/tutorial_interfaces/include/tutorial_interfaces/tutorial_interfaces/msg/detail/dds_fastrtps
[0.414s] -- Up-to-date: /home/devuser/AOX/ros_ws/cpp_pubsub/src/tutorial_interfaces/install/tutorial_interfaces/lib/libtutorial_interfaces__rosidl_typesupport_fastrtps_cpp.so
[0.414s] -- Up-to-date: /home/devuser/AOX/ros_ws/cpp_pubsub/src/tutorial_interfaces/install/tutorial_interfaces/include/tutorial_interfaces/tutorial_interfaces
[0.414s] -- Up-to-date: /home/devuser/AOX/ros_ws/cpp_pubsub/src/tutorial_interfaces/install/tutorial_interfaces/include/tutorial_interfaces/tutorial_interfaces/srv
[0.414s] -- Up-to-date: /home/devuser/AOX/ros_ws/cpp_pubsub/src/tutorial_interfaces/install/tutorial_interfaces/include/tutorial_interfaces/tutorial_interfaces/srv/detail
[0.414s] -- Up-to-date: /home/devuser/AOX/ros_ws/cpp_pubsub/src/tutorial_interfaces/install/tutorial_interfaces/include/tutorial_interfaces/tutorial_interfaces/srv/detail/empty__rosidl_typesupport_introspection_c.h
[0.414s] -- Up-to-date: /home/devuser/AOX/ros_ws/cpp_pubsub/src/tutorial_interfaces/install/tutorial_interfaces/include/tutorial_interfaces/tutorial_interfaces/srv/detail/add_three_ints__type_support.c
[0.415s] -- Up-to-date: /home/devuser/AOX/ros_ws/cpp_pubsub/src/tutorial_interfaces/install/tutorial_interfaces/include/tutorial_interfaces/tutorial_interfaces/srv/detail/add_three_ints__rosidl_typesupport_introspection_c.h
[0.415s] -- Up-to-date: /home/devuser/AOX/ros_ws/cpp_pubsub/src/tutorial_interfaces/install/tutorial_interfaces/include/tutorial_interfaces/tutorial_interfaces/srv/detail/empty__type_support.c
[0.415s] -- Up-to-date: /home/devuser/AOX/ros_ws/cpp_pubsub/src/tutorial_interfaces/install/tutorial_interfaces/include/tutorial_interfaces/tutorial_interfaces/msg
[0.415s] -- Up-to-date: /home/devuser/AOX/ros_ws/cpp_pubsub/src/tutorial_interfaces/install/tutorial_interfaces/include/tutorial_interfaces/tutorial_interfaces/msg/rosidl_typesupport_introspection_c__visibility_control.h
[0.415s] -- Up-to-date: /home/devuser/AOX/ros_ws/cpp_pubsub/src/tutorial_interfaces/install/tutorial_interfaces/include/tutorial_interfaces/tutorial_interfaces/msg/detail
[0.415s] -- Up-to-date: /home/devuser/AOX/ros_ws/cpp_pubsub/src/tutorial_interfaces/install/tutorial_interfaces/include/tutorial_interfaces/tutorial_interfaces/msg/detail/num__type_support.c
[0.415s] -- Up-to-date: /home/devuser/AOX/ros_ws/cpp_pubsub/src/tutorial_interfaces/install/tutorial_interfaces/include/tutorial_interfaces/tutorial_interfaces/msg/detail/num__rosidl_typesupport_introspection_c.h
[0.415s] -- Up-to-date: /home/devuser/AOX/ros_ws/cpp_pubsub/src/tutorial_interfaces/install/tutorial_interfaces/include/tutorial_interfaces/tutorial_interfaces/msg/detail/sphere__rosidl_typesupport_introspection_c.h
[0.415s] -- Up-to-date: /home/devuser/AOX/ros_ws/cpp_pubsub/src/tutorial_interfaces/install/tutorial_interfaces/include/tutorial_interfaces/tutorial_interfaces/msg/detail/sphere__type_support.c
[0.415s] -- Up-to-date: /home/devuser/AOX/ros_ws/cpp_pubsub/src/tutorial_interfaces/install/tutorial_interfaces/lib/libtutorial_interfaces__rosidl_typesupport_introspection_c.so
[0.415s] -- Up-to-date: /home/devuser/AOX/ros_ws/cpp_pubsub/src/tutorial_interfaces/install/tutorial_interfaces/lib/libtutorial_interfaces__rosidl_typesupport_c.so
[0.415s] -- Up-to-date: /home/devuser/AOX/ros_ws/cpp_pubsub/src/tutorial_interfaces/install/tutorial_interfaces/include/tutorial_interfaces/tutorial_interfaces
[0.415s] -- Up-to-date: /home/devuser/AOX/ros_ws/cpp_pubsub/src/tutorial_interfaces/install/tutorial_interfaces/include/tutorial_interfaces/tutorial_interfaces/srv
[0.415s] -- Up-to-date: /home/devuser/AOX/ros_ws/cpp_pubsub/src/tutorial_interfaces/install/tutorial_interfaces/include/tutorial_interfaces/tutorial_interfaces/srv/detail
[0.415s] -- Up-to-date: /home/devuser/AOX/ros_ws/cpp_pubsub/src/tutorial_interfaces/install/tutorial_interfaces/include/tutorial_interfaces/tutorial_interfaces/srv/detail/empty__type_support.cpp
[0.415s] -- Up-to-date: /home/devuser/AOX/ros_ws/cpp_pubsub/src/tutorial_interfaces/install/tutorial_interfaces/include/tutorial_interfaces/tutorial_interfaces/srv/detail/empty__rosidl_typesupport_introspection_cpp.hpp
[0.415s] -- Up-to-date: /home/devuser/AOX/ros_ws/cpp_pubsub/src/tutorial_interfaces/install/tutorial_interfaces/include/tutorial_interfaces/tutorial_interfaces/srv/detail/add_three_ints__rosidl_typesupport_introspection_cpp.hpp
[0.415s] -- Up-to-date: /home/devuser/AOX/ros_ws/cpp_pubsub/src/tutorial_interfaces/install/tutorial_interfaces/include/tutorial_interfaces/tutorial_interfaces/srv/detail/add_three_ints__type_support.cpp
[0.415s] -- Up-to-date: /home/devuser/AOX/ros_ws/cpp_pubsub/src/tutorial_interfaces/install/tutorial_interfaces/include/tutorial_interfaces/tutorial_interfaces/msg
[0.416s] -- Up-to-date: /home/devuser/AOX/ros_ws/cpp_pubsub/src/tutorial_interfaces/install/tutorial_interfaces/include/tutorial_interfaces/tutorial_interfaces/msg/detail
[0.416s] -- Up-to-date: /home/devuser/AOX/ros_ws/cpp_pubsub/src/tutorial_interfaces/install/tutorial_interfaces/include/tutorial_interfaces/tutorial_interfaces/msg/detail/num__rosidl_typesupport_introspection_cpp.hpp
[0.416s] -- Up-to-date: /home/devuser/AOX/ros_ws/cpp_pubsub/src/tutorial_interfaces/install/tutorial_interfaces/include/tutorial_interfaces/tutorial_interfaces/msg/detail/sphere__type_support.cpp
[0.416s] -- Up-to-date: /home/devuser/AOX/ros_ws/cpp_pubsub/src/tutorial_interfaces/install/tutorial_interfaces/include/tutorial_interfaces/tutorial_interfaces/msg/detail/sphere__rosidl_typesupport_introspection_cpp.hpp
[0.416s] -- Up-to-date: /home/devuser/AOX/ros_ws/cpp_pubsub/src/tutorial_interfaces/install/tutorial_interfaces/include/tutorial_interfaces/tutorial_interfaces/msg/detail/num__type_support.cpp
[0.416s] -- Up-to-date: /home/devuser/AOX/ros_ws/cpp_pubsub/src/tutorial_interfaces/install/tutorial_interfaces/lib/libtutorial_interfaces__rosidl_typesupport_introspection_cpp.so
[0.416s] -- Up-to-date: /home/devuser/AOX/ros_ws/cpp_pubsub/src/tutorial_interfaces/install/tutorial_interfaces/lib/libtutorial_interfaces__rosidl_typesupport_cpp.so
[0.416s] -- Up-to-date: /home/devuser/AOX/ros_ws/cpp_pubsub/src/tutorial_interfaces/install/tutorial_interfaces/share/tutorial_interfaces/environment/pythonpath.sh
[0.416s] -- Up-to-date: /home/devuser/AOX/ros_ws/cpp_pubsub/src/tutorial_interfaces/install/tutorial_interfaces/share/tutorial_interfaces/environment/pythonpath.dsv
[0.416s] -- Up-to-date: /home/devuser/AOX/ros_ws/cpp_pubsub/src/tutorial_interfaces/install/tutorial_interfaces/local/lib/python3.10/dist-packages/tutorial_interfaces-0.0.0-py3.10.egg-info
[0.416s] -- Installing: /home/devuser/AOX/ros_ws/cpp_pubsub/src/tutorial_interfaces/install/tutorial_interfaces/local/lib/python3.10/dist-packages/tutorial_interfaces-0.0.0-py3.10.egg-info/top_level.txt
[0.416s] -- Installing: /home/devuser/AOX/ros_ws/cpp_pubsub/src/tutorial_interfaces/install/tutorial_interfaces/local/lib/python3.10/dist-packages/tutorial_interfaces-0.0.0-py3.10.egg-info/SOURCES.txt
[0.416s] -- Installing: /home/devuser/AOX/ros_ws/cpp_pubsub/src/tutorial_interfaces/install/tutorial_interfaces/local/lib/python3.10/dist-packages/tutorial_interfaces-0.0.0-py3.10.egg-info/dependency_links.txt
[0.416s] -- Installing: /home/devuser/AOX/ros_ws/cpp_pubsub/src/tutorial_interfaces/install/tutorial_interfaces/local/lib/python3.10/dist-packages/tutorial_interfaces-0.0.0-py3.10.egg-info/PKG-INFO
[0.416s] -- Up-to-date: /home/devuser/AOX/ros_ws/cpp_pubsub/src/tutorial_interfaces/install/tutorial_interfaces/local/lib/python3.10/dist-packages/tutorial_interfaces
[0.416s] -- Up-to-date: /home/devuser/AOX/ros_ws/cpp_pubsub/src/tutorial_interfaces/install/tutorial_interfaces/local/lib/python3.10/dist-packages/tutorial_interfaces/_tutorial_interfaces_s.ep.rosidl_typesupport_fastrtps_c.c
[0.416s] -- Up-to-date: /home/devuser/AOX/ros_ws/cpp_pubsub/src/tutorial_interfaces/install/tutorial_interfaces/local/lib/python3.10/dist-packages/tutorial_interfaces/srv
[0.416s] -- Up-to-date: /home/devuser/AOX/ros_ws/cpp_pubsub/src/tutorial_interfaces/install/tutorial_interfaces/local/lib/python3.10/dist-packages/tutorial_interfaces/srv/_add_three_ints.py
[0.416s] -- Up-to-date: /home/devuser/AOX/ros_ws/cpp_pubsub/src/tutorial_interfaces/install/tutorial_interfaces/local/lib/python3.10/dist-packages/tutorial_interfaces/srv/_empty.py
[0.416s] -- Up-to-date: /home/devuser/AOX/ros_ws/cpp_pubsub/src/tutorial_interfaces/install/tutorial_interfaces/local/lib/python3.10/dist-packages/tutorial_interfaces/srv/_add_three_ints_s.c
[0.416s] -- Up-to-date: /home/devuser/AOX/ros_ws/cpp_pubsub/src/tutorial_interfaces/install/tutorial_interfaces/local/lib/python3.10/dist-packages/tutorial_interfaces/srv/__init__.py
[0.416s] -- Up-to-date: /home/devuser/AOX/ros_ws/cpp_pubsub/src/tutorial_interfaces/install/tutorial_interfaces/local/lib/python3.10/dist-packages/tutorial_interfaces/srv/_empty_s.c
[0.416s] -- Up-to-date: /home/devuser/AOX/ros_ws/cpp_pubsub/src/tutorial_interfaces/install/tutorial_interfaces/local/lib/python3.10/dist-packages/tutorial_interfaces/tutorial_interfaces_s__rosidl_typesupport_introspection_c.cpython-310-x86_64-linux-gnu.so
[0.416s] -- Up-to-date: /home/devuser/AOX/ros_ws/cpp_pubsub/src/tutorial_interfaces/install/tutorial_interfaces/local/lib/python3.10/dist-packages/tutorial_interfaces/libtutorial_interfaces__rosidl_generator_py.so
[0.416s] -- Up-to-date: /home/devuser/AOX/ros_ws/cpp_pubsub/src/tutorial_interfaces/install/tutorial_interfaces/local/lib/python3.10/dist-packages/tutorial_interfaces/tutorial_interfaces_s__rosidl_typesupport_c.cpython-310-x86_64-linux-gnu.so
[0.417s] -- Up-to-date: /home/devuser/AOX/ros_ws/cpp_pubsub/src/tutorial_interfaces/install/tutorial_interfaces/local/lib/python3.10/dist-packages/tutorial_interfaces/_tutorial_interfaces_s.ep.rosidl_typesupport_introspection_c.c
[0.417s] -- Up-to-date: /home/devuser/AOX/ros_ws/cpp_pubsub/src/tutorial_interfaces/install/tutorial_interfaces/local/lib/python3.10/dist-packages/tutorial_interfaces/__init__.py
[0.417s] -- Up-to-date: /home/devuser/AOX/ros_ws/cpp_pubsub/src/tutorial_interfaces/install/tutorial_interfaces/local/lib/python3.10/dist-packages/tutorial_interfaces/tutorial_interfaces_s__rosidl_typesupport_fastrtps_c.cpython-310-x86_64-linux-gnu.so
[0.417s] -- Up-to-date: /home/devuser/AOX/ros_ws/cpp_pubsub/src/tutorial_interfaces/install/tutorial_interfaces/local/lib/python3.10/dist-packages/tutorial_interfaces/msg
[0.417s] -- Up-to-date: /home/devuser/AOX/ros_ws/cpp_pubsub/src/tutorial_interfaces/install/tutorial_interfaces/local/lib/python3.10/dist-packages/tutorial_interfaces/msg/_sphere_s.c
[0.417s] -- Up-to-date: /home/devuser/AOX/ros_ws/cpp_pubsub/src/tutorial_interfaces/install/tutorial_interfaces/local/lib/python3.10/dist-packages/tutorial_interfaces/msg/_num_s.c
[0.417s] -- Up-to-date: /home/devuser/AOX/ros_ws/cpp_pubsub/src/tutorial_interfaces/install/tutorial_interfaces/local/lib/python3.10/dist-packages/tutorial_interfaces/msg/_sphere.py
[0.417s] -- Up-to-date: /home/devuser/AOX/ros_ws/cpp_pubsub/src/tutorial_interfaces/install/tutorial_interfaces/local/lib/python3.10/dist-packages/tutorial_interfaces/msg/_num.py
[0.417s] -- Up-to-date: /home/devuser/AOX/ros_ws/cpp_pubsub/src/tutorial_interfaces/install/tutorial_interfaces/local/lib/python3.10/dist-packages/tutorial_interfaces/msg/__init__.py
[0.417s] -- Up-to-date: /home/devuser/AOX/ros_ws/cpp_pubsub/src/tutorial_interfaces/install/tutorial_interfaces/local/lib/python3.10/dist-packages/tutorial_interfaces/_tutorial_interfaces_s.ep.rosidl_typesupport_c.c
[0.438s] Listing '/home/devuser/AOX/ros_ws/cpp_pubsub/src/tutorial_interfaces/install/tutorial_interfaces/local/lib/python3.10/dist-packages/tutorial_interfaces'...
[0.438s] Listing '/home/devuser/AOX/ros_ws/cpp_pubsub/src/tutorial_interfaces/install/tutorial_interfaces/local/lib/python3.10/dist-packages/tutorial_interfaces/msg'...
[0.438s] Listing '/home/devuser/AOX/ros_ws/cpp_pubsub/src/tutorial_interfaces/install/tutorial_interfaces/local/lib/python3.10/dist-packages/tutorial_interfaces/srv'...
[0.441s] -- Up-to-date: /home/devuser/AOX/ros_ws/cpp_pubsub/src/tutorial_interfaces/install/tutorial_interfaces/local/lib/python3.10/dist-packages/tutorial_interfaces/tutorial_interfaces_s__rosidl_typesupport_fastrtps_c.cpython-310-x86_64-linux-gnu.so
[0.442s] -- Up-to-date: /home/devuser/AOX/ros_ws/cpp_pubsub/src/tutorial_interfaces/install/tutorial_interfaces/local/lib/python3.10/dist-packages/tutorial_interfaces/tutorial_interfaces_s__rosidl_typesupport_introspection_c.cpython-310-x86_64-linux-gnu.so
[0.442s] -- Up-to-date: /home/devuser/AOX/ros_ws/cpp_pubsub/src/tutorial_interfaces/install/tutorial_interfaces/local/lib/python3.10/dist-packages/tutorial_interfaces/tutorial_interfaces_s__rosidl_typesupport_c.cpython-310-x86_64-linux-gnu.so
[0.442s] -- Up-to-date: /home/devuser/AOX/ros_ws/cpp_pubsub/src/tutorial_interfaces/install/tutorial_interfaces/lib/libtutorial_interfaces__rosidl_generator_py.so
[0.442s] -- Up-to-date: /home/devuser/AOX/ros_ws/cpp_pubsub/src/tutorial_interfaces/install/tutorial_interfaces/share/tutorial_interfaces/msg/Num.idl
[0.443s] -- Up-to-date: /home/devuser/AOX/ros_ws/cpp_pubsub/src/tutorial_interfaces/install/tutorial_interfaces/share/tutorial_interfaces/msg/Sphere.idl
[0.443s] -- Up-to-date: /home/devuser/AOX/ros_ws/cpp_pubsub/src/tutorial_interfaces/install/tutorial_interfaces/share/tutorial_interfaces/srv/AddThreeInts.idl
[0.443s] -- Up-to-date: /home/devuser/AOX/ros_ws/cpp_pubsub/src/tutorial_interfaces/install/tutorial_interfaces/share/tutorial_interfaces/srv/Empty.idl
[0.443s] -- Up-to-date: /home/devuser/AOX/ros_ws/cpp_pubsub/src/tutorial_interfaces/install/tutorial_interfaces/share/tutorial_interfaces/msg/Num.msg
[0.443s] -- Up-to-date: /home/devuser/AOX/ros_ws/cpp_pubsub/src/tutorial_interfaces/install/tutorial_interfaces/share/tutorial_interfaces/msg/Sphere.msg
[0.443s] -- Up-to-date: /home/devuser/AOX/ros_ws/cpp_pubsub/src/tutorial_interfaces/install/tutorial_interfaces/share/tutorial_interfaces/srv/AddThreeInts.srv
[0.443s] -- Up-to-date: /home/devuser/AOX/ros_ws/cpp_pubsub/src/tutorial_interfaces/install/tutorial_interfaces/share/tutorial_interfaces/srv/AddThreeInts_Request.msg
[0.443s] -- Up-to-date: /home/devuser/AOX/ros_ws/cpp_pubsub/src/tutorial_interfaces/install/tutorial_interfaces/share/tutorial_interfaces/srv/AddThreeInts_Response.msg
[0.443s] -- Up-to-date: /home/devuser/AOX/ros_ws/cpp_pubsub/src/tutorial_interfaces/install/tutorial_interfaces/share/tutorial_interfaces/srv/Empty.srv
[0.443s] -- Up-to-date: /home/devuser/AOX/ros_ws/cpp_pubsub/src/tutorial_interfaces/install/tutorial_interfaces/share/tutorial_interfaces/srv/Empty_Request.msg
[0.443s] -- Up-to-date: /home/devuser/AOX/ros_ws/cpp_pubsub/src/tutorial_interfaces/install/tutorial_interfaces/share/tutorial_interfaces/srv/Empty_Response.msg
[0.443s] -- Up-to-date: /home/devuser/AOX/ros_ws/cpp_pubsub/src/tutorial_interfaces/install/tutorial_interfaces/share/ament_index/resource_index/package_run_dependencies/tutorial_interfaces
[0.443s] -- Up-to-date: /home/devuser/AOX/ros_ws/cpp_pubsub/src/tutorial_interfaces/install/tutorial_interfaces/share/ament_index/resource_index/parent_prefix_path/tutorial_interfaces
[0.443s] -- Up-to-date: /home/devuser/AOX/ros_ws/cpp_pubsub/src/tutorial_interfaces/install/tutorial_interfaces/share/tutorial_interfaces/environment/ament_prefix_path.sh
[0.443s] -- Up-to-date: /home/devuser/AOX/ros_ws/cpp_pubsub/src/tutorial_interfaces/install/tutorial_interfaces/share/tutorial_interfaces/environment/ament_prefix_path.dsv
[0.443s] -- Up-to-date: /home/devuser/AOX/ros_ws/cpp_pubsub/src/tutorial_interfaces/install/tutorial_interfaces/share/tutorial_interfaces/environment/path.sh
[0.443s] -- Up-to-date: /home/devuser/AOX/ros_ws/cpp_pubsub/src/tutorial_interfaces/install/tutorial_interfaces/share/tutorial_interfaces/environment/path.dsv
[0.443s] -- Up-to-date: /home/devuser/AOX/ros_ws/cpp_pubsub/src/tutorial_interfaces/install/tutorial_interfaces/share/tutorial_interfaces/local_setup.bash
[0.444s] -- Up-to-date: /home/devuser/AOX/ros_ws/cpp_pubsub/src/tutorial_interfaces/install/tutorial_interfaces/share/tutorial_interfaces/local_setup.sh
[0.444s] -- Up-to-date: /home/devuser/AOX/ros_ws/cpp_pubsub/src/tutorial_interfaces/install/tutorial_interfaces/share/tutorial_interfaces/local_setup.zsh
[0.444s] -- Up-to-date: /home/devuser/AOX/ros_ws/cpp_pubsub/src/tutorial_interfaces/install/tutorial_interfaces/share/tutorial_interfaces/local_setup.dsv
[0.444s] -- Up-to-date: /home/devuser/AOX/ros_ws/cpp_pubsub/src/tutorial_interfaces/install/tutorial_interfaces/share/tutorial_interfaces/package.dsv
[0.444s] -- Up-to-date: /home/devuser/AOX/ros_ws/cpp_pubsub/src/tutorial_interfaces/install/tutorial_interfaces/share/ament_index/resource_index/packages/tutorial_interfaces
[0.444s] -- Up-to-date: /home/devuser/AOX/ros_ws/cpp_pubsub/src/tutorial_interfaces/install/tutorial_interfaces/share/tutorial_interfaces/cmake/export_tutorial_interfaces__rosidl_generator_cExport.cmake
[0.444s] -- Up-to-date: /home/devuser/AOX/ros_ws/cpp_pubsub/src/tutorial_interfaces/install/tutorial_interfaces/share/tutorial_interfaces/cmake/export_tutorial_interfaces__rosidl_generator_cExport-noconfig.cmake
[0.444s] -- Up-to-date: /home/devuser/AOX/ros_ws/cpp_pubsub/src/tutorial_interfaces/install/tutorial_interfaces/share/tutorial_interfaces/cmake/export_tutorial_interfaces__rosidl_typesupport_fastrtps_cExport.cmake
[0.444s] -- Up-to-date: /home/devuser/AOX/ros_ws/cpp_pubsub/src/tutorial_interfaces/install/tutorial_interfaces/share/tutorial_interfaces/cmake/export_tutorial_interfaces__rosidl_typesupport_fastrtps_cExport-noconfig.cmake
[0.444s] -- Up-to-date: /home/devuser/AOX/ros_ws/cpp_pubsub/src/tutorial_interfaces/install/tutorial_interfaces/share/tutorial_interfaces/cmake/export_tutorial_interfaces__rosidl_generator_cppExport.cmake
[0.444s] -- Up-to-date: /home/devuser/AOX/ros_ws/cpp_pubsub/src/tutorial_interfaces/install/tutorial_interfaces/share/tutorial_interfaces/cmake/export_tutorial_interfaces__rosidl_typesupport_fastrtps_cppExport.cmake
[0.444s] -- Up-to-date: /home/devuser/AOX/ros_ws/cpp_pubsub/src/tutorial_interfaces/install/tutorial_interfaces/share/tutorial_interfaces/cmake/export_tutorial_interfaces__rosidl_typesupport_fastrtps_cppExport-noconfig.cmake
[0.444s] -- Up-to-date: /home/devuser/AOX/ros_ws/cpp_pubsub/src/tutorial_interfaces/install/tutorial_interfaces/share/tutorial_interfaces/cmake/tutorial_interfaces__rosidl_typesupport_introspection_cExport.cmake
[0.444s] -- Up-to-date: /home/devuser/AOX/ros_ws/cpp_pubsub/src/tutorial_interfaces/install/tutorial_interfaces/share/tutorial_interfaces/cmake/tutorial_interfaces__rosidl_typesupport_introspection_cExport-noconfig.cmake
[0.444s] -- Up-to-date: /home/devuser/AOX/ros_ws/cpp_pubsub/src/tutorial_interfaces/install/tutorial_interfaces/share/tutorial_interfaces/cmake/tutorial_interfaces__rosidl_typesupport_cExport.cmake
[0.444s] -- Up-to-date: /home/devuser/AOX/ros_ws/cpp_pubsub/src/tutorial_interfaces/install/tutorial_interfaces/share/tutorial_interfaces/cmake/tutorial_interfaces__rosidl_typesupport_cExport-noconfig.cmake
[0.445s] -- Up-to-date: /home/devuser/AOX/ros_ws/cpp_pubsub/src/tutorial_interfaces/install/tutorial_interfaces/share/tutorial_interfaces/cmake/tutorial_interfaces__rosidl_typesupport_introspection_cppExport.cmake
[0.445s] -- Up-to-date: /home/devuser/AOX/ros_ws/cpp_pubsub/src/tutorial_interfaces/install/tutorial_interfaces/share/tutorial_interfaces/cmake/tutorial_interfaces__rosidl_typesupport_introspection_cppExport-noconfig.cmake
[0.445s] -- Up-to-date: /home/devuser/AOX/ros_ws/cpp_pubsub/src/tutorial_interfaces/install/tutorial_interfaces/share/tutorial_interfaces/cmake/tutorial_interfaces__rosidl_typesupport_cppExport.cmake
[0.445s] -- Up-to-date: /home/devuser/AOX/ros_ws/cpp_pubsub/src/tutorial_interfaces/install/tutorial_interfaces/share/tutorial_interfaces/cmake/tutorial_interfaces__rosidl_typesupport_cppExport-noconfig.cmake
[0.445s] -- Up-to-date: /home/devuser/AOX/ros_ws/cpp_pubsub/src/tutorial_interfaces/install/tutorial_interfaces/share/tutorial_interfaces/cmake/export_tutorial_interfaces__rosidl_generator_pyExport.cmake
[0.445s] -- Up-to-date: /home/devuser/AOX/ros_ws/cpp_pubsub/src/tutorial_interfaces/install/tutorial_interfaces/share/tutorial_interfaces/cmake/export_tutorial_interfaces__rosidl_generator_pyExport-noconfig.cmake
[0.445s] -- Up-to-date: /home/devuser/AOX/ros_ws/cpp_pubsub/src/tutorial_interfaces/install/tutorial_interfaces/share/tutorial_interfaces/cmake/rosidl_cmake-extras.cmake
[0.445s] -- Up-to-date: /home/devuser/AOX/ros_ws/cpp_pubsub/src/tutorial_interfaces/install/tutorial_interfaces/share/tutorial_interfaces/cmake/ament_cmake_export_dependencies-extras.cmake
[0.445s] -- Up-to-date: /home/devuser/AOX/ros_ws/cpp_pubsub/src/tutorial_interfaces/install/tutorial_interfaces/share/tutorial_interfaces/cmake/ament_cmake_export_include_directories-extras.cmake
[0.445s] -- Up-to-date: /home/devuser/AOX/ros_ws/cpp_pubsub/src/tutorial_interfaces/install/tutorial_interfaces/share/tutorial_interfaces/cmake/ament_cmake_export_libraries-extras.cmake
[0.445s] -- Up-to-date: /home/devuser/AOX/ros_ws/cpp_pubsub/src/tutorial_interfaces/install/tutorial_interfaces/share/tutorial_interfaces/cmake/ament_cmake_export_targets-extras.cmake
[0.445s] -- Up-to-date: /home/devuser/AOX/ros_ws/cpp_pubsub/src/tutorial_interfaces/install/tutorial_interfaces/share/tutorial_interfaces/cmake/rosidl_cmake_export_typesupport_targets-extras.cmake
[0.445s] -- Up-to-date: /home/devuser/AOX/ros_ws/cpp_pubsub/src/tutorial_interfaces/install/tutorial_interfaces/share/tutorial_interfaces/cmake/rosidl_cmake_export_typesupport_libraries-extras.cmake
[0.445s] -- Up-to-date: /home/devuser/AOX/ros_ws/cpp_pubsub/src/tutorial_interfaces/install/tutorial_interfaces/share/tutorial_interfaces/cmake/tutorial_interfacesConfig.cmake
[0.445s] -- Up-to-date: /home/devuser/AOX/ros_ws/cpp_pubsub/src/tutorial_interfaces/install/tutorial_interfaces/share/tutorial_interfaces/cmake/tutorial_interfacesConfig-version.cmake
[0.446s] -- Up-to-date: /home/devuser/AOX/ros_ws/cpp_pubsub/src/tutorial_interfaces/install/tutorial_interfaces/share/tutorial_interfaces/package.xml
[0.448s] Invoked command in '/home/devuser/AOX/ros_ws/cpp_pubsub/src/tutorial_interfaces/build/tutorial_interfaces' returned '0': CMAKE_PREFIX_PATH=${CMAKE_PREFIX_PATH}:/opt/ros/humble /usr/bin/cmake --install /home/devuser/AOX/ros_ws/cpp_pubsub/src/tutorial_interfaces/build/tutorial_interfaces
