[0.013s] Invoking command in '/home/devuser/AOX/ros_ws/cpp_pubsub/build/cpp_pubsub': CMAKE_PREFIX_PATH=${CMAKE_PREFIX_PATH}:/opt/ros/humble /usr/bin/cmake --build /home/devuser/AOX/ros_ws/cpp_pubsub/build/cpp_pubsub -- -j8 -l8
[0.047s] [35m[1mConsolidate compiler generated dependencies of target listener[0m
[0.057s] [ 66%] Built target talker
[0.057s] [ 66%] Built target watchdog
[0.061s] [ 83%] [32mBuilding CXX object CMakeFiles/listener.dir/src/subscriber_member_function.cpp.o[0m
[1.678s] [01m[K/home/devuser/AOX/ros_ws/cpp_pubsub/src/subscriber_member_function.cpp:[m[K In lambda function:
[1.678s] [01m[K/home/devuser/AOX/ros_ws/cpp_pubsub/src/subscriber_member_function.cpp:29:205:[m[K [01;35m[Kwarning: [m[Kunused parameter ‘[01m[Kresponse[m[K’ [[01;35m[K]8;;https://gcc.gnu.org/onlinedocs/gcc/Warning-Options.html#index-Wunused-parameter-Wunused-parameter]8;;[m[K]
[1.678s]    29 |     this->create_service<tutorial_interfaces::srv::Empty>("empty_service",[this](const std::shared_ptr<tutorial_interfaces::srv::Empty::Request>,[01;35m[Kstd::shared_ptr<tutorial_interfaces::srv::Empty::Response> response[m[K){RCLCPP_INFO(rclcpp::get_logger("rclcpp"), "Pub stopped!");});
[1.678s]       |                                                                                                                                                  [01;35m[K~~~~~~~~~~~~~~~~~~~~~~~~~~~~~~~~~~~~~~~~~~~~~~~~~~~~~~~~~~~^~~~~~~~[m[K
[1.681s] In file included from [01m[K/opt/ros/humble/include/rclcpp/rclcpp/logging.hpp:24[m[K,
[1.681s]                  from [01m[K/opt/ros/humble/include/rclcpp/rclcpp/client.hpp:40[m[K,
[1.681s]                  from [01m[K/opt/ros/humble/include/rclcpp/rclcpp/callback_group.hpp:24[m[K,
[1.681s]                  from [01m[K/opt/ros/humble/include/rclcpp/rclcpp/any_executable.hpp:20[m[K,
[1.681s]                  from [01m[K/opt/ros/humble/include/rclcpp/rclcpp/memory_strategy.hpp:25[m[K,
[1.681s]                  from [01m[K/opt/ros/humble/include/rclcpp/rclcpp/memory_strategies.hpp:18[m[K,
[1.681s]                  from [01m[K/opt/ros/humble/include/rclcpp/rclcpp/executor_options.hpp:20[m[K,
[1.681s]                  from [01m[K/opt/ros/humble/include/rclcpp/rclcpp/executor.hpp:37[m[K,
[1.681s]                  from [01m[K/opt/ros/humble/include/rclcpp/rclcpp/executors/multi_threaded_executor.hpp:25[m[K,
[1.681s]                  from [01m[K/opt/ros/humble/include/rclcpp/rclcpp/executors.hpp:21[m[K,
[1.681s]                  from [01m[K/opt/ros/humble/include/rclcpp/rclcpp/rclcpp.hpp:155[m[K,
[1.681s]                  from [01m[K/home/devuser/AOX/ros_ws/cpp_pubsub/src/subscriber_member_function.cpp:3[m[K:
[1.682s] [01m[K/home/devuser/AOX/ros_ws/cpp_pubsub/src/subscriber_member_function.cpp:[m[K In member function ‘[01m[Kvoid MinimalSubscriber::topic_callback(tutorial_interfaces::msg::Num_<std::allocator<void> >::SharedPtr) const[m[K’:
[1.682s] [01m[K/home/devuser/AOX/ros_ws/cpp_pubsub/src/subscriber_member_function.cpp:44:37:[m[K [01;35m[Kwarning: [m[Kformat ‘[01m[K%d[m[K’ expects argument of type ‘[01m[Kint[m[K’, but argument 5 has type ‘[01m[Ktutorial_interfaces::msg::Num_<std::allocator<void> >::_num_type[m[K’ {aka ‘[01m[Klong int[m[K’} [[01;35m[K]8;;https://gcc.gnu.org/onlinedocs/gcc/Warning-Options.html#index-Wformat=-Wformat=]8;;[m[K]
[1.682s]    44 |     RCLCPP_INFO(this->get_logger(), [01;35m[K"I heard: '%d'"[m[K, [32m[Kmsg->num[m[K);              // CHANGE
[1.682s]       |                                     [01;35m[K^~~~~~~~~~~~~~~[m[K  [32m[K~~~~~~~~[m[K
[1.682s]       |                                                           [32m[K|[m[K
[1.682s]       |                                                           [32m[Ktutorial_interfaces::msg::Num_<std::allocator<void> >::_num_type {aka long int}[m[K
[1.682s] [01m[K/home/devuser/AOX/ros_ws/cpp_pubsub/src/subscriber_member_function.cpp:44:49:[m[K [01;36m[Knote: [m[Kformat string is defined here
[1.682s]    44 |     RCLCPP_INFO(this->get_logger(), "I heard: '[01;36m[K%d[m[K'", msg->num);              // CHANGE
[1.682s]       |                                                [01;36m[K~^[m[K
[1.682s]       |                                                 [01;36m[K|[m[K
[1.682s]       |                                                 [01;36m[Kint[m[K
[1.682s]       |                                                [32m[K%ld[m[K
[5.935s] [100%] [32m[1mLinking CXX executable listener[0m
[6.238s] [100%] Built target listener
[6.246s] Invoked command in '/home/devuser/AOX/ros_ws/cpp_pubsub/build/cpp_pubsub' returned '0': CMAKE_PREFIX_PATH=${CMAKE_PREFIX_PATH}:/opt/ros/humble /usr/bin/cmake --build /home/devuser/AOX/ros_ws/cpp_pubsub/build/cpp_pubsub -- -j8 -l8
[6.274s] Invoking command in '/home/devuser/AOX/ros_ws/cpp_pubsub/build/cpp_pubsub': CMAKE_PREFIX_PATH=${CMAKE_PREFIX_PATH}:/opt/ros/humble /usr/bin/cmake --install /home/devuser/AOX/ros_ws/cpp_pubsub/build/cpp_pubsub
[6.279s] -- Install configuration: ""
[6.279s] -- Up-to-date: /home/devuser/AOX/ros_ws/cpp_pubsub/install/cpp_pubsub/lib/cpp_pubsub/talker
[6.279s] -- Installing: /home/devuser/AOX/ros_ws/cpp_pubsub/install/cpp_pubsub/lib/cpp_pubsub/listener
[6.282s] -- Set runtime path of "/home/devuser/AOX/ros_ws/cpp_pubsub/install/cpp_pubsub/lib/cpp_pubsub/listener" to ""
[6.282s] -- Up-to-date: /home/devuser/AOX/ros_ws/cpp_pubsub/install/cpp_pubsub/lib/cpp_pubsub/watchdog
[6.282s] -- Up-to-date: /home/devuser/AOX/ros_ws/cpp_pubsub/install/cpp_pubsub/share/ament_index/resource_index/package_run_dependencies/cpp_pubsub
[6.282s] -- Up-to-date: /home/devuser/AOX/ros_ws/cpp_pubsub/install/cpp_pubsub/share/ament_index/resource_index/parent_prefix_path/cpp_pubsub
[6.282s] -- Up-to-date: /home/devuser/AOX/ros_ws/cpp_pubsub/install/cpp_pubsub/share/cpp_pubsub/environment/ament_prefix_path.sh
[6.282s] -- Up-to-date: /home/devuser/AOX/ros_ws/cpp_pubsub/install/cpp_pubsub/share/cpp_pubsub/environment/ament_prefix_path.dsv
[6.282s] -- Up-to-date: /home/devuser/AOX/ros_ws/cpp_pubsub/install/cpp_pubsub/share/cpp_pubsub/environment/path.sh
[6.282s] -- Up-to-date: /home/devuser/AOX/ros_ws/cpp_pubsub/install/cpp_pubsub/share/cpp_pubsub/environment/path.dsv
[6.282s] -- Up-to-date: /home/devuser/AOX/ros_ws/cpp_pubsub/install/cpp_pubsub/share/cpp_pubsub/local_setup.bash
[6.283s] -- Up-to-date: /home/devuser/AOX/ros_ws/cpp_pubsub/install/cpp_pubsub/share/cpp_pubsub/local_setup.sh
[6.283s] -- Up-to-date: /home/devuser/AOX/ros_ws/cpp_pubsub/install/cpp_pubsub/share/cpp_pubsub/local_setup.zsh
[6.283s] -- Up-to-date: /home/devuser/AOX/ros_ws/cpp_pubsub/install/cpp_pubsub/share/cpp_pubsub/local_setup.dsv
[6.283s] -- Installing: /home/devuser/AOX/ros_ws/cpp_pubsub/install/cpp_pubsub/share/cpp_pubsub/package.dsv
[6.283s] -- Up-to-date: /home/devuser/AOX/ros_ws/cpp_pubsub/install/cpp_pubsub/share/ament_index/resource_index/packages/cpp_pubsub
[6.283s] -- Up-to-date: /home/devuser/AOX/ros_ws/cpp_pubsub/install/cpp_pubsub/share/cpp_pubsub/cmake/cpp_pubsubConfig.cmake
[6.283s] -- Up-to-date: /home/devuser/AOX/ros_ws/cpp_pubsub/install/cpp_pubsub/share/cpp_pubsub/cmake/cpp_pubsubConfig-version.cmake
[6.283s] -- Up-to-date: /home/devuser/AOX/ros_ws/cpp_pubsub/install/cpp_pubsub/share/cpp_pubsub/package.xml
[6.285s] Invoked command in '/home/devuser/AOX/ros_ws/cpp_pubsub/build/cpp_pubsub' returned '0': CMAKE_PREFIX_PATH=${CMAKE_PREFIX_PATH}:/opt/ros/humble /usr/bin/cmake --install /home/devuser/AOX/ros_ws/cpp_pubsub/build/cpp_pubsub
