[0.384s] Invoking command in '/home/devuser/AOX/ros_ws/cpp_pubsub/src/tutorial_interfaces/build/tutorial_interfaces': CMAKE_PREFIX_PATH=${CMAKE_PREFIX_PATH}:/opt/ros/humble /usr/bin/cmake --build /home/devuser/AOX/ros_ws/cpp_pubsub/src/tutorial_interfaces/build/tutorial_interfaces -- -j8 -l8
[0.424s] -- Found ament_cmake: 1.3.5 (/opt/ros/humble/share/ament_cmake/cmake)
[0.741s] -- Found geometry_msgs: 4.2.3 (/opt/ros/humble/share/geometry_msgs/cmake)
[0.768s] -- Found rosidl_generator_c: 3.1.5 (/opt/ros/humble/share/rosidl_generator_c/cmake)
[0.769s] -- Found rosidl_adapter: 3.1.5 (/opt/ros/humble/share/rosidl_adapter/cmake)
[0.773s] -- Found rosidl_generator_cpp: 3.1.5 (/opt/ros/humble/share/rosidl_generator_cpp/cmake)
[0.780s] -- Using all available rosidl_typesupport_c: rosidl_typesupport_fastrtps_c;rosidl_typesupport_introspection_c
[0.790s] -- Using all available rosidl_typesupport_cpp: rosidl_typesupport_fastrtps_cpp;rosidl_typesupport_introspection_cpp
[0.871s] -- Found rosidl_default_generators: 1.2.0 (/opt/ros/humble/share/rosidl_default_generators/cmake)
[1.013s] [31mCMake Error at /opt/ros/humble/share/rosidl_adapter/cmake/rosidl_adapt_interfaces.cmake:59 (message):
[1.013s]   execute_process(/usr/bin/python3.10 -m rosidl_adapter --package-name
[1.013s]   tutorial_interfaces --arguments-file
[1.013s]   /home/devuser/AOX/ros_ws/cpp_pubsub/src/tutorial_interfaces/build/tutorial_interfaces/rosidl_adapter__arguments__tutorial_interfaces.json
[1.013s]   --output-dir
[1.013s]   /home/devuser/AOX/ros_ws/cpp_pubsub/src/tutorial_interfaces/build/tutorial_interfaces/rosidl_adapter/tutorial_interfaces
[1.013s]   --output-file
[1.013s]   /home/devuser/AOX/ros_ws/cpp_pubsub/src/tutorial_interfaces/build/tutorial_interfaces/rosidl_adapter/tutorial_interfaces.idls)
[1.013s]   returned error code 1:
[1.013s] 
[1.013s]   Error processing 'auto success' of 'tutorial_interfaces/Empty_Response':
[1.013s]   ''auto' is an invalid message name.  It should have the pattern
[1.013s]   '^[A-Z][A-Za-z0-9]*$''
[1.013s] 
[1.014s]   Traceback (most recent call last):
[1.014s] 
[1.014s]     File "/usr/lib/python3.10/runpy.py", line 196, in _run_module_as_main
[1.014s]       return _run_code(code, main_globals, None,
[1.014s]     File "/usr/lib/python3.10/runpy.py", line 86, in _run_code
[1.014s]       exec(code, run_globals)
[1.014s]     File "/opt/ros/humble/local/lib/python3.10/dist-packages/rosidl_adapter/__main__.py", line 19, in <module>
[1.014s]       sys.exit(main())
[1.014s]     File "/opt/ros/humble/local/lib/python3.10/dist-packages/rosidl_adapter/main.py", line 53, in main
[1.014s]       abs_idl_file = convert_to_idl(
[1.014s]     File "/opt/ros/humble/local/lib/python3.10/dist-packages/rosidl_adapter/__init__.py", line 24, in convert_to_idl
[1.014s]       return convert_srv_to_idl(
[1.014s]     File "/opt/ros/humble/local/lib/python3.10/dist-packages/rosidl_adapter/srv/__init__.py", line 28, in convert_srv_to_idl
[1.014s]       srv = parse_service_string(package_name, input_file.stem, content)
[1.014s]     File "/opt/ros/humble/local/lib/python3.10/dist-packages/rosidl_adapter/parser.py", line 863, in parse_service_string
[1.014s]       response_message = parse_message_string(
[1.015s]     File "/opt/ros/humble/local/lib/python3.10/dist-packages/rosidl_adapter/parser.py", line 520, in parse_message_string
[1.015s]       Type(type_string, context_package_name=pkg_name),
[1.015s]     File "/opt/ros/humble/local/lib/python3.10/dist-packages/rosidl_adapter/parser.py", line 277, in __init__
[1.015s]       super(Type, self).__init__(
[1.015s]     File "/opt/ros/humble/local/lib/python3.10/dist-packages/rosidl_adapter/parser.py", line 205, in __init__
[1.015s]       raise InvalidResourceName(
[1.015s] 
[1.015s]   rosidl_adapter.parser.InvalidResourceName: 'auto' is an invalid message
[1.015s]   name.  It should have the pattern '^[A-Z][A-Za-z0-9]*$'
[1.015s] 
[1.015s] Call Stack (most recent call first):
[1.015s]   /opt/ros/humble/share/rosidl_cmake/cmake/rosidl_generate_interfaces.cmake:130 (rosidl_adapt_interfaces)
[1.015s]   CMakeLists.txt:16 (rosidl_generate_interfaces)
[1.015s] 
[1.015s] [0m
[1.016s] -- Configuring incomplete, errors occurred!
[1.016s] See also "/home/devuser/AOX/ros_ws/cpp_pubsub/src/tutorial_interfaces/build/tutorial_interfaces/CMakeFiles/CMakeOutput.log".
[1.018s] gmake: *** [Makefile:1395: cmake_check_build_system] Error 1
[1.020s] Invoked command in '/home/devuser/AOX/ros_ws/cpp_pubsub/src/tutorial_interfaces/build/tutorial_interfaces' returned '2': CMAKE_PREFIX_PATH=${CMAKE_PREFIX_PATH}:/opt/ros/humble /usr/bin/cmake --build /home/devuser/AOX/ros_ws/cpp_pubsub/src/tutorial_interfaces/build/tutorial_interfaces -- -j8 -l8
