[2.312s] Invoking command in '/home/devuser/AOX/ROS2/src/lcm_service/build/lcm_service': CMAKE_PREFIX_PATH=${CMAKE_PREFIX_PATH}:/opt/ros/humble /usr/bin/cmake --build /home/devuser/AOX/ROS2/src/lcm_service/build/lcm_service -- -j8 -l8
[21.457s] [35m[1mConsolidate compiler generated dependencies of target server_a[0m
[22.245s] [ 16%] [32mBuilding CXX object CMakeFiles/server_a.dir/src/server_a.cpp.o[0m
[38.925s] In file included from [01m[K/opt/ros/humble/include/rclcpp/rclcpp/logging.hpp:24[m[K,
[38.925s]                  from [01m[K/opt/ros/humble/include/rclcpp/rclcpp/client.hpp:40[m[K,
[38.925s]                  from [01m[K/opt/ros/humble/include/rclcpp/rclcpp/callback_group.hpp:24[m[K,
[38.925s]                  from [01m[K/opt/ros/humble/include/rclcpp/rclcpp/any_executable.hpp:20[m[K,
[38.925s]                  from [01m[K/opt/ros/humble/include/rclcpp/rclcpp/memory_strategy.hpp:25[m[K,
[38.925s]                  from [01m[K/opt/ros/humble/include/rclcpp/rclcpp/memory_strategies.hpp:18[m[K,
[38.925s]                  from [01m[K/opt/ros/humble/include/rclcpp/rclcpp/executor_options.hpp:20[m[K,
[38.925s]                  from [01m[K/opt/ros/humble/include/rclcpp/rclcpp/executor.hpp:37[m[K,
[38.925s]                  from [01m[K/opt/ros/humble/include/rclcpp/rclcpp/executors/multi_threaded_executor.hpp:25[m[K,
[38.925s]                  from [01m[K/opt/ros/humble/include/rclcpp/rclcpp/executors.hpp:21[m[K,
[38.926s]                  from [01m[K/opt/ros/humble/include/rclcpp/rclcpp/rclcpp.hpp:155[m[K,
[38.926s]                  from [01m[K/home/devuser/AOX/ROS2/src/lcm_service/src/server_a.cpp:1[m[K:
[38.926s] [01m[K/home/devuser/AOX/ROS2/src/lcm_service/src/server_a.cpp:[m[K In function ‘[01m[Kvoid shutdown(std::shared_ptr<tutorial_interfaces::srv::Shutdown_Request_<std::allocator<void> > >, std::shared_ptr<tutorial_interfaces::srv::Shutdown_Response_<std::allocator<void> > >)[m[K’:
[38.926s] [01m[K/home/devuser/AOX/ROS2/src/lcm_service/src/server_a.cpp:10:46:[m[K [01;35m[Kwarning: [m[Kformat ‘[01m[K%s[m[K’ expects argument of type ‘[01m[Kchar*[m[K’, but argument 5 has type ‘[01m[Ktutorial_interfaces::srv::Shutdown_Request_<std::allocator<void> >::_req_type[m[K’ {aka ‘[01m[Kstd::__cxx11::basic_string<char>[m[K’} [[01;35m[K]8;;https://gcc.gnu.org/onlinedocs/gcc/Warning-Options.html#index-Wformat=-Wformat=]8;;[m[K]
[38.926s]    10 |    RCLCPP_INFO(rclcpp::get_logger("rclcpp"), [01;35m[K"Incoming request\na: %s"[m[K,   // CHANGE
[38.926s]       |                                              [01;35m[K^~~~~~~~~~~~~~~~~~~~~~~~~[m[K
[38.926s] [01m[K/home/devuser/AOX/ROS2/src/lcm_service/src/server_a.cpp:10:69:[m[K [01;36m[Knote: [m[Kformat string is defined here
[38.926s]    10 |    RCLCPP_INFO(rclcpp::get_logger("rclcpp"), "Incoming request\na: [01;36m[K%s[m[K",   // CHANGE
[38.926s]       |                                                                    [01;36m[K~^[m[K
[38.926s]       |                                                                     [01;36m[K|[m[K
[38.926s]       |                                                                     [01;36m[Kchar*[m[K
[39.059s] [01m[K/home/devuser/AOX/ROS2/src/lcm_service/src/server_a.cpp:13:18:[m[K [01;31m[Kerror: [m[Kno match for ‘[01m[Koperator==[m[K’ (operand types are ‘[01m[Ktutorial_interfaces::srv::Shutdown_Request_<std::allocator<void> >::_req_type[m[K’ {aka ‘[01m[Kstd::__cxx11::basic_string<char>[m[K’} and ‘[01m[Kint[m[K’)
[39.059s]    13 |   if([32m[Krequest->req[m[K[01;31m[K==[m[K[34m[K0[m[K)
[39.059s]       |      [32m[K~~~~~~~~~~~~[m[K[01;31m[K^~[m[K[34m[K~[m[K
[39.060s]       |               [32m[K|[m[K    [34m[K|[m[K
[39.060s]       |               [32m[K|[m[K    [34m[Kint[m[K
[39.060s]       |               [32m[Ktutorial_interfaces::srv::Shutdown_Request_<std::allocator<void> >::_req_type {aka std::__cxx11::basic_string<char>}[m[K
[39.205s] In file included from [01m[K/usr/include/c++/11/bits/stl_algobase.h:67[m[K,
[39.205s]                  from [01m[K/usr/include/c++/11/memory:63[m[K,
[39.206s]                  from [01m[K/opt/ros/humble/include/rclcpp/rclcpp/rclcpp.hpp:153[m[K,
[39.206s]                  from [01m[K/home/devuser/AOX/ROS2/src/lcm_service/src/server_a.cpp:1[m[K:
[39.206s] [01m[K/usr/include/c++/11/bits/stl_iterator.h:1155:5:[m[K [01;36m[Knote: [m[Kcandidate: ‘[01m[Ktemplate<class _IteratorL, class _IteratorR, class _Container> bool __gnu_cxx::operator==(const __gnu_cxx::__normal_iterator<_IteratorL, _Container>&, const __gnu_cxx::__normal_iterator<_IteratorR, _Container>&)[m[K’
[39.206s]  1155 |     [01;36m[Koperator[m[K==(const __normal_iterator<_IteratorL, _Container>& __lhs,
[39.206s]       |     [01;36m[K^~~~~~~~[m[K
[39.206s] [01m[K/usr/include/c++/11/bits/stl_iterator.h:1155:5:[m[K [01;36m[Knote: [m[K  template argument deduction/substitution failed:
[39.206s] [01m[K/home/devuser/AOX/ROS2/src/lcm_service/src/server_a.cpp:13:20:[m[K [01;36m[Knote: [m[K  ‘[01m[Ktutorial_interfaces::srv::Shutdown_Request_<std::allocator<void> >::_req_type[m[K’ {aka ‘[01m[Kstd::__cxx11::basic_string<char>[m[K’} is not derived from ‘[01m[Kconst __gnu_cxx::__normal_iterator<_IteratorL, _Container>[m[K’
[39.207s]    13 |   if(request->req==[01;36m[K0[m[K)
[39.207s]       |                    [01;36m[K^[m[K
[39.207s] In file included from [01m[K/usr/include/c++/11/bits/stl_algobase.h:67[m[K,
[39.207s]                  from [01m[K/usr/include/c++/11/memory:63[m[K,
[39.207s]                  from [01m[K/opt/ros/humble/include/rclcpp/rclcpp/rclcpp.hpp:153[m[K,
[39.207s]                  from [01m[K/home/devuser/AOX/ROS2/src/lcm_service/src/server_a.cpp:1[m[K:
[39.207s] [01m[K/usr/include/c++/11/bits/stl_iterator.h:1163:5:[m[K [01;36m[Knote: [m[Kcandidate: ‘[01m[Ktemplate<class _Iterator, class _Container> bool __gnu_cxx::operator==(const __gnu_cxx::__normal_iterator<_Iterator, _Container>&, const __gnu_cxx::__normal_iterator<_Iterator, _Container>&)[m[K’
[39.208s]  1163 |     [01;36m[Koperator[m[K==(const __normal_iterator<_Iterator, _Container>& __lhs,
[39.208s]       |     [01;36m[K^~~~~~~~[m[K
[39.208s] [01m[K/usr/include/c++/11/bits/stl_iterator.h:1163:5:[m[K [01;36m[Knote: [m[K  template argument deduction/substitution failed:
[39.208s] [01m[K/home/devuser/AOX/ROS2/src/lcm_service/src/server_a.cpp:13:20:[m[K [01;36m[Knote: [m[K  ‘[01m[Ktutorial_interfaces::srv::Shutdown_Request_<std::allocator<void> >::_req_type[m[K’ {aka ‘[01m[Kstd::__cxx11::basic_string<char>[m[K’} is not derived from ‘[01m[Kconst __gnu_cxx::__normal_iterator<_Iterator, _Container>[m[K’
[39.208s]    13 |   if(request->req==[01;36m[K0[m[K)
[39.208s]       |                    [01;36m[K^[m[K
[39.208s] In file included from [01m[K/usr/include/x86_64-linux-gnu/c++/11/bits/c++allocator.h:33[m[K,
[39.208s]                  from [01m[K/usr/include/c++/11/bits/allocator.h:46[m[K,
[39.208s]                  from [01m[K/usr/include/c++/11/memory:64[m[K,
[39.208s]                  from [01m[K/opt/ros/humble/include/rclcpp/rclcpp/rclcpp.hpp:153[m[K,
[39.208s]                  from [01m[K/home/devuser/AOX/ROS2/src/lcm_service/src/server_a.cpp:1[m[K:
[39.208s] [01m[K/usr/include/c++/11/ext/new_allocator.h:183:9:[m[K [01;36m[Knote: [m[Kcandidate: ‘[01m[Ktemplate<class _Up> bool __gnu_cxx::operator==(const __gnu_cxx::new_allocator<char>&, const __gnu_cxx::new_allocator<_Tp>&)[m[K’
[39.208s]   183 |         [01;36m[Koperator[m[K==(const new_allocator&, const new_allocator<_Up>&)
[39.208s]       |         [01;36m[K^~~~~~~~[m[K
[39.208s] [01m[K/usr/include/c++/11/ext/new_allocator.h:183:9:[m[K [01;36m[Knote: [m[K  template argument deduction/substitution failed:
[39.208s] [01m[K/home/devuser/AOX/ROS2/src/lcm_service/src/server_a.cpp:13:20:[m[K [01;36m[Knote: [m[K  mismatched types ‘[01m[Kconst __gnu_cxx::new_allocator<_Tp>[m[K’ and ‘[01m[Kint[m[K’
[39.209s]    13 |   if(request->req==[01;36m[K0[m[K)
[39.209s]       |                    [01;36m[K^[m[K
[39.209s] In file included from [01m[K/usr/include/c++/11/bits/stl_algobase.h:64[m[K,
[39.209s]                  from [01m[K/usr/include/c++/11/memory:63[m[K,
[39.209s]                  from [01m[K/opt/ros/humble/include/rclcpp/rclcpp/rclcpp.hpp:153[m[K,
[39.209s]                  from [01m[K/home/devuser/AOX/ROS2/src/lcm_service/src/server_a.cpp:1[m[K:
[39.209s] [01m[K/usr/include/c++/11/bits/stl_pair.h:466:5:[m[K [01;36m[Knote: [m[Kcandidate: ‘[01m[Ktemplate<class _T1, class _T2> constexpr bool std::operator==(const std::pair<_T1, _T2>&, const std::pair<_T1, _T2>&)[m[K’
[39.209s]   466 |     [01;36m[Koperator[m[K==(const pair<_T1, _T2>& __x, const pair<_T1, _T2>& __y)
[39.209s]       |     [01;36m[K^~~~~~~~[m[K
[39.209s] [01m[K/usr/include/c++/11/bits/stl_pair.h:466:5:[m[K [01;36m[Knote: [m[K  template argument deduction/substitution failed:
[39.209s] [01m[K/home/devuser/AOX/ROS2/src/lcm_service/src/server_a.cpp:13:20:[m[K [01;36m[Knote: [m[K  ‘[01m[Ktutorial_interfaces::srv::Shutdown_Request_<std::allocator<void> >::_req_type[m[K’ {aka ‘[01m[Kstd::__cxx11::basic_string<char>[m[K’} is not derived from ‘[01m[Kconst std::pair<_T1, _T2>[m[K’
[39.209s]    13 |   if(request->req==[01;36m[K0[m[K)
[39.209s]       |                    [01;36m[K^[m[K
[39.209s] In file included from [01m[K/usr/include/c++/11/bits/stl_algobase.h:67[m[K,
[39.209s]                  from [01m[K/usr/include/c++/11/memory:63[m[K,
[39.209s]                  from [01m[K/opt/ros/humble/include/rclcpp/rclcpp/rclcpp.hpp:153[m[K,
[39.209s]                  from [01m[K/home/devuser/AOX/ROS2/src/lcm_service/src/server_a.cpp:1[m[K:
[39.210s] [01m[K/usr/include/c++/11/bits/stl_iterator.h:420:5:[m[K [01;36m[Knote: [m[Kcandidate: ‘[01m[Ktemplate<class _Iterator> constexpr bool std::operator==(const std::reverse_iterator<_Iterator>&, const std::reverse_iterator<_Iterator>&)[m[K’
[39.210s]   420 |     [01;36m[Koperator[m[K==(const reverse_iterator<_Iterator>& __x,
[39.210s]       |     [01;36m[K^~~~~~~~[m[K
[39.210s] [01m[K/usr/include/c++/11/bits/stl_iterator.h:420:5:[m[K [01;36m[Knote: [m[K  template argument deduction/substitution failed:
[39.210s] [01m[K/home/devuser/AOX/ROS2/src/lcm_service/src/server_a.cpp:13:20:[m[K [01;36m[Knote: [m[K  ‘[01m[Ktutorial_interfaces::srv::Shutdown_Request_<std::allocator<void> >::_req_type[m[K’ {aka ‘[01m[Kstd::__cxx11::basic_string<char>[m[K’} is not derived from ‘[01m[Kconst std::reverse_iterator<_Iterator>[m[K’
[39.210s]    13 |   if(request->req==[01;36m[K0[m[K)
[39.210s]       |                    [01;36m[K^[m[K
[39.210s] In file included from [01m[K/usr/include/c++/11/bits/stl_algobase.h:67[m[K,
[39.210s]                  from [01m[K/usr/include/c++/11/memory:63[m[K,
[39.210s]                  from [01m[K/opt/ros/humble/include/rclcpp/rclcpp/rclcpp.hpp:153[m[K,
[39.210s]                  from [01m[K/home/devuser/AOX/ROS2/src/lcm_service/src/server_a.cpp:1[m[K:
[39.210s] [01m[K/usr/include/c++/11/bits/stl_iterator.h:459:5:[m[K [01;36m[Knote: [m[Kcandidate: ‘[01m[Ktemplate<class _IteratorL, class _IteratorR> constexpr bool std::operator==(const std::reverse_iterator<_Iterator>&, const std::reverse_iterator<_IteratorR>&)[m[K’
[39.210s]   459 |     [01;36m[Koperator[m[K==(const reverse_iterator<_IteratorL>& __x,
[39.210s]       |     [01;36m[K^~~~~~~~[m[K
[39.210s] [01m[K/usr/include/c++/11/bits/stl_iterator.h:459:5:[m[K [01;36m[Knote: [m[K  template argument deduction/substitution failed:
[39.210s] [01m[K/home/devuser/AOX/ROS2/src/lcm_service/src/server_a.cpp:13:20:[m[K [01;36m[Knote: [m[K  ‘[01m[Ktutorial_interfaces::srv::Shutdown_Request_<std::allocator<void> >::_req_type[m[K’ {aka ‘[01m[Kstd::__cxx11::basic_string<char>[m[K’} is not derived from ‘[01m[Kconst std::reverse_iterator<_Iterator>[m[K’
[39.211s]    13 |   if(request->req==[01;36m[K0[m[K)
[39.211s]       |                    [01;36m[K^[m[K
[39.211s] In file included from [01m[K/usr/include/c++/11/bits/stl_algobase.h:67[m[K,
[39.211s]                  from [01m[K/usr/include/c++/11/memory:63[m[K,
[39.211s]                  from [01m[K/opt/ros/humble/include/rclcpp/rclcpp/rclcpp.hpp:153[m[K,
[39.211s]                  from [01m[K/home/devuser/AOX/ROS2/src/lcm_service/src/server_a.cpp:1[m[K:
[39.211s] [01m[K/usr/include/c++/11/bits/stl_iterator.h:1585:5:[m[K [01;36m[Knote: [m[Kcandidate: ‘[01m[Ktemplate<class _IteratorL, class _IteratorR> constexpr bool std::operator==(const std::move_iterator<_IteratorL>&, const std::move_iterator<_IteratorR>&)[m[K’
[39.211s]  1585 |     [01;36m[Koperator[m[K==(const move_iterator<_IteratorL>& __x,
[39.211s]       |     [01;36m[K^~~~~~~~[m[K
[39.211s] [01m[K/usr/include/c++/11/bits/stl_iterator.h:1585:5:[m[K [01;36m[Knote: [m[K  template argument deduction/substitution failed:
[39.211s] [01m[K/home/devuser/AOX/ROS2/src/lcm_service/src/server_a.cpp:13:20:[m[K [01;36m[Knote: [m[K  ‘[01m[Ktutorial_interfaces::srv::Shutdown_Request_<std::allocator<void> >::_req_type[m[K’ {aka ‘[01m[Kstd::__cxx11::basic_string<char>[m[K’} is not derived from ‘[01m[Kconst std::move_iterator<_IteratorL>[m[K’
[39.211s]    13 |   if(request->req==[01;36m[K0[m[K)
[39.211s]       |                    [01;36m[K^[m[K
[39.211s] In file included from [01m[K/usr/include/c++/11/bits/stl_algobase.h:67[m[K,
[39.211s]                  from [01m[K/usr/include/c++/11/memory:63[m[K,
[39.211s]                  from [01m[K/opt/ros/humble/include/rclcpp/rclcpp/rclcpp.hpp:153[m[K,
[39.212s]                  from [01m[K/home/devuser/AOX/ROS2/src/lcm_service/src/server_a.cpp:1[m[K:
[39.212s] [01m[K/usr/include/c++/11/bits/stl_iterator.h:1648:5:[m[K [01;36m[Knote: [m[Kcandidate: ‘[01m[Ktemplate<class _Iterator> constexpr bool std::operator==(const std::move_iterator<_IteratorL>&, const std::move_iterator<_IteratorL>&)[m[K’
[39.212s]  1648 |     [01;36m[Koperator[m[K==(const move_iterator<_Iterator>& __x,
[39.212s]       |     [01;36m[K^~~~~~~~[m[K
[39.212s] [01m[K/usr/include/c++/11/bits/stl_iterator.h:1648:5:[m[K [01;36m[Knote: [m[K  template argument deduction/substitution failed:
[39.212s] [01m[K/home/devuser/AOX/ROS2/src/lcm_service/src/server_a.cpp:13:20:[m[K [01;36m[Knote: [m[K  ‘[01m[Ktutorial_interfaces::srv::Shutdown_Request_<std::allocator<void> >::_req_type[m[K’ {aka ‘[01m[Kstd::__cxx11::basic_string<char>[m[K’} is not derived from ‘[01m[Kconst std::move_iterator<_IteratorL>[m[K’
[39.212s]    13 |   if(request->req==[01;36m[K0[m[K)
[39.212s]       |                    [01;36m[K^[m[K
[39.212s] In file included from [01m[K/usr/include/c++/11/memory:64[m[K,
[39.212s]                  from [01m[K/opt/ros/humble/include/rclcpp/rclcpp/rclcpp.hpp:153[m[K,
[39.212s]                  from [01m[K/home/devuser/AOX/ROS2/src/lcm_service/src/server_a.cpp:1[m[K:
[39.212s] [01m[K/usr/include/c++/11/bits/allocator.h:218:5:[m[K [01;36m[Knote: [m[Kcandidate: ‘[01m[Ktemplate<class _T1, class _T2> bool std::operator==(const std::allocator<_Tp1>&, const std::allocator<_T2>&)[m[K’
[39.212s]   218 |     [01;36m[Koperator[m[K==(const allocator<_T1>&, const allocator<_T2>&)
[39.212s]       |     [01;36m[K^~~~~~~~[m[K
[39.212s] [01m[K/usr/include/c++/11/bits/allocator.h:218:5:[m[K [01;36m[Knote: [m[K  template argument deduction/substitution failed:
[39.212s] [01m[K/home/devuser/AOX/ROS2/src/lcm_service/src/server_a.cpp:13:20:[m[K [01;36m[Knote: [m[K  ‘[01m[Ktutorial_interfaces::srv::Shutdown_Request_<std::allocator<void> >::_req_type[m[K’ {aka ‘[01m[Kstd::__cxx11::basic_string<char>[m[K’} is not derived from ‘[01m[Kconst std::allocator<_Tp1>[m[K’
[39.213s]    13 |   if(request->req==[01;36m[K0[m[K)
[39.213s]       |                    [01;36m[K^[m[K
[39.213s] In file included from [01m[K/usr/include/c++/11/tuple:39[m[K,
[39.213s]                  from [01m[K/usr/include/c++/11/bits/unique_ptr.h:37[m[K,
[39.213s]                  from [01m[K/usr/include/c++/11/memory:76[m[K,
[39.213s]                  from [01m[K/opt/ros/humble/include/rclcpp/rclcpp/rclcpp.hpp:153[m[K,
[39.213s]                  from [01m[K/home/devuser/AOX/ROS2/src/lcm_service/src/server_a.cpp:1[m[K:
[39.213s] [01m[K/usr/include/c++/11/array:276:5:[m[K [01;36m[Knote: [m[Kcandidate: ‘[01m[Ktemplate<class _Tp, long unsigned int _Nm> bool std::operator==(const std::array<_Tp, _Nm>&, const std::array<_Tp, _Nm>&)[m[K’
[39.213s]   276 |     [01;36m[Koperator[m[K==(const array<_Tp, _Nm>& __one, const array<_Tp, _Nm>& __two)
[39.213s]       |     [01;36m[K^~~~~~~~[m[K
[39.213s] [01m[K/usr/include/c++/11/array:276:5:[m[K [01;36m[Knote: [m[K  template argument deduction/substitution failed:
[39.213s] [01m[K/home/devuser/AOX/ROS2/src/lcm_service/src/server_a.cpp:13:20:[m[K [01;36m[Knote: [m[K  ‘[01m[Ktutorial_interfaces::srv::Shutdown_Request_<std::allocator<void> >::_req_type[m[K’ {aka ‘[01m[Kstd::__cxx11::basic_string<char>[m[K’} is not derived from ‘[01m[Kconst std::array<_Tp, _Nm>[m[K’
[39.213s]    13 |   if(request->req==[01;36m[K0[m[K)
[39.213s]       |                    [01;36m[K^[m[K
[39.213s] In file included from [01m[K/usr/include/c++/11/bits/unique_ptr.h:37[m[K,
[39.214s]                  from [01m[K/usr/include/c++/11/memory:76[m[K,
[39.214s]                  from [01m[K/opt/ros/humble/include/rclcpp/rclcpp/rclcpp.hpp:153[m[K,
[39.214s]                  from [01m[K/home/devuser/AOX/ROS2/src/lcm_service/src/server_a.cpp:1[m[K:
[39.214s] [01m[K/usr/include/c++/11/tuple:1524:5:[m[K [01;36m[Knote: [m[Kcandidate: ‘[01m[Ktemplate<class ... _TElements, class ... _UElements> constexpr bool std::operator==(const std::tuple<_Tps ...>&, const std::tuple<_UTypes ...>&)[m[K’
[39.214s]  1524 |     [01;36m[Koperator[m[K==(const tuple<_TElements...>& __t,
[39.214s]       |     [01;36m[K^~~~~~~~[m[K
[39.214s] [01m[K/usr/include/c++/11/tuple:1524:5:[m[K [01;36m[Knote: [m[K  template argument deduction/substitution failed:
[39.214s] [01m[K/home/devuser/AOX/ROS2/src/lcm_service/src/server_a.cpp:13:20:[m[K [01;36m[Knote: [m[K  ‘[01m[Ktutorial_interfaces::srv::Shutdown_Request_<std::allocator<void> >::_req_type[m[K’ {aka ‘[01m[Kstd::__cxx11::basic_string<char>[m[K’} is not derived from ‘[01m[Kconst std::tuple<_Tps ...>[m[K’
[39.214s]    13 |   if(request->req==[01;36m[K0[m[K)
[39.214s]       |                    [01;36m[K^[m[K
[39.214s] In file included from [01m[K/usr/include/c++/11/memory:76[m[K,
[39.214s]                  from [01m[K/opt/ros/humble/include/rclcpp/rclcpp/rclcpp.hpp:153[m[K,
[39.214s]                  from [01m[K/home/devuser/AOX/ROS2/src/lcm_service/src/server_a.cpp:1[m[K:
[39.214s] [01m[K/usr/include/c++/11/bits/unique_ptr.h:753:5:[m[K [01;36m[Knote: [m[Kcandidate: ‘[01m[Ktemplate<class _Tp, class _Dp, class _Up, class _Ep> bool std::operator==(const std::unique_ptr<_Tp, _Dp>&, const std::unique_ptr<_Up, _Ep>&)[m[K’
[39.214s]   753 |     [01;36m[Koperator[m[K==(const unique_ptr<_Tp, _Dp>& __x,
[39.214s]       |     [01;36m[K^~~~~~~~[m[K
[39.215s] [01m[K/usr/include/c++/11/bits/unique_ptr.h:753:5:[m[K [01;36m[Knote: [m[K  template argument deduction/substitution failed:
[39.215s] [01m[K/home/devuser/AOX/ROS2/src/lcm_service/src/server_a.cpp:13:20:[m[K [01;36m[Knote: [m[K  ‘[01m[Ktutorial_interfaces::srv::Shutdown_Request_<std::allocator<void> >::_req_type[m[K’ {aka ‘[01m[Kstd::__cxx11::basic_string<char>[m[K’} is not derived from ‘[01m[Kconst std::unique_ptr<_Tp, _Dp>[m[K’
[39.215s]    13 |   if(request->req==[01;36m[K0[m[K)
[39.215s]       |                    [01;36m[K^[m[K
[39.215s] In file included from [01m[K/usr/include/c++/11/memory:76[m[K,
[39.215s]                  from [01m[K/opt/ros/humble/include/rclcpp/rclcpp/rclcpp.hpp:153[m[K,
[39.215s]                  from [01m[K/home/devuser/AOX/ROS2/src/lcm_service/src/server_a.cpp:1[m[K:
[39.215s] [01m[K/usr/include/c++/11/bits/unique_ptr.h:760:5:[m[K [01;36m[Knote: [m[Kcandidate: ‘[01m[Ktemplate<class _Tp, class _Dp> bool std::operator==(const std::unique_ptr<_Tp, _Dp>&, std::nullptr_t)[m[K’
[39.215s]   760 |     [01;36m[Koperator[m[K==(const unique_ptr<_Tp, _Dp>& __x, nullptr_t) noexcept
[39.215s]       |     [01;36m[K^~~~~~~~[m[K
[39.215s] [01m[K/usr/include/c++/11/bits/unique_ptr.h:760:5:[m[K [01;36m[Knote: [m[K  template argument deduction/substitution failed:
[39.215s] [01m[K/home/devuser/AOX/ROS2/src/lcm_service/src/server_a.cpp:13:20:[m[K [01;36m[Knote: [m[K  ‘[01m[Ktutorial_interfaces::srv::Shutdown_Request_<std::allocator<void> >::_req_type[m[K’ {aka ‘[01m[Kstd::__cxx11::basic_string<char>[m[K’} is not derived from ‘[01m[Kconst std::unique_ptr<_Tp, _Dp>[m[K’
[39.215s]    13 |   if(request->req==[01;36m[K0[m[K)
[39.215s]       |                    [01;36m[K^[m[K
[39.215s] In file included from [01m[K/usr/include/c++/11/memory:76[m[K,
[39.215s]                  from [01m[K/opt/ros/humble/include/rclcpp/rclcpp/rclcpp.hpp:153[m[K,
[39.215s]                  from [01m[K/home/devuser/AOX/ROS2/src/lcm_service/src/server_a.cpp:1[m[K:
[39.216s] [01m[K/usr/include/c++/11/bits/unique_ptr.h:767:5:[m[K [01;36m[Knote: [m[Kcandidate: ‘[01m[Ktemplate<class _Tp, class _Dp> bool std::operator==(std::nullptr_t, const std::unique_ptr<_Tp, _Dp>&)[m[K’
[39.216s]   767 |     [01;36m[Koperator[m[K==(nullptr_t, const unique_ptr<_Tp, _Dp>& __x) noexcept
[39.216s]       |     [01;36m[K^~~~~~~~[m[K
[39.216s] [01m[K/usr/include/c++/11/bits/unique_ptr.h:767:5:[m[K [01;36m[Knote: [m[K  template argument deduction/substitution failed:
[39.216s] [01m[K/home/devuser/AOX/ROS2/src/lcm_service/src/server_a.cpp:13:20:[m[K [01;36m[Knote: [m[K  mismatched types ‘[01m[Kconst std::unique_ptr<_Tp, _Dp>[m[K’ and ‘[01m[Kint[m[K’
[39.216s]    13 |   if(request->req==[01;36m[K0[m[K)
[39.216s]       |                    [01;36m[K^[m[K
[39.216s] In file included from [01m[K/usr/include/c++/11/iosfwd:40[m[K,
[39.216s]                  from [01m[K/usr/include/c++/11/bits/shared_ptr.h:52[m[K,
[39.216s]                  from [01m[K/usr/include/c++/11/memory:77[m[K,
[39.216s]                  from [01m[K/opt/ros/humble/include/rclcpp/rclcpp/rclcpp.hpp:153[m[K,
[39.216s]                  from [01m[K/home/devuser/AOX/ROS2/src/lcm_service/src/server_a.cpp:1[m[K:
[39.216s] [01m[K/usr/include/c++/11/bits/postypes.h:222:5:[m[K [01;36m[Knote: [m[Kcandidate: ‘[01m[Ktemplate<class _StateT> bool std::operator==(const std::fpos<_StateT>&, const std::fpos<_StateT>&)[m[K’
[39.216s]   222 |     [01;36m[Koperator[m[K==(const fpos<_StateT>& __lhs, const fpos<_StateT>& __rhs)
[39.216s]       |     [01;36m[K^~~~~~~~[m[K
[39.216s] [01m[K/usr/include/c++/11/bits/postypes.h:222:5:[m[K [01;36m[Knote: [m[K  template argument deduction/substitution failed:
[39.217s] [01m[K/home/devuser/AOX/ROS2/src/lcm_service/src/server_a.cpp:13:20:[m[K [01;36m[Knote: [m[K  ‘[01m[Ktutorial_interfaces::srv::Shutdown_Request_<std::allocator<void> >::_req_type[m[K’ {aka ‘[01m[Kstd::__cxx11::basic_string<char>[m[K’} is not derived from ‘[01m[Kconst std::fpos<_StateT>[m[K’
[39.217s]    13 |   if(request->req==[01;36m[K0[m[K)
[39.217s]       |                    [01;36m[K^[m[K
[39.217s] In file included from [01m[K/usr/include/c++/11/bits/shared_ptr.h:53[m[K,
[39.217s]                  from [01m[K/usr/include/c++/11/memory:77[m[K,
[39.217s]                  from [01m[K/opt/ros/humble/include/rclcpp/rclcpp/rclcpp.hpp:153[m[K,
[39.217s]                  from [01m[K/home/devuser/AOX/ROS2/src/lcm_service/src/server_a.cpp:1[m[K:
[39.217s] [01m[K/usr/include/c++/11/bits/shared_ptr_base.h:1410:5:[m[K [01;36m[Knote: [m[Kcandidate: ‘[01m[Ktemplate<class _Tp1, class _Tp2, __gnu_cxx::_Lock_policy _Lp> bool std::operator==(const std::__shared_ptr<_Tp1, _Lp>&, const std::__shared_ptr<_Tp2, _Lp>&)[m[K’
[39.217s]  1410 |     [01;36m[Koperator[m[K==(const __shared_ptr<_Tp1, _Lp>& __a,
[39.217s]       |     [01;36m[K^~~~~~~~[m[K
[39.217s] [01m[K/usr/include/c++/11/bits/shared_ptr_base.h:1410:5:[m[K [01;36m[Knote: [m[K  template argument deduction/substitution failed:
[39.217s] [01m[K/home/devuser/AOX/ROS2/src/lcm_service/src/server_a.cpp:13:20:[m[K [01;36m[Knote: [m[K  ‘[01m[Ktutorial_interfaces::srv::Shutdown_Request_<std::allocator<void> >::_req_type[m[K’ {aka ‘[01m[Kstd::__cxx11::basic_string<char>[m[K’} is not derived from ‘[01m[Kconst std::__shared_ptr<_Tp1, _Lp>[m[K’
[39.217s]    13 |   if(request->req==[01;36m[K0[m[K)
[39.217s]       |                    [01;36m[K^[m[K
[39.217s] In file included from [01m[K/usr/include/c++/11/bits/shared_ptr.h:53[m[K,
[39.217s]                  from [01m[K/usr/include/c++/11/memory:77[m[K,
[39.217s]                  from [01m[K/opt/ros/humble/include/rclcpp/rclcpp/rclcpp.hpp:153[m[K,
[39.218s]                  from [01m[K/home/devuser/AOX/ROS2/src/lcm_service/src/server_a.cpp:1[m[K:
[39.218s] [01m[K/usr/include/c++/11/bits/shared_ptr_base.h:1416:5:[m[K [01;36m[Knote: [m[Kcandidate: ‘[01m[Ktemplate<class _Tp, __gnu_cxx::_Lock_policy _Lp> bool std::operator==(const std::__shared_ptr<_Tp, _Lp>&, std::nullptr_t)[m[K’
[39.218s]  1416 |     [01;36m[Koperator[m[K==(const __shared_ptr<_Tp, _Lp>& __a, nullptr_t) noexcept
[39.218s]       |     [01;36m[K^~~~~~~~[m[K
[39.218s] [01m[K/usr/include/c++/11/bits/shared_ptr_base.h:1416:5:[m[K [01;36m[Knote: [m[K  template argument deduction/substitution failed:
[39.218s] [01m[K/home/devuser/AOX/ROS2/src/lcm_service/src/server_a.cpp:13:20:[m[K [01;36m[Knote: [m[K  ‘[01m[Ktutorial_interfaces::srv::Shutdown_Request_<std::allocator<void> >::_req_type[m[K’ {aka ‘[01m[Kstd::__cxx11::basic_string<char>[m[K’} is not derived from ‘[01m[Kconst std::__shared_ptr<_Tp, _Lp>[m[K’
[39.218s]    13 |   if(request->req==[01;36m[K0[m[K)
[39.218s]       |                    [01;36m[K^[m[K
[39.218s] In file included from [01m[K/usr/include/c++/11/bits/shared_ptr.h:53[m[K,
[39.218s]                  from [01m[K/usr/include/c++/11/memory:77[m[K,
[39.218s]                  from [01m[K/opt/ros/humble/include/rclcpp/rclcpp/rclcpp.hpp:153[m[K,
[39.218s]                  from [01m[K/home/devuser/AOX/ROS2/src/lcm_service/src/server_a.cpp:1[m[K:
[39.218s] [01m[K/usr/include/c++/11/bits/shared_ptr_base.h:1436:5:[m[K [01;36m[Knote: [m[Kcandidate: ‘[01m[Ktemplate<class _Tp, __gnu_cxx::_Lock_policy _Lp> bool std::operator==(std::nullptr_t, const std::__shared_ptr<_Tp, _Lp>&)[m[K’
[39.218s]  1436 |     [01;36m[Koperator[m[K==(nullptr_t, const __shared_ptr<_Tp, _Lp>& __a) noexcept
[39.218s]       |     [01;36m[K^~~~~~~~[m[K
[39.218s] [01m[K/usr/include/c++/11/bits/shared_ptr_base.h:1436:5:[m[K [01;36m[Knote: [m[K  template argument deduction/substitution failed:
[39.219s] [01m[K/home/devuser/AOX/ROS2/src/lcm_service/src/server_a.cpp:13:20:[m[K [01;36m[Knote: [m[K  mismatched types ‘[01m[Kconst std::__shared_ptr<_Tp, _Lp>[m[K’ and ‘[01m[Kint[m[K’
[39.219s]    13 |   if(request->req==[01;36m[K0[m[K)
[39.219s]       |                    [01;36m[K^[m[K
[39.219s] In file included from [01m[K/usr/include/c++/11/memory:77[m[K,
[39.219s]                  from [01m[K/opt/ros/humble/include/rclcpp/rclcpp/rclcpp.hpp:153[m[K,
[39.219s]                  from [01m[K/home/devuser/AOX/ROS2/src/lcm_service/src/server_a.cpp:1[m[K:
[39.219s] [01m[K/usr/include/c++/11/bits/shared_ptr.h:437:5:[m[K [01;36m[Knote: [m[Kcandidate: ‘[01m[Ktemplate<class _Tp, class _Up> bool std::operator==(const std::shared_ptr<_Tp>&, const std::shared_ptr<_Tp>&)[m[K’
[39.219s]   437 |     [01;36m[Koperator[m[K==(const shared_ptr<_Tp>& __a, const shared_ptr<_Up>& __b) noexcept
[39.219s]       |     [01;36m[K^~~~~~~~[m[K
[39.219s] [01m[K/usr/include/c++/11/bits/shared_ptr.h:437:5:[m[K [01;36m[Knote: [m[K  template argument deduction/substitution failed:
[39.219s] [01m[K/home/devuser/AOX/ROS2/src/lcm_service/src/server_a.cpp:13:20:[m[K [01;36m[Knote: [m[K  ‘[01m[Ktutorial_interfaces::srv::Shutdown_Request_<std::allocator<void> >::_req_type[m[K’ {aka ‘[01m[Kstd::__cxx11::basic_string<char>[m[K’} is not derived from ‘[01m[Kconst std::shared_ptr<_Tp>[m[K’
[39.219s]    13 |   if(request->req==[01;36m[K0[m[K)
[39.219s]       |                    [01;36m[K^[m[K
[39.219s] In file included from [01m[K/usr/include/c++/11/memory:77[m[K,
[39.219s]                  from [01m[K/opt/ros/humble/include/rclcpp/rclcpp/rclcpp.hpp:153[m[K,
[39.219s]                  from [01m[K/home/devuser/AOX/ROS2/src/lcm_service/src/server_a.cpp:1[m[K:
[39.219s] [01m[K/usr/include/c++/11/bits/shared_ptr.h:443:5:[m[K [01;36m[Knote: [m[Kcandidate: ‘[01m[Ktemplate<class _Tp> bool std::operator==(const std::shared_ptr<_Tp>&, std::nullptr_t)[m[K’
[39.220s]   443 |     [01;36m[Koperator[m[K==(const shared_ptr<_Tp>& __a, nullptr_t) noexcept
[39.220s]       |     [01;36m[K^~~~~~~~[m[K
[39.220s] [01m[K/usr/include/c++/11/bits/shared_ptr.h:443:5:[m[K [01;36m[Knote: [m[K  template argument deduction/substitution failed:
[39.220s] [01m[K/home/devuser/AOX/ROS2/src/lcm_service/src/server_a.cpp:13:20:[m[K [01;36m[Knote: [m[K  ‘[01m[Ktutorial_interfaces::srv::Shutdown_Request_<std::allocator<void> >::_req_type[m[K’ {aka ‘[01m[Kstd::__cxx11::basic_string<char>[m[K’} is not derived from ‘[01m[Kconst std::shared_ptr<_Tp>[m[K’
[39.220s]    13 |   if(request->req==[01;36m[K0[m[K)
[39.220s]       |                    [01;36m[K^[m[K
[39.220s] In file included from [01m[K/usr/include/c++/11/memory:77[m[K,
[39.220s]                  from [01m[K/opt/ros/humble/include/rclcpp/rclcpp/rclcpp.hpp:153[m[K,
[39.220s]                  from [01m[K/home/devuser/AOX/ROS2/src/lcm_service/src/server_a.cpp:1[m[K:
[39.220s] [01m[K/usr/include/c++/11/bits/shared_ptr.h:464:5:[m[K [01;36m[Knote: [m[Kcandidate: ‘[01m[Ktemplate<class _Tp> bool std::operator==(std::nullptr_t, const std::shared_ptr<_Tp>&)[m[K’
[39.220s]   464 |     [01;36m[Koperator[m[K==(nullptr_t, const shared_ptr<_Tp>& __a) noexcept
[39.220s]       |     [01;36m[K^~~~~~~~[m[K
[39.220s] [01m[K/usr/include/c++/11/bits/shared_ptr.h:464:5:[m[K [01;36m[Knote: [m[K  template argument deduction/substitution failed:
[39.220s] [01m[K/home/devuser/AOX/ROS2/src/lcm_service/src/server_a.cpp:13:20:[m[K [01;36m[Knote: [m[K  mismatched types ‘[01m[Kconst std::shared_ptr<_Tp>[m[K’ and ‘[01m[Kint[m[K’
[39.220s]    13 |   if(request->req==[01;36m[K0[m[K)
[39.220s]       |                    [01;36m[K^[m[K
[39.221s] In file included from [01m[K/usr/include/c++/11/bits/basic_string.h:48[m[K,
[39.221s]                  from [01m[K/usr/include/c++/11/string:55[m[K,
[39.221s]                  from [01m[K/usr/include/c++/11/stdexcept:39[m[K,
[39.221s]                  from [01m[K/usr/include/c++/11/system_error:41[m[K,
[39.221s]                  from [01m[K/usr/include/c++/11/mutex:42[m[K,
[39.221s]                  from [01m[K/usr/include/c++/11/future:38[m[K,
[39.221s]                  from [01m[K/opt/ros/humble/include/rclcpp/rclcpp/executors.hpp:18[m[K,
[39.221s]                  from [01m[K/opt/ros/humble/include/rclcpp/rclcpp/rclcpp.hpp:155[m[K,
[39.221s]                  from [01m[K/home/devuser/AOX/ROS2/src/lcm_service/src/server_a.cpp:1[m[K:
[39.221s] [01m[K/usr/include/c++/11/string_view:535:5:[m[K [01;36m[Knote: [m[Kcandidate: ‘[01m[Ktemplate<class _CharT, class _Traits> constexpr bool std::operator==(std::basic_string_view<_CharT, _Traits>, std::basic_string_view<_CharT, _Traits>)[m[K’
[39.221s]   535 |     [01;36m[Koperator[m[K==(basic_string_view<_CharT, _Traits> __x,
[39.221s]       |     [01;36m[K^~~~~~~~[m[K
[39.221s] [01m[K/usr/include/c++/11/string_view:535:5:[m[K [01;36m[Knote: [m[K  template argument deduction/substitution failed:
[39.221s] [01m[K/home/devuser/AOX/ROS2/src/lcm_service/src/server_a.cpp:13:20:[m[K [01;36m[Knote: [m[K  ‘[01m[Kstd::__cxx11::basic_string<char>[m[K’ is not derived from ‘[01m[Kstd::basic_string_view<_CharT, _Traits>[m[K’
[39.221s]    13 |   if(request->req==[01;36m[K0[m[K)
[39.221s]       |                    [01;36m[K^[m[K
[39.221s] In file included from [01m[K/usr/include/c++/11/bits/basic_string.h:48[m[K,
[39.222s]                  from [01m[K/usr/include/c++/11/string:55[m[K,
[39.222s]                  from [01m[K/usr/include/c++/11/stdexcept:39[m[K,
[39.222s]                  from [01m[K/usr/include/c++/11/system_error:41[m[K,
[39.222s]                  from [01m[K/usr/include/c++/11/mutex:42[m[K,
[39.222s]                  from [01m[K/usr/include/c++/11/future:38[m[K,
[39.222s]                  from [01m[K/opt/ros/humble/include/rclcpp/rclcpp/executors.hpp:18[m[K,
[39.222s]                  from [01m[K/opt/ros/humble/include/rclcpp/rclcpp/rclcpp.hpp:155[m[K,
[39.222s]                  from [01m[K/home/devuser/AOX/ROS2/src/lcm_service/src/server_a.cpp:1[m[K:
[39.222s] [01m[K/usr/include/c++/11/string_view:541:5:[m[K [01;36m[Knote: [m[Kcandidate: ‘[01m[Ktemplate<class _CharT, class _Traits> constexpr bool std::operator==(std::basic_string_view<_CharT, _Traits>, std::__type_identity_t<std::basic_string_view<_CharT, _Traits> >)[m[K’
[39.222s]   541 |     [01;36m[Koperator[m[K==(basic_string_view<_CharT, _Traits> __x,
[39.222s]       |     [01;36m[K^~~~~~~~[m[K
[39.222s] [01m[K/usr/include/c++/11/string_view:541:5:[m[K [01;36m[Knote: [m[K  template argument deduction/substitution failed:
[39.222s] [01m[K/home/devuser/AOX/ROS2/src/lcm_service/src/server_a.cpp:13:20:[m[K [01;36m[Knote: [m[K  ‘[01m[Kstd::__cxx11::basic_string<char>[m[K’ is not derived from ‘[01m[Kstd::basic_string_view<_CharT, _Traits>[m[K’
[39.222s]    13 |   if(request->req==[01;36m[K0[m[K)
[39.222s]       |                    [01;36m[K^[m[K
[39.222s] In file included from [01m[K/usr/include/c++/11/bits/basic_string.h:48[m[K,
[39.223s]                  from [01m[K/usr/include/c++/11/string:55[m[K,
[39.223s]                  from [01m[K/usr/include/c++/11/stdexcept:39[m[K,
[39.223s]                  from [01m[K/usr/include/c++/11/system_error:41[m[K,
[39.223s]                  from [01m[K/usr/include/c++/11/mutex:42[m[K,
[39.223s]                  from [01m[K/usr/include/c++/11/future:38[m[K,
[39.223s]                  from [01m[K/opt/ros/humble/include/rclcpp/rclcpp/executors.hpp:18[m[K,
[39.223s]                  from [01m[K/opt/ros/humble/include/rclcpp/rclcpp/rclcpp.hpp:155[m[K,
[39.223s]                  from [01m[K/home/devuser/AOX/ROS2/src/lcm_service/src/server_a.cpp:1[m[K:
[39.223s] [01m[K/usr/include/c++/11/string_view:564:5:[m[K [01;36m[Knote: [m[Kcandidate: ‘[01m[Ktemplate<class _CharT, class _Traits> constexpr bool std::operator==(std::__type_identity_t<std::basic_string_view<_CharT, _Traits> >, std::basic_string_view<_CharT, _Traits>)[m[K’
[39.223s]   564 |     [01;36m[Koperator[m[K==(__type_identity_t<basic_string_view<_CharT, _Traits>> __x,
[39.223s]       |     [01;36m[K^~~~~~~~[m[K
[39.223s] [01m[K/usr/include/c++/11/string_view:564:5:[m[K [01;36m[Knote: [m[K  template argument deduction/substitution failed:
[39.223s] [01m[K/home/devuser/AOX/ROS2/src/lcm_service/src/server_a.cpp:13:20:[m[K [01;36m[Knote: [m[K  mismatched types ‘[01m[Kstd::basic_string_view<_CharT, _Traits>[m[K’ and ‘[01m[Kint[m[K’
[39.223s]    13 |   if(request->req==[01;36m[K0[m[K)
[39.223s]       |                    [01;36m[K^[m[K
[39.223s] In file included from [01m[K/usr/include/c++/11/string:55[m[K,
[39.223s]                  from [01m[K/usr/include/c++/11/stdexcept:39[m[K,
[39.224s]                  from [01m[K/usr/include/c++/11/system_error:41[m[K,
[39.224s]                  from [01m[K/usr/include/c++/11/mutex:42[m[K,
[39.224s]                  from [01m[K/usr/include/c++/11/future:38[m[K,
[39.224s]                  from [01m[K/opt/ros/humble/include/rclcpp/rclcpp/executors.hpp:18[m[K,
[39.224s]                  from [01m[K/opt/ros/humble/include/rclcpp/rclcpp/rclcpp.hpp:155[m[K,
[39.224s]                  from [01m[K/home/devuser/AOX/ROS2/src/lcm_service/src/server_a.cpp:1[m[K:
[39.224s] [01m[K/usr/include/c++/11/bits/basic_string.h:6226:5:[m[K [01;36m[Knote: [m[Kcandidate: ‘[01m[Ktemplate<class _CharT, class _Traits, class _Alloc> bool std::operator==(const std::__cxx11::basic_string<_CharT, _Traits, _Allocator>&, const std::__cxx11::basic_string<_CharT, _Traits, _Allocator>&)[m[K’
[39.224s]  6226 |     [01;36m[Koperator[m[K==(const basic_string<_CharT, _Traits, _Alloc>& __lhs,
[39.224s]       |     [01;36m[K^~~~~~~~[m[K
[39.224s] [01m[K/usr/include/c++/11/bits/basic_string.h:6226:5:[m[K [01;36m[Knote: [m[K  template argument deduction/substitution failed:
[39.224s] [01m[K/home/devuser/AOX/ROS2/src/lcm_service/src/server_a.cpp:13:20:[m[K [01;36m[Knote: [m[K  mismatched types ‘[01m[Kconst std::__cxx11::basic_string<_CharT, _Traits, _Allocator>[m[K’ and ‘[01m[Kint[m[K’
[39.224s]    13 |   if(request->req==[01;36m[K0[m[K)
[39.224s]       |                    [01;36m[K^[m[K
[39.224s] In file included from [01m[K/usr/include/c++/11/string:55[m[K,
[39.224s]                  from [01m[K/usr/include/c++/11/stdexcept:39[m[K,
[39.224s]                  from [01m[K/usr/include/c++/11/system_error:41[m[K,
[39.224s]                  from [01m[K/usr/include/c++/11/mutex:42[m[K,
[39.225s]                  from [01m[K/usr/include/c++/11/future:38[m[K,
[39.225s]                  from [01m[K/opt/ros/humble/include/rclcpp/rclcpp/executors.hpp:18[m[K,
[39.225s]                  from [01m[K/opt/ros/humble/include/rclcpp/rclcpp/rclcpp.hpp:155[m[K,
[39.225s]                  from [01m[K/home/devuser/AOX/ROS2/src/lcm_service/src/server_a.cpp:1[m[K:
[39.225s] [01m[K/usr/include/c++/11/bits/basic_string.h:6234:5:[m[K [01;36m[Knote: [m[Kcandidate: ‘[01m[Ktemplate<class _CharT> typename __gnu_cxx::__enable_if<std::__is_char<_Tp>::__value, bool>::__type std::operator==(const std::__cxx11::basic_string<_CharT>&, const std::__cxx11::basic_string<_CharT>&)[m[K’
[39.225s]  6234 |     [01;36m[Koperator[m[K==(const basic_string<_CharT>& __lhs,
[39.225s]       |     [01;36m[K^~~~~~~~[m[K
[39.225s] [01m[K/usr/include/c++/11/bits/basic_string.h:6234:5:[m[K [01;36m[Knote: [m[K  template argument deduction/substitution failed:
[39.225s] [01m[K/home/devuser/AOX/ROS2/src/lcm_service/src/server_a.cpp:13:20:[m[K [01;36m[Knote: [m[K  mismatched types ‘[01m[Kconst std::__cxx11::basic_string<_CharT>[m[K’ and ‘[01m[Kint[m[K’
[39.225s]    13 |   if(request->req==[01;36m[K0[m[K)
[39.225s]       |                    [01;36m[K^[m[K
[39.225s] In file included from [01m[K/usr/include/c++/11/string:55[m[K,
[39.225s]                  from [01m[K/usr/include/c++/11/stdexcept:39[m[K,
[39.225s]                  from [01m[K/usr/include/c++/11/system_error:41[m[K,
[39.225s]                  from [01m[K/usr/include/c++/11/mutex:42[m[K,
[39.225s]                  from [01m[K/usr/include/c++/11/future:38[m[K,
[39.225s]                  from [01m[K/opt/ros/humble/include/rclcpp/rclcpp/executors.hpp:18[m[K,
[39.226s]                  from [01m[K/opt/ros/humble/include/rclcpp/rclcpp/rclcpp.hpp:155[m[K,
[39.226s]                  from [01m[K/home/devuser/AOX/ROS2/src/lcm_service/src/server_a.cpp:1[m[K:
[39.226s] [01m[K/usr/include/c++/11/bits/basic_string.h:6248:5:[m[K [01;36m[Knote: [m[Kcandidate: ‘[01m[Ktemplate<class _CharT, class _Traits, class _Alloc> bool std::operator==(const std::__cxx11::basic_string<_CharT, _Traits, _Allocator>&, const _CharT*)[m[K’
[39.226s]  6248 |     [01;36m[Koperator[m[K==(const basic_string<_CharT, _Traits, _Alloc>& __lhs,
[39.226s]       |     [01;36m[K^~~~~~~~[m[K
[39.226s] [01m[K/usr/include/c++/11/bits/basic_string.h:6248:5:[m[K [01;36m[Knote: [m[K  template argument deduction/substitution failed:
[39.226s] [01m[K/home/devuser/AOX/ROS2/src/lcm_service/src/server_a.cpp:13:20:[m[K [01;36m[Knote: [m[K  mismatched types ‘[01m[Kconst _CharT*[m[K’ and ‘[01m[Kint[m[K’
[39.226s]    13 |   if(request->req==[01;36m[K0[m[K)
[39.226s]       |                    [01;36m[K^[m[K
[39.226s] In file included from [01m[K/usr/include/c++/11/string:55[m[K,
[39.226s]                  from [01m[K/usr/include/c++/11/stdexcept:39[m[K,
[39.226s]                  from [01m[K/usr/include/c++/11/system_error:41[m[K,
[39.226s]                  from [01m[K/usr/include/c++/11/mutex:42[m[K,
[39.226s]                  from [01m[K/usr/include/c++/11/future:38[m[K,
[39.226s]                  from [01m[K/opt/ros/humble/include/rclcpp/rclcpp/executors.hpp:18[m[K,
[39.226s]                  from [01m[K/opt/ros/humble/include/rclcpp/rclcpp/rclcpp.hpp:155[m[K,
[39.227s]                  from [01m[K/home/devuser/AOX/ROS2/src/lcm_service/src/server_a.cpp:1[m[K:
[39.227s] [01m[K/usr/include/c++/11/bits/basic_string.h:6289:5:[m[K [01;36m[Knote: [m[Kcandidate: ‘[01m[Ktemplate<class _CharT, class _Traits, class _Alloc> bool std::operator==(const _CharT*, const std::__cxx11::basic_string<_CharT, _Traits, _Allocator>&)[m[K’
[39.227s]  6289 |     [01;36m[Koperator[m[K==(const _CharT* __lhs,
[39.227s]       |     [01;36m[K^~~~~~~~[m[K
[39.227s] [01m[K/usr/include/c++/11/bits/basic_string.h:6289:5:[m[K [01;36m[Knote: [m[K  template argument deduction/substitution failed:
[39.227s] [01m[K/home/devuser/AOX/ROS2/src/lcm_service/src/server_a.cpp:13:20:[m[K [01;36m[Knote: [m[K  mismatched types ‘[01m[Kconst _CharT*[m[K’ and ‘[01m[Kstd::__cxx11::basic_string<char>[m[K’
[39.227s]    13 |   if(request->req==[01;36m[K0[m[K)
[39.227s]       |                    [01;36m[K^[m[K
[39.227s] In file included from [01m[K/usr/include/c++/11/future:47[m[K,
[39.227s]                  from [01m[K/opt/ros/humble/include/rclcpp/rclcpp/executors.hpp:18[m[K,
[39.227s]                  from [01m[K/opt/ros/humble/include/rclcpp/rclcpp/rclcpp.hpp:155[m[K,
[39.227s]                  from [01m[K/home/devuser/AOX/ROS2/src/lcm_service/src/server_a.cpp:1[m[K:
[39.227s] [01m[K/usr/include/c++/11/bits/std_function.h:718:5:[m[K [01;36m[Knote: [m[Kcandidate: ‘[01m[Ktemplate<class _Res, class ... _Args> bool std::operator==(const std::function<_Res(_ArgTypes ...)>&, std::nullptr_t)[m[K’
[39.227s]   718 |     [01;36m[Koperator[m[K==(const function<_Res(_Args...)>& __f, nullptr_t) noexcept
[39.227s]       |     [01;36m[K^~~~~~~~[m[K
[39.227s] [01m[K/usr/include/c++/11/bits/std_function.h:718:5:[m[K [01;36m[Knote: [m[K  template argument deduction/substitution failed:
[39.227s] [01m[K/home/devuser/AOX/ROS2/src/lcm_service/src/server_a.cpp:13:20:[m[K [01;36m[Knote: [m[K  ‘[01m[Ktutorial_interfaces::srv::Shutdown_Request_<std::allocator<void> >::_req_type[m[K’ {aka ‘[01m[Kstd::__cxx11::basic_string<char>[m[K’} is not derived from ‘[01m[Kconst std::function<_Res(_ArgTypes ...)>[m[K’
[39.228s]    13 |   if(request->req==[01;36m[K0[m[K)
[39.228s]       |                    [01;36m[K^[m[K
[39.228s] In file included from [01m[K/usr/include/c++/11/future:47[m[K,
[39.228s]                  from [01m[K/opt/ros/humble/include/rclcpp/rclcpp/executors.hpp:18[m[K,
[39.228s]                  from [01m[K/opt/ros/humble/include/rclcpp/rclcpp/rclcpp.hpp:155[m[K,
[39.228s]                  from [01m[K/home/devuser/AOX/ROS2/src/lcm_service/src/server_a.cpp:1[m[K:
[39.228s] [01m[K/usr/include/c++/11/bits/std_function.h:725:5:[m[K [01;36m[Knote: [m[Kcandidate: ‘[01m[Ktemplate<class _Res, class ... _Args> bool std::operator==(std::nullptr_t, const std::function<_Res(_ArgTypes ...)>&)[m[K’
[39.228s]   725 |     [01;36m[Koperator[m[K==(nullptr_t, const function<_Res(_Args...)>& __f) noexcept
[39.228s]       |     [01;36m[K^~~~~~~~[m[K
[39.228s] [01m[K/usr/include/c++/11/bits/std_function.h:725:5:[m[K [01;36m[Knote: [m[K  template argument deduction/substitution failed:
[39.228s] [01m[K/home/devuser/AOX/ROS2/src/lcm_service/src/server_a.cpp:13:20:[m[K [01;36m[Knote: [m[K  mismatched types ‘[01m[Kconst std::function<_Res(_ArgTypes ...)>[m[K’ and ‘[01m[Kint[m[K’
[39.228s]    13 |   if(request->req==[01;36m[K0[m[K)
[39.228s]       |                    [01;36m[K^[m[K
[39.228s] In file included from [01m[K/usr/include/c++/11/set:61[m[K,
[39.228s]                  from [01m[K/opt/ros/humble/include/rclcpp/rclcpp/executors/multi_threaded_executor.hpp:21[m[K,
[39.228s]                  from [01m[K/opt/ros/humble/include/rclcpp/rclcpp/executors.hpp:21[m[K,
[39.229s]                  from [01m[K/opt/ros/humble/include/rclcpp/rclcpp/rclcpp.hpp:155[m[K,
[39.229s]                  from [01m[K/home/devuser/AOX/ROS2/src/lcm_service/src/server_a.cpp:1[m[K:
[39.229s] [01m[K/usr/include/c++/11/bits/stl_set.h:985:5:[m[K [01;36m[Knote: [m[Kcandidate: ‘[01m[Ktemplate<class _Key, class _Compare, class _Alloc> bool std::operator==(const std::set<_Key, _Compare, _Allocator>&, const std::set<_Key, _Compare, _Allocator>&)[m[K’
[39.229s]   985 |     [01;36m[Koperator[m[K==(const set<_Key, _Compare, _Alloc>& __x,
[39.229s]       |     [01;36m[K^~~~~~~~[m[K
[39.229s] [01m[K/usr/include/c++/11/bits/stl_set.h:985:5:[m[K [01;36m[Knote: [m[K  template argument deduction/substitution failed:
[39.229s] [01m[K/home/devuser/AOX/ROS2/src/lcm_service/src/server_a.cpp:13:20:[m[K [01;36m[Knote: [m[K  ‘[01m[Ktutorial_interfaces::srv::Shutdown_Request_<std::allocator<void> >::_req_type[m[K’ {aka ‘[01m[Kstd::__cxx11::basic_string<char>[m[K’} is not derived from ‘[01m[Kconst std::set<_Key, _Compare, _Allocator>[m[K’
[39.229s]    13 |   if(request->req==[01;36m[K0[m[K)
[39.229s]       |                    [01;36m[K^[m[K
[39.229s] In file included from [01m[K/usr/include/c++/11/set:62[m[K,
[39.229s]                  from [01m[K/opt/ros/humble/include/rclcpp/rclcpp/executors/multi_threaded_executor.hpp:21[m[K,
[39.229s]                  from [01m[K/opt/ros/humble/include/rclcpp/rclcpp/executors.hpp:21[m[K,
[39.229s]                  from [01m[K/opt/ros/humble/include/rclcpp/rclcpp/rclcpp.hpp:155[m[K,
[39.229s]                  from [01m[K/home/devuser/AOX/ROS2/src/lcm_service/src/server_a.cpp:1[m[K:
[39.229s] [01m[K/usr/include/c++/11/bits/stl_multiset.h:971:5:[m[K [01;36m[Knote: [m[Kcandidate: ‘[01m[Ktemplate<class _Key, class _Compare, class _Alloc> bool std::operator==(const std::multiset<_Key, _Compare, _Allocator>&, const std::multiset<_Key, _Compare, _Allocator>&)[m[K’
[39.229s]   971 |     [01;36m[Koperator[m[K==(const multiset<_Key, _Compare, _Alloc>& __x,
[39.229s]       |     [01;36m[K^~~~~~~~[m[K
[39.230s] [01m[K/usr/include/c++/11/bits/stl_multiset.h:971:5:[m[K [01;36m[Knote: [m[K  template argument deduction/substitution failed:
[39.230s] [01m[K/home/devuser/AOX/ROS2/src/lcm_service/src/server_a.cpp:13:20:[m[K [01;36m[Knote: [m[K  ‘[01m[Ktutorial_interfaces::srv::Shutdown_Request_<std::allocator<void> >::_req_type[m[K’ {aka ‘[01m[Kstd::__cxx11::basic_string<char>[m[K’} is not derived from ‘[01m[Kconst std::multiset<_Key, _Compare, _Allocator>[m[K’
[39.230s]    13 |   if(request->req==[01;36m[K0[m[K)
[39.230s]       |                    [01;36m[K^[m[K
[39.230s] In file included from [01m[K/usr/include/c++/11/unordered_map:47[m[K,
[39.230s]                  from [01m[K/opt/ros/humble/include/rclcpp/rclcpp/executors/multi_threaded_executor.hpp:23[m[K,
[39.230s]                  from [01m[K/opt/ros/humble/include/rclcpp/rclcpp/executors.hpp:21[m[K,
[39.230s]                  from [01m[K/opt/ros/humble/include/rclcpp/rclcpp/rclcpp.hpp:155[m[K,
[39.230s]                  from [01m[K/home/devuser/AOX/ROS2/src/lcm_service/src/server_a.cpp:1[m[K:
[39.230s] [01m[K/usr/include/c++/11/bits/unordered_map.h:2134:5:[m[K [01;36m[Knote: [m[Kcandidate: ‘[01m[Ktemplate<class _Key1, class _Tp1, class _Hash1, class _Pred1, class _Alloc1> bool std::operator==(const std::unordered_map<_Key1, _Tp1, _Hash1, _Pred1, _Alloc1>&, const std::unordered_map<_Key1, _Tp1, _Hash1, _Pred1, _Alloc1>&)[m[K’
[39.230s]  2134 |     [01;36m[Koperator[m[K==(const unordered_map<_Key, _Tp, _Hash, _Pred, _Alloc>& __x,
[39.230s]       |     [01;36m[K^~~~~~~~[m[K
[39.230s] [01m[K/usr/include/c++/11/bits/unordered_map.h:2134:5:[m[K [01;36m[Knote: [m[K  template argument deduction/substitution failed:
[39.230s] [01m[K/home/devuser/AOX/ROS2/src/lcm_service/src/server_a.cpp:13:20:[m[K [01;36m[Knote: [m[K  ‘[01m[Ktutorial_interfaces::srv::Shutdown_Request_<std::allocator<void> >::_req_type[m[K’ {aka ‘[01m[Kstd::__cxx11::basic_string<char>[m[K’} is not derived from ‘[01m[Kconst std::unordered_map<_Key1, _Tp1, _Hash1, _Pred1, _Alloc1>[m[K’
[39.230s]    13 |   if(request->req==[01;36m[K0[m[K)
[39.230s]       |                    [01;36m[K^[m[K
[39.231s] In file included from [01m[K/usr/include/c++/11/unordered_map:47[m[K,
[39.231s]                  from [01m[K/opt/ros/humble/include/rclcpp/rclcpp/executors/multi_threaded_executor.hpp:23[m[K,
[39.231s]                  from [01m[K/opt/ros/humble/include/rclcpp/rclcpp/executors.hpp:21[m[K,
[39.231s]                  from [01m[K/opt/ros/humble/include/rclcpp/rclcpp/rclcpp.hpp:155[m[K,
[39.231s]                  from [01m[K/home/devuser/AOX/ROS2/src/lcm_service/src/server_a.cpp:1[m[K:
[39.231s] [01m[K/usr/include/c++/11/bits/unordered_map.h:2148:5:[m[K [01;36m[Knote: [m[Kcandidate: ‘[01m[Ktemplate<class _Key1, class _Tp1, class _Hash1, class _Pred1, class _Alloc1> bool std::operator==(const std::unordered_multimap<_Key1, _Tp1, _Hash1, _Pred1, _Alloc1>&, const std::unordered_multimap<_Key1, _Tp1, _Hash1, _Pred1, _Alloc1>&)[m[K’
[39.231s]  2148 |     [01;36m[Koperator[m[K==(const unordered_multimap<_Key, _Tp, _Hash, _Pred, _Alloc>& __x,
[39.231s]       |     [01;36m[K^~~~~~~~[m[K
[39.231s] [01m[K/usr/include/c++/11/bits/unordered_map.h:2148:5:[m[K [01;36m[Knote: [m[K  template argument deduction/substitution failed:
[39.231s] [01m[K/home/devuser/AOX/ROS2/src/lcm_service/src/server_a.cpp:13:20:[m[K [01;36m[Knote: [m[K  ‘[01m[Ktutorial_interfaces::srv::Shutdown_Request_<std::allocator<void> >::_req_type[m[K’ {aka ‘[01m[Kstd::__cxx11::basic_string<char>[m[K’} is not derived from ‘[01m[Kconst std::unordered_multimap<_Key1, _Tp1, _Hash1, _Pred1, _Alloc1>[m[K’
[39.231s]    13 |   if(request->req==[01;36m[K0[m[K)
[39.231s]       |                    [01;36m[K^[m[K
[39.231s] In file included from [01m[K/usr/include/c++/11/vector:67[m[K,
[39.231s]                  from [01m[K/usr/include/c++/11/functional:62[m[K,
[39.231s]                  from [01m[K/usr/include/c++/11/pstl/glue_algorithm_defs.h:13[m[K,
[39.231s]                  from [01m[K/usr/include/c++/11/algorithm:74[m[K,
[39.231s]                  from [01m[K/opt/ros/humble/include/rclcpp/rclcpp/executor.hpp:18[m[K,
[39.232s]                  from [01m[K/opt/ros/humble/include/rclcpp/rclcpp/executors/multi_threaded_executor.hpp:25[m[K,
[39.232s]                  from [01m[K/opt/ros/humble/include/rclcpp/rclcpp/executors.hpp:21[m[K,
[39.232s]                  from [01m[K/opt/ros/humble/include/rclcpp/rclcpp/rclcpp.hpp:155[m[K,
[39.232s]                  from [01m[K/home/devuser/AOX/ROS2/src/lcm_service/src/server_a.cpp:1[m[K:
[39.232s] [01m[K/usr/include/c++/11/bits/stl_vector.h:1892:5:[m[K [01;36m[Knote: [m[Kcandidate: ‘[01m[Ktemplate<class _Tp, class _Alloc> bool std::operator==(const std::vector<_Tp, _Alloc>&, const std::vector<_Tp, _Alloc>&)[m[K’
[39.232s]  1892 |     [01;36m[Koperator[m[K==(const vector<_Tp, _Alloc>& __x, const vector<_Tp, _Alloc>& __y)
[39.232s]       |     [01;36m[K^~~~~~~~[m[K
[39.232s] [01m[K/usr/include/c++/11/bits/stl_vector.h:1892:5:[m[K [01;36m[Knote: [m[K  template argument deduction/substitution failed:
[39.232s] [01m[K/home/devuser/AOX/ROS2/src/lcm_service/src/server_a.cpp:13:20:[m[K [01;36m[Knote: [m[K  ‘[01m[Ktutorial_interfaces::srv::Shutdown_Request_<std::allocator<void> >::_req_type[m[K’ {aka ‘[01m[Kstd::__cxx11::basic_string<char>[m[K’} is not derived from ‘[01m[Kconst std::vector<_Tp, _Alloc>[m[K’
[39.232s]    13 |   if(request->req==[01;36m[K0[m[K)
[39.232s]       |                    [01;36m[K^[m[K
[39.232s] In file included from [01m[K/usr/include/c++/11/bits/locale_facets.h:48[m[K,
[39.232s]                  from [01m[K/usr/include/c++/11/bits/basic_ios.h:37[m[K,
[39.232s]                  from [01m[K/usr/include/c++/11/ios:44[m[K,
[39.232s]                  from [01m[K/usr/include/c++/11/ostream:38[m[K,
[39.232s]                  from [01m[K/usr/include/c++/11/iostream:39[m[K,
[39.232s]                  from [01m[K/opt/ros/humble/include/rclcpp/rclcpp/executor.hpp:22[m[K,
[39.233s]                  from [01m[K/opt/ros/humble/include/rclcpp/rclcpp/executors/multi_threaded_executor.hpp:25[m[K,
[39.233s]                  from [01m[K/opt/ros/humble/include/rclcpp/rclcpp/executors.hpp:21[m[K,
[39.233s]                  from [01m[K/opt/ros/humble/include/rclcpp/rclcpp/rclcpp.hpp:155[m[K,
[39.233s]                  from [01m[K/home/devuser/AOX/ROS2/src/lcm_service/src/server_a.cpp:1[m[K:
[39.233s] [01m[K/usr/include/c++/11/bits/streambuf_iterator.h:226:5:[m[K [01;36m[Knote: [m[Kcandidate: ‘[01m[Ktemplate<class _CharT, class _Traits> bool std::operator==(const std::istreambuf_iterator<_CharT, _Traits>&, const std::istreambuf_iterator<_CharT, _Traits>&)[m[K’
[39.233s]   226 |     [01;36m[Koperator[m[K==(const istreambuf_iterator<_CharT, _Traits>& __a,
[39.233s]       |     [01;36m[K^~~~~~~~[m[K
[39.233s] [01m[K/usr/include/c++/11/bits/streambuf_iterator.h:226:5:[m[K [01;36m[Knote: [m[K  template argument deduction/substitution failed:
[39.233s] [01m[K/home/devuser/AOX/ROS2/src/lcm_service/src/server_a.cpp:13:20:[m[K [01;36m[Knote: [m[K  ‘[01m[Ktutorial_interfaces::srv::Shutdown_Request_<std::allocator<void> >::_req_type[m[K’ {aka ‘[01m[Kstd::__cxx11::basic_string<char>[m[K’} is not derived from ‘[01m[Kconst std::istreambuf_iterator<_CharT, _Traits>[m[K’
[39.233s]    13 |   if(request->req==[01;36m[K0[m[K)
[39.233s]       |                    [01;36m[K^[m[K
[39.233s] In file included from [01m[K/usr/include/c++/11/list:63[m[K,
[39.233s]                  from [01m[K/opt/ros/humble/include/rclcpp/rclcpp/executor.hpp:23[m[K,
[39.233s]                  from [01m[K/opt/ros/humble/include/rclcpp/rclcpp/executors/multi_threaded_executor.hpp:25[m[K,
[39.233s]                  from [01m[K/opt/ros/humble/include/rclcpp/rclcpp/executors.hpp:21[m[K,
[39.233s]                  from [01m[K/opt/ros/humble/include/rclcpp/rclcpp/rclcpp.hpp:155[m[K,
[39.233s]                  from [01m[K/home/devuser/AOX/ROS2/src/lcm_service/src/server_a.cpp:1[m[K:
[39.234s] [01m[K/usr/include/c++/11/bits/stl_list.h:2030:5:[m[K [01;36m[Knote: [m[Kcandidate: ‘[01m[Ktemplate<class _Tp, class _Alloc> bool std::operator==(const std::__cxx11::list<_Tp, _Alloc>&, const std::__cxx11::list<_Tp, _Alloc>&)[m[K’
[39.234s]  2030 |     [01;36m[Koperator[m[K==(const list<_Tp, _Alloc>& __x, const list<_Tp, _Alloc>& __y)
[39.234s]       |     [01;36m[K^~~~~~~~[m[K
[39.234s] [01m[K/usr/include/c++/11/bits/stl_list.h:2030:5:[m[K [01;36m[Knote: [m[K  template argument deduction/substitution failed:
[39.234s] [01m[K/home/devuser/AOX/ROS2/src/lcm_service/src/server_a.cpp:13:20:[m[K [01;36m[Knote: [m[K  ‘[01m[Ktutorial_interfaces::srv::Shutdown_Request_<std::allocator<void> >::_req_type[m[K’ {aka ‘[01m[Kstd::__cxx11::basic_string<char>[m[K’} is not derived from ‘[01m[Kconst std::__cxx11::list<_Tp, _Alloc>[m[K’
[39.234s]    13 |   if(request->req==[01;36m[K0[m[K)
[39.234s]       |                    [01;36m[K^[m[K
[39.234s] In file included from [01m[K/usr/include/c++/11/map:61[m[K,
[39.234s]                  from [01m[K/opt/ros/humble/include/rclcpp/rclcpp/executor.hpp:24[m[K,
[39.234s]                  from [01m[K/opt/ros/humble/include/rclcpp/rclcpp/executors/multi_threaded_executor.hpp:25[m[K,
[39.234s]                  from [01m[K/opt/ros/humble/include/rclcpp/rclcpp/executors.hpp:21[m[K,
[39.234s]                  from [01m[K/opt/ros/humble/include/rclcpp/rclcpp/rclcpp.hpp:155[m[K,
[39.234s]                  from [01m[K/home/devuser/AOX/ROS2/src/lcm_service/src/server_a.cpp:1[m[K:
[39.234s] [01m[K/usr/include/c++/11/bits/stl_map.h:1463:5:[m[K [01;36m[Knote: [m[Kcandidate: ‘[01m[Ktemplate<class _Key, class _Tp, class _Compare, class _Alloc> bool std::operator==(const std::map<_Key, _Tp, _Compare, _Allocator>&, const std::map<_Key, _Tp, _Compare, _Allocator>&)[m[K’
[39.234s]  1463 |     [01;36m[Koperator[m[K==(const map<_Key, _Tp, _Compare, _Alloc>& __x,
[39.234s]       |     [01;36m[K^~~~~~~~[m[K
[39.235s] [01m[K/usr/include/c++/11/bits/stl_map.h:1463:5:[m[K [01;36m[Knote: [m[K  template argument deduction/substitution failed:
[39.235s] [01m[K/home/devuser/AOX/ROS2/src/lcm_service/src/server_a.cpp:13:20:[m[K [01;36m[Knote: [m[K  ‘[01m[Ktutorial_interfaces::srv::Shutdown_Request_<std::allocator<void> >::_req_type[m[K’ {aka ‘[01m[Kstd::__cxx11::basic_string<char>[m[K’} is not derived from ‘[01m[Kconst std::map<_Key, _Tp, _Compare, _Allocator>[m[K’
[39.235s]    13 |   if(request->req==[01;36m[K0[m[K)
[39.235s]       |                    [01;36m[K^[m[K
[39.235s] In file included from [01m[K/usr/include/c++/11/map:62[m[K,
[39.235s]                  from [01m[K/opt/ros/humble/include/rclcpp/rclcpp/executor.hpp:24[m[K,
[39.235s]                  from [01m[K/opt/ros/humble/include/rclcpp/rclcpp/executors/multi_threaded_executor.hpp:25[m[K,
[39.235s]                  from [01m[K/opt/ros/humble/include/rclcpp/rclcpp/executors.hpp:21[m[K,
[39.235s]                  from [01m[K/opt/ros/humble/include/rclcpp/rclcpp/rclcpp.hpp:155[m[K,
[39.235s]                  from [01m[K/home/devuser/AOX/ROS2/src/lcm_service/src/server_a.cpp:1[m[K:
[39.235s] [01m[K/usr/include/c++/11/bits/stl_multimap.h:1128:5:[m[K [01;36m[Knote: [m[Kcandidate: ‘[01m[Ktemplate<class _Key, class _Tp, class _Compare, class _Alloc> bool std::operator==(const std::multimap<_Key, _Tp, _Compare, _Allocator>&, const std::multimap<_Key, _Tp, _Compare, _Allocator>&)[m[K’
[39.235s]  1128 |     [01;36m[Koperator[m[K==(const multimap<_Key, _Tp, _Compare, _Alloc>& __x,
[39.235s]       |     [01;36m[K^~~~~~~~[m[K
[39.235s] [01m[K/usr/include/c++/11/bits/stl_multimap.h:1128:5:[m[K [01;36m[Knote: [m[K  template argument deduction/substitution failed:
[39.235s] [01m[K/home/devuser/AOX/ROS2/src/lcm_service/src/server_a.cpp:13:20:[m[K [01;36m[Knote: [m[K  ‘[01m[Ktutorial_interfaces::srv::Shutdown_Request_<std::allocator<void> >::_req_type[m[K’ {aka ‘[01m[Kstd::__cxx11::basic_string<char>[m[K’} is not derived from ‘[01m[Kconst std::multimap<_Key, _Tp, _Compare, _Allocator>[m[K’
[39.235s]    13 |   if(request->req==[01;36m[K0[m[K)
[39.235s]       |                    [01;36m[K^[m[K
[39.236s] In file included from [01m[K/usr/include/c++/11/unordered_set:47[m[K,
[39.236s]                  from [01m[K/opt/ros/humble/include/rclcpp/rclcpp/context.hpp:26[m[K,
[39.236s]                  from [01m[K/opt/ros/humble/include/rclcpp/rclcpp/executor.hpp:34[m[K,
[39.236s]                  from [01m[K/opt/ros/humble/include/rclcpp/rclcpp/executors/multi_threaded_executor.hpp:25[m[K,
[39.236s]                  from [01m[K/opt/ros/humble/include/rclcpp/rclcpp/executors.hpp:21[m[K,
[39.236s]                  from [01m[K/opt/ros/humble/include/rclcpp/rclcpp/rclcpp.hpp:155[m[K,
[39.236s]                  from [01m[K/home/devuser/AOX/ROS2/src/lcm_service/src/server_a.cpp:1[m[K:
[39.236s] [01m[K/usr/include/c++/11/bits/unordered_set.h:1804:5:[m[K [01;36m[Knote: [m[Kcandidate: ‘[01m[Ktemplate<class _Value1, class _Hash1, class _Pred1, class _Alloc1> bool std::operator==(const std::unordered_set<_Value1, _Hash1, _Pred1, _Alloc1>&, const std::unordered_set<_Value1, _Hash1, _Pred1, _Alloc1>&)[m[K’
[39.236s]  1804 |     [01;36m[Koperator[m[K==(const unordered_set<_Value, _Hash, _Pred, _Alloc>& __x,
[39.236s]       |     [01;36m[K^~~~~~~~[m[K
[39.236s] [01m[K/usr/include/c++/11/bits/unordered_set.h:1804:5:[m[K [01;36m[Knote: [m[K  template argument deduction/substitution failed:
[39.236s] [01m[K/home/devuser/AOX/ROS2/src/lcm_service/src/server_a.cpp:13:20:[m[K [01;36m[Knote: [m[K  ‘[01m[Ktutorial_interfaces::srv::Shutdown_Request_<std::allocator<void> >::_req_type[m[K’ {aka ‘[01m[Kstd::__cxx11::basic_string<char>[m[K’} is not derived from ‘[01m[Kconst std::unordered_set<_Value1, _Hash1, _Pred1, _Alloc1>[m[K’
[39.236s]    13 |   if(request->req==[01;36m[K0[m[K)
[39.236s]       |                    [01;36m[K^[m[K
[39.236s] In file included from [01m[K/usr/include/c++/11/unordered_set:47[m[K,
[39.236s]                  from [01m[K/opt/ros/humble/include/rclcpp/rclcpp/context.hpp:26[m[K,
[39.237s]                  from [01m[K/opt/ros/humble/include/rclcpp/rclcpp/executor.hpp:34[m[K,
[39.237s]                  from [01m[K/opt/ros/humble/include/rclcpp/rclcpp/executors/multi_threaded_executor.hpp:25[m[K,
[39.237s]                  from [01m[K/opt/ros/humble/include/rclcpp/rclcpp/executors.hpp:21[m[K,
[39.237s]                  from [01m[K/opt/ros/humble/include/rclcpp/rclcpp/rclcpp.hpp:155[m[K,
[39.237s]                  from [01m[K/home/devuser/AOX/ROS2/src/lcm_service/src/server_a.cpp:1[m[K:
[39.237s] [01m[K/usr/include/c++/11/bits/unordered_set.h:1818:5:[m[K [01;36m[Knote: [m[Kcandidate: ‘[01m[Ktemplate<class _Value1, class _Hash1, class _Pred1, class _Alloc1> bool std::operator==(const std::unordered_multiset<_Value1, _Hash1, _Pred1, _Alloc1>&, const std::unordered_multiset<_Value1, _Hash1, _Pred1, _Alloc1>&)[m[K’
[39.237s]  1818 |     [01;36m[Koperator[m[K==(const unordered_multiset<_Value, _Hash, _Pred, _Alloc>& __x,
[39.237s]       |     [01;36m[K^~~~~~~~[m[K
[39.237s] [01m[K/usr/include/c++/11/bits/unordered_set.h:1818:5:[m[K [01;36m[Knote: [m[K  template argument deduction/substitution failed:
[39.237s] [01m[K/home/devuser/AOX/ROS2/src/lcm_service/src/server_a.cpp:13:20:[m[K [01;36m[Knote: [m[K  ‘[01m[Ktutorial_interfaces::srv::Shutdown_Request_<std::allocator<void> >::_req_type[m[K’ {aka ‘[01m[Kstd::__cxx11::basic_string<char>[m[K’} is not derived from ‘[01m[Kconst std::unordered_multiset<_Value1, _Hash1, _Pred1, _Alloc1>[m[K’
[39.237s]    13 |   if(request->req==[01;36m[K0[m[K)
[39.237s]       |                    [01;36m[K^[m[K
[39.237s] In file included from [01m[K/opt/ros/humble/include/rclcpp/rclcpp/client.hpp:23[m[K,
[39.237s]                  from [01m[K/opt/ros/humble/include/rclcpp/rclcpp/callback_group.hpp:24[m[K,
[39.237s]                  from [01m[K/opt/ros/humble/include/rclcpp/rclcpp/any_executable.hpp:20[m[K,
[39.237s]                  from [01m[K/opt/ros/humble/include/rclcpp/rclcpp/memory_strategy.hpp:25[m[K,
[39.237s]                  from [01m[K/opt/ros/humble/include/rclcpp/rclcpp/memory_strategies.hpp:18[m[K,
[39.238s]                  from [01m[K/opt/ros/humble/include/rclcpp/rclcpp/executor_options.hpp:20[m[K,
[39.238s]                  from [01m[K/opt/ros/humble/include/rclcpp/rclcpp/executor.hpp:37[m[K,
[39.238s]                  from [01m[K/opt/ros/humble/include/rclcpp/rclcpp/executors/multi_threaded_executor.hpp:25[m[K,
[39.238s]                  from [01m[K/opt/ros/humble/include/rclcpp/rclcpp/executors.hpp:21[m[K,
[39.238s]                  from [01m[K/opt/ros/humble/include/rclcpp/rclcpp/rclcpp.hpp:155[m[K,
[39.238s]                  from [01m[K/home/devuser/AOX/ROS2/src/lcm_service/src/server_a.cpp:1[m[K:
[39.238s] [01m[K/usr/include/c++/11/optional:1045:5:[m[K [01;36m[Knote: [m[Kcandidate: ‘[01m[Ktemplate<class _Tp, class _Up> constexpr std::__optional_eq_t<_Tp, _Up> std::operator==(const std::optional<_Tp>&, const std::optional<_Up>&)[m[K’
[39.238s]  1045 |     [01;36m[Koperator[m[K==(const optional<_Tp>& __lhs, const optional<_Up>& __rhs)
[39.238s]       |     [01;36m[K^~~~~~~~[m[K
[39.238s] [01m[K/usr/include/c++/11/optional:1045:5:[m[K [01;36m[Knote: [m[K  template argument deduction/substitution failed:
[39.238s] [01m[K/home/devuser/AOX/ROS2/src/lcm_service/src/server_a.cpp:13:20:[m[K [01;36m[Knote: [m[K  ‘[01m[Ktutorial_interfaces::srv::Shutdown_Request_<std::allocator<void> >::_req_type[m[K’ {aka ‘[01m[Kstd::__cxx11::basic_string<char>[m[K’} is not derived from ‘[01m[Kconst std::optional<_Tp>[m[K’
[39.238s]    13 |   if(request->req==[01;36m[K0[m[K)
[39.238s]       |                    [01;36m[K^[m[K
[39.238s] In file included from [01m[K/opt/ros/humble/include/rclcpp/rclcpp/client.hpp:23[m[K,
[39.238s]                  from [01m[K/opt/ros/humble/include/rclcpp/rclcpp/callback_group.hpp:24[m[K,
[39.238s]                  from [01m[K/opt/ros/humble/include/rclcpp/rclcpp/any_executable.hpp:20[m[K,
[39.238s]                  from [01m[K/opt/ros/humble/include/rclcpp/rclcpp/memory_strategy.hpp:25[m[K,
[39.239s]                  from [01m[K/opt/ros/humble/include/rclcpp/rclcpp/memory_strategies.hpp:18[m[K,
[39.239s]                  from [01m[K/opt/ros/humble/include/rclcpp/rclcpp/executor_options.hpp:20[m[K,
[39.239s]                  from [01m[K/opt/ros/humble/include/rclcpp/rclcpp/executor.hpp:37[m[K,
[39.239s]                  from [01m[K/opt/ros/humble/include/rclcpp/rclcpp/executors/multi_threaded_executor.hpp:25[m[K,
[39.239s]                  from [01m[K/opt/ros/humble/include/rclcpp/rclcpp/executors.hpp:21[m[K,
[39.239s]                  from [01m[K/opt/ros/humble/include/rclcpp/rclcpp/rclcpp.hpp:155[m[K,
[39.239s]                  from [01m[K/home/devuser/AOX/ROS2/src/lcm_service/src/server_a.cpp:1[m[K:
[39.239s] [01m[K/usr/include/c++/11/optional:1105:5:[m[K [01;36m[Knote: [m[Kcandidate: ‘[01m[Ktemplate<class _Tp> constexpr bool std::operator==(const std::optional<_Tp>&, std::nullopt_t)[m[K’
[39.239s]  1105 |     [01;36m[Koperator[m[K==(const optional<_Tp>& __lhs, nullopt_t) noexcept
[39.239s]       |     [01;36m[K^~~~~~~~[m[K
[39.239s] [01m[K/usr/include/c++/11/optional:1105:5:[m[K [01;36m[Knote: [m[K  template argument deduction/substitution failed:
[39.239s] [01m[K/home/devuser/AOX/ROS2/src/lcm_service/src/server_a.cpp:13:20:[m[K [01;36m[Knote: [m[K  ‘[01m[Ktutorial_interfaces::srv::Shutdown_Request_<std::allocator<void> >::_req_type[m[K’ {aka ‘[01m[Kstd::__cxx11::basic_string<char>[m[K’} is not derived from ‘[01m[Kconst std::optional<_Tp>[m[K’
[39.239s]    13 |   if(request->req==[01;36m[K0[m[K)
[39.239s]       |                    [01;36m[K^[m[K
[39.239s] In file included from [01m[K/opt/ros/humble/include/rclcpp/rclcpp/client.hpp:23[m[K,
[39.239s]                  from [01m[K/opt/ros/humble/include/rclcpp/rclcpp/callback_group.hpp:24[m[K,
[39.239s]                  from [01m[K/opt/ros/humble/include/rclcpp/rclcpp/any_executable.hpp:20[m[K,
[39.239s]                  from [01m[K/opt/ros/humble/include/rclcpp/rclcpp/memory_strategy.hpp:25[m[K,
[39.239s]                  from [01m[K/opt/ros/humble/include/rclcpp/rclcpp/memory_strategies.hpp:18[m[K,
[39.239s]                  from [01m[K/opt/ros/humble/include/rclcpp/rclcpp/executor_options.hpp:20[m[K,
[39.239s]                  from [01m[K/opt/ros/humble/include/rclcpp/rclcpp/executor.hpp:37[m[K,
[39.239s]                  from [01m[K/opt/ros/humble/include/rclcpp/rclcpp/executors/multi_threaded_executor.hpp:25[m[K,
[39.239s]                  from [01m[K/opt/ros/humble/include/rclcpp/rclcpp/executors.hpp:21[m[K,
[39.239s]                  from [01m[K/opt/ros/humble/include/rclcpp/rclcpp/rclcpp.hpp:155[m[K,
[39.239s]                  from [01m[K/home/devuser/AOX/ROS2/src/lcm_service/src/server_a.cpp:1[m[K:
[39.239s] [01m[K/usr/include/c++/11/optional:1116:5:[m[K [01;36m[Knote: [m[Kcandidate: ‘[01m[Ktemplate<class _Tp> constexpr bool std::operator==(std::nullopt_t, const std::optional<_Tp>&)[m[K’
[39.239s]  1116 |     [01;36m[Koperator[m[K==(nullopt_t, const optional<_Tp>& __rhs) noexcept
[39.239s]       |     [01;36m[K^~~~~~~~[m[K
[39.239s] [01m[K/usr/include/c++/11/optional:1116:5:[m[K [01;36m[Knote: [m[K  template argument deduction/substitution failed:
[39.240s] [01m[K/home/devuser/AOX/ROS2/src/lcm_service/src/server_a.cpp:13:20:[m[K [01;36m[Knote: [m[K  mismatched types ‘[01m[Kconst std::optional<_Tp>[m[K’ and ‘[01m[Kint[m[K’
[39.240s]    13 |   if(request->req==[01;36m[K0[m[K)
[39.240s]       |                    [01;36m[K^[m[K
[39.240s] In file included from [01m[K/opt/ros/humble/include/rclcpp/rclcpp/client.hpp:23[m[K,
[39.240s]                  from [01m[K/opt/ros/humble/include/rclcpp/rclcpp/callback_group.hpp:24[m[K,
[39.240s]                  from [01m[K/opt/ros/humble/include/rclcpp/rclcpp/any_executable.hpp:20[m[K,
[39.240s]                  from [01m[K/opt/ros/humble/include/rclcpp/rclcpp/memory_strategy.hpp:25[m[K,
[39.240s]                  from [01m[K/opt/ros/humble/include/rclcpp/rclcpp/memory_strategies.hpp:18[m[K,
[39.240s]                  from [01m[K/opt/ros/humble/include/rclcpp/rclcpp/executor_options.hpp:20[m[K,
[39.240s]                  from [01m[K/opt/ros/humble/include/rclcpp/rclcpp/executor.hpp:37[m[K,
[39.240s]                  from [01m[K/opt/ros/humble/include/rclcpp/rclcpp/executors/multi_threaded_executor.hpp:25[m[K,
[39.240s]                  from [01m[K/opt/ros/humble/include/rclcpp/rclcpp/executors.hpp:21[m[K,
[39.240s]                  from [01m[K/opt/ros/humble/include/rclcpp/rclcpp/rclcpp.hpp:155[m[K,
[39.240s]                  from [01m[K/home/devuser/AOX/ROS2/src/lcm_service/src/server_a.cpp:1[m[K:
[39.240s] [01m[K/usr/include/c++/11/optional:1173:5:[m[K [01;36m[Knote: [m[Kcandidate: ‘[01m[Ktemplate<class _Tp, class _Up> constexpr std::__optional_eq_t<_Tp, _Up> std::operator==(const std::optional<_Tp>&, const _Up&)[m[K’
[39.240s]  1173 |     [01;36m[Koperator[m[K==(const optional<_Tp>& __lhs, const _Up& __rhs)
[39.240s]       |     [01;36m[K^~~~~~~~[m[K
[39.240s] [01m[K/usr/include/c++/11/optional:1173:5:[m[K [01;36m[Knote: [m[K  template argument deduction/substitution failed:
[39.240s] [01m[K/home/devuser/AOX/ROS2/src/lcm_service/src/server_a.cpp:13:20:[m[K [01;36m[Knote: [m[K  ‘[01m[Ktutorial_interfaces::srv::Shutdown_Request_<std::allocator<void> >::_req_type[m[K’ {aka ‘[01m[Kstd::__cxx11::basic_string<char>[m[K’} is not derived from ‘[01m[Kconst std::optional<_Tp>[m[K’
[39.240s]    13 |   if(request->req==[01;36m[K0[m[K)
[39.240s]       |                    [01;36m[K^[m[K
[39.240s] In file included from [01m[K/opt/ros/humble/include/rclcpp/rclcpp/client.hpp:23[m[K,
[39.240s]                  from [01m[K/opt/ros/humble/include/rclcpp/rclcpp/callback_group.hpp:24[m[K,
[39.240s]                  from [01m[K/opt/ros/humble/include/rclcpp/rclcpp/any_executable.hpp:20[m[K,
[39.240s]                  from [01m[K/opt/ros/humble/include/rclcpp/rclcpp/memory_strategy.hpp:25[m[K,
[39.240s]                  from [01m[K/opt/ros/humble/include/rclcpp/rclcpp/memory_strategies.hpp:18[m[K,
[39.240s]                  from [01m[K/opt/ros/humble/include/rclcpp/rclcpp/executor_options.hpp:20[m[K,
[39.240s]                  from [01m[K/opt/ros/humble/include/rclcpp/rclcpp/executor.hpp:37[m[K,
[39.240s]                  from [01m[K/opt/ros/humble/include/rclcpp/rclcpp/executors/multi_threaded_executor.hpp:25[m[K,
[39.241s]                  from [01m[K/opt/ros/humble/include/rclcpp/rclcpp/executors.hpp:21[m[K,
[39.241s]                  from [01m[K/opt/ros/humble/include/rclcpp/rclcpp/rclcpp.hpp:155[m[K,
[39.241s]                  from [01m[K/home/devuser/AOX/ROS2/src/lcm_service/src/server_a.cpp:1[m[K:
[39.241s] [01m[K/usr/include/c++/11/optional:1179:5:[m[K [01;36m[Knote: [m[Kcandidate: ‘[01m[Ktemplate<class _Tp, class _Up> constexpr std::__optional_eq_t<_Up, _Tp> std::operator==(const _Up&, const std::optional<_Tp>&)[m[K’
[39.241s]  1179 |     [01;36m[Koperator[m[K==(const _Up& __lhs, const optional<_Tp>& __rhs)
[39.241s]       |     [01;36m[K^~~~~~~~[m[K
[39.241s] [01m[K/usr/include/c++/11/optional:1179:5:[m[K [01;36m[Knote: [m[K  template argument deduction/substitution failed:
[39.241s] [01m[K/home/devuser/AOX/ROS2/src/lcm_service/src/server_a.cpp:13:20:[m[K [01;36m[Knote: [m[K  mismatched types ‘[01m[Kconst std::optional<_Tp>[m[K’ and ‘[01m[Kint[m[K’
[39.241s]    13 |   if(request->req==[01;36m[K0[m[K)
[39.241s]       |                    [01;36m[K^[m[K
[39.241s] In file included from [01m[K/opt/ros/humble/include/rclcpp/rclcpp/client.hpp:28[m[K,
[39.241s]                  from [01m[K/opt/ros/humble/include/rclcpp/rclcpp/callback_group.hpp:24[m[K,
[39.241s]                  from [01m[K/opt/ros/humble/include/rclcpp/rclcpp/any_executable.hpp:20[m[K,
[39.241s]                  from [01m[K/opt/ros/humble/include/rclcpp/rclcpp/memory_strategy.hpp:25[m[K,
[39.241s]                  from [01m[K/opt/ros/humble/include/rclcpp/rclcpp/memory_strategies.hpp:18[m[K,
[39.242s]                  from [01m[K/opt/ros/humble/include/rclcpp/rclcpp/executor_options.hpp:20[m[K,
[39.242s]                  from [01m[K/opt/ros/humble/include/rclcpp/rclcpp/executor.hpp:37[m[K,
[39.242s]                  from [01m[K/opt/ros/humble/include/rclcpp/rclcpp/executors/multi_threaded_executor.hpp:25[m[K,
[39.242s]                  from [01m[K/opt/ros/humble/include/rclcpp/rclcpp/executors.hpp:21[m[K,
[39.242s]                  from [01m[K/opt/ros/humble/include/rclcpp/rclcpp/rclcpp.hpp:155[m[K,
[39.242s]                  from [01m[K/home/devuser/AOX/ROS2/src/lcm_service/src/server_a.cpp:1[m[K:
[39.242s] [01m[K/usr/include/c++/11/variant:1232:3:[m[K [01;36m[Knote: [m[Kcandidate: ‘[01m[Ktemplate<class ... _Types> constexpr bool std::operator==(const std::variant<_Types ...>&, const std::variant<_Types ...>&)[m[K’
[39.242s]  1232 |   [01;36m[K_VARIANT_RELATION_FUNCTION_TEMPLATE[m[K(==, equal)
[39.242s]       |   [01;36m[K^~~~~~~~~~~~~~~~~~~~~~~~~~~~~~~~~~~[m[K
[39.242s] [01m[K/usr/include/c++/11/variant:1232:3:[m[K [01;36m[Knote: [m[K  template argument deduction/substitution failed:
[39.242s] [01m[K/home/devuser/AOX/ROS2/src/lcm_service/src/server_a.cpp:13:20:[m[K [01;36m[Knote: [m[K  ‘[01m[Ktutorial_interfaces::srv::Shutdown_Request_<std::allocator<void> >::_req_type[m[K’ {aka ‘[01m[Kstd::__cxx11::basic_string<char>[m[K’} is not derived from ‘[01m[Kconst std::variant<_Types ...>[m[K’
[39.242s]    13 |   if(request->req==[01;36m[K0[m[K)
[39.242s]       |                    [01;36m[K^[m[K
[39.242s] In file included from [01m[K/usr/include/c++/11/memory:64[m[K,
[39.242s]                  from [01m[K/opt/ros/humble/include/rclcpp/rclcpp/rclcpp.hpp:153[m[K,
[39.242s]                  from [01m[K/home/devuser/AOX/ROS2/src/lcm_service/src/server_a.cpp:1[m[K:
[39.242s] [01m[K/usr/include/c++/11/bits/allocator.h:204:7:[m[K [01;36m[Knote: [m[Kcandidate: ‘[01m[Kbool std::operator==(const std::allocator<char>&, const std::allocator<char>&)[m[K’
[39.242s]   204 |       [01;36m[Koperator[m[K==(const allocator&, const allocator&) _GLIBCXX_NOTHROW
[39.242s]       |       [01;36m[K^~~~~~~~[m[K
[39.242s] [01m[K/usr/include/c++/11/bits/allocator.h:204:18:[m[K [01;36m[Knote: [m[K  no known conversion for argument 1 from ‘[01m[Ktutorial_interfaces::srv::Shutdown_Request_<std::allocator<void> >::_req_type[m[K’ {aka ‘[01m[Kstd::__cxx11::basic_string<char>[m[K’} to ‘[01m[Kconst std::allocator<char>&[m[K’
[39.242s]   204 |       operator==([01;36m[Kconst allocator&[m[K, const allocator&) _GLIBCXX_NOTHROW
[39.242s]       |                  [01;36m[K^~~~~~~~~~~~~~~~[m[K
[39.242s] In file included from [01m[K/usr/include/c++/11/mutex:42[m[K,
[39.242s]                  from [01m[K/usr/include/c++/11/future:38[m[K,
[39.242s]                  from [01m[K/opt/ros/humble/include/rclcpp/rclcpp/executors.hpp:18[m[K,
[39.242s]                  from [01m[K/opt/ros/humble/include/rclcpp/rclcpp/rclcpp.hpp:155[m[K,
[39.242s]                  from [01m[K/home/devuser/AOX/ROS2/src/lcm_service/src/server_a.cpp:1[m[K:
[39.242s] [01m[K/usr/include/c++/11/system_error:362:3:[m[K [01;36m[Knote: [m[Kcandidate: ‘[01m[Kbool std::operator==(const std::error_code&, const std::error_code&)[m[K’
[39.243s]   362 |   [01;36m[Koperator[m[K==(const error_code& __lhs, const error_code& __rhs) noexcept
[39.243s]       |   [01;36m[K^~~~~~~~[m[K
[39.243s] [01m[K/usr/include/c++/11/system_error:362:32:[m[K [01;36m[Knote: [m[K  no known conversion for argument 1 from ‘[01m[Ktutorial_interfaces::srv::Shutdown_Request_<std::allocator<void> >::_req_type[m[K’ {aka ‘[01m[Kstd::__cxx11::basic_string<char>[m[K’} to ‘[01m[Kconst std::error_code&[m[K’
[39.243s]   362 |   operator==([01;36m[Kconst error_code& __lhs[m[K, const error_code& __rhs) noexcept
[39.243s]       |              [01;36m[K~~~~~~~~~~~~~~~~~~^~~~~[m[K
[39.243s] [01m[K/usr/include/c++/11/system_error:368:3:[m[K [01;36m[Knote: [m[Kcandidate: ‘[01m[Kbool std::operator==(const std::error_code&, const std::error_condition&)[m[K’
[39.243s]   368 |   [01;36m[Koperator[m[K==(const error_code& __lhs, const error_condition& __rhs) noexcept
[39.243s]       |   [01;36m[K^~~~~~~~[m[K
[39.243s] [01m[K/usr/include/c++/11/system_error:368:32:[m[K [01;36m[Knote: [m[K  no known conversion for argument 1 from ‘[01m[Ktutorial_interfaces::srv::Shutdown_Request_<std::allocator<void> >::_req_type[m[K’ {aka ‘[01m[Kstd::__cxx11::basic_string<char>[m[K’} to ‘[01m[Kconst std::error_code&[m[K’
[39.243s]   368 |   operator==([01;36m[Kconst error_code& __lhs[m[K, const error_condition& __rhs) noexcept
[39.243s]       |              [01;36m[K~~~~~~~~~~~~~~~~~~^~~~~[m[K
[39.243s] [01m[K/usr/include/c++/11/system_error:376:3:[m[K [01;36m[Knote: [m[Kcandidate: ‘[01m[Kbool std::operator==(const std::error_condition&, const std::error_condition&)[m[K’
[39.243s]   376 |   [01;36m[Koperator[m[K==(const error_condition& __lhs,
[39.243s]       |   [01;36m[K^~~~~~~~[m[K
[39.243s] [01m[K/usr/include/c++/11/system_error:376:37:[m[K [01;36m[Knote: [m[K  no known conversion for argument 1 from ‘[01m[Ktutorial_interfaces::srv::Shutdown_Request_<std::allocator<void> >::_req_type[m[K’ {aka ‘[01m[Kstd::__cxx11::basic_string<char>[m[K’} to ‘[01m[Kconst std::error_condition&[m[K’
[39.243s]   376 |   operator==([01;36m[Kconst error_condition& __lhs[m[K,
[39.243s]       |              [01;36m[K~~~~~~~~~~~~~~~~~~~~~~~^~~~~[m[K
[39.243s] [01m[K/usr/include/c++/11/system_error:408:3:[m[K [01;36m[Knote: [m[Kcandidate: ‘[01m[Kbool std::operator==(const std::error_condition&, const std::error_code&)[m[K’
[39.243s]   408 |   [01;36m[Koperator[m[K==(const error_condition& __lhs, const error_code& __rhs) noexcept
[39.243s]       |   [01;36m[K^~~~~~~~[m[K
[39.243s] [01m[K/usr/include/c++/11/system_error:408:37:[m[K [01;36m[Knote: [m[K  no known conversion for argument 1 from ‘[01m[Ktutorial_interfaces::srv::Shutdown_Request_<std::allocator<void> >::_req_type[m[K’ {aka ‘[01m[Kstd::__cxx11::basic_string<char>[m[K’} to ‘[01m[Kconst std::error_condition&[m[K’
[39.243s]   408 |   operator==([01;36m[Kconst error_condition& __lhs[m[K, const error_code& __rhs) noexcept
[39.243s]       |              [01;36m[K~~~~~~~~~~~~~~~~~~~~~~~^~~~~[m[K
[39.243s] In file included from [01m[K/usr/include/c++/11/future:48[m[K,
[39.243s]                  from [01m[K/opt/ros/humble/include/rclcpp/rclcpp/executors.hpp:18[m[K,
[39.243s]                  from [01m[K/opt/ros/humble/include/rclcpp/rclcpp/rclcpp.hpp:155[m[K,
[39.243s]                  from [01m[K/home/devuser/AOX/ROS2/src/lcm_service/src/server_a.cpp:1[m[K:
[39.243s] [01m[K/usr/include/c++/11/bits/std_thread.h:287:3:[m[K [01;36m[Knote: [m[Kcandidate: ‘[01m[Kbool std::operator==(std::thread::id, std::thread::id)[m[K’
[39.243s]   287 |   [01;36m[Koperator[m[K==(thread::id __x, thread::id __y) noexcept
[39.244s]       |   [01;36m[K^~~~~~~~[m[K
[39.244s] [01m[K/usr/include/c++/11/bits/std_thread.h:287:25:[m[K [01;36m[Knote: [m[K  no known conversion for argument 1 from ‘[01m[Ktutorial_interfaces::srv::Shutdown_Request_<std::allocator<void> >::_req_type[m[K’ {aka ‘[01m[Kstd::__cxx11::basic_string<char>[m[K’} to ‘[01m[Kstd::thread::id[m[K’
[39.244s]   287 |   operator==([01;36m[Kthread::id __x[m[K, thread::id __y) noexcept
[39.244s]       |              [01;36m[K~~~~~~~~~~~^~~[m[K
[39.244s] In file included from [01m[K/opt/ros/humble/include/rclcpp/rclcpp/client.hpp:28[m[K,
[39.244s]                  from [01m[K/opt/ros/humble/include/rclcpp/rclcpp/callback_group.hpp:24[m[K,
[39.244s]                  from [01m[K/opt/ros/humble/include/rclcpp/rclcpp/any_executable.hpp:20[m[K,
[39.244s]                  from [01m[K/opt/ros/humble/include/rclcpp/rclcpp/memory_strategy.hpp:25[m[K,
[39.244s]                  from [01m[K/opt/ros/humble/include/rclcpp/rclcpp/memory_strategies.hpp:18[m[K,
[39.244s]                  from [01m[K/opt/ros/humble/include/rclcpp/rclcpp/executor_options.hpp:20[m[K,
[39.244s]                  from [01m[K/opt/ros/humble/include/rclcpp/rclcpp/executor.hpp:37[m[K,
[39.244s]                  from [01m[K/opt/ros/humble/include/rclcpp/rclcpp/executors/multi_threaded_executor.hpp:25[m[K,
[39.244s]                  from [01m[K/opt/ros/humble/include/rclcpp/rclcpp/executors.hpp:21[m[K,
[39.244s]                  from [01m[K/opt/ros/humble/include/rclcpp/rclcpp/rclcpp.hpp:155[m[K,
[39.244s]                  from [01m[K/home/devuser/AOX/ROS2/src/lcm_service/src/server_a.cpp:1[m[K:
[39.244s] [01m[K/usr/include/c++/11/variant:1239:18:[m[K [01;36m[Knote: [m[Kcandidate: ‘[01m[Kconstexpr bool std::operator==(std::monostate, std::monostate)[m[K’
[39.244s]  1239 |   constexpr bool [01;36m[Koperator[m[K==(monostate, monostate) noexcept { return true; }
[39.244s]       |                  [01;36m[K^~~~~~~~[m[K
[39.244s] [01m[K/usr/include/c++/11/variant:1239:29:[m[K [01;36m[Knote: [m[K  no known conversion for argument 1 from ‘[01m[Ktutorial_interfaces::srv::Shutdown_Request_<std::allocator<void> >::_req_type[m[K’ {aka ‘[01m[Kstd::__cxx11::basic_string<char>[m[K’} to ‘[01m[Kstd::monostate[m[K’
[39.244s]  1239 |   constexpr bool operator==([01;36m[Kmonostate[m[K, monostate) noexcept { return true; }
[39.244s]       |                             [01;36m[K^~~~~~~~~[m[K
[41.685s] gmake[2]: *** [CMakeFiles/server_a.dir/build.make:76: CMakeFiles/server_a.dir/src/server_a.cpp.o] Error 1
[41.685s] gmake[1]: *** [CMakeFiles/Makefile2:141: CMakeFiles/server_a.dir/all] Error 2
[41.685s] gmake: *** [Makefile:146: all] Error 2
[41.687s] Invoked command in '/home/devuser/AOX/ROS2/src/lcm_service/build/lcm_service' returned '2': CMAKE_PREFIX_PATH=${CMAKE_PREFIX_PATH}:/opt/ros/humble /usr/bin/cmake --build /home/devuser/AOX/ROS2/src/lcm_service/build/lcm_service -- -j8 -l8
