[0.014s] Invoking command in '/home/devuser/AOX/ros_ws/cpp_pubsub/build/cpp_pubsub': CMAKE_PREFIX_PATH=${CMAKE_PREFIX_PATH}:/opt/ros/humble /usr/bin/cmake --build /home/devuser/AOX/ros_ws/cpp_pubsub/build/cpp_pubsub -- -j8 -l8
[0.041s] [35m[1mConsolidate compiler generated dependencies of target talker[0m
[0.049s] [ 50%] Built target listener
[0.053s] [ 75%] [32mBuilding CXX object CMakeFiles/talker.dir/src/publisher_member_function.cpp.o[0m
[1.520s] [01m[K/home/devuser/AOX/ros_ws/cpp_pubsub/src/publisher_member_function.cpp:29:47:[m[K [01;31m[Kerror: [m[K‘[01m[KNum[m[K’ is not a member of ‘[01m[Ktutorial_interfaces::msg[m[K’
[1.520s]    29 |   rclcpp::Publisher<tutorial_interfaces::msg::[01;31m[KNum[m[K>::SharedPtr publisher_; // CHANGE
[1.520s]       |                                               [01;31m[K^~~[m[K
[1.520s] [01m[K/home/devuser/AOX/ros_ws/cpp_pubsub/src/publisher_member_function.cpp:29:50:[m[K [01;31m[Kerror: [m[Ktemplate argument 1 is invalid
[1.520s]    29 |   rclcpp::Publisher<tutorial_interfaces::msg::Num[01;31m[K>[m[K::SharedPtr publisher_; // CHANGE
[1.520s]       |                                                  [01;31m[K^[m[K
[1.542s] [01m[K/home/devuser/AOX/ros_ws/cpp_pubsub/src/publisher_member_function.cpp:29:53:[m[K [01;31m[Kerror: [m[Kexpected ‘[01m[K;[m[K’ at end of member declaration
[1.542s]    29 |   rclcpp::Publisher<tutorial_interfaces::msg::Num>::[01;31m[KSharedPtr[m[K publisher_; // CHANGE
[1.542s]       |                                                     [01;31m[K^~~~~~~~~[m[K
[1.542s]       |                                                              [32m[K;[m[K
[1.543s] [01m[K/home/devuser/AOX/ros_ws/cpp_pubsub/src/publisher_member_function.cpp:29:63:[m[K [01;31m[Kerror: [m[K‘[01m[Kpublisher_[m[K’ does not name a type; did you mean ‘[01m[Krmw_publisher_t[m[K’?
[1.544s]    29 | rclcpp::Publisher<tutorial_interfaces::msg::Num>::SharedPtr [01;31m[Kpublisher_[m[K; // CHANGE
[1.544s]       |                                                             [01;31m[K^~~~~~~~~~[m[K
[1.544s]       |                                                             [32m[Krmw_publisher_t[m[K
[1.549s] [01m[K/home/devuser/AOX/ros_ws/cpp_pubsub/src/publisher_member_function.cpp:[m[K In constructor ‘[01m[KMinimalPublisher::MinimalPublisher()[m[K’:
[1.549s] [01m[K/home/devuser/AOX/ros_ws/cpp_pubsub/src/publisher_member_function.cpp:15:5:[m[K [01;31m[Kerror: [m[K‘[01m[Kpublisher_[m[K’ was not declared in this scope; did you mean ‘[01m[Krmw_publisher_t[m[K’?
[1.549s]    15 |     [01;31m[Kpublisher_[m[K = this->create_publisher<tutorial_interfaces::msg::Num>("topic", 10); // CHANGE
[1.549s]       |     [01;31m[K^~~~~~~~~~[m[K
[1.549s]       |     [32m[Krmw_publisher_t[m[K
[1.550s] [01m[K/home/devuser/AOX/ros_ws/cpp_pubsub/src/publisher_member_function.cpp:15:67:[m[K [01;31m[Kerror: [m[K‘[01m[KNum[m[K’ is not a member of ‘[01m[Ktutorial_interfaces::msg[m[K’
[1.550s]    15 | blisher_ = this->create_publisher<tutorial_interfaces::msg::[01;31m[KNum[m[K>("topic", 10); // CHANGE
[1.550s]       |                                                             [01;31m[K^~~[m[K
[1.550s] 
[1.550s] [01m[K/home/devuser/AOX/ros_ws/cpp_pubsub/src/publisher_member_function.cpp:15:71:[m[K [01;31m[Kerror: [m[Kno matching function for call to ‘[01m[KMinimalPublisher::create_publisher<<expression error> >(const char [6], int)[m[K’
[1.550s]    15 | her_ = [01;31m[Kthis->create_publisher<tutorial_interfaces::msg::Num>("topic", 10)[m[K; // CHANGE
[1.550s]       |        [01;31m[K~~~~~~~~~~~~~~~~~~~~~~~~~~~~~~~~~~~~~~~~~~~~~~~~~~~~~^~~~~~~~~~~~~[m[K
[1.550s] 
[1.550s] In file included from [01m[K/opt/ros/humble/include/rclcpp/rclcpp/executors/single_threaded_executor.hpp:28[m[K,
[1.550s]                  from [01m[K/opt/ros/humble/include/rclcpp/rclcpp/executors.hpp:22[m[K,
[1.550s]                  from [01m[K/opt/ros/humble/include/rclcpp/rclcpp/rclcpp.hpp:155[m[K,
[1.550s]                  from [01m[K/home/devuser/AOX/ros_ws/cpp_pubsub/src/publisher_member_function.cpp:4[m[K:
[1.550s] [01m[K/opt/ros/humble/include/rclcpp/rclcpp/node.hpp:195:3:[m[K [01;36m[Knote: [m[Kcandidate: ‘[01m[Ktemplate<class MessageT, class AllocatorT, class PublisherT> std::shared_ptr<PublisherT> rclcpp::Node::create_publisher(const string&, const rclcpp::QoS&, const rclcpp::PublisherOptionsWithAllocator<AllocatorT>&)[m[K’
[1.550s]   195 |   [01;36m[Kcreate_publisher[m[K(
[1.550s]       |   [01;36m[K^~~~~~~~~~~~~~~~[m[K
[1.550s] [01m[K/opt/ros/humble/include/rclcpp/rclcpp/node.hpp:195:3:[m[K [01;36m[Knote: [m[K  template argument deduction/substitution failed:
[1.551s] [01m[K/home/devuser/AOX/ros_ws/cpp_pubsub/src/publisher_member_function.cpp:15:71:[m[K [01;31m[Kerror: [m[Ktemplate argument 1 is invalid
[1.551s]    15 | her_ = [01;31m[Kthis->create_publisher<tutorial_interfaces::msg::Num>("topic", 10)[m[K; // CHANGE
[1.551s]       |        [01;31m[K~~~~~~~~~~~~~~~~~~~~~~~~~~~~~~~~~~~~~~~~~~~~~~~~~~~~~^~~~~~~~~~~~~[m[K
[1.551s] 
[1.557s] [01m[K/home/devuser/AOX/ros_ws/cpp_pubsub/src/publisher_member_function.cpp:[m[K In member function ‘[01m[Kvoid MinimalPublisher::timer_callback()[m[K’:
[1.557s] [01m[K/home/devuser/AOX/ros_ws/cpp_pubsub/src/publisher_member_function.cpp:23:46:[m[K [01;31m[Kerror: [m[K‘[01m[KNum[m[K’ is not a member of ‘[01m[Ktutorial_interfaces::msg[m[K’
[1.557s]    23 |     auto message = tutorial_interfaces::msg::[01;31m[KNum[m[K();                   // CHANGE
[1.557s]       |                                              [01;31m[K^~~[m[K
[1.561s] [01m[K/home/devuser/AOX/ros_ws/cpp_pubsub/src/publisher_member_function.cpp:26:5:[m[K [01;31m[Kerror: [m[K‘[01m[Kpublisher_[m[K’ was not declared in this scope; did you mean ‘[01m[Krmw_publisher_t[m[K’?
[1.561s]    26 |     [01;31m[Kpublisher_[m[K->publish(message);
[1.562s]       |     [01;31m[K^~~~~~~~~~[m[K
[1.562s]       |     [32m[Krmw_publisher_t[m[K
[1.875s] gmake[2]: *** [CMakeFiles/talker.dir/build.make:76: CMakeFiles/talker.dir/src/publisher_member_function.cpp.o] Error 1
[1.875s] gmake[1]: *** [CMakeFiles/Makefile2:139: CMakeFiles/talker.dir/all] Error 2
[1.875s] gmake: *** [Makefile:146: all] Error 2
[1.877s] Invoked command in '/home/devuser/AOX/ros_ws/cpp_pubsub/build/cpp_pubsub' returned '2': CMAKE_PREFIX_PATH=${CMAKE_PREFIX_PATH}:/opt/ros/humble /usr/bin/cmake --build /home/devuser/AOX/ros_ws/cpp_pubsub/build/cpp_pubsub -- -j8 -l8
