[0.019s] Invoking command in '/home/devuser/AOX/ros_ws/cpp_pubsub/src/tutorial_interfaces/build/tutorial_interfaces': CMAKE_PREFIX_PATH=${CMAKE_PREFIX_PATH}:/opt/ros/humble /usr/bin/cmake /home/devuser/AOX/ros_ws/cpp_pubsub/src/tutorial_interfaces -DCMAKE_INSTALL_PREFIX=/home/devuser/AOX/ros_ws/cpp_pubsub/src/tutorial_interfaces/install/tutorial_interfaces
[0.030s] -- Found ament_cmake: 1.3.5 (/opt/ros/humble/share/ament_cmake/cmake)
[0.138s] -- Found geometry_msgs: 4.2.3 (/opt/ros/humble/share/geometry_msgs/cmake)
[0.155s] -- Found rosidl_generator_c: 3.1.5 (/opt/ros/humble/share/rosidl_generator_c/cmake)
[0.157s] -- Found rosidl_adapter: 3.1.5 (/opt/ros/humble/share/rosidl_adapter/cmake)
[0.161s] -- Found rosidl_generator_cpp: 3.1.5 (/opt/ros/humble/share/rosidl_generator_cpp/cmake)
[0.169s] -- Using all available rosidl_typesupport_c: rosidl_typesupport_fastrtps_c;rosidl_typesupport_introspection_c
[0.180s] -- Using all available rosidl_typesupport_cpp: rosidl_typesupport_fastrtps_cpp;rosidl_typesupport_introspection_cpp
[0.268s] -- Found rosidl_default_generators: 1.2.0 (/opt/ros/humble/share/rosidl_default_generators/cmake)
[0.402s] [31mCMake Error at /opt/ros/humble/share/rosidl_adapter/cmake/rosidl_adapt_interfaces.cmake:59 (message):
[0.402s]   execute_process(/usr/bin/python3.10 -m rosidl_adapter --package-name
[0.402s]   tutorial_interfaces --arguments-file
[0.402s]   /home/devuser/AOX/ros_ws/cpp_pubsub/src/tutorial_interfaces/build/tutorial_interfaces/rosidl_adapter__arguments__tutorial_interfaces.json
[0.402s]   --output-dir
[0.402s]   /home/devuser/AOX/ros_ws/cpp_pubsub/src/tutorial_interfaces/build/tutorial_interfaces/rosidl_adapter/tutorial_interfaces
[0.402s]   --output-file
[0.402s]   /home/devuser/AOX/ros_ws/cpp_pubsub/src/tutorial_interfaces/build/tutorial_interfaces/rosidl_adapter/tutorial_interfaces.idls)
[0.402s]   returned error code 1:
[0.402s] 
[0.402s]   Error with: tutorial_interfaces Empty_Response success
[0.402s] 
[0.402s]   Traceback (most recent call last):
[0.402s] 
[0.403s]     File "/usr/lib/python3.10/runpy.py", line 196, in _run_module_as_main
[0.403s]       return _run_code(code, main_globals, None,
[0.403s]     File "/usr/lib/python3.10/runpy.py", line 86, in _run_code
[0.403s]       exec(code, run_globals)
[0.403s]     File "/opt/ros/humble/local/lib/python3.10/dist-packages/rosidl_adapter/__main__.py", line 19, in <module>
[0.403s]       sys.exit(main())
[0.403s]     File "/opt/ros/humble/local/lib/python3.10/dist-packages/rosidl_adapter/main.py", line 53, in main
[0.403s]       abs_idl_file = convert_to_idl(
[0.403s]     File "/opt/ros/humble/local/lib/python3.10/dist-packages/rosidl_adapter/__init__.py", line 24, in convert_to_idl
[0.403s]       return convert_srv_to_idl(
[0.403s]     File "/opt/ros/humble/local/lib/python3.10/dist-packages/rosidl_adapter/srv/__init__.py", line 28, in convert_srv_to_idl
[0.403s]       srv = parse_service_string(package_name, input_file.stem, content)
[0.403s]     File "/opt/ros/humble/local/lib/python3.10/dist-packages/rosidl_adapter/parser.py", line 863, in parse_service_string
[0.403s]       response_message = parse_message_string(
[0.403s]     File "/opt/ros/humble/local/lib/python3.10/dist-packages/rosidl_adapter/parser.py", line 510, in parse_message_string
[0.403s]       raise InvalidFieldDefinition(line)
[0.403s] 
[0.403s]   rosidl_adapter.parser.InvalidFieldDefinition: success
[0.403s] 
[0.403s] Call Stack (most recent call first):
[0.403s]   /opt/ros/humble/share/rosidl_cmake/cmake/rosidl_generate_interfaces.cmake:130 (rosidl_adapt_interfaces)
[0.403s]   CMakeLists.txt:16 (rosidl_generate_interfaces)
[0.403s] 
[0.404s] [0m
[0.404s] -- Configuring incomplete, errors occurred!
[0.404s] See also "/home/devuser/AOX/ros_ws/cpp_pubsub/src/tutorial_interfaces/build/tutorial_interfaces/CMakeFiles/CMakeOutput.log".
[0.406s] Invoked command in '/home/devuser/AOX/ros_ws/cpp_pubsub/src/tutorial_interfaces/build/tutorial_interfaces' returned '1': CMAKE_PREFIX_PATH=${CMAKE_PREFIX_PATH}:/opt/ros/humble /usr/bin/cmake /home/devuser/AOX/ros_ws/cpp_pubsub/src/tutorial_interfaces -DCMAKE_INSTALL_PREFIX=/home/devuser/AOX/ros_ws/cpp_pubsub/src/tutorial_interfaces/install/tutorial_interfaces
