[01m[K/home/devuser/ros2_ws/src/cpp_srvcli/src/add_two_ints_server.cpp:15:57:[m[K [01;31m[Kerror: [m[K‘[01m[KSubTwoInts[m[K’ is not a member of ‘[01m[Kexample_interfaces::srv[m[K’; did you mean ‘[01m[KAddTwoInts[m[K’?
   15 | void sub(const std::shared_ptr<example_interfaces::srv::[01;31m[KSubTwoInts[m[K::Request> request,
      |                                                         [01;31m[K^~~~~~~~~~[m[K
      |                                                         [32m[KAddTwoInts[m[K
[01m[K/home/devuser/ros2_ws/src/cpp_srvcli/src/add_two_ints_server.cpp:15:76:[m[K [01;31m[Kerror: [m[Ktemplate argument 1 is invalid
   15 | void sub(const std::shared_ptr<example_interfaces::srv::SubTwoInts::Request[01;31m[K>[m[K request,
      |                                                                            [01;31m[K^[m[K
[01m[K/home/devuser/ros2_ws/src/cpp_srvcli/src/add_two_ints_server.cpp:15:57:[m[K [01;31m[Kerror: [m[K‘[01m[KSubTwoInts[m[K’ is not a member of ‘[01m[Kexample_interfaces::srv[m[K’; did you mean ‘[01m[KAddTwoInts[m[K’?
   15 | void sub(const std::shared_ptr<example_interfaces::srv::[01;31m[KSubTwoInts[m[K::Request> request,
      |                                                         [01;31m[K^~~~~~~~~~[m[K
      |                                                         [32m[KAddTwoInts[m[K
[01m[K/home/devuser/ros2_ws/src/cpp_srvcli/src/add_two_ints_server.cpp:15:76:[m[K [01;31m[Kerror: [m[Ktemplate argument 1 is invalid
   15 | void sub(const std::shared_ptr<example_interfaces::srv::SubTwoInts::Request[01;31m[K>[m[K request,
      |                                                                            [01;31m[K^[m[K
[01m[K/home/devuser/ros2_ws/src/cpp_srvcli/src/add_two_ints_server.cpp:15:57:[m[K [01;31m[Kerror: [m[K‘[01m[KSubTwoInts[m[K’ is not a member of ‘[01m[Kexample_interfaces::srv[m[K’; did you mean ‘[01m[KAddTwoInts[m[K’?
   15 | void sub(const std::shared_ptr<example_interfaces::srv::[01;31m[KSubTwoInts[m[K::Request> request,
      |                                                         [01;31m[K^~~~~~~~~~[m[K
      |                                                         [32m[KAddTwoInts[m[K
[01m[K/home/devuser/ros2_ws/src/cpp_srvcli/src/add_two_ints_server.cpp:15:76:[m[K [01;31m[Kerror: [m[Ktemplate argument 1 is invalid
   15 | void sub(const std::shared_ptr<example_interfaces::srv::SubTwoInts::Request[01;31m[K>[m[K request,
      |                                                                            [01;31m[K^[m[K
[01m[K/home/devuser/ros2_ws/src/cpp_srvcli/src/add_two_ints_server.cpp:15:16:[m[K [01;31m[Kerror: [m[Kinvalid template-id
   15 | void sub(const [01;31m[Kstd[m[K::shared_ptr<example_interfaces::srv::SubTwoInts::Request> request,
      |                [01;31m[K^~~[m[K
[01m[K/home/devuser/ros2_ws/src/cpp_srvcli/src/add_two_ints_server.cpp:15:57:[m[K [01;31m[Kerror: [m[K‘[01m[KSubTwoInts[m[K’ is not a member of ‘[01m[Kexample_interfaces::srv[m[K’; did you mean ‘[01m[KAddTwoInts[m[K’?
   15 | void sub(const std::shared_ptr<example_interfaces::srv::[01;31m[KSubTwoInts[m[K::Request> request,
      |                                                         [01;31m[K^~~~~~~~~~[m[K
      |                                                         [32m[KAddTwoInts[m[K
[01m[K/home/devuser/ros2_ws/src/cpp_srvcli/src/add_two_ints_server.cpp:15:6:[m[K [01;31m[Kerror: [m[Kvariable or field ‘[01m[Ksub[m[K’ declared void
   15 | void [01;31m[Ksub[m[K(const std::shared_ptr<example_interfaces::srv::SubTwoInts::Request> request,
      |      [01;31m[K^~~[m[K
[01m[K/home/devuser/ros2_ws/src/cpp_srvcli/src/add_two_ints_server.cpp:15:10:[m[K [01;31m[Kerror: [m[Kexpected primary-expression before ‘[01m[Kconst[m[K’
   15 | void sub([01;31m[Kconst[m[K std::shared_ptr<example_interfaces::srv::SubTwoInts::Request> request,
      |          [01;31m[K^~~~~[m[K
[01m[K/home/devuser/ros2_ws/src/cpp_srvcli/src/add_two_ints_server.cpp:16:52:[m[K [01;31m[Kerror: [m[K‘[01m[KSubTwoInts[m[K’ is not a member of ‘[01m[Kexample_interfaces::srv[m[K’; did you mean ‘[01m[KAddTwoInts[m[K’?
   16 |           std::shared_ptr<example_interfaces::srv::[01;31m[KSubTwoInts[m[K::Response>      response)
      |                                                    [01;31m[K^~~~~~~~~~[m[K
      |                                                    [32m[KAddTwoInts[m[K
[01m[K/home/devuser/ros2_ws/src/cpp_srvcli/src/add_two_ints_server.cpp:16:72:[m[K [01;31m[Kerror: [m[Ktemplate argument 1 is invalid
   16 |           std::shared_ptr<example_interfaces::srv::SubTwoInts::Response[01;31m[K>[m[K      response)
      |                                                                        [01;31m[K^[m[K
gmake[2]: *** [CMakeFiles/server.dir/build.make:76: CMakeFiles/server.dir/src/add_two_ints_server.cpp.o] Error 1
gmake[1]: *** [CMakeFiles/Makefile2:139: CMakeFiles/server.dir/all] Error 2
gmake: *** [Makefile:146: all] Error 2
