[0.026s] Invoking command in '/home/devuser/ros2_ws/build/cpp_srvcli': CMAKE_PREFIX_PATH=${CMAKE_PREFIX_PATH}:/opt/ros/humble /usr/bin/cmake --build /home/devuser/ros2_ws/build/cpp_srvcli -- -j8 -l8
[0.049s] -- Found ament_cmake: 1.3.5 (/opt/ros/humble/share/ament_cmake/cmake)
[0.189s] -- Found rclcpp: 16.0.5 (/opt/ros/humble/share/rclcpp/cmake)
[0.217s] -- Found rosidl_generator_c: 3.1.5 (/opt/ros/humble/share/rosidl_generator_c/cmake)
[0.220s] -- Found rosidl_adapter: 3.1.5 (/opt/ros/humble/share/rosidl_adapter/cmake)
[0.226s] -- Found rosidl_generator_cpp: 3.1.5 (/opt/ros/humble/share/rosidl_generator_cpp/cmake)
[0.238s] -- Using all available rosidl_typesupport_c: rosidl_typesupport_fastrtps_c;rosidl_typesupport_introspection_c
[0.255s] -- Using all available rosidl_typesupport_cpp: rosidl_typesupport_fastrtps_cpp;rosidl_typesupport_introspection_cpp
[0.317s] -- Found rmw_implementation_cmake: 6.1.1 (/opt/ros/humble/share/rmw_implementation_cmake/cmake)
[0.318s] -- Found rmw_fastrtps_cpp: 6.2.3 (/opt/ros/humble/share/rmw_fastrtps_cpp/cmake)
[0.433s] -- Using RMW implementation 'rmw_fastrtps_cpp' as default
[0.610s] -- Found example_interfaces: 0.9.3 (/opt/ros/humble/share/example_interfaces/cmake)
[0.825s] -- Configuring done
[0.836s] -- Generating done
[0.838s] -- Build files have been written to: /home/devuser/ros2_ws/build/cpp_srvcli
[0.862s] [35m[1mConsolidate compiler generated dependencies of target server[0m
[0.863s] [35m[1mConsolidate compiler generated dependencies of target client[0m
[0.878s] [ 50%] [32mBuilding CXX object CMakeFiles/server.dir/src/add_two_ints_server.cpp.o[0m
[0.878s] [ 75%] Built target client
[3.165s] [01m[K/home/devuser/ros2_ws/src/cpp_srvcli/src/add_two_ints_server.cpp:15:57:[m[K [01;31m[Kerror: [m[K‘[01m[KSubTwoInts[m[K’ is not a member of ‘[01m[Kexample_interfaces::srv[m[K’; did you mean ‘[01m[KAddTwoInts[m[K’?
[3.165s]    15 | void sub(const std::shared_ptr<example_interfaces::srv::[01;31m[KSubTwoInts[m[K::Request> request,
[3.166s]       |                                                         [01;31m[K^~~~~~~~~~[m[K
[3.166s]       |                                                         [32m[KAddTwoInts[m[K
[3.166s] [01m[K/home/devuser/ros2_ws/src/cpp_srvcli/src/add_two_ints_server.cpp:15:76:[m[K [01;31m[Kerror: [m[Ktemplate argument 1 is invalid
[3.166s]    15 | void sub(const std::shared_ptr<example_interfaces::srv::SubTwoInts::Request[01;31m[K>[m[K request,
[3.166s]       |                                                                            [01;31m[K^[m[K
[3.166s] [01m[K/home/devuser/ros2_ws/src/cpp_srvcli/src/add_two_ints_server.cpp:15:57:[m[K [01;31m[Kerror: [m[K‘[01m[KSubTwoInts[m[K’ is not a member of ‘[01m[Kexample_interfaces::srv[m[K’; did you mean ‘[01m[KAddTwoInts[m[K’?
[3.166s]    15 | void sub(const std::shared_ptr<example_interfaces::srv::[01;31m[KSubTwoInts[m[K::Request> request,
[3.166s]       |                                                         [01;31m[K^~~~~~~~~~[m[K
[3.166s]       |                                                         [32m[KAddTwoInts[m[K
[3.167s] [01m[K/home/devuser/ros2_ws/src/cpp_srvcli/src/add_two_ints_server.cpp:15:76:[m[K [01;31m[Kerror: [m[Ktemplate argument 1 is invalid
[3.167s]    15 | void sub(const std::shared_ptr<example_interfaces::srv::SubTwoInts::Request[01;31m[K>[m[K request,
[3.167s]       |                                                                            [01;31m[K^[m[K
[3.167s] [01m[K/home/devuser/ros2_ws/src/cpp_srvcli/src/add_two_ints_server.cpp:15:57:[m[K [01;31m[Kerror: [m[K‘[01m[KSubTwoInts[m[K’ is not a member of ‘[01m[Kexample_interfaces::srv[m[K’; did you mean ‘[01m[KAddTwoInts[m[K’?
[3.167s]    15 | void sub(const std::shared_ptr<example_interfaces::srv::[01;31m[KSubTwoInts[m[K::Request> request,
[3.167s]       |                                                         [01;31m[K^~~~~~~~~~[m[K
[3.167s]       |                                                         [32m[KAddTwoInts[m[K
[3.167s] [01m[K/home/devuser/ros2_ws/src/cpp_srvcli/src/add_two_ints_server.cpp:15:76:[m[K [01;31m[Kerror: [m[Ktemplate argument 1 is invalid
[3.167s]    15 | void sub(const std::shared_ptr<example_interfaces::srv::SubTwoInts::Request[01;31m[K>[m[K request,
[3.167s]       |                                                                            [01;31m[K^[m[K
[3.168s] [01m[K/home/devuser/ros2_ws/src/cpp_srvcli/src/add_two_ints_server.cpp:15:16:[m[K [01;31m[Kerror: [m[Kinvalid template-id
[3.168s]    15 | void sub(const [01;31m[Kstd[m[K::shared_ptr<example_interfaces::srv::SubTwoInts::Request> request,
[3.168s]       |                [01;31m[K^~~[m[K
[3.168s] [01m[K/home/devuser/ros2_ws/src/cpp_srvcli/src/add_two_ints_server.cpp:15:57:[m[K [01;31m[Kerror: [m[K‘[01m[KSubTwoInts[m[K’ is not a member of ‘[01m[Kexample_interfaces::srv[m[K’; did you mean ‘[01m[KAddTwoInts[m[K’?
[3.168s]    15 | void sub(const std::shared_ptr<example_interfaces::srv::[01;31m[KSubTwoInts[m[K::Request> request,
[3.168s]       |                                                         [01;31m[K^~~~~~~~~~[m[K
[3.168s]       |                                                         [32m[KAddTwoInts[m[K
[3.168s] [01m[K/home/devuser/ros2_ws/src/cpp_srvcli/src/add_two_ints_server.cpp:15:6:[m[K [01;31m[Kerror: [m[Kvariable or field ‘[01m[Ksub[m[K’ declared void
[3.168s]    15 | void [01;31m[Ksub[m[K(const std::shared_ptr<example_interfaces::srv::SubTwoInts::Request> request,
[3.169s]       |      [01;31m[K^~~[m[K
[3.169s] [01m[K/home/devuser/ros2_ws/src/cpp_srvcli/src/add_two_ints_server.cpp:15:10:[m[K [01;31m[Kerror: [m[Kexpected primary-expression before ‘[01m[Kconst[m[K’
[3.169s]    15 | void sub([01;31m[Kconst[m[K std::shared_ptr<example_interfaces::srv::SubTwoInts::Request> request,
[3.169s]       |          [01;31m[K^~~~~[m[K
[3.169s] [01m[K/home/devuser/ros2_ws/src/cpp_srvcli/src/add_two_ints_server.cpp:16:52:[m[K [01;31m[Kerror: [m[K‘[01m[KSubTwoInts[m[K’ is not a member of ‘[01m[Kexample_interfaces::srv[m[K’; did you mean ‘[01m[KAddTwoInts[m[K’?
[3.169s]    16 |           std::shared_ptr<example_interfaces::srv::[01;31m[KSubTwoInts[m[K::Response>      response)
[3.169s]       |                                                    [01;31m[K^~~~~~~~~~[m[K
[3.169s]       |                                                    [32m[KAddTwoInts[m[K
[3.169s] [01m[K/home/devuser/ros2_ws/src/cpp_srvcli/src/add_two_ints_server.cpp:16:72:[m[K [01;31m[Kerror: [m[Ktemplate argument 1 is invalid
[3.170s]    16 |           std::shared_ptr<example_interfaces::srv::SubTwoInts::Response[01;31m[K>[m[K      response)
[3.170s]       |                                                                        [01;31m[K^[m[K
[3.759s] gmake[2]: *** [CMakeFiles/server.dir/build.make:76: CMakeFiles/server.dir/src/add_two_ints_server.cpp.o] Error 1
[3.759s] gmake[1]: *** [CMakeFiles/Makefile2:139: CMakeFiles/server.dir/all] Error 2
[3.760s] gmake: *** [Makefile:146: all] Error 2
[3.762s] Invoked command in '/home/devuser/ros2_ws/build/cpp_srvcli' returned '2': CMAKE_PREFIX_PATH=${CMAKE_PREFIX_PATH}:/opt/ros/humble /usr/bin/cmake --build /home/devuser/ros2_ws/build/cpp_srvcli -- -j8 -l8
