[0.257s] DEBUG:colcon:Command line arguments: ['/home/devuser/.local/bin/colcon', 'build', '--packages-select', 'lcm_service']
[0.257s] DEBUG:colcon:Parsed command line arguments: Namespace(log_base=None, log_level=None, verb_name='build', build_base='build', install_base='install', merge_install=False, symlink_install=False, test_result_base=None, continue_on_error=False, executor='parallel', parallel_workers=8, event_handlers=None, ignore_user_meta=False, metas=['./colcon.meta'], base_paths=['.'], packages_ignore=None, packages_ignore_regex=None, paths=None, packages_up_to=None, packages_up_to_regex=None, packages_above=None, packages_above_and_dependencies=None, packages_above_depth=None, packages_select_by_dep=None, packages_skip_by_dep=None, packages_skip_up_to=None, packages_select_build_failed=False, packages_skip_build_finished=False, packages_select_test_failures=False, packages_skip_test_passed=False, packages_select=['lcm_service'], packages_skip=None, packages_select_regex=None, packages_skip_regex=None, packages_start=None, packages_end=None, allow_overriding=[], cmake_args=None, cmake_target=None, cmake_target_skip_unavailable=False, cmake_clean_cache=False, cmake_clean_first=False, cmake_force_configure=False, ament_cmake_args=None, catkin_cmake_args=None, catkin_skip_building_tests=False, verb_parser=<colcon_defaults.argument_parser.defaults.DefaultArgumentsDecorator object at 0x7f36e8340070>, verb_extension=<colcon_core.verb.build.BuildVerb object at 0x7f36e8ce89d0>, main=<bound method BuildVerb.main of <colcon_core.verb.build.BuildVerb object at 0x7f36e8ce89d0>>)
[0.275s] Level 1:colcon.colcon_core.package_discovery:discover_packages(colcon_meta) check parameters
[0.275s] Level 1:colcon.colcon_core.package_discovery:discover_packages(recursive) check parameters
[0.275s] Level 1:colcon.colcon_core.package_discovery:discover_packages(ignore) check parameters
[0.275s] Level 1:colcon.colcon_core.package_discovery:discover_packages(path) check parameters
[0.275s] Level 1:colcon.colcon_core.package_discovery:discover_packages(colcon_meta) discover
[0.275s] Level 1:colcon.colcon_core.package_discovery:discover_packages(recursive) discover
[0.275s] INFO:colcon.colcon_core.package_discovery:Crawling recursively for packages in '/home/devuser/AOX/ROS2/src/lcm_service'
[0.275s] Level 1:colcon.colcon_core.package_identification:_identify(.) by extensions ['ignore', 'ignore_ament_install']
[0.275s] Level 1:colcon.colcon_core.package_identification:_identify(.) by extension 'ignore'
[0.275s] Level 1:colcon.colcon_core.package_identification:_identify(.) by extension 'ignore_ament_install'
[0.275s] Level 1:colcon.colcon_core.package_identification:_identify(.) by extensions ['colcon_pkg']
[0.275s] Level 1:colcon.colcon_core.package_identification:_identify(.) by extension 'colcon_pkg'
[0.275s] Level 1:colcon.colcon_core.package_identification:_identify(.) by extensions ['colcon_meta']
[0.275s] Level 1:colcon.colcon_core.package_identification:_identify(.) by extension 'colcon_meta'
[0.275s] Level 1:colcon.colcon_core.package_identification:_identify(.) by extensions ['ros']
[0.275s] Level 1:colcon.colcon_core.package_identification:_identify(.) by extension 'ros'
[0.285s] DEBUG:colcon.colcon_core.package_identification:Package '.' with type 'ros.ament_cmake' and name 'lcm_service'
[0.285s] Level 1:colcon.colcon_core.package_discovery:discover_packages(recursive) using defaults
[0.285s] Level 1:colcon.colcon_core.package_discovery:discover_packages(ignore) discover
[0.285s] Level 1:colcon.colcon_core.package_discovery:discover_packages(ignore) using defaults
[0.285s] Level 1:colcon.colcon_core.package_discovery:discover_packages(path) discover
[0.285s] Level 1:colcon.colcon_core.package_discovery:discover_packages(path) using defaults
[0.304s] Level 1:colcon.colcon_core.package_discovery:discover_packages(prefix_path) check parameters
[0.304s] Level 1:colcon.colcon_core.package_discovery:discover_packages(prefix_path) discover
[0.306s] DEBUG:colcon.colcon_installed_package_information.package_discovery:Found 2 installed packages in /home/devuser/AOX/ROS2/src/install
[0.308s] DEBUG:colcon.colcon_installed_package_information.package_discovery:Found 1 installed packages in /home/devuser/AOX/ROS2/src/lcm_topic/install
[0.308s] DEBUG:colcon.colcon_installed_package_information.package_discovery:Found 1 installed packages in /home/devuser/AOX/ROS2/src/tutorial_interfaces/install
[0.309s] DEBUG:colcon.colcon_installed_package_information.package_discovery:Found 1 installed packages in /home/devuser/AOX/ROS2/src/lcm_service/install
[0.311s] DEBUG:colcon.colcon_installed_package_information.package_discovery:Found 284 installed packages in /opt/ros/humble
[0.312s] Level 1:colcon.colcon_core.package_discovery:discover_packages(prefix_path) using defaults
[0.353s] Level 5:colcon.colcon_core.verb:set package 'lcm_service' build argument 'cmake_args' from command line to 'None'
[0.354s] Level 5:colcon.colcon_core.verb:set package 'lcm_service' build argument 'cmake_target' from command line to 'None'
[0.354s] Level 5:colcon.colcon_core.verb:set package 'lcm_service' build argument 'cmake_target_skip_unavailable' from command line to 'False'
[0.354s] Level 5:colcon.colcon_core.verb:set package 'lcm_service' build argument 'cmake_clean_cache' from command line to 'False'
[0.354s] Level 5:colcon.colcon_core.verb:set package 'lcm_service' build argument 'cmake_clean_first' from command line to 'False'
[0.354s] Level 5:colcon.colcon_core.verb:set package 'lcm_service' build argument 'cmake_force_configure' from command line to 'False'
[0.354s] Level 5:colcon.colcon_core.verb:set package 'lcm_service' build argument 'ament_cmake_args' from command line to 'None'
[0.354s] Level 5:colcon.colcon_core.verb:set package 'lcm_service' build argument 'catkin_cmake_args' from command line to 'None'
[0.354s] Level 5:colcon.colcon_core.verb:set package 'lcm_service' build argument 'catkin_skip_building_tests' from command line to 'False'
[0.354s] DEBUG:colcon.colcon_core.verb:Building package 'lcm_service' with the following arguments: {'ament_cmake_args': None, 'build_base': '/home/devuser/AOX/ROS2/src/lcm_service/build/lcm_service', 'catkin_cmake_args': None, 'catkin_skip_building_tests': False, 'cmake_args': None, 'cmake_clean_cache': False, 'cmake_clean_first': False, 'cmake_force_configure': False, 'cmake_target': None, 'cmake_target_skip_unavailable': False, 'install_base': '/home/devuser/AOX/ROS2/src/lcm_service/install/lcm_service', 'merge_install': False, 'path': '/home/devuser/AOX/ROS2/src/lcm_service', 'symlink_install': False, 'test_result_base': None}
[0.355s] INFO:colcon.colcon_core.executor:Executing jobs using 'parallel' executor
[0.359s] DEBUG:colcon.colcon_parallel_executor.executor.parallel:run_until_complete
[0.360s] INFO:colcon.colcon_ros.task.ament_cmake.build:Building ROS package in '/home/devuser/AOX/ROS2/src/lcm_service' with build type 'ament_cmake'
[0.360s] INFO:colcon.colcon_cmake.task.cmake.build:Building CMake package in '/home/devuser/AOX/ROS2/src/lcm_service'
[0.364s] INFO:colcon.colcon_core.plugin_system:Skipping extension 'colcon_core.shell.bat': Not used on non-Windows systems
[0.364s] INFO:colcon.colcon_core.shell:Skip shell extension 'powershell' for command environment: Not usable outside of PowerShell
[0.364s] DEBUG:colcon.colcon_core.shell:Skip shell extension 'dsv' for command environment
[0.374s] DEBUG:colcon.colcon_core.event_handler.log_command:Invoking command in '/home/devuser/AOX/ROS2/src/lcm_service/build/lcm_service': CMAKE_PREFIX_PATH=${CMAKE_PREFIX_PATH}:/opt/ros/humble /usr/bin/cmake /home/devuser/AOX/ROS2/src/lcm_service -DCMAKE_INSTALL_PREFIX=/home/devuser/AOX/ROS2/src/lcm_service/install/lcm_service
[1.100s] DEBUG:colcon.colcon_core.event_handler.log_command:Invoked command in '/home/devuser/AOX/ROS2/src/lcm_service/build/lcm_service' returned '0': CMAKE_PREFIX_PATH=${CMAKE_PREFIX_PATH}:/opt/ros/humble /usr/bin/cmake /home/devuser/AOX/ROS2/src/lcm_service -DCMAKE_INSTALL_PREFIX=/home/devuser/AOX/ROS2/src/lcm_service/install/lcm_service
[1.102s] DEBUG:colcon.colcon_core.event_handler.log_command:Invoking command in '/home/devuser/AOX/ROS2/src/lcm_service/build/lcm_service': CMAKE_PREFIX_PATH=${CMAKE_PREFIX_PATH}:/opt/ros/humble /usr/bin/cmake --build /home/devuser/AOX/ROS2/src/lcm_service/build/lcm_service -- -j8 -l8
[4.130s] DEBUG:colcon.colcon_core.event_handler.log_command:Invoked command in '/home/devuser/AOX/ROS2/src/lcm_service/build/lcm_service' returned '2': CMAKE_PREFIX_PATH=${CMAKE_PREFIX_PATH}:/opt/ros/humble /usr/bin/cmake --build /home/devuser/AOX/ROS2/src/lcm_service/build/lcm_service -- -j8 -l8
[4.152s] Level 1:colcon.colcon_core.environment:create_environment_scripts_only(lcm_service)
[4.156s] Level 1:colcon.colcon_core.environment:checking '/home/devuser/AOX/ROS2/src/lcm_service/install/lcm_service' for CMake module files
[4.157s] Level 1:colcon.colcon_core.environment:checking '/home/devuser/AOX/ROS2/src/lcm_service/install/lcm_service' for CMake config files
[4.157s] Level 1:colcon.colcon_core.environment:checking '/home/devuser/AOX/ROS2/src/lcm_service/install/lcm_service/bin'
[4.157s] Level 1:colcon.colcon_core.environment:checking '/home/devuser/AOX/ROS2/src/lcm_service/install/lcm_service/lib/pkgconfig/lcm_service.pc'
[4.157s] Level 1:colcon.colcon_core.environment:checking '/home/devuser/AOX/ROS2/src/lcm_service/install/lcm_service/lib/python3.10/site-packages'
[4.157s] Level 1:colcon.colcon_core.environment:checking '/home/devuser/AOX/ROS2/src/lcm_service/install/lcm_service/bin'
[4.159s] INFO:colcon.colcon_core.shell:Creating package script '/home/devuser/AOX/ROS2/src/lcm_service/install/lcm_service/share/lcm_service/package.ps1'
[4.160s] INFO:colcon.colcon_core.shell:Creating package descriptor '/home/devuser/AOX/ROS2/src/lcm_service/install/lcm_service/share/lcm_service/package.dsv'
[4.160s] INFO:colcon.colcon_core.shell:Creating package script '/home/devuser/AOX/ROS2/src/lcm_service/install/lcm_service/share/lcm_service/package.sh'
[4.161s] INFO:colcon.colcon_core.shell:Creating package script '/home/devuser/AOX/ROS2/src/lcm_service/install/lcm_service/share/lcm_service/package.bash'
[4.161s] INFO:colcon.colcon_core.shell:Creating package script '/home/devuser/AOX/ROS2/src/lcm_service/install/lcm_service/share/lcm_service/package.zsh'
[4.161s] Level 1:colcon.colcon_core.environment:create_file_with_runtime_dependencies(/home/devuser/AOX/ROS2/src/lcm_service/install/lcm_service/share/colcon-core/packages/lcm_service)
[4.172s] DEBUG:colcon.colcon_parallel_executor.executor.parallel:closing loop
[4.172s] DEBUG:colcon.colcon_parallel_executor.executor.parallel:loop closed
[4.172s] DEBUG:colcon.colcon_parallel_executor.executor.parallel:run_until_complete finished with '2'
[4.172s] DEBUG:colcon.colcon_core.event_reactor:joining thread
[4.185s] INFO:colcon.colcon_core.plugin_system:Skipping extension 'colcon_notification.desktop_notification.terminal_notifier': Not used on non-Darwin systems
[4.185s] INFO:colcon.colcon_core.plugin_system:Skipping extension 'colcon_notification.desktop_notification.win32': Not used on non-Windows systems
[4.185s] INFO:colcon.colcon_notification.desktop_notification:Sending desktop notification using 'notify2'
[4.193s] DEBUG:colcon.colcon_core.event_reactor:joined thread
[4.196s] INFO:colcon.colcon_core.shell:Creating prefix script '/home/devuser/AOX/ROS2/src/lcm_service/install/local_setup.ps1'
[4.197s] INFO:colcon.colcon_core.shell:Creating prefix util module '/home/devuser/AOX/ROS2/src/lcm_service/install/_local_setup_util_ps1.py'
[4.198s] INFO:colcon.colcon_core.shell:Creating prefix chain script '/home/devuser/AOX/ROS2/src/lcm_service/install/setup.ps1'
[4.199s] INFO:colcon.colcon_core.shell:Creating prefix script '/home/devuser/AOX/ROS2/src/lcm_service/install/local_setup.sh'
[4.199s] INFO:colcon.colcon_core.shell:Creating prefix util module '/home/devuser/AOX/ROS2/src/lcm_service/install/_local_setup_util_sh.py'
[4.200s] INFO:colcon.colcon_core.shell:Creating prefix chain script '/home/devuser/AOX/ROS2/src/lcm_service/install/setup.sh'
[4.201s] INFO:colcon.colcon_core.shell:Creating prefix script '/home/devuser/AOX/ROS2/src/lcm_service/install/local_setup.bash'
[4.202s] INFO:colcon.colcon_core.shell:Creating prefix chain script '/home/devuser/AOX/ROS2/src/lcm_service/install/setup.bash'
[4.204s] INFO:colcon.colcon_core.shell:Creating prefix script '/home/devuser/AOX/ROS2/src/lcm_service/install/local_setup.zsh'
[4.204s] INFO:colcon.colcon_core.shell:Creating prefix chain script '/home/devuser/AOX/ROS2/src/lcm_service/install/setup.zsh'
