[0.025s] Invoking command in '/home/devuser/ros2_ws/build/tutorial_interfaces': CMAKE_PREFIX_PATH=${CMAKE_PREFIX_PATH}:/opt/ros/humble /usr/bin/cmake --build /home/devuser/ros2_ws/build/tutorial_interfaces -- -j8 -l8
[0.114s] -- Found ament_cmake: 1.3.5 (/opt/ros/humble/share/ament_cmake/cmake)
[0.274s] -- Found geometry_msgs: 4.2.3 (/opt/ros/humble/share/geometry_msgs/cmake)
[0.299s] -- Found rosidl_generator_c: 3.1.5 (/opt/ros/humble/share/rosidl_generator_c/cmake)
[0.302s] -- Found rosidl_adapter: 3.1.5 (/opt/ros/humble/share/rosidl_adapter/cmake)
[0.308s] -- Found rosidl_generator_cpp: 3.1.5 (/opt/ros/humble/share/rosidl_generator_cpp/cmake)
[0.334s] -- Using all available rosidl_typesupport_c: rosidl_typesupport_fastrtps_c;rosidl_typesupport_introspection_c
[0.350s] -- Using all available rosidl_typesupport_cpp: rosidl_typesupport_fastrtps_cpp;rosidl_typesupport_introspection_cpp
[0.475s] -- Found rosidl_default_generators: 1.2.0 (/opt/ros/humble/share/rosidl_default_generators/cmake)
[0.803s] [31mCMake Error at /opt/ros/humble/share/rosidl_adapter/cmake/rosidl_adapt_interfaces.cmake:59 (message):
[0.803s]   execute_process(/usr/bin/python3.10 -m rosidl_adapter --package-name
[0.804s]   tutorial_interfaces --arguments-file
[0.804s]   /home/devuser/ros2_ws/build/tutorial_interfaces/rosidl_adapter__arguments__tutorial_interfaces.json
[0.804s]   --output-dir
[0.804s]   /home/devuser/ros2_ws/build/tutorial_interfaces/rosidl_adapter/tutorial_interfaces
[0.804s]   --output-file
[0.804s]   /home/devuser/ros2_ws/build/tutorial_interfaces/rosidl_adapter/tutorial_interfaces.idls)
[0.804s]   returned error code 1:
[0.804s] 
[0.804s]   Error processing 'float num_dec' of 'tutorial_interfaces/Num': ''float' is
[0.804s]   an invalid message name.  It should have the pattern '^[A-Z][A-Za-z0-9]*$''
[0.804s] 
[0.804s]   Traceback (most recent call last):
[0.804s] 
[0.804s]     File "/usr/lib/python3.10/runpy.py", line 196, in _run_module_as_main
[0.804s]       return _run_code(code, main_globals, None,
[0.804s]     File "/usr/lib/python3.10/runpy.py", line 86, in _run_code
[0.804s]       exec(code, run_globals)
[0.805s]     File "/opt/ros/humble/local/lib/python3.10/dist-packages/rosidl_adapter/__main__.py", line 19, in <module>
[0.805s]       sys.exit(main())
[0.805s]     File "/opt/ros/humble/local/lib/python3.10/dist-packages/rosidl_adapter/main.py", line 53, in main
[0.805s]       abs_idl_file = convert_to_idl(
[0.805s]     File "/opt/ros/humble/local/lib/python3.10/dist-packages/rosidl_adapter/__init__.py", line 19, in convert_to_idl
[0.805s]       return convert_msg_to_idl(
[0.805s]     File "/opt/ros/humble/local/lib/python3.10/dist-packages/rosidl_adapter/msg/__init__.py", line 28, in convert_msg_to_idl
[0.805s]       msg = parse_message_string(package_name, input_file.stem, content)
[0.805s]     File "/opt/ros/humble/local/lib/python3.10/dist-packages/rosidl_adapter/parser.py", line 520, in parse_message_string
[0.805s]       Type(type_string, context_package_name=pkg_name),
[0.805s]     File "/opt/ros/humble/local/lib/python3.10/dist-packages/rosidl_adapter/parser.py", line 277, in __init__
[0.805s]       super(Type, self).__init__(
[0.805s]     File "/opt/ros/humble/local/lib/python3.10/dist-packages/rosidl_adapter/parser.py", line 205, in __init__
[0.805s]       raise InvalidResourceName(
[0.805s] 
[0.805s]   rosidl_adapter.parser.InvalidResourceName: 'float' is an invalid message
[0.806s]   name.  It should have the pattern '^[A-Z][A-Za-z0-9]*$'
[0.806s] 
[0.806s] Call Stack (most recent call first):
[0.806s]   /opt/ros/humble/share/rosidl_cmake/cmake/rosidl_generate_interfaces.cmake:130 (rosidl_adapt_interfaces)
[0.806s]   CMakeLists.txt:16 (rosidl_generate_interfaces)
[0.806s] 
[0.806s] [0m
[0.806s] -- Configuring incomplete, errors occurred!
[0.806s] See also "/home/devuser/ros2_ws/build/tutorial_interfaces/CMakeFiles/CMakeOutput.log".
[0.809s] gmake: *** [Makefile:1179: cmake_check_build_system] Error 1
[0.811s] Invoked command in '/home/devuser/ros2_ws/build/tutorial_interfaces' returned '2': CMAKE_PREFIX_PATH=${CMAKE_PREFIX_PATH}:/opt/ros/humble /usr/bin/cmake --build /home/devuser/ros2_ws/build/tutorial_interfaces -- -j8 -l8
