[35m[1mConsolidate compiler generated dependencies of target talker[0m
[ 50%] Built target listener
[ 75%] [32mBuilding CXX object CMakeFiles/talker.dir/src/publisher_member_function.cpp.o[0m
In file included from [01m[K/opt/ros/humble/include/rclcpp/rclcpp/logging.hpp:24[m[K,
                 from [01m[K/opt/ros/humble/include/rclcpp/rclcpp/client.hpp:40[m[K,
                 from [01m[K/opt/ros/humble/include/rclcpp/rclcpp/callback_group.hpp:24[m[K,
                 from [01m[K/opt/ros/humble/include/rclcpp/rclcpp/any_executable.hpp:20[m[K,
                 from [01m[K/opt/ros/humble/include/rclcpp/rclcpp/memory_strategy.hpp:25[m[K,
                 from [01m[K/opt/ros/humble/include/rclcpp/rclcpp/memory_strategies.hpp:18[m[K,
                 from [01m[K/opt/ros/humble/include/rclcpp/rclcpp/executor_options.hpp:20[m[K,
                 from [01m[K/opt/ros/humble/include/rclcpp/rclcpp/executor.hpp:37[m[K,
                 from [01m[K/opt/ros/humble/include/rclcpp/rclcpp/executors/multi_threaded_executor.hpp:25[m[K,
                 from [01m[K/opt/ros/humble/include/rclcpp/rclcpp/executors.hpp:21[m[K,
                 from [01m[K/opt/ros/humble/include/rclcpp/rclcpp/rclcpp.hpp:155[m[K,
                 from [01m[K/home/devuser/AOX/ros_ws/cpp_pubsub/src/publisher_member_function.cpp:4[m[K:
[01m[K/home/devuser/AOX/ros_ws/cpp_pubsub/src/publisher_member_function.cpp:[m[K In member function ‘[01m[Kvoid MinimalPublisher::timer_callback()[m[K’:
[01m[K/home/devuser/AOX/ros_ws/cpp_pubsub/src/publisher_member_function.cpp:25:37:[m[K [01;35m[Kwarning: [m[Kformat ‘[01m[K%d[m[K’ expects argument of type ‘[01m[Kint[m[K’, but argument 5 has type ‘[01m[Ktutorial_interfaces::msg::Sphere_<std::allocator<void> >::_radius_type[m[K’ {aka ‘[01m[Kdouble[m[K’} [[01;35m[K]8;;https://gcc.gnu.org/onlinedocs/gcc/Warning-Options.html#index-Wformat=-Wformat=]8;;[m[K]
   25 |     RCLCPP_INFO(this->get_logger(), [01;35m[K"Publishing: '%d'"[m[K, [32m[Kmessage.radius[m[K); // CHANGE
      |                                     [01;35m[K^~~~~~~~~~~~~~~~~~[m[K  [32m[K~~~~~~~~~~~~~~[m[K
      |                                                                 [32m[K|[m[K
      |                                                                 [32m[Ktutorial_interfaces::msg::Sphere_<std::allocator<void> >::_radius_type {aka double}[m[K
[01m[K/home/devuser/AOX/ros_ws/cpp_pubsub/src/publisher_member_function.cpp:25:52:[m[K [01;36m[Knote: [m[Kformat string is defined here
   25 |     RCLCPP_INFO(this->get_logger(), "Publishing: '[01;36m[K%d[m[K'", message.radius); // CHANGE
      |                                                   [01;36m[K~^[m[K
      |                                                    [01;36m[K|[m[K
      |                                                    [01;36m[Kint[m[K
      |                                                   [32m[K%f[m[K
[100%] [32m[1mLinking CXX executable talker[0m
[100%] Built target talker
-- Install configuration: ""
-- Installing: /home/devuser/AOX/ros_ws/cpp_pubsub/install/cpp_pubsub/lib/cpp_pubsub/talker
-- Set runtime path of "/home/devuser/AOX/ros_ws/cpp_pubsub/install/cpp_pubsub/lib/cpp_pubsub/talker" to ""
-- Up-to-date: /home/devuser/AOX/ros_ws/cpp_pubsub/install/cpp_pubsub/lib/cpp_pubsub/listener
-- Up-to-date: /home/devuser/AOX/ros_ws/cpp_pubsub/install/cpp_pubsub/share/ament_index/resource_index/package_run_dependencies/cpp_pubsub
-- Up-to-date: /home/devuser/AOX/ros_ws/cpp_pubsub/install/cpp_pubsub/share/ament_index/resource_index/parent_prefix_path/cpp_pubsub
-- Up-to-date: /home/devuser/AOX/ros_ws/cpp_pubsub/install/cpp_pubsub/share/cpp_pubsub/environment/ament_prefix_path.sh
-- Up-to-date: /home/devuser/AOX/ros_ws/cpp_pubsub/install/cpp_pubsub/share/cpp_pubsub/environment/ament_prefix_path.dsv
-- Up-to-date: /home/devuser/AOX/ros_ws/cpp_pubsub/install/cpp_pubsub/share/cpp_pubsub/environment/path.sh
-- Up-to-date: /home/devuser/AOX/ros_ws/cpp_pubsub/install/cpp_pubsub/share/cpp_pubsub/environment/path.dsv
-- Up-to-date: /home/devuser/AOX/ros_ws/cpp_pubsub/install/cpp_pubsub/share/cpp_pubsub/local_setup.bash
-- Up-to-date: /home/devuser/AOX/ros_ws/cpp_pubsub/install/cpp_pubsub/share/cpp_pubsub/local_setup.sh
-- Up-to-date: /home/devuser/AOX/ros_ws/cpp_pubsub/install/cpp_pubsub/share/cpp_pubsub/local_setup.zsh
-- Up-to-date: /home/devuser/AOX/ros_ws/cpp_pubsub/install/cpp_pubsub/share/cpp_pubsub/local_setup.dsv
-- Installing: /home/devuser/AOX/ros_ws/cpp_pubsub/install/cpp_pubsub/share/cpp_pubsub/package.dsv
-- Up-to-date: /home/devuser/AOX/ros_ws/cpp_pubsub/install/cpp_pubsub/share/ament_index/resource_index/packages/cpp_pubsub
-- Up-to-date: /home/devuser/AOX/ros_ws/cpp_pubsub/install/cpp_pubsub/share/cpp_pubsub/cmake/cpp_pubsubConfig.cmake
-- Up-to-date: /home/devuser/AOX/ros_ws/cpp_pubsub/install/cpp_pubsub/share/cpp_pubsub/cmake/cpp_pubsubConfig-version.cmake
-- Up-to-date: /home/devuser/AOX/ros_ws/cpp_pubsub/install/cpp_pubsub/share/cpp_pubsub/package.xml
