[0.016s] Invoking command in '/home/devuser/AOX/ros_ws/cpp_pubsub/build/cpp_pubsub': CMAKE_PREFIX_PATH=${CMAKE_PREFIX_PATH}:/opt/ros/humble /usr/bin/cmake --build /home/devuser/AOX/ros_ws/cpp_pubsub/build/cpp_pubsub -- -j8 -l8
[0.047s] [35m[1mConsolidate compiler generated dependencies of target listener[0m
[0.057s] [ 50%] [32mBuilding CXX object CMakeFiles/watchdog.dir/src/watchdog.cpp.o[0m
[0.057s] [ 50%] Built target talker
[0.060s] [ 83%] Built target listener
[1.771s] In file included from [01m[K/opt/ros/humble/include/rclcpp/rclcpp/logging.hpp:24[m[K,
[1.771s]                  from [01m[K/opt/ros/humble/include/rclcpp/rclcpp/client.hpp:40[m[K,
[1.771s]                  from [01m[K/opt/ros/humble/include/rclcpp/rclcpp/callback_group.hpp:24[m[K,
[1.772s]                  from [01m[K/opt/ros/humble/include/rclcpp/rclcpp/any_executable.hpp:20[m[K,
[1.772s]                  from [01m[K/opt/ros/humble/include/rclcpp/rclcpp/memory_strategy.hpp:25[m[K,
[1.772s]                  from [01m[K/opt/ros/humble/include/rclcpp/rclcpp/memory_strategies.hpp:18[m[K,
[1.772s]                  from [01m[K/opt/ros/humble/include/rclcpp/rclcpp/executor_options.hpp:20[m[K,
[1.772s]                  from [01m[K/opt/ros/humble/include/rclcpp/rclcpp/executor.hpp:37[m[K,
[1.772s]                  from [01m[K/opt/ros/humble/include/rclcpp/rclcpp/executors/multi_threaded_executor.hpp:25[m[K,
[1.772s]                  from [01m[K/opt/ros/humble/include/rclcpp/rclcpp/executors.hpp:21[m[K,
[1.772s]                  from [01m[K/opt/ros/humble/include/rclcpp/rclcpp/rclcpp.hpp:155[m[K,
[1.772s]                  from [01m[K/home/devuser/AOX/ros_ws/cpp_pubsub/src/watchdog.cpp:1[m[K:
[1.772s] [01m[K/home/devuser/AOX/ros_ws/cpp_pubsub/src/watchdog.cpp:[m[K In member function ‘[01m[Kvoid WatchdogNode::checkPublisherStatus()[m[K’:
[1.772s] [01m[K/home/devuser/AOX/ros_ws/cpp_pubsub/src/watchdog.cpp:39:7:[m[K [01;31m[Kerror: [m[Kuse of deleted function ‘[01m[Krclcpp::Client<tutorial_interfaces::srv::Empty>::FutureAndRequestId::FutureAndRequestId(const rclcpp::Client<tutorial_interfaces::srv::Empty>::FutureAndRequestId&)[m[K’
[1.772s]    39 |       [01;31m[KRCLCPP_ERROR[m[K(get_logger(), "req send %d",future);
[1.772s]       |       [01;31m[K^~~~~~~~~~~~[m[K
[1.772s] In file included from [01m[K/opt/ros/humble/include/rclcpp/rclcpp/callback_group.hpp:24[m[K,
[1.772s]                  from [01m[K/opt/ros/humble/include/rclcpp/rclcpp/any_executable.hpp:20[m[K,
[1.772s]                  from [01m[K/opt/ros/humble/include/rclcpp/rclcpp/memory_strategy.hpp:25[m[K,
[1.772s]                  from [01m[K/opt/ros/humble/include/rclcpp/rclcpp/memory_strategies.hpp:18[m[K,
[1.772s]                  from [01m[K/opt/ros/humble/include/rclcpp/rclcpp/executor_options.hpp:20[m[K,
[1.772s]                  from [01m[K/opt/ros/humble/include/rclcpp/rclcpp/executor.hpp:37[m[K,
[1.772s]                  from [01m[K/opt/ros/humble/include/rclcpp/rclcpp/executors/multi_threaded_executor.hpp:25[m[K,
[1.772s]                  from [01m[K/opt/ros/humble/include/rclcpp/rclcpp/executors.hpp:21[m[K,
[1.772s]                  from [01m[K/opt/ros/humble/include/rclcpp/rclcpp/rclcpp.hpp:155[m[K,
[1.772s]                  from [01m[K/home/devuser/AOX/ros_ws/cpp_pubsub/src/watchdog.cpp:1[m[K:
[1.772s] [01m[K/opt/ros/humble/include/rclcpp/rclcpp/client.hpp:403:10:[m[K [01;36m[Knote: [m[K‘[01m[Krclcpp::Client<tutorial_interfaces::srv::Empty>::FutureAndRequestId::FutureAndRequestId(const rclcpp::Client<tutorial_interfaces::srv::Empty>::FutureAndRequestId&)[m[K’ is implicitly deleted because the default definition would be ill-formed:
[1.772s]   403 |   struct [01;36m[KFutureAndRequestId[m[K
[1.773s]       |          [01;36m[K^~~~~~~~~~~~~~~~~~[m[K
[1.773s] [01m[K/opt/ros/humble/include/rclcpp/rclcpp/client.hpp:403:10:[m[K [01;31m[Kerror: [m[Kuse of deleted function ‘[01m[Krclcpp::detail::FutureAndRequestId<FutureT>::FutureAndRequestId(const rclcpp::detail::FutureAndRequestId<FutureT>&) [with FutureT = std::future<std::shared_ptr<tutorial_interfaces::srv::Empty_Response_<std::allocator<void> > > >][m[K’
[1.773s] [01m[K/opt/ros/humble/include/rclcpp/rclcpp/client.hpp:107:3:[m[K [01;36m[Knote: [m[Kdeclared here
[1.773s]   107 |   [01;36m[KFutureAndRequestId[m[K(const FutureAndRequestId & other) = delete;
[1.773s]       |   [01;36m[K^~~~~~~~~~~~~~~~~~[m[K
[3.498s] gmake[2]: *** [CMakeFiles/watchdog.dir/build.make:76: CMakeFiles/watchdog.dir/src/watchdog.cpp.o] Error 1
[3.499s] gmake[1]: *** [CMakeFiles/Makefile2:193: CMakeFiles/watchdog.dir/all] Error 2
[3.499s] gmake: *** [Makefile:146: all] Error 2
[3.500s] Invoked command in '/home/devuser/AOX/ros_ws/cpp_pubsub/build/cpp_pubsub' returned '2': CMAKE_PREFIX_PATH=${CMAKE_PREFIX_PATH}:/opt/ros/humble /usr/bin/cmake --build /home/devuser/AOX/ros_ws/cpp_pubsub/build/cpp_pubsub -- -j8 -l8
