[0.015s] Invoking command in '/home/devuser/AOX/ros_ws/cpp_pubsub/build/cpp_pubsub': CMAKE_PREFIX_PATH=${CMAKE_PREFIX_PATH}:/opt/ros/humble /usr/bin/cmake --build /home/devuser/AOX/ros_ws/cpp_pubsub/build/cpp_pubsub -- -j8 -l8
[0.046s] [35m[1mConsolidate compiler generated dependencies of target watchdog[0m
[0.057s] [ 66%] Built target talker
[0.057s] [ 66%] Built target listener
[0.060s] [ 83%] [32mBuilding CXX object CMakeFiles/watchdog.dir/src/watchdog.cpp.o[0m
[1.736s] [01m[K/home/devuser/AOX/ros_ws/cpp_pubsub/src/watchdog.cpp:[m[K In member function ‘[01m[Kvoid WatchdogNode::checkPublisherStatus()[m[K’:
[1.736s] [01m[K/home/devuser/AOX/ros_ws/cpp_pubsub/src/watchdog.cpp:44:18:[m[K [01;31m[Kerror: [m[K‘[01m[Kexample_interfaces[m[K’ was not declared in this scope; did you mean ‘[01m[Krcl_interfaces[m[K’?
[1.736s]    44 |   rclcpp::Client<[01;31m[Kexample_interfaces[m[K::srv::AddThreeInts>::SharedPtr client =
[1.736s]       |                  [01;31m[K^~~~~~~~~~~~~~~~~~[m[K
[1.736s]       |                  [32m[Krcl_interfaces[m[K
[1.736s] [01m[K/home/devuser/AOX/ros_ws/cpp_pubsub/src/watchdog.cpp:44:55:[m[K [01;31m[Kerror: [m[Ktemplate argument 1 is invalid
[1.736s]    44 |   rclcpp::Client<example_interfaces::srv::AddThreeInts[01;31m[K>[m[K::SharedPtr client =
[1.736s]       |                                                       [01;31m[K^[m[K
[1.736s] [01m[K/home/devuser/AOX/ros_ws/cpp_pubsub/src/watchdog.cpp:44:68:[m[K [01;31m[Kerror: [m[Kqualified-id in declaration before ‘[01m[Kclient[m[K’
[1.736s]    44 |   rclcpp::Client<example_interfaces::srv::AddThreeInts>::SharedPtr [01;31m[Kclient[m[K =
[1.736s]       |                                                                    [01;31m[K^~~~~~[m[K
[1.742s] [01m[K/home/devuser/AOX/ros_ws/cpp_pubsub/src/watchdog.cpp:48:22:[m[K [01;31m[Kerror: [m[K‘[01m[Kargv[m[K’ was not declared in this scope
[1.742s]    48 |   request->a = atoll([01;31m[Kargv[m[K[1]);
[1.742s]       |                      [01;31m[K^~~~[m[K
[1.745s] [01m[K/home/devuser/AOX/ros_ws/cpp_pubsub/src/watchdog.cpp:51:11:[m[K [01;31m[Kerror: [m[K‘[01m[Kclient[m[K’ was not declared in this scope
[1.745s]    51 |   while (![01;31m[Kclient[m[K->wait_for_service(1s)) {
[1.745s]       |           [01;31m[K^~~~~~[m[K
[1.745s] [01m[K/home/devuser/AOX/ros_ws/cpp_pubsub/src/watchdog.cpp:51:36:[m[K [01;31m[Kerror: [m[Kunable to find numeric literal operator ‘[01m[Koperator""s[m[K’
[1.745s]    51 |   while (!client->wait_for_service([01;31m[K1s[m[K)) {
[1.745s]       |                                    [01;31m[K^~[m[K
[1.745s] [01m[K/home/devuser/AOX/ros_ws/cpp_pubsub/src/watchdog.cpp:54:14:[m[K [01;31m[Kerror: [m[Kreturn-statement with a value, in function returning ‘[01m[Kvoid[m[K’ [[01;31m[K]8;;https://gcc.gnu.org/onlinedocs/gcc/Warning-Options.html#index-fpermissive-fpermissive]8;;[m[K]
[1.745s]    54 |       return [01;31m[K0[m[K;
[1.745s]       |              [01;31m[K^[m[K
[1.749s] [01m[K/home/devuser/AOX/ros_ws/cpp_pubsub/src/watchdog.cpp:59:17:[m[K [01;31m[Kerror: [m[K‘[01m[Kclient[m[K’ was not declared in this scope
[1.750s]    59 |   auto result = [01;31m[Kclient[m[K->async_send_request(request);
[1.750s]       |                 [01;31m[K^~~~~~[m[K
[1.752s] [01m[K/home/devuser/AOX/ros_ws/cpp_pubsub/src/watchdog.cpp:61:42:[m[K [01;31m[Kerror: [m[K‘[01m[Knode[m[K’ was not declared in this scope; did you mean ‘[01m[KNode[m[K’?
[1.752s]    61 |   if (rclcpp::spin_until_future_complete([01;31m[Knode[m[K, result) ==
[1.752s]       |                                          [01;31m[K^~~~[m[K
[1.752s]       |                                          [32m[KNode[m[K
[3.418s] gmake[2]: *** [CMakeFiles/watchdog.dir/build.make:76: CMakeFiles/watchdog.dir/src/watchdog.cpp.o] Error 1
[3.418s] gmake[1]: *** [CMakeFiles/Makefile2:193: CMakeFiles/watchdog.dir/all] Error 2
[3.418s] gmake: *** [Makefile:146: all] Error 2
[3.420s] Invoked command in '/home/devuser/AOX/ros_ws/cpp_pubsub/build/cpp_pubsub' returned '2': CMAKE_PREFIX_PATH=${CMAKE_PREFIX_PATH}:/opt/ros/humble /usr/bin/cmake --build /home/devuser/AOX/ros_ws/cpp_pubsub/build/cpp_pubsub -- -j8 -l8
