[0.270s] DEBUG:colcon:Command line arguments: ['/home/devuser/.local/bin/colcon', 'build', '--packages-select', 'lcm_service']
[0.270s] DEBUG:colcon:Parsed command line arguments: Namespace(log_base=None, log_level=None, verb_name='build', build_base='build', install_base='install', merge_install=False, symlink_install=False, test_result_base=None, continue_on_error=False, executor='parallel', parallel_workers=8, event_handlers=None, ignore_user_meta=False, metas=['./colcon.meta'], base_paths=['.'], packages_ignore=None, packages_ignore_regex=None, paths=None, packages_up_to=None, packages_up_to_regex=None, packages_above=None, packages_above_and_dependencies=None, packages_above_depth=None, packages_select_by_dep=None, packages_skip_by_dep=None, packages_skip_up_to=None, packages_select_build_failed=False, packages_skip_build_finished=False, packages_select_test_failures=False, packages_skip_test_passed=False, packages_select=['lcm_service'], packages_skip=None, packages_select_regex=None, packages_skip_regex=None, packages_start=None, packages_end=None, allow_overriding=[], cmake_args=None, cmake_target=None, cmake_target_skip_unavailable=False, cmake_clean_cache=False, cmake_clean_first=False, cmake_force_configure=False, ament_cmake_args=None, catkin_cmake_args=None, catkin_skip_building_tests=False, verb_parser=<colcon_defaults.argument_parser.defaults.DefaultArgumentsDecorator object at 0x7f4516830550>, verb_extension=<colcon_core.verb.build.BuildVerb object at 0x7f45171ec9a0>, main=<bound method BuildVerb.main of <colcon_core.verb.build.BuildVerb object at 0x7f45171ec9a0>>)
[0.290s] Level 1:colcon.colcon_core.package_discovery:discover_packages(colcon_meta) check parameters
[0.290s] Level 1:colcon.colcon_core.package_discovery:discover_packages(recursive) check parameters
[0.290s] Level 1:colcon.colcon_core.package_discovery:discover_packages(ignore) check parameters
[0.290s] Level 1:colcon.colcon_core.package_discovery:discover_packages(path) check parameters
[0.290s] Level 1:colcon.colcon_core.package_discovery:discover_packages(colcon_meta) discover
[0.290s] Level 1:colcon.colcon_core.package_discovery:discover_packages(recursive) discover
[0.290s] INFO:colcon.colcon_core.package_discovery:Crawling recursively for packages in '/home/devuser/AOX/ROS2/src/lcm_service'
[0.290s] Level 1:colcon.colcon_core.package_identification:_identify(.) by extensions ['ignore', 'ignore_ament_install']
[0.290s] Level 1:colcon.colcon_core.package_identification:_identify(.) by extension 'ignore'
[0.290s] Level 1:colcon.colcon_core.package_identification:_identify(.) by extension 'ignore_ament_install'
[0.290s] Level 1:colcon.colcon_core.package_identification:_identify(.) by extensions ['colcon_pkg']
[0.290s] Level 1:colcon.colcon_core.package_identification:_identify(.) by extension 'colcon_pkg'
[0.291s] Level 1:colcon.colcon_core.package_identification:_identify(.) by extensions ['colcon_meta']
[0.291s] Level 1:colcon.colcon_core.package_identification:_identify(.) by extension 'colcon_meta'
[0.291s] Level 1:colcon.colcon_core.package_identification:_identify(.) by extensions ['ros']
[0.291s] Level 1:colcon.colcon_core.package_identification:_identify(.) by extension 'ros'
[0.301s] DEBUG:colcon.colcon_core.package_identification:Package '.' with type 'ros.ament_cmake' and name 'lcm_service'
[0.301s] Level 1:colcon.colcon_core.package_discovery:discover_packages(recursive) using defaults
[0.301s] Level 1:colcon.colcon_core.package_discovery:discover_packages(ignore) discover
[0.301s] Level 1:colcon.colcon_core.package_discovery:discover_packages(ignore) using defaults
[0.301s] Level 1:colcon.colcon_core.package_discovery:discover_packages(path) discover
[0.301s] Level 1:colcon.colcon_core.package_discovery:discover_packages(path) using defaults
[0.321s] Level 1:colcon.colcon_core.package_discovery:discover_packages(prefix_path) check parameters
[0.321s] Level 1:colcon.colcon_core.package_discovery:discover_packages(prefix_path) discover
[0.324s] DEBUG:colcon.colcon_installed_package_information.package_discovery:Found 1 installed packages in /home/devuser/AOX/ROS2/src/lcm_service/install
[0.325s] DEBUG:colcon.colcon_installed_package_information.package_discovery:Found 2 installed packages in /home/devuser/AOX/ROS2/src/install
[0.326s] DEBUG:colcon.colcon_installed_package_information.package_discovery:Found 1 installed packages in /home/devuser/AOX/ROS2/src/lcm_topic/install
[0.327s] DEBUG:colcon.colcon_installed_package_information.package_discovery:Found 1 installed packages in /home/devuser/AOX/ROS2/src/tutorial_interfaces/install
[0.329s] DEBUG:colcon.colcon_installed_package_information.package_discovery:Found 284 installed packages in /opt/ros/humble
[0.330s] Level 1:colcon.colcon_core.package_discovery:discover_packages(prefix_path) using defaults
[0.373s] Level 5:colcon.colcon_core.verb:set package 'lcm_service' build argument 'cmake_args' from command line to 'None'
[0.374s] Level 5:colcon.colcon_core.verb:set package 'lcm_service' build argument 'cmake_target' from command line to 'None'
[0.374s] Level 5:colcon.colcon_core.verb:set package 'lcm_service' build argument 'cmake_target_skip_unavailable' from command line to 'False'
[0.374s] Level 5:colcon.colcon_core.verb:set package 'lcm_service' build argument 'cmake_clean_cache' from command line to 'False'
[0.374s] Level 5:colcon.colcon_core.verb:set package 'lcm_service' build argument 'cmake_clean_first' from command line to 'False'
[0.374s] Level 5:colcon.colcon_core.verb:set package 'lcm_service' build argument 'cmake_force_configure' from command line to 'False'
[0.374s] Level 5:colcon.colcon_core.verb:set package 'lcm_service' build argument 'ament_cmake_args' from command line to 'None'
[0.374s] Level 5:colcon.colcon_core.verb:set package 'lcm_service' build argument 'catkin_cmake_args' from command line to 'None'
[0.374s] Level 5:colcon.colcon_core.verb:set package 'lcm_service' build argument 'catkin_skip_building_tests' from command line to 'False'
[0.374s] DEBUG:colcon.colcon_core.verb:Building package 'lcm_service' with the following arguments: {'ament_cmake_args': None, 'build_base': '/home/devuser/AOX/ROS2/src/lcm_service/build/lcm_service', 'catkin_cmake_args': None, 'catkin_skip_building_tests': False, 'cmake_args': None, 'cmake_clean_cache': False, 'cmake_clean_first': False, 'cmake_force_configure': False, 'cmake_target': None, 'cmake_target_skip_unavailable': False, 'install_base': '/home/devuser/AOX/ROS2/src/lcm_service/install/lcm_service', 'merge_install': False, 'path': '/home/devuser/AOX/ROS2/src/lcm_service', 'symlink_install': False, 'test_result_base': None}
[0.375s] INFO:colcon.colcon_core.executor:Executing jobs using 'parallel' executor
[0.380s] DEBUG:colcon.colcon_parallel_executor.executor.parallel:run_until_complete
[0.380s] INFO:colcon.colcon_ros.task.ament_cmake.build:Building ROS package in '/home/devuser/AOX/ROS2/src/lcm_service' with build type 'ament_cmake'
[0.380s] INFO:colcon.colcon_cmake.task.cmake.build:Building CMake package in '/home/devuser/AOX/ROS2/src/lcm_service'
[0.384s] INFO:colcon.colcon_core.plugin_system:Skipping extension 'colcon_core.shell.bat': Not used on non-Windows systems
[0.384s] INFO:colcon.colcon_core.shell:Skip shell extension 'powershell' for command environment: Not usable outside of PowerShell
[0.384s] DEBUG:colcon.colcon_core.shell:Skip shell extension 'dsv' for command environment
[0.397s] DEBUG:colcon.colcon_core.event_handler.log_command:Invoking command in '/home/devuser/AOX/ROS2/src/lcm_service/build/lcm_service': CMAKE_PREFIX_PATH=${CMAKE_PREFIX_PATH}:/opt/ros/humble /usr/bin/cmake --build /home/devuser/AOX/ROS2/src/lcm_service/build/lcm_service -- -j8 -l8
[2.940s] DEBUG:colcon.colcon_core.event_handler.log_command:Invoked command in '/home/devuser/AOX/ROS2/src/lcm_service/build/lcm_service' returned '0': CMAKE_PREFIX_PATH=${CMAKE_PREFIX_PATH}:/opt/ros/humble /usr/bin/cmake --build /home/devuser/AOX/ROS2/src/lcm_service/build/lcm_service -- -j8 -l8
[2.968s] DEBUG:colcon.colcon_core.event_handler.log_command:Invoking command in '/home/devuser/AOX/ROS2/src/lcm_service/build/lcm_service': CMAKE_PREFIX_PATH=${CMAKE_PREFIX_PATH}:/opt/ros/humble /usr/bin/cmake --install /home/devuser/AOX/ROS2/src/lcm_service/build/lcm_service
[2.984s] Level 1:colcon.colcon_core.environment:create_environment_scripts_only(lcm_service)
[2.985s] DEBUG:colcon.colcon_core.event_handler.log_command:Invoked command in '/home/devuser/AOX/ROS2/src/lcm_service/build/lcm_service' returned '0': CMAKE_PREFIX_PATH=${CMAKE_PREFIX_PATH}:/opt/ros/humble /usr/bin/cmake --install /home/devuser/AOX/ROS2/src/lcm_service/build/lcm_service
[2.991s] Level 1:colcon.colcon_core.environment:checking '/home/devuser/AOX/ROS2/src/lcm_service/install/lcm_service' for CMake module files
[2.992s] Level 1:colcon.colcon_core.environment:checking '/home/devuser/AOX/ROS2/src/lcm_service/install/lcm_service' for CMake config files
[2.992s] Level 1:colcon.colcon_core.shell:create_environment_hook('lcm_service', 'cmake_prefix_path')
[2.994s] INFO:colcon.colcon_core.shell:Creating environment hook '/home/devuser/AOX/ROS2/src/lcm_service/install/lcm_service/share/lcm_service/hook/cmake_prefix_path.ps1'
[2.994s] INFO:colcon.colcon_core.shell:Creating environment descriptor '/home/devuser/AOX/ROS2/src/lcm_service/install/lcm_service/share/lcm_service/hook/cmake_prefix_path.dsv'
[2.994s] INFO:colcon.colcon_core.shell:Creating environment hook '/home/devuser/AOX/ROS2/src/lcm_service/install/lcm_service/share/lcm_service/hook/cmake_prefix_path.sh'
[2.995s] Level 1:colcon.colcon_core.environment:checking '/home/devuser/AOX/ROS2/src/lcm_service/install/lcm_service/lib'
[2.995s] Level 1:colcon.colcon_core.environment:checking '/home/devuser/AOX/ROS2/src/lcm_service/install/lcm_service/bin'
[2.995s] Level 1:colcon.colcon_core.environment:checking '/home/devuser/AOX/ROS2/src/lcm_service/install/lcm_service/lib/pkgconfig/lcm_service.pc'
[2.995s] Level 1:colcon.colcon_core.environment:checking '/home/devuser/AOX/ROS2/src/lcm_service/install/lcm_service/lib/python3.10/site-packages'
[2.995s] Level 1:colcon.colcon_core.environment:checking '/home/devuser/AOX/ROS2/src/lcm_service/install/lcm_service/bin'
[2.997s] INFO:colcon.colcon_core.shell:Creating package script '/home/devuser/AOX/ROS2/src/lcm_service/install/lcm_service/share/lcm_service/package.ps1'
[2.998s] INFO:colcon.colcon_core.shell:Creating package descriptor '/home/devuser/AOX/ROS2/src/lcm_service/install/lcm_service/share/lcm_service/package.dsv'
[2.998s] INFO:colcon.colcon_core.shell:Creating package script '/home/devuser/AOX/ROS2/src/lcm_service/install/lcm_service/share/lcm_service/package.sh'
[2.998s] INFO:colcon.colcon_core.shell:Creating package script '/home/devuser/AOX/ROS2/src/lcm_service/install/lcm_service/share/lcm_service/package.bash'
[2.999s] INFO:colcon.colcon_core.shell:Creating package script '/home/devuser/AOX/ROS2/src/lcm_service/install/lcm_service/share/lcm_service/package.zsh'
[2.999s] Level 1:colcon.colcon_core.environment:create_file_with_runtime_dependencies(/home/devuser/AOX/ROS2/src/lcm_service/install/lcm_service/share/colcon-core/packages/lcm_service)
[3.021s] Level 1:colcon.colcon_core.environment:create_environment_scripts_only(lcm_service)
[3.024s] Level 1:colcon.colcon_core.environment:checking '/home/devuser/AOX/ROS2/src/lcm_service/install/lcm_service' for CMake module files
[3.024s] Level 1:colcon.colcon_core.environment:checking '/home/devuser/AOX/ROS2/src/lcm_service/install/lcm_service' for CMake config files
[3.024s] Level 1:colcon.colcon_core.shell:create_environment_hook('lcm_service', 'cmake_prefix_path')
[3.026s] INFO:colcon.colcon_core.shell:Creating environment hook '/home/devuser/AOX/ROS2/src/lcm_service/install/lcm_service/share/lcm_service/hook/cmake_prefix_path.ps1'
[3.026s] INFO:colcon.colcon_core.shell:Creating environment descriptor '/home/devuser/AOX/ROS2/src/lcm_service/install/lcm_service/share/lcm_service/hook/cmake_prefix_path.dsv'
[3.026s] INFO:colcon.colcon_core.shell:Creating environment hook '/home/devuser/AOX/ROS2/src/lcm_service/install/lcm_service/share/lcm_service/hook/cmake_prefix_path.sh'
[3.027s] Level 1:colcon.colcon_core.environment:checking '/home/devuser/AOX/ROS2/src/lcm_service/install/lcm_service/lib'
[3.027s] Level 1:colcon.colcon_core.environment:checking '/home/devuser/AOX/ROS2/src/lcm_service/install/lcm_service/bin'
[3.027s] Level 1:colcon.colcon_core.environment:checking '/home/devuser/AOX/ROS2/src/lcm_service/install/lcm_service/lib/pkgconfig/lcm_service.pc'
[3.027s] Level 1:colcon.colcon_core.environment:checking '/home/devuser/AOX/ROS2/src/lcm_service/install/lcm_service/lib/python3.10/site-packages'
[3.027s] Level 1:colcon.colcon_core.environment:checking '/home/devuser/AOX/ROS2/src/lcm_service/install/lcm_service/bin'
[3.029s] INFO:colcon.colcon_core.shell:Creating package script '/home/devuser/AOX/ROS2/src/lcm_service/install/lcm_service/share/lcm_service/package.ps1'
[3.029s] INFO:colcon.colcon_core.shell:Creating package descriptor '/home/devuser/AOX/ROS2/src/lcm_service/install/lcm_service/share/lcm_service/package.dsv'
[3.029s] INFO:colcon.colcon_core.shell:Creating package script '/home/devuser/AOX/ROS2/src/lcm_service/install/lcm_service/share/lcm_service/package.sh'
[3.029s] INFO:colcon.colcon_core.shell:Creating package script '/home/devuser/AOX/ROS2/src/lcm_service/install/lcm_service/share/lcm_service/package.bash'
[3.030s] INFO:colcon.colcon_core.shell:Creating package script '/home/devuser/AOX/ROS2/src/lcm_service/install/lcm_service/share/lcm_service/package.zsh'
[3.030s] Level 1:colcon.colcon_core.environment:create_file_with_runtime_dependencies(/home/devuser/AOX/ROS2/src/lcm_service/install/lcm_service/share/colcon-core/packages/lcm_service)
[3.030s] DEBUG:colcon.colcon_parallel_executor.executor.parallel:closing loop
[3.030s] DEBUG:colcon.colcon_parallel_executor.executor.parallel:loop closed
[3.030s] DEBUG:colcon.colcon_parallel_executor.executor.parallel:run_until_complete finished with '0'
[3.030s] DEBUG:colcon.colcon_core.event_reactor:joining thread
[3.034s] INFO:colcon.colcon_core.plugin_system:Skipping extension 'colcon_notification.desktop_notification.terminal_notifier': Not used on non-Darwin systems
[3.034s] INFO:colcon.colcon_core.plugin_system:Skipping extension 'colcon_notification.desktop_notification.win32': Not used on non-Windows systems
[3.034s] INFO:colcon.colcon_notification.desktop_notification:Sending desktop notification using 'notify2'
[3.042s] DEBUG:colcon.colcon_core.event_reactor:joined thread
[3.044s] INFO:colcon.colcon_core.shell:Creating prefix script '/home/devuser/AOX/ROS2/src/lcm_service/install/local_setup.ps1'
[3.045s] INFO:colcon.colcon_core.shell:Creating prefix util module '/home/devuser/AOX/ROS2/src/lcm_service/install/_local_setup_util_ps1.py'
[3.046s] INFO:colcon.colcon_core.shell:Creating prefix chain script '/home/devuser/AOX/ROS2/src/lcm_service/install/setup.ps1'
[3.047s] INFO:colcon.colcon_core.shell:Creating prefix script '/home/devuser/AOX/ROS2/src/lcm_service/install/local_setup.sh'
[3.048s] INFO:colcon.colcon_core.shell:Creating prefix util module '/home/devuser/AOX/ROS2/src/lcm_service/install/_local_setup_util_sh.py'
[3.048s] INFO:colcon.colcon_core.shell:Creating prefix chain script '/home/devuser/AOX/ROS2/src/lcm_service/install/setup.sh'
[3.050s] INFO:colcon.colcon_core.shell:Creating prefix script '/home/devuser/AOX/ROS2/src/lcm_service/install/local_setup.bash'
[3.050s] INFO:colcon.colcon_core.shell:Creating prefix chain script '/home/devuser/AOX/ROS2/src/lcm_service/install/setup.bash'
[3.052s] INFO:colcon.colcon_core.shell:Creating prefix script '/home/devuser/AOX/ROS2/src/lcm_service/install/local_setup.zsh'
[3.052s] INFO:colcon.colcon_core.shell:Creating prefix chain script '/home/devuser/AOX/ROS2/src/lcm_service/install/setup.zsh'
