[0.030s] Invoking command in '/home/devuser/ros2_ws/build/my_robot_controller': CMAKE_PREFIX_PATH=${CMAKE_PREFIX_PATH}:/opt/ros/humble /usr/bin/cmake /home/devuser/ros2_ws/src/my_robot_controller -DCMAKE_INSTALL_PREFIX=/home/devuser/ros2_ws/install/my_robot_controller
[0.111s] -- The C compiler identification is GNU 11.4.0
[0.178s] -- The CXX compiler identification is GNU 11.4.0
[0.185s] -- Detecting C compiler ABI info
[0.264s] -- Detecting C compiler ABI info - done
[0.276s] -- Check for working C compiler: /usr/bin/cc - skipped
[0.277s] -- Detecting C compile features
[0.277s] -- Detecting C compile features - done
[0.281s] -- Detecting CXX compiler ABI info
[0.367s] -- Detecting CXX compiler ABI info - done
[0.378s] -- Check for working CXX compiler: /usr/bin/c++ - skipped
[0.378s] -- Detecting CXX compile features
[0.378s] -- Detecting CXX compile features - done
[0.380s] -- Found ament_cmake: 1.3.5 (/opt/ros/humble/share/ament_cmake/cmake)
[0.585s] -- Found Python3: /usr/bin/python3.10 (found version "3.10.12") found components: Interpreter 
[0.683s] -- Found rclcpp: 16.0.5 (/opt/ros/humble/share/rclcpp/cmake)
[0.727s] -- Found rosidl_generator_c: 3.1.5 (/opt/ros/humble/share/rosidl_generator_c/cmake)
[0.731s] -- Found rosidl_adapter: 3.1.5 (/opt/ros/humble/share/rosidl_adapter/cmake)
[0.742s] -- Found rosidl_generator_cpp: 3.1.5 (/opt/ros/humble/share/rosidl_generator_cpp/cmake)
[0.756s] -- Using all available rosidl_typesupport_c: rosidl_typesupport_fastrtps_c;rosidl_typesupport_introspection_c
[0.778s] -- Using all available rosidl_typesupport_cpp: rosidl_typesupport_fastrtps_cpp;rosidl_typesupport_introspection_cpp
[0.859s] -- Found rmw_implementation_cmake: 6.1.1 (/opt/ros/humble/share/rmw_implementation_cmake/cmake)
[0.862s] -- Found rmw_fastrtps_cpp: 6.2.3 (/opt/ros/humble/share/rmw_fastrtps_cpp/cmake)
[0.967s] -- Found OpenSSL: /usr/lib/x86_64-linux-gnu/libcrypto.so (found version "3.0.2")  
[0.997s] -- Found FastRTPS: /opt/ros/humble/include  
[1.053s] -- Using RMW implementation 'rmw_fastrtps_cpp' as default
[1.063s] -- Looking for pthread.h
[1.144s] -- Looking for pthread.h - found
[1.145s] -- Performing Test CMAKE_HAVE_LIBC_PTHREAD
[1.223s] -- Performing Test CMAKE_HAVE_LIBC_PTHREAD - Success
[1.224s] -- Found Threads: TRUE  
[1.441s] -- Found ament_lint_auto: 0.12.7 (/opt/ros/humble/share/ament_lint_auto/cmake)
[1.536s] -- Added test 'lint_cmake' to check CMake code style
[1.537s] -- Added test 'xmllint' to check XML markup files
[1.539s] -- Configuring done
[1.545s] -- Generating done
[1.547s] -- Build files have been written to: /home/devuser/ros2_ws/build/my_robot_controller
[1.555s] Invoked command in '/home/devuser/ros2_ws/build/my_robot_controller' returned '0': CMAKE_PREFIX_PATH=${CMAKE_PREFIX_PATH}:/opt/ros/humble /usr/bin/cmake /home/devuser/ros2_ws/src/my_robot_controller -DCMAKE_INSTALL_PREFIX=/home/devuser/ros2_ws/install/my_robot_controller
[1.557s] Invoking command in '/home/devuser/ros2_ws/build/my_robot_controller': CMAKE_PREFIX_PATH=${CMAKE_PREFIX_PATH}:/opt/ros/humble /usr/bin/cmake --build /home/devuser/ros2_ws/build/my_robot_controller -- -j8 -l8
[1.601s] Invoked command in '/home/devuser/ros2_ws/build/my_robot_controller' returned '0': CMAKE_PREFIX_PATH=${CMAKE_PREFIX_PATH}:/opt/ros/humble /usr/bin/cmake --build /home/devuser/ros2_ws/build/my_robot_controller -- -j8 -l8
[1.634s] Invoking command in '/home/devuser/ros2_ws/build/my_robot_controller': CMAKE_PREFIX_PATH=${CMAKE_PREFIX_PATH}:/opt/ros/humble /usr/bin/cmake --install /home/devuser/ros2_ws/build/my_robot_controller
[1.648s] -- Install configuration: ""
[1.648s] -- Installing: /home/devuser/ros2_ws/install/my_robot_controller/share/ament_index/resource_index/package_run_dependencies/my_robot_controller
[1.648s] -- Installing: /home/devuser/ros2_ws/install/my_robot_controller/share/ament_index/resource_index/parent_prefix_path/my_robot_controller
[1.648s] -- Installing: /home/devuser/ros2_ws/install/my_robot_controller/share/my_robot_controller/environment/ament_prefix_path.sh
[1.648s] -- Installing: /home/devuser/ros2_ws/install/my_robot_controller/share/my_robot_controller/environment/ament_prefix_path.dsv
[1.648s] -- Installing: /home/devuser/ros2_ws/install/my_robot_controller/share/my_robot_controller/environment/path.sh
[1.649s] -- Installing: /home/devuser/ros2_ws/install/my_robot_controller/share/my_robot_controller/environment/path.dsv
[1.649s] -- Installing: /home/devuser/ros2_ws/install/my_robot_controller/share/my_robot_controller/local_setup.bash
[1.649s] -- Installing: /home/devuser/ros2_ws/install/my_robot_controller/share/my_robot_controller/local_setup.sh
[1.649s] -- Installing: /home/devuser/ros2_ws/install/my_robot_controller/share/my_robot_controller/local_setup.zsh
[1.649s] -- Installing: /home/devuser/ros2_ws/install/my_robot_controller/share/my_robot_controller/local_setup.dsv
[1.649s] -- Installing: /home/devuser/ros2_ws/install/my_robot_controller/share/my_robot_controller/package.dsv
[1.649s] -- Installing: /home/devuser/ros2_ws/install/my_robot_controller/share/ament_index/resource_index/packages/my_robot_controller
[1.649s] -- Installing: /home/devuser/ros2_ws/install/my_robot_controller/share/my_robot_controller/cmake/my_robot_controllerConfig.cmake
[1.649s] -- Installing: /home/devuser/ros2_ws/install/my_robot_controller/share/my_robot_controller/cmake/my_robot_controllerConfig-version.cmake
[1.650s] -- Installing: /home/devuser/ros2_ws/install/my_robot_controller/share/my_robot_controller/package.xml
[1.651s] Invoked command in '/home/devuser/ros2_ws/build/my_robot_controller' returned '0': CMAKE_PREFIX_PATH=${CMAKE_PREFIX_PATH}:/opt/ros/humble /usr/bin/cmake --install /home/devuser/ros2_ws/build/my_robot_controller
