[0.015s] Invoking command in '/home/devuser/AOX/ros_ws/syncasyn/build/syncasyn': CMAKE_PREFIX_PATH=${CMAKE_PREFIX_PATH}:/opt/ros/humble /usr/bin/cmake --build /home/devuser/AOX/ros_ws/syncasyn/build/syncasyn -- -j8 -l8
[0.034s] -- Found ament_cmake: 1.3.5 (/opt/ros/humble/share/ament_cmake/cmake)
[0.129s] -- Found rclcpp: 16.0.5 (/opt/ros/humble/share/rclcpp/cmake)
[0.147s] -- Found rosidl_generator_c: 3.1.5 (/opt/ros/humble/share/rosidl_generator_c/cmake)
[0.149s] -- Found rosidl_adapter: 3.1.5 (/opt/ros/humble/share/rosidl_adapter/cmake)
[0.153s] -- Found rosidl_generator_cpp: 3.1.5 (/opt/ros/humble/share/rosidl_generator_cpp/cmake)
[0.160s] -- Using all available rosidl_typesupport_c: rosidl_typesupport_fastrtps_c;rosidl_typesupport_introspection_c
[0.170s] -- Using all available rosidl_typesupport_cpp: rosidl_typesupport_fastrtps_cpp;rosidl_typesupport_introspection_cpp
[0.209s] -- Found rmw_implementation_cmake: 6.1.1 (/opt/ros/humble/share/rmw_implementation_cmake/cmake)
[0.210s] -- Found rmw_fastrtps_cpp: 6.2.3 (/opt/ros/humble/share/rmw_fastrtps_cpp/cmake)
[0.291s] -- Using RMW implementation 'rmw_fastrtps_cpp' as default
[0.399s] -- Found ament_lint_auto: 0.12.7 (/opt/ros/humble/share/ament_lint_auto/cmake)
[0.453s] -- Added test 'cppcheck' to perform static code analysis on C / C++ code
[0.453s] -- Configured cppcheck include dirs: 
[0.453s] -- Configured cppcheck exclude dirs and/or files: 
[0.454s] -- Added test 'flake8' to check Python code syntax and style conventions
[0.456s] -- Added test 'lint_cmake' to check CMake code style
[0.457s] -- Added test 'pep257' to check Python code against some of the docstring style conventions in PEP 257
[0.465s] -- Added test 'uncrustify' to check C / C++ code style
[0.465s] -- Configured uncrustify additional arguments: 
[0.466s] -- Added test 'xmllint' to check XML markup files
[0.467s] -- Configuring done
[0.472s] -- Generating done
[0.474s] -- Build files have been written to: /home/devuser/AOX/ros_ws/syncasyn/build/syncasyn
[0.491s] [35m[1mConsolidate compiler generated dependencies of target executor[0m
[0.504s] [ 50%] [32m[1mLinking CXX executable executor[0m
[0.632s] [100%] Built target executor
[0.639s] Invoked command in '/home/devuser/AOX/ros_ws/syncasyn/build/syncasyn' returned '0': CMAKE_PREFIX_PATH=${CMAKE_PREFIX_PATH}:/opt/ros/humble /usr/bin/cmake --build /home/devuser/AOX/ros_ws/syncasyn/build/syncasyn -- -j8 -l8
[0.663s] Invoking command in '/home/devuser/AOX/ros_ws/syncasyn/build/syncasyn': CMAKE_PREFIX_PATH=${CMAKE_PREFIX_PATH}:/opt/ros/humble /usr/bin/cmake --install /home/devuser/AOX/ros_ws/syncasyn/build/syncasyn
[0.667s] -- Install configuration: ""
[0.668s] -- Installing: /home/devuser/AOX/ros_ws/syncasyn/install/syncasyn/lib/syncasyn/executor
[0.668s] -- Set runtime path of "/home/devuser/AOX/ros_ws/syncasyn/install/syncasyn/lib/syncasyn/executor" to ""
[0.668s] -- Up-to-date: /home/devuser/AOX/ros_ws/syncasyn/install/syncasyn/share/ament_index/resource_index/package_run_dependencies/syncasyn
[0.668s] -- Up-to-date: /home/devuser/AOX/ros_ws/syncasyn/install/syncasyn/share/ament_index/resource_index/parent_prefix_path/syncasyn
[0.668s] -- Up-to-date: /home/devuser/AOX/ros_ws/syncasyn/install/syncasyn/share/syncasyn/environment/ament_prefix_path.sh
[0.669s] -- Installing: /home/devuser/AOX/ros_ws/syncasyn/install/syncasyn/share/syncasyn/environment/ament_prefix_path.dsv
[0.669s] -- Up-to-date: /home/devuser/AOX/ros_ws/syncasyn/install/syncasyn/share/syncasyn/environment/path.sh
[0.669s] -- Installing: /home/devuser/AOX/ros_ws/syncasyn/install/syncasyn/share/syncasyn/environment/path.dsv
[0.669s] -- Up-to-date: /home/devuser/AOX/ros_ws/syncasyn/install/syncasyn/share/syncasyn/local_setup.bash
[0.669s] -- Up-to-date: /home/devuser/AOX/ros_ws/syncasyn/install/syncasyn/share/syncasyn/local_setup.sh
[0.669s] -- Up-to-date: /home/devuser/AOX/ros_ws/syncasyn/install/syncasyn/share/syncasyn/local_setup.zsh
[0.669s] -- Installing: /home/devuser/AOX/ros_ws/syncasyn/install/syncasyn/share/syncasyn/local_setup.dsv
[0.669s] -- Installing: /home/devuser/AOX/ros_ws/syncasyn/install/syncasyn/share/syncasyn/package.dsv
[0.669s] -- Up-to-date: /home/devuser/AOX/ros_ws/syncasyn/install/syncasyn/share/ament_index/resource_index/packages/syncasyn
[0.669s] -- Up-to-date: /home/devuser/AOX/ros_ws/syncasyn/install/syncasyn/share/syncasyn/cmake/syncasynConfig.cmake
[0.669s] -- Up-to-date: /home/devuser/AOX/ros_ws/syncasyn/install/syncasyn/share/syncasyn/cmake/syncasynConfig-version.cmake
[0.669s] -- Up-to-date: /home/devuser/AOX/ros_ws/syncasyn/install/syncasyn/share/syncasyn/package.xml
[0.671s] Invoked command in '/home/devuser/AOX/ros_ws/syncasyn/build/syncasyn' returned '0': CMAKE_PREFIX_PATH=${CMAKE_PREFIX_PATH}:/opt/ros/humble /usr/bin/cmake --install /home/devuser/AOX/ros_ws/syncasyn/build/syncasyn
