[0.017s] Invoking command in '/home/devuser/AOX/ros_ws/cpp_pubsub/build/cpp_pubsub': CMAKE_PREFIX_PATH=${CMAKE_PREFIX_PATH}:/home/devuser/AOX/ros_ws/install/rosidl_cli:/opt/ros/humble /usr/bin/cmake --build /home/devuser/AOX/ros_ws/cpp_pubsub/build/cpp_pubsub -- -j8 -l8
[0.089s] -- Found ament_cmake: 1.3.5 (/opt/ros/humble/share/ament_cmake/cmake)
[0.212s] -- Found rclcpp: 16.0.5 (/opt/ros/humble/share/rclcpp/cmake)
[0.244s] -- Found rosidl_generator_c: 3.1.5 (/opt/ros/humble/share/rosidl_generator_c/cmake)
[0.245s] -- Found rosidl_adapter: 3.1.5 (/opt/ros/humble/share/rosidl_adapter/cmake)
[0.249s] -- Found rosidl_generator_cpp: 3.1.5 (/opt/ros/humble/share/rosidl_generator_cpp/cmake)
[0.257s] -- Using all available rosidl_typesupport_c: rosidl_typesupport_fastrtps_c;rosidl_typesupport_introspection_c
[0.267s] -- Using all available rosidl_typesupport_cpp: rosidl_typesupport_fastrtps_cpp;rosidl_typesupport_introspection_cpp
[0.306s] -- Found rmw_implementation_cmake: 6.1.1 (/opt/ros/humble/share/rmw_implementation_cmake/cmake)
[0.307s] -- Found rmw_fastrtps_cpp: 6.2.3 (/opt/ros/humble/share/rmw_fastrtps_cpp/cmake)
[0.473s] -- Using RMW implementation 'rmw_fastrtps_cpp' as default
[0.632s] -- Configuring done
[0.642s] -- Generating done
[0.643s] -- Build files have been written to: /home/devuser/AOX/ros_ws/cpp_pubsub/build/cpp_pubsub
[0.661s] [35m[1mConsolidate compiler generated dependencies of target talker[0m
[0.661s] [35m[1mConsolidate compiler generated dependencies of target listener[0m
[0.667s] [ 16%] [32mBuilding CXX object CMakeFiles/watchdog.dir/src/watchdog.cpp.o[0m
[0.672s] [ 33%] [32mBuilding CXX object CMakeFiles/listener.dir/src/subscriber_member_function.cpp.o[0m
[0.674s] [ 50%] [32mBuilding CXX object CMakeFiles/talker.dir/src/publisher_member_function.cpp.o[0m
[0.823s] [01m[K/home/devuser/AOX/ros_ws/cpp_pubsub/src/watchdog.cpp:2:10:[m[K [01;31m[Kfatal error: [m[Kstd_msgs/msg/Empty.hpp: No such file or directory
[0.824s]     2 | #include [01;31m[K"std_msgs/msg/Empty.hpp"[m[K // Change message type as needed
[0.824s]       |          [01;31m[K^~~~~~~~~~~~~~~~~~~~~~~~[m[K
[0.824s] compilation terminated.
[0.826s] gmake[2]: *** [CMakeFiles/watchdog.dir/build.make:76: CMakeFiles/watchdog.dir/src/watchdog.cpp.o] Error 1
[0.827s] gmake[1]: *** [CMakeFiles/Makefile2:193: CMakeFiles/watchdog.dir/all] Error 2
[0.827s] gmake[1]: *** Waiting for unfinished jobs....
[3.858s] [ 66%] [32m[1mLinking CXX executable talker[0m
[3.991s] [ 66%] Built target talker
[6.726s] [ 83%] [32m[1mLinking CXX executable listener[0m
[6.999s] [ 83%] Built target listener
[7.000s] gmake: *** [Makefile:146: all] Error 2
[7.001s] Invoked command in '/home/devuser/AOX/ros_ws/cpp_pubsub/build/cpp_pubsub' returned '2': CMAKE_PREFIX_PATH=${CMAKE_PREFIX_PATH}:/home/devuser/AOX/ros_ws/install/rosidl_cli:/opt/ros/humble /usr/bin/cmake --build /home/devuser/AOX/ros_ws/cpp_pubsub/build/cpp_pubsub -- -j8 -l8
