[0.014s] Invoking command in '/home/devuser/AOX/ros_ws/cpp_pubsub/build/cpp_pubsub': CMAKE_PREFIX_PATH=${CMAKE_PREFIX_PATH}:/opt/ros/humble /usr/bin/cmake --build /home/devuser/AOX/ros_ws/cpp_pubsub/build/cpp_pubsub -- -j8 -l8
[0.048s] [35m[1mConsolidate compiler generated dependencies of target watchdog[0m
[0.048s] [35m[1mConsolidate compiler generated dependencies of target listener[0m
[0.059s] [ 33%] Built target talker
[0.063s] [ 50%] [32mBuilding CXX object CMakeFiles/watchdog.dir/src/watchdog.cpp.o[0m
[0.063s] [ 66%] [32mBuilding CXX object CMakeFiles/listener.dir/src/subscriber_member_function.cpp.o[0m
[0.214s] [01m[K/home/devuser/AOX/ros_ws/cpp_pubsub/src/subscriber_member_function.cpp:5:10:[m[K [01;31m[Kfatal error: [m[Ktutorial_interfaces/srv/addthreeints.hpp: No such file or directory
[0.214s]     5 | #include [01;31m[K"tutorial_interfaces/srv/addthreeints.hpp"[m[K
[0.214s]       |          [01;31m[K^~~~~~~~~~~~~~~~~~~~~~~~~~~~~~~~~~~~~~~~~~[m[K
[0.214s] compilation terminated.
[0.217s] [01m[K/home/devuser/AOX/ros_ws/cpp_pubsub/src/watchdog.cpp:5:10:[m[K [01;31m[Kfatal error: [m[Ktutorial_interfaces/srv/addthreeints.hpp: No such file or directory
[0.217s]     5 | #include [01;31m[K"tutorial_interfaces/srv/addthreeints.hpp"[m[K
[0.217s]       |          [01;31m[K^~~~~~~~~~~~~~~~~~~~~~~~~~~~~~~~~~~~~~~~~~[m[K
[0.217s] compilation terminated.
[0.232s] gmake[2]: *** [CMakeFiles/listener.dir/build.make:76: CMakeFiles/listener.dir/src/subscriber_member_function.cpp.o] Error 1
[0.232s] gmake[2]: *** [CMakeFiles/watchdog.dir/build.make:76: CMakeFiles/watchdog.dir/src/watchdog.cpp.o] Error 1
[0.232s] gmake[1]: *** [CMakeFiles/Makefile2:193: CMakeFiles/watchdog.dir/all] Error 2
[0.232s] gmake[1]: *** Waiting for unfinished jobs....
[0.232s] gmake[1]: *** [CMakeFiles/Makefile2:167: CMakeFiles/listener.dir/all] Error 2
[0.232s] gmake: *** [Makefile:146: all] Error 2
[0.234s] Invoked command in '/home/devuser/AOX/ros_ws/cpp_pubsub/build/cpp_pubsub' returned '2': CMAKE_PREFIX_PATH=${CMAKE_PREFIX_PATH}:/opt/ros/humble /usr/bin/cmake --build /home/devuser/AOX/ros_ws/cpp_pubsub/build/cpp_pubsub -- -j8 -l8
