[0.302s] DEBUG:colcon:Command line arguments: ['/home/devuser/.local/bin/colcon', 'build', '--packages-select', 'cpp_pubsub']
[0.302s] DEBUG:colcon:Parsed command line arguments: Namespace(log_base=None, log_level=None, verb_name='build', build_base='build', install_base='install', merge_install=False, symlink_install=False, test_result_base=None, continue_on_error=False, executor='parallel', parallel_workers=8, event_handlers=None, ignore_user_meta=False, metas=['./colcon.meta'], base_paths=['.'], packages_ignore=None, packages_ignore_regex=None, paths=None, packages_up_to=None, packages_up_to_regex=None, packages_above=None, packages_above_and_dependencies=None, packages_above_depth=None, packages_select_by_dep=None, packages_skip_by_dep=None, packages_skip_up_to=None, packages_select_build_failed=False, packages_skip_build_finished=False, packages_select_test_failures=False, packages_skip_test_passed=False, packages_select=['cpp_pubsub'], packages_skip=None, packages_select_regex=None, packages_skip_regex=None, packages_start=None, packages_end=None, allow_overriding=[], cmake_args=None, cmake_target=None, cmake_target_skip_unavailable=False, cmake_clean_cache=False, cmake_clean_first=False, cmake_force_configure=False, ament_cmake_args=None, catkin_cmake_args=None, catkin_skip_building_tests=False, verb_parser=<colcon_defaults.argument_parser.defaults.DefaultArgumentsDecorator object at 0x7fce31cd86a0>, verb_extension=<colcon_core.verb.build.BuildVerb object at 0x7fce326a1810>, main=<bound method BuildVerb.main of <colcon_core.verb.build.BuildVerb object at 0x7fce326a1810>>)
[0.322s] Level 1:colcon.colcon_core.package_discovery:discover_packages(colcon_meta) check parameters
[0.322s] Level 1:colcon.colcon_core.package_discovery:discover_packages(recursive) check parameters
[0.322s] Level 1:colcon.colcon_core.package_discovery:discover_packages(ignore) check parameters
[0.322s] Level 1:colcon.colcon_core.package_discovery:discover_packages(path) check parameters
[0.322s] Level 1:colcon.colcon_core.package_discovery:discover_packages(colcon_meta) discover
[0.322s] Level 1:colcon.colcon_core.package_discovery:discover_packages(recursive) discover
[0.322s] INFO:colcon.colcon_core.package_discovery:Crawling recursively for packages in '/home/devuser/AOX/ros_ws/cpp_pubsub'
[0.322s] Level 1:colcon.colcon_core.package_identification:_identify(.) by extensions ['ignore', 'ignore_ament_install']
[0.322s] Level 1:colcon.colcon_core.package_identification:_identify(.) by extension 'ignore'
[0.322s] Level 1:colcon.colcon_core.package_identification:_identify(.) by extension 'ignore_ament_install'
[0.322s] Level 1:colcon.colcon_core.package_identification:_identify(.) by extensions ['colcon_pkg']
[0.322s] Level 1:colcon.colcon_core.package_identification:_identify(.) by extension 'colcon_pkg'
[0.322s] Level 1:colcon.colcon_core.package_identification:_identify(.) by extensions ['colcon_meta']
[0.323s] Level 1:colcon.colcon_core.package_identification:_identify(.) by extension 'colcon_meta'
[0.323s] Level 1:colcon.colcon_core.package_identification:_identify(.) by extensions ['ros']
[0.323s] Level 1:colcon.colcon_core.package_identification:_identify(.) by extension 'ros'
[0.333s] DEBUG:colcon.colcon_core.package_identification:Package '.' with type 'ros.ament_cmake' and name 'cpp_pubsub'
[0.333s] Level 1:colcon.colcon_core.package_discovery:discover_packages(recursive) using defaults
[0.333s] Level 1:colcon.colcon_core.package_discovery:discover_packages(ignore) discover
[0.333s] Level 1:colcon.colcon_core.package_discovery:discover_packages(ignore) using defaults
[0.333s] Level 1:colcon.colcon_core.package_discovery:discover_packages(path) discover
[0.333s] Level 1:colcon.colcon_core.package_discovery:discover_packages(path) using defaults
[0.353s] Level 1:colcon.colcon_core.package_discovery:discover_packages(prefix_path) check parameters
[0.353s] Level 1:colcon.colcon_core.package_discovery:discover_packages(prefix_path) discover
[0.356s] DEBUG:colcon.colcon_installed_package_information.package_discovery:Found 1 installed packages in /home/devuser/AOX/ros_ws/cpp_pubsub/src/install
[0.357s] DEBUG:colcon.colcon_installed_package_information.package_discovery:Found 1 installed packages in /home/devuser/AOX/ros_ws/cpp_pubsub/install
[0.359s] DEBUG:colcon.colcon_installed_package_information.package_discovery:Found 284 installed packages in /opt/ros/humble
[0.360s] Level 1:colcon.colcon_core.package_discovery:discover_packages(prefix_path) using defaults
[0.404s] Level 5:colcon.colcon_core.verb:set package 'cpp_pubsub' build argument 'cmake_args' from command line to 'None'
[0.404s] Level 5:colcon.colcon_core.verb:set package 'cpp_pubsub' build argument 'cmake_target' from command line to 'None'
[0.404s] Level 5:colcon.colcon_core.verb:set package 'cpp_pubsub' build argument 'cmake_target_skip_unavailable' from command line to 'False'
[0.404s] Level 5:colcon.colcon_core.verb:set package 'cpp_pubsub' build argument 'cmake_clean_cache' from command line to 'False'
[0.404s] Level 5:colcon.colcon_core.verb:set package 'cpp_pubsub' build argument 'cmake_clean_first' from command line to 'False'
[0.404s] Level 5:colcon.colcon_core.verb:set package 'cpp_pubsub' build argument 'cmake_force_configure' from command line to 'False'
[0.404s] Level 5:colcon.colcon_core.verb:set package 'cpp_pubsub' build argument 'ament_cmake_args' from command line to 'None'
[0.404s] Level 5:colcon.colcon_core.verb:set package 'cpp_pubsub' build argument 'catkin_cmake_args' from command line to 'None'
[0.404s] Level 5:colcon.colcon_core.verb:set package 'cpp_pubsub' build argument 'catkin_skip_building_tests' from command line to 'False'
[0.404s] DEBUG:colcon.colcon_core.verb:Building package 'cpp_pubsub' with the following arguments: {'ament_cmake_args': None, 'build_base': '/home/devuser/AOX/ros_ws/cpp_pubsub/build/cpp_pubsub', 'catkin_cmake_args': None, 'catkin_skip_building_tests': False, 'cmake_args': None, 'cmake_clean_cache': False, 'cmake_clean_first': False, 'cmake_force_configure': False, 'cmake_target': None, 'cmake_target_skip_unavailable': False, 'install_base': '/home/devuser/AOX/ros_ws/cpp_pubsub/install/cpp_pubsub', 'merge_install': False, 'path': '/home/devuser/AOX/ros_ws/cpp_pubsub', 'symlink_install': False, 'test_result_base': None}
[0.405s] INFO:colcon.colcon_core.executor:Executing jobs using 'parallel' executor
[0.410s] DEBUG:colcon.colcon_parallel_executor.executor.parallel:run_until_complete
[0.410s] INFO:colcon.colcon_ros.task.ament_cmake.build:Building ROS package in '/home/devuser/AOX/ros_ws/cpp_pubsub' with build type 'ament_cmake'
[0.411s] INFO:colcon.colcon_cmake.task.cmake.build:Building CMake package in '/home/devuser/AOX/ros_ws/cpp_pubsub'
[0.415s] INFO:colcon.colcon_core.plugin_system:Skipping extension 'colcon_core.shell.bat': Not used on non-Windows systems
[0.415s] INFO:colcon.colcon_core.shell:Skip shell extension 'powershell' for command environment: Not usable outside of PowerShell
[0.415s] DEBUG:colcon.colcon_core.shell:Skip shell extension 'dsv' for command environment
[0.428s] DEBUG:colcon.colcon_core.event_handler.log_command:Invoking command in '/home/devuser/AOX/ros_ws/cpp_pubsub/build/cpp_pubsub': CMAKE_PREFIX_PATH=${CMAKE_PREFIX_PATH}:/opt/ros/humble /usr/bin/cmake --build /home/devuser/AOX/ros_ws/cpp_pubsub/build/cpp_pubsub -- -j8 -l8
[7.061s] DEBUG:colcon.colcon_core.event_handler.log_command:Invoked command in '/home/devuser/AOX/ros_ws/cpp_pubsub/build/cpp_pubsub' returned '0': CMAKE_PREFIX_PATH=${CMAKE_PREFIX_PATH}:/opt/ros/humble /usr/bin/cmake --build /home/devuser/AOX/ros_ws/cpp_pubsub/build/cpp_pubsub -- -j8 -l8
[7.097s] DEBUG:colcon.colcon_core.event_handler.log_command:Invoking command in '/home/devuser/AOX/ros_ws/cpp_pubsub/build/cpp_pubsub': CMAKE_PREFIX_PATH=${CMAKE_PREFIX_PATH}:/opt/ros/humble /usr/bin/cmake --install /home/devuser/AOX/ros_ws/cpp_pubsub/build/cpp_pubsub
[7.113s] Level 1:colcon.colcon_core.environment:create_environment_scripts_only(cpp_pubsub)
[7.113s] DEBUG:colcon.colcon_core.event_handler.log_command:Invoked command in '/home/devuser/AOX/ros_ws/cpp_pubsub/build/cpp_pubsub' returned '0': CMAKE_PREFIX_PATH=${CMAKE_PREFIX_PATH}:/opt/ros/humble /usr/bin/cmake --install /home/devuser/AOX/ros_ws/cpp_pubsub/build/cpp_pubsub
[7.119s] Level 1:colcon.colcon_core.environment:checking '/home/devuser/AOX/ros_ws/cpp_pubsub/install/cpp_pubsub' for CMake module files
[7.119s] Level 1:colcon.colcon_core.environment:checking '/home/devuser/AOX/ros_ws/cpp_pubsub/install/cpp_pubsub' for CMake config files
[7.119s] Level 1:colcon.colcon_core.shell:create_environment_hook('cpp_pubsub', 'cmake_prefix_path')
[7.121s] INFO:colcon.colcon_core.shell:Creating environment hook '/home/devuser/AOX/ros_ws/cpp_pubsub/install/cpp_pubsub/share/cpp_pubsub/hook/cmake_prefix_path.ps1'
[7.121s] INFO:colcon.colcon_core.shell:Creating environment descriptor '/home/devuser/AOX/ros_ws/cpp_pubsub/install/cpp_pubsub/share/cpp_pubsub/hook/cmake_prefix_path.dsv'
[7.122s] INFO:colcon.colcon_core.shell:Creating environment hook '/home/devuser/AOX/ros_ws/cpp_pubsub/install/cpp_pubsub/share/cpp_pubsub/hook/cmake_prefix_path.sh'
[7.122s] Level 1:colcon.colcon_core.environment:checking '/home/devuser/AOX/ros_ws/cpp_pubsub/install/cpp_pubsub/lib'
[7.122s] Level 1:colcon.colcon_core.environment:checking '/home/devuser/AOX/ros_ws/cpp_pubsub/install/cpp_pubsub/bin'
[7.122s] Level 1:colcon.colcon_core.environment:checking '/home/devuser/AOX/ros_ws/cpp_pubsub/install/cpp_pubsub/lib/pkgconfig/cpp_pubsub.pc'
[7.123s] Level 1:colcon.colcon_core.environment:checking '/home/devuser/AOX/ros_ws/cpp_pubsub/install/cpp_pubsub/lib/python3.10/site-packages'
[7.123s] Level 1:colcon.colcon_core.environment:checking '/home/devuser/AOX/ros_ws/cpp_pubsub/install/cpp_pubsub/bin'
[7.126s] INFO:colcon.colcon_core.shell:Creating package script '/home/devuser/AOX/ros_ws/cpp_pubsub/install/cpp_pubsub/share/cpp_pubsub/package.ps1'
[7.126s] INFO:colcon.colcon_core.shell:Creating package descriptor '/home/devuser/AOX/ros_ws/cpp_pubsub/install/cpp_pubsub/share/cpp_pubsub/package.dsv'
[7.127s] INFO:colcon.colcon_core.shell:Creating package script '/home/devuser/AOX/ros_ws/cpp_pubsub/install/cpp_pubsub/share/cpp_pubsub/package.sh'
[7.128s] INFO:colcon.colcon_core.shell:Creating package script '/home/devuser/AOX/ros_ws/cpp_pubsub/install/cpp_pubsub/share/cpp_pubsub/package.bash'
[7.129s] INFO:colcon.colcon_core.shell:Creating package script '/home/devuser/AOX/ros_ws/cpp_pubsub/install/cpp_pubsub/share/cpp_pubsub/package.zsh'
[7.130s] Level 1:colcon.colcon_core.environment:create_file_with_runtime_dependencies(/home/devuser/AOX/ros_ws/cpp_pubsub/install/cpp_pubsub/share/colcon-core/packages/cpp_pubsub)
[7.157s] Level 1:colcon.colcon_core.environment:create_environment_scripts_only(cpp_pubsub)
[7.161s] Level 1:colcon.colcon_core.environment:checking '/home/devuser/AOX/ros_ws/cpp_pubsub/install/cpp_pubsub' for CMake module files
[7.161s] Level 1:colcon.colcon_core.environment:checking '/home/devuser/AOX/ros_ws/cpp_pubsub/install/cpp_pubsub' for CMake config files
[7.161s] Level 1:colcon.colcon_core.shell:create_environment_hook('cpp_pubsub', 'cmake_prefix_path')
[7.163s] INFO:colcon.colcon_core.shell:Creating environment hook '/home/devuser/AOX/ros_ws/cpp_pubsub/install/cpp_pubsub/share/cpp_pubsub/hook/cmake_prefix_path.ps1'
[7.164s] INFO:colcon.colcon_core.shell:Creating environment descriptor '/home/devuser/AOX/ros_ws/cpp_pubsub/install/cpp_pubsub/share/cpp_pubsub/hook/cmake_prefix_path.dsv'
[7.164s] INFO:colcon.colcon_core.shell:Creating environment hook '/home/devuser/AOX/ros_ws/cpp_pubsub/install/cpp_pubsub/share/cpp_pubsub/hook/cmake_prefix_path.sh'
[7.165s] Level 1:colcon.colcon_core.environment:checking '/home/devuser/AOX/ros_ws/cpp_pubsub/install/cpp_pubsub/lib'
[7.165s] Level 1:colcon.colcon_core.environment:checking '/home/devuser/AOX/ros_ws/cpp_pubsub/install/cpp_pubsub/bin'
[7.165s] Level 1:colcon.colcon_core.environment:checking '/home/devuser/AOX/ros_ws/cpp_pubsub/install/cpp_pubsub/lib/pkgconfig/cpp_pubsub.pc'
[7.165s] Level 1:colcon.colcon_core.environment:checking '/home/devuser/AOX/ros_ws/cpp_pubsub/install/cpp_pubsub/lib/python3.10/site-packages'
[7.165s] Level 1:colcon.colcon_core.environment:checking '/home/devuser/AOX/ros_ws/cpp_pubsub/install/cpp_pubsub/bin'
[7.167s] INFO:colcon.colcon_core.shell:Creating package script '/home/devuser/AOX/ros_ws/cpp_pubsub/install/cpp_pubsub/share/cpp_pubsub/package.ps1'
[7.168s] INFO:colcon.colcon_core.shell:Creating package descriptor '/home/devuser/AOX/ros_ws/cpp_pubsub/install/cpp_pubsub/share/cpp_pubsub/package.dsv'
[7.168s] INFO:colcon.colcon_core.shell:Creating package script '/home/devuser/AOX/ros_ws/cpp_pubsub/install/cpp_pubsub/share/cpp_pubsub/package.sh'
[7.168s] INFO:colcon.colcon_core.shell:Creating package script '/home/devuser/AOX/ros_ws/cpp_pubsub/install/cpp_pubsub/share/cpp_pubsub/package.bash'
[7.169s] INFO:colcon.colcon_core.shell:Creating package script '/home/devuser/AOX/ros_ws/cpp_pubsub/install/cpp_pubsub/share/cpp_pubsub/package.zsh'
[7.169s] Level 1:colcon.colcon_core.environment:create_file_with_runtime_dependencies(/home/devuser/AOX/ros_ws/cpp_pubsub/install/cpp_pubsub/share/colcon-core/packages/cpp_pubsub)
[7.169s] DEBUG:colcon.colcon_parallel_executor.executor.parallel:closing loop
[7.170s] DEBUG:colcon.colcon_parallel_executor.executor.parallel:loop closed
[7.170s] DEBUG:colcon.colcon_parallel_executor.executor.parallel:run_until_complete finished with '0'
[7.170s] DEBUG:colcon.colcon_core.event_reactor:joining thread
[7.174s] INFO:colcon.colcon_core.plugin_system:Skipping extension 'colcon_notification.desktop_notification.terminal_notifier': Not used on non-Darwin systems
[7.174s] INFO:colcon.colcon_core.plugin_system:Skipping extension 'colcon_notification.desktop_notification.win32': Not used on non-Windows systems
[7.174s] INFO:colcon.colcon_notification.desktop_notification:Sending desktop notification using 'notify2'
[7.186s] DEBUG:colcon.colcon_core.event_reactor:joined thread
[7.189s] INFO:colcon.colcon_core.shell:Creating prefix script '/home/devuser/AOX/ros_ws/cpp_pubsub/install/local_setup.ps1'
[7.190s] INFO:colcon.colcon_core.shell:Creating prefix util module '/home/devuser/AOX/ros_ws/cpp_pubsub/install/_local_setup_util_ps1.py'
[7.192s] INFO:colcon.colcon_core.shell:Creating prefix chain script '/home/devuser/AOX/ros_ws/cpp_pubsub/install/setup.ps1'
[7.194s] INFO:colcon.colcon_core.shell:Creating prefix script '/home/devuser/AOX/ros_ws/cpp_pubsub/install/local_setup.sh'
[7.194s] INFO:colcon.colcon_core.shell:Creating prefix util module '/home/devuser/AOX/ros_ws/cpp_pubsub/install/_local_setup_util_sh.py'
[7.194s] INFO:colcon.colcon_core.shell:Creating prefix chain script '/home/devuser/AOX/ros_ws/cpp_pubsub/install/setup.sh'
[7.196s] INFO:colcon.colcon_core.shell:Creating prefix script '/home/devuser/AOX/ros_ws/cpp_pubsub/install/local_setup.bash'
[7.196s] INFO:colcon.colcon_core.shell:Creating prefix chain script '/home/devuser/AOX/ros_ws/cpp_pubsub/install/setup.bash'
[7.197s] INFO:colcon.colcon_core.shell:Creating prefix script '/home/devuser/AOX/ros_ws/cpp_pubsub/install/local_setup.zsh'
[7.198s] INFO:colcon.colcon_core.shell:Creating prefix chain script '/home/devuser/AOX/ros_ws/cpp_pubsub/install/setup.zsh'
