[0.024s] Invoking command in '/home/devuser/ros2_ws/build/more_interfaces': CMAKE_PREFIX_PATH=${CMAKE_PREFIX_PATH}:/opt/ros/humble /usr/bin/cmake /home/devuser/ros2_ws/src/more_interfaces -DCMAKE_INSTALL_PREFIX=/home/devuser/ros2_ws/install/more_interfaces
[0.036s] -- Found ament_cmake: 1.3.5 (/opt/ros/humble/share/ament_cmake/cmake)
[0.177s] -- Found rosidl_default_generators: 1.2.0 (/opt/ros/humble/share/rosidl_default_generators/cmake)
[0.178s] -- Using all available rosidl_typesupport_c: rosidl_typesupport_fastrtps_c;rosidl_typesupport_introspection_c
[0.181s] -- Found rosidl_adapter: 3.1.5 (/opt/ros/humble/share/rosidl_adapter/cmake)
[0.211s] -- Using all available rosidl_typesupport_cpp: rosidl_typesupport_fastrtps_cpp;rosidl_typesupport_introspection_cpp
[0.239s] -- Found rclcpp: 16.0.5 (/opt/ros/humble/share/rclcpp/cmake)
[0.312s] -- Found rmw_implementation_cmake: 6.1.1 (/opt/ros/humble/share/rmw_implementation_cmake/cmake)
[0.314s] -- Found rmw_fastrtps_cpp: 6.2.3 (/opt/ros/humble/share/rmw_fastrtps_cpp/cmake)
[0.428s] -- Using RMW implementation 'rmw_fastrtps_cpp' as default
[0.839s] -- Found ament_cmake_ros: 0.10.0 (/opt/ros/humble/share/ament_cmake_ros/cmake)
[1.011s] -- Using all available rosidl_typesupport_c: rosidl_typesupport_fastrtps_c;rosidl_typesupport_introspection_c
[1.240s] -- Using all available rosidl_typesupport_cpp: rosidl_typesupport_fastrtps_cpp;rosidl_typesupport_introspection_cpp
[1.261s] -- Found python_cmake_module: 0.10.0 (/opt/ros/humble/share/python_cmake_module/cmake)
[1.283s] -- Using PYTHON_EXECUTABLE: /usr/bin/python3
[1.283s] -- Using PYTHON_INCLUDE_DIRS: /usr/include/python3.10
[1.283s] -- Using PYTHON_LIBRARIES: /usr/lib/x86_64-linux-gnu/libpython3.10.so
[1.295s] [0mCMake Deprecation Warning at /opt/ros/humble/share/rosidl_cmake/cmake/rosidl_target_interfaces.cmake:32 (message):
[1.295s]   Use rosidl_get_typesupport_target() and target_link_libraries() instead of
[1.295s]   rosidl_target_interfaces()
[1.295s] Call Stack (most recent call first):
[1.295s]   CMakeLists.txt:32 (rosidl_target_interfaces)
[1.295s] 
[1.295s] [0m
[1.301s] -- Configuring done
[1.328s] -- Generating done
[1.331s] -- Build files have been written to: /home/devuser/ros2_ws/build/more_interfaces
[1.341s] Invoked command in '/home/devuser/ros2_ws/build/more_interfaces' returned '0': CMAKE_PREFIX_PATH=${CMAKE_PREFIX_PATH}:/opt/ros/humble /usr/bin/cmake /home/devuser/ros2_ws/src/more_interfaces -DCMAKE_INSTALL_PREFIX=/home/devuser/ros2_ws/install/more_interfaces
[1.342s] Invoking command in '/home/devuser/ros2_ws/build/more_interfaces': CMAKE_PREFIX_PATH=${CMAKE_PREFIX_PATH}:/opt/ros/humble /usr/bin/cmake --build /home/devuser/ros2_ws/build/more_interfaces -- -j8 -l8
[1.376s] [  3%] [34m[1mGenerating C code for ROS interfaces[0m
[1.385s] [  6%] [34m[1mGenerating C++ code for ROS interfaces[0m
[1.394s] [  6%] Built target ament_cmake_python_copy_more_interfaces
[1.669s] running egg_info
[1.670s] creating more_interfaces.egg-info
[1.670s] writing more_interfaces.egg-info/PKG-INFO
[1.670s] writing dependency_links to more_interfaces.egg-info/dependency_links.txt
[1.671s] writing top-level names to more_interfaces.egg-info/top_level.txt
[1.671s] writing manifest file 'more_interfaces.egg-info/SOURCES.txt'
[1.674s] reading manifest file 'more_interfaces.egg-info/SOURCES.txt'
[1.674s] writing manifest file 'more_interfaces.egg-info/SOURCES.txt'
[1.680s] [  6%] Built target more_interfaces__cpp
[1.683s] [  9%] [32mBuilding C object CMakeFiles/more_interfaces__rosidl_generator_c.dir/rosidl_generator_c/more_interfaces/msg/detail/address_book__functions.c.o[0m
[1.693s] [ 12%] [34m[1mGenerating C++ introspection for ROS interfaces[0m
[1.694s] [ 18%] [34m[1mGenerating C++ type support for eProsima Fast-RTPS[0m
[1.694s] [ 18%] [34m[1mGenerating C++ type support dispatch for ROS interfaces[0m
[1.714s] [ 18%] Built target ament_cmake_python_build_more_interfaces_egg
[1.754s] [ 21%] [32m[1mLinking C shared library libmore_interfaces__rosidl_generator_c.so[0m
[1.791s] [ 21%] Built target more_interfaces__rosidl_generator_c
[1.802s] [ 24%] [34m[1mGenerating C type support for eProsima Fast-RTPS[0m
[1.805s] [ 30%] [34m[1mGenerating C introspection for ROS interfaces[0m
[1.805s] [ 30%] [34m[1mGenerating C type support dispatch for ROS interfaces[0m
[2.008s] [ 36%] [32mBuilding CXX object CMakeFiles/more_interfaces__rosidl_typesupport_fastrtps_cpp.dir/rosidl_typesupport_fastrtps_cpp/more_interfaces/msg/detail/dds_fastrtps/address_book__type_support.cpp.o[0m
[2.008s] [ 36%] [32mBuilding CXX object CMakeFiles/more_interfaces__rosidl_typesupport_introspection_cpp.dir/rosidl_typesupport_introspection_cpp/more_interfaces/msg/detail/address_book__type_support.cpp.o[0m
[2.118s] [ 39%] [32mBuilding CXX object CMakeFiles/more_interfaces__rosidl_typesupport_cpp.dir/rosidl_typesupport_cpp/more_interfaces/msg/address_book__type_support.cpp.o[0m
[2.292s] [ 42%] [32mBuilding CXX object CMakeFiles/more_interfaces__rosidl_typesupport_c.dir/rosidl_typesupport_c/more_interfaces/msg/address_book__type_support.cpp.o[0m
[2.308s] [ 45%] [32mBuilding C object CMakeFiles/more_interfaces__rosidl_typesupport_introspection_c.dir/rosidl_typesupport_introspection_c/more_interfaces/msg/detail/address_book__type_support.c.o[0m
[2.318s] [ 48%] [32mBuilding CXX object CMakeFiles/more_interfaces__rosidl_typesupport_fastrtps_c.dir/rosidl_typesupport_fastrtps_c/more_interfaces/msg/detail/address_book__type_support_c.cpp.o[0m
[2.347s] [ 51%] [32m[1mLinking CXX shared library libmore_interfaces__rosidl_typesupport_c.so[0m
[2.363s] [ 54%] [32m[1mLinking C shared library libmore_interfaces__rosidl_typesupport_introspection_c.so[0m
[2.411s] [ 54%] Built target more_interfaces__rosidl_typesupport_introspection_c
[2.415s] [ 54%] Built target more_interfaces__rosidl_typesupport_c
[2.510s] [ 60%] [32m[1mLinking CXX shared library libmore_interfaces__rosidl_typesupport_cpp.so[0m
[2.510s] [ 63%] [32m[1mLinking CXX shared library libmore_interfaces__rosidl_typesupport_fastrtps_cpp.so[0m
[2.510s] [ 60%] [32m[1mLinking CXX shared library libmore_interfaces__rosidl_typesupport_introspection_cpp.so[0m
[2.569s] [ 63%] Built target more_interfaces__rosidl_typesupport_cpp
[2.610s] [ 63%] Built target more_interfaces__rosidl_typesupport_introspection_cpp
[2.616s] [ 63%] Built target more_interfaces__rosidl_typesupport_fastrtps_cpp
[2.711s] [ 66%] [32m[1mLinking CXX shared library libmore_interfaces__rosidl_typesupport_fastrtps_c.so[0m
[2.786s] [ 66%] Built target more_interfaces__rosidl_typesupport_fastrtps_c
[2.804s] [ 66%] Built target more_interfaces
[2.822s] [ 72%] [32mBuilding CXX object CMakeFiles/publish_address_book.dir/src/publish_address_book.cpp.o[0m
[2.822s] [ 72%] [34m[1mGenerating Python code for ROS interfaces[0m
[3.162s] [ 72%] Built target more_interfaces__py
[3.181s] [ 75%] [32mBuilding C object CMakeFiles/more_interfaces__rosidl_generator_py.dir/rosidl_generator_py/more_interfaces/msg/_address_book_s.c.o[0m
[3.282s] [ 78%] [32m[1mLinking C shared library rosidl_generator_py/more_interfaces/libmore_interfaces__rosidl_generator_py.so[0m
[3.318s] [ 78%] Built target more_interfaces__rosidl_generator_py
[3.345s] [ 81%] [32mBuilding C object CMakeFiles/more_interfaces__rosidl_typesupport_fastrtps_c__pyext.dir/rosidl_generator_py/more_interfaces/_more_interfaces_s.ep.rosidl_typesupport_fastrtps_c.c.o[0m
[3.345s] [ 84%] [32mBuilding C object CMakeFiles/more_interfaces__rosidl_typesupport_c__pyext.dir/rosidl_generator_py/more_interfaces/_more_interfaces_s.ep.rosidl_typesupport_c.c.o[0m
[3.348s] [ 87%] [32mBuilding C object CMakeFiles/more_interfaces__rosidl_typesupport_introspection_c__pyext.dir/rosidl_generator_py/more_interfaces/_more_interfaces_s.ep.rosidl_typesupport_introspection_c.c.o[0m
[3.437s] [ 90%] [32m[1mLinking C shared library rosidl_generator_py/more_interfaces/more_interfaces_s__rosidl_typesupport_c.cpython-310-x86_64-linux-gnu.so[0m
[3.441s] [ 93%] [32m[1mLinking C shared library rosidl_generator_py/more_interfaces/more_interfaces_s__rosidl_typesupport_fastrtps_c.cpython-310-x86_64-linux-gnu.so[0m
[3.474s] [ 93%] Built target more_interfaces__rosidl_typesupport_c__pyext
[3.477s] [ 93%] Built target more_interfaces__rosidl_typesupport_fastrtps_c__pyext
[3.495s] [ 96%] [32m[1mLinking C shared library rosidl_generator_py/more_interfaces/more_interfaces_s__rosidl_typesupport_introspection_c.cpython-310-x86_64-linux-gnu.so[0m
[3.527s] [ 96%] Built target more_interfaces__rosidl_typesupport_introspection_c__pyext
[7.095s] [100%] [32m[1mLinking CXX executable publish_address_book[0m
[7.273s] [100%] Built target publish_address_book
[7.284s] Invoked command in '/home/devuser/ros2_ws/build/more_interfaces' returned '0': CMAKE_PREFIX_PATH=${CMAKE_PREFIX_PATH}:/opt/ros/humble /usr/bin/cmake --build /home/devuser/ros2_ws/build/more_interfaces -- -j8 -l8
[7.340s] Invoking command in '/home/devuser/ros2_ws/build/more_interfaces': CMAKE_PREFIX_PATH=${CMAKE_PREFIX_PATH}:/opt/ros/humble /usr/bin/cmake --install /home/devuser/ros2_ws/build/more_interfaces
[7.349s] -- Install configuration: ""
[7.349s] -- Installing: /home/devuser/ros2_ws/install/more_interfaces/share/ament_index/resource_index/rosidl_interfaces/more_interfaces
[7.349s] -- Installing: /home/devuser/ros2_ws/install/more_interfaces/include/more_interfaces/more_interfaces
[7.349s] -- Installing: /home/devuser/ros2_ws/install/more_interfaces/include/more_interfaces/more_interfaces/msg
[7.349s] -- Installing: /home/devuser/ros2_ws/install/more_interfaces/include/more_interfaces/more_interfaces/msg/rosidl_generator_c__visibility_control.h
[7.349s] -- Installing: /home/devuser/ros2_ws/install/more_interfaces/include/more_interfaces/more_interfaces/msg/address_book.h
[7.350s] -- Installing: /home/devuser/ros2_ws/install/more_interfaces/include/more_interfaces/more_interfaces/msg/detail
[7.350s] -- Installing: /home/devuser/ros2_ws/install/more_interfaces/include/more_interfaces/more_interfaces/msg/detail/address_book__type_support.h
[7.350s] -- Installing: /home/devuser/ros2_ws/install/more_interfaces/include/more_interfaces/more_interfaces/msg/detail/address_book__struct.h
[7.350s] -- Installing: /home/devuser/ros2_ws/install/more_interfaces/include/more_interfaces/more_interfaces/msg/detail/address_book__functions.h
[7.350s] -- Installing: /home/devuser/ros2_ws/install/more_interfaces/include/more_interfaces/more_interfaces/msg/detail/address_book__functions.c
[7.350s] -- Installing: /home/devuser/ros2_ws/install/more_interfaces/share/more_interfaces/environment/library_path.sh
[7.350s] -- Installing: /home/devuser/ros2_ws/install/more_interfaces/share/more_interfaces/environment/library_path.dsv
[7.350s] -- Installing: /home/devuser/ros2_ws/install/more_interfaces/lib/libmore_interfaces__rosidl_generator_c.so
[7.351s] -- Set runtime path of "/home/devuser/ros2_ws/install/more_interfaces/lib/libmore_interfaces__rosidl_generator_c.so" to ""
[7.351s] -- Up-to-date: /home/devuser/ros2_ws/install/more_interfaces/include/more_interfaces/more_interfaces
[7.351s] -- Up-to-date: /home/devuser/ros2_ws/install/more_interfaces/include/more_interfaces/more_interfaces/msg
[7.351s] -- Installing: /home/devuser/ros2_ws/install/more_interfaces/include/more_interfaces/more_interfaces/msg/rosidl_typesupport_fastrtps_c__visibility_control.h
[7.351s] -- Up-to-date: /home/devuser/ros2_ws/install/more_interfaces/include/more_interfaces/more_interfaces/msg/detail
[7.351s] -- Installing: /home/devuser/ros2_ws/install/more_interfaces/include/more_interfaces/more_interfaces/msg/detail/address_book__rosidl_typesupport_fastrtps_c.h
[7.352s] -- Installing: /home/devuser/ros2_ws/install/more_interfaces/lib/libmore_interfaces__rosidl_typesupport_fastrtps_c.so
[7.352s] -- Set runtime path of "/home/devuser/ros2_ws/install/more_interfaces/lib/libmore_interfaces__rosidl_typesupport_fastrtps_c.so" to ""
[7.352s] -- Up-to-date: /home/devuser/ros2_ws/install/more_interfaces/include/more_interfaces/more_interfaces
[7.352s] -- Up-to-date: /home/devuser/ros2_ws/install/more_interfaces/include/more_interfaces/more_interfaces/msg
[7.352s] -- Installing: /home/devuser/ros2_ws/install/more_interfaces/include/more_interfaces/more_interfaces/msg/rosidl_typesupport_introspection_c__visibility_control.h
[7.352s] -- Up-to-date: /home/devuser/ros2_ws/install/more_interfaces/include/more_interfaces/more_interfaces/msg/detail
[7.352s] -- Installing: /home/devuser/ros2_ws/install/more_interfaces/include/more_interfaces/more_interfaces/msg/detail/address_book__type_support.c
[7.353s] -- Installing: /home/devuser/ros2_ws/install/more_interfaces/include/more_interfaces/more_interfaces/msg/detail/address_book__rosidl_typesupport_introspection_c.h
[7.353s] -- Installing: /home/devuser/ros2_ws/install/more_interfaces/lib/libmore_interfaces__rosidl_typesupport_introspection_c.so
[7.353s] -- Set runtime path of "/home/devuser/ros2_ws/install/more_interfaces/lib/libmore_interfaces__rosidl_typesupport_introspection_c.so" to ""
[7.353s] -- Installing: /home/devuser/ros2_ws/install/more_interfaces/lib/libmore_interfaces__rosidl_typesupport_c.so
[7.353s] -- Set runtime path of "/home/devuser/ros2_ws/install/more_interfaces/lib/libmore_interfaces__rosidl_typesupport_c.so" to ""
[7.353s] -- Up-to-date: /home/devuser/ros2_ws/install/more_interfaces/include/more_interfaces/more_interfaces
[7.353s] -- Up-to-date: /home/devuser/ros2_ws/install/more_interfaces/include/more_interfaces/more_interfaces/msg
[7.354s] -- Installing: /home/devuser/ros2_ws/install/more_interfaces/include/more_interfaces/more_interfaces/msg/address_book.hpp
[7.354s] -- Up-to-date: /home/devuser/ros2_ws/install/more_interfaces/include/more_interfaces/more_interfaces/msg/detail
[7.354s] -- Installing: /home/devuser/ros2_ws/install/more_interfaces/include/more_interfaces/more_interfaces/msg/detail/address_book__builder.hpp
[7.354s] -- Installing: /home/devuser/ros2_ws/install/more_interfaces/include/more_interfaces/more_interfaces/msg/detail/address_book__struct.hpp
[7.354s] -- Installing: /home/devuser/ros2_ws/install/more_interfaces/include/more_interfaces/more_interfaces/msg/detail/address_book__traits.hpp
[7.354s] -- Up-to-date: /home/devuser/ros2_ws/install/more_interfaces/include/more_interfaces/more_interfaces
[7.354s] -- Up-to-date: /home/devuser/ros2_ws/install/more_interfaces/include/more_interfaces/more_interfaces/msg
[7.355s] -- Installing: /home/devuser/ros2_ws/install/more_interfaces/include/more_interfaces/more_interfaces/msg/rosidl_typesupport_fastrtps_cpp__visibility_control.h
[7.355s] -- Up-to-date: /home/devuser/ros2_ws/install/more_interfaces/include/more_interfaces/more_interfaces/msg/detail
[7.355s] -- Installing: /home/devuser/ros2_ws/install/more_interfaces/include/more_interfaces/more_interfaces/msg/detail/dds_fastrtps
[7.355s] -- Installing: /home/devuser/ros2_ws/install/more_interfaces/include/more_interfaces/more_interfaces/msg/detail/address_book__rosidl_typesupport_fastrtps_cpp.hpp
[7.355s] -- Installing: /home/devuser/ros2_ws/install/more_interfaces/lib/libmore_interfaces__rosidl_typesupport_fastrtps_cpp.so
[7.355s] -- Set runtime path of "/home/devuser/ros2_ws/install/more_interfaces/lib/libmore_interfaces__rosidl_typesupport_fastrtps_cpp.so" to ""
[7.355s] -- Up-to-date: /home/devuser/ros2_ws/install/more_interfaces/include/more_interfaces/more_interfaces
[7.356s] -- Up-to-date: /home/devuser/ros2_ws/install/more_interfaces/include/more_interfaces/more_interfaces/msg
[7.356s] -- Up-to-date: /home/devuser/ros2_ws/install/more_interfaces/include/more_interfaces/more_interfaces/msg/detail
[7.356s] -- Installing: /home/devuser/ros2_ws/install/more_interfaces/include/more_interfaces/more_interfaces/msg/detail/address_book__rosidl_typesupport_introspection_cpp.hpp
[7.356s] -- Installing: /home/devuser/ros2_ws/install/more_interfaces/include/more_interfaces/more_interfaces/msg/detail/address_book__type_support.cpp
[7.356s] -- Installing: /home/devuser/ros2_ws/install/more_interfaces/lib/libmore_interfaces__rosidl_typesupport_introspection_cpp.so
[7.356s] -- Set runtime path of "/home/devuser/ros2_ws/install/more_interfaces/lib/libmore_interfaces__rosidl_typesupport_introspection_cpp.so" to ""
[7.356s] -- Installing: /home/devuser/ros2_ws/install/more_interfaces/lib/libmore_interfaces__rosidl_typesupport_cpp.so
[7.356s] -- Set runtime path of "/home/devuser/ros2_ws/install/more_interfaces/lib/libmore_interfaces__rosidl_typesupport_cpp.so" to ""
[7.357s] -- Installing: /home/devuser/ros2_ws/install/more_interfaces/share/more_interfaces/environment/pythonpath.sh
[7.357s] -- Installing: /home/devuser/ros2_ws/install/more_interfaces/share/more_interfaces/environment/pythonpath.dsv
[7.357s] -- Installing: /home/devuser/ros2_ws/install/more_interfaces/local/lib/python3.10/dist-packages/more_interfaces-0.0.0-py3.10.egg-info
[7.357s] -- Installing: /home/devuser/ros2_ws/install/more_interfaces/local/lib/python3.10/dist-packages/more_interfaces-0.0.0-py3.10.egg-info/dependency_links.txt
[7.357s] -- Installing: /home/devuser/ros2_ws/install/more_interfaces/local/lib/python3.10/dist-packages/more_interfaces-0.0.0-py3.10.egg-info/PKG-INFO
[7.357s] -- Installing: /home/devuser/ros2_ws/install/more_interfaces/local/lib/python3.10/dist-packages/more_interfaces-0.0.0-py3.10.egg-info/SOURCES.txt
[7.357s] -- Installing: /home/devuser/ros2_ws/install/more_interfaces/local/lib/python3.10/dist-packages/more_interfaces-0.0.0-py3.10.egg-info/top_level.txt
[7.357s] -- Installing: /home/devuser/ros2_ws/install/more_interfaces/local/lib/python3.10/dist-packages/more_interfaces
[7.358s] -- Installing: /home/devuser/ros2_ws/install/more_interfaces/local/lib/python3.10/dist-packages/more_interfaces/_more_interfaces_s.ep.rosidl_typesupport_introspection_c.c
[7.358s] -- Installing: /home/devuser/ros2_ws/install/more_interfaces/local/lib/python3.10/dist-packages/more_interfaces/more_interfaces_s__rosidl_typesupport_introspection_c.cpython-310-x86_64-linux-gnu.so
[7.358s] -- Installing: /home/devuser/ros2_ws/install/more_interfaces/local/lib/python3.10/dist-packages/more_interfaces/msg
[7.358s] -- Installing: /home/devuser/ros2_ws/install/more_interfaces/local/lib/python3.10/dist-packages/more_interfaces/msg/_address_book_s.c
[7.358s] -- Installing: /home/devuser/ros2_ws/install/more_interfaces/local/lib/python3.10/dist-packages/more_interfaces/msg/__init__.py
[7.358s] -- Installing: /home/devuser/ros2_ws/install/more_interfaces/local/lib/python3.10/dist-packages/more_interfaces/msg/_address_book.py
[7.358s] -- Installing: /home/devuser/ros2_ws/install/more_interfaces/local/lib/python3.10/dist-packages/more_interfaces/more_interfaces_s__rosidl_typesupport_fastrtps_c.cpython-310-x86_64-linux-gnu.so
[7.359s] -- Installing: /home/devuser/ros2_ws/install/more_interfaces/local/lib/python3.10/dist-packages/more_interfaces/_more_interfaces_s.ep.rosidl_typesupport_c.c
[7.359s] -- Installing: /home/devuser/ros2_ws/install/more_interfaces/local/lib/python3.10/dist-packages/more_interfaces/libmore_interfaces__rosidl_generator_py.so
[7.359s] -- Installing: /home/devuser/ros2_ws/install/more_interfaces/local/lib/python3.10/dist-packages/more_interfaces/_more_interfaces_s.ep.rosidl_typesupport_fastrtps_c.c
[7.359s] -- Installing: /home/devuser/ros2_ws/install/more_interfaces/local/lib/python3.10/dist-packages/more_interfaces/__init__.py
[7.359s] -- Installing: /home/devuser/ros2_ws/install/more_interfaces/local/lib/python3.10/dist-packages/more_interfaces/more_interfaces_s__rosidl_typesupport_c.cpython-310-x86_64-linux-gnu.so
[7.392s] Listing '/home/devuser/ros2_ws/install/more_interfaces/local/lib/python3.10/dist-packages/more_interfaces'...
[7.392s] Compiling '/home/devuser/ros2_ws/install/more_interfaces/local/lib/python3.10/dist-packages/more_interfaces/__init__.py'...
[7.392s] Listing '/home/devuser/ros2_ws/install/more_interfaces/local/lib/python3.10/dist-packages/more_interfaces/msg'...
[7.393s] Compiling '/home/devuser/ros2_ws/install/more_interfaces/local/lib/python3.10/dist-packages/more_interfaces/msg/__init__.py'...
[7.393s] Compiling '/home/devuser/ros2_ws/install/more_interfaces/local/lib/python3.10/dist-packages/more_interfaces/msg/_address_book.py'...
[7.397s] -- Installing: /home/devuser/ros2_ws/install/more_interfaces/local/lib/python3.10/dist-packages/more_interfaces/more_interfaces_s__rosidl_typesupport_fastrtps_c.cpython-310-x86_64-linux-gnu.so
[7.397s] -- Set runtime path of "/home/devuser/ros2_ws/install/more_interfaces/local/lib/python3.10/dist-packages/more_interfaces/more_interfaces_s__rosidl_typesupport_fastrtps_c.cpython-310-x86_64-linux-gnu.so" to ""
[7.398s] -- Installing: /home/devuser/ros2_ws/install/more_interfaces/local/lib/python3.10/dist-packages/more_interfaces/more_interfaces_s__rosidl_typesupport_introspection_c.cpython-310-x86_64-linux-gnu.so
[7.398s] -- Set runtime path of "/home/devuser/ros2_ws/install/more_interfaces/local/lib/python3.10/dist-packages/more_interfaces/more_interfaces_s__rosidl_typesupport_introspection_c.cpython-310-x86_64-linux-gnu.so" to ""
[7.398s] -- Installing: /home/devuser/ros2_ws/install/more_interfaces/local/lib/python3.10/dist-packages/more_interfaces/more_interfaces_s__rosidl_typesupport_c.cpython-310-x86_64-linux-gnu.so
[7.398s] -- Set runtime path of "/home/devuser/ros2_ws/install/more_interfaces/local/lib/python3.10/dist-packages/more_interfaces/more_interfaces_s__rosidl_typesupport_c.cpython-310-x86_64-linux-gnu.so" to ""
[7.399s] -- Installing: /home/devuser/ros2_ws/install/more_interfaces/lib/libmore_interfaces__rosidl_generator_py.so
[7.399s] -- Set runtime path of "/home/devuser/ros2_ws/install/more_interfaces/lib/libmore_interfaces__rosidl_generator_py.so" to ""
[7.399s] -- Installing: /home/devuser/ros2_ws/install/more_interfaces/share/more_interfaces/msg/AddressBook.idl
[7.399s] -- Installing: /home/devuser/ros2_ws/install/more_interfaces/share/more_interfaces/msg/AddressBook.msg
[7.399s] -- Installing: /home/devuser/ros2_ws/install/more_interfaces/lib/more_interfaces/publish_address_book
[7.400s] -- Set runtime path of "/home/devuser/ros2_ws/install/more_interfaces/lib/more_interfaces/publish_address_book" to ""
[7.401s] -- Installing: /home/devuser/ros2_ws/install/more_interfaces/share/ament_index/resource_index/package_run_dependencies/more_interfaces
[7.401s] -- Installing: /home/devuser/ros2_ws/install/more_interfaces/share/ament_index/resource_index/parent_prefix_path/more_interfaces
[7.401s] -- Installing: /home/devuser/ros2_ws/install/more_interfaces/share/more_interfaces/environment/ament_prefix_path.sh
[7.401s] -- Installing: /home/devuser/ros2_ws/install/more_interfaces/share/more_interfaces/environment/ament_prefix_path.dsv
[7.401s] -- Installing: /home/devuser/ros2_ws/install/more_interfaces/share/more_interfaces/environment/path.sh
[7.401s] -- Installing: /home/devuser/ros2_ws/install/more_interfaces/share/more_interfaces/environment/path.dsv
[7.402s] -- Installing: /home/devuser/ros2_ws/install/more_interfaces/share/more_interfaces/local_setup.bash
[7.402s] -- Installing: /home/devuser/ros2_ws/install/more_interfaces/share/more_interfaces/local_setup.sh
[7.402s] -- Installing: /home/devuser/ros2_ws/install/more_interfaces/share/more_interfaces/local_setup.zsh
[7.402s] -- Installing: /home/devuser/ros2_ws/install/more_interfaces/share/more_interfaces/local_setup.dsv
[7.402s] -- Installing: /home/devuser/ros2_ws/install/more_interfaces/share/more_interfaces/package.dsv
[7.407s] -- Installing: /home/devuser/ros2_ws/install/more_interfaces/share/ament_index/resource_index/packages/more_interfaces
[7.408s] -- Installing: /home/devuser/ros2_ws/install/more_interfaces/share/more_interfaces/cmake/export_more_interfaces__rosidl_generator_cExport.cmake
[7.409s] -- Installing: /home/devuser/ros2_ws/install/more_interfaces/share/more_interfaces/cmake/export_more_interfaces__rosidl_generator_cExport-noconfig.cmake
[7.410s] -- Installing: /home/devuser/ros2_ws/install/more_interfaces/share/more_interfaces/cmake/export_more_interfaces__rosidl_typesupport_fastrtps_cExport.cmake
[7.412s] -- Installing: /home/devuser/ros2_ws/install/more_interfaces/share/more_interfaces/cmake/export_more_interfaces__rosidl_typesupport_fastrtps_cExport-noconfig.cmake
[7.412s] -- Installing: /home/devuser/ros2_ws/install/more_interfaces/share/more_interfaces/cmake/more_interfaces__rosidl_typesupport_introspection_cExport.cmake
[7.413s] -- Installing: /home/devuser/ros2_ws/install/more_interfaces/share/more_interfaces/cmake/more_interfaces__rosidl_typesupport_introspection_cExport-noconfig.cmake
[7.414s] -- Installing: /home/devuser/ros2_ws/install/more_interfaces/share/more_interfaces/cmake/more_interfaces__rosidl_typesupport_cExport.cmake
[7.415s] -- Installing: /home/devuser/ros2_ws/install/more_interfaces/share/more_interfaces/cmake/more_interfaces__rosidl_typesupport_cExport-noconfig.cmake
[7.416s] -- Installing: /home/devuser/ros2_ws/install/more_interfaces/share/more_interfaces/cmake/export_more_interfaces__rosidl_generator_cppExport.cmake
[7.417s] -- Installing: /home/devuser/ros2_ws/install/more_interfaces/share/more_interfaces/cmake/export_more_interfaces__rosidl_typesupport_fastrtps_cppExport.cmake
[7.418s] -- Installing: /home/devuser/ros2_ws/install/more_interfaces/share/more_interfaces/cmake/export_more_interfaces__rosidl_typesupport_fastrtps_cppExport-noconfig.cmake
[7.419s] -- Installing: /home/devuser/ros2_ws/install/more_interfaces/share/more_interfaces/cmake/more_interfaces__rosidl_typesupport_introspection_cppExport.cmake
[7.419s] -- Installing: /home/devuser/ros2_ws/install/more_interfaces/share/more_interfaces/cmake/more_interfaces__rosidl_typesupport_introspection_cppExport-noconfig.cmake
[7.420s] -- Installing: /home/devuser/ros2_ws/install/more_interfaces/share/more_interfaces/cmake/more_interfaces__rosidl_typesupport_cppExport.cmake
[7.421s] -- Installing: /home/devuser/ros2_ws/install/more_interfaces/share/more_interfaces/cmake/more_interfaces__rosidl_typesupport_cppExport-noconfig.cmake
[7.422s] -- Installing: /home/devuser/ros2_ws/install/more_interfaces/share/more_interfaces/cmake/export_more_interfaces__rosidl_generator_pyExport.cmake
[7.422s] -- Installing: /home/devuser/ros2_ws/install/more_interfaces/share/more_interfaces/cmake/export_more_interfaces__rosidl_generator_pyExport-noconfig.cmake
[7.423s] -- Installing: /home/devuser/ros2_ws/install/more_interfaces/share/more_interfaces/cmake/rosidl_cmake-extras.cmake
[7.424s] -- Installing: /home/devuser/ros2_ws/install/more_interfaces/share/more_interfaces/cmake/ament_cmake_export_include_directories-extras.cmake
[7.425s] -- Installing: /home/devuser/ros2_ws/install/more_interfaces/share/more_interfaces/cmake/ament_cmake_export_libraries-extras.cmake
[7.425s] -- Installing: /home/devuser/ros2_ws/install/more_interfaces/share/more_interfaces/cmake/ament_cmake_export_targets-extras.cmake
[7.426s] -- Installing: /home/devuser/ros2_ws/install/more_interfaces/share/more_interfaces/cmake/rosidl_cmake_export_typesupport_targets-extras.cmake
[7.427s] -- Installing: /home/devuser/ros2_ws/install/more_interfaces/share/more_interfaces/cmake/ament_cmake_export_dependencies-extras.cmake
[7.428s] -- Installing: /home/devuser/ros2_ws/install/more_interfaces/share/more_interfaces/cmake/rosidl_cmake_export_typesupport_libraries-extras.cmake
[7.429s] -- Installing: /home/devuser/ros2_ws/install/more_interfaces/share/more_interfaces/cmake/more_interfacesConfig.cmake
[7.430s] -- Installing: /home/devuser/ros2_ws/install/more_interfaces/share/more_interfaces/cmake/more_interfacesConfig-version.cmake
[7.430s] -- Installing: /home/devuser/ros2_ws/install/more_interfaces/share/more_interfaces/package.xml
[7.438s] Invoked command in '/home/devuser/ros2_ws/build/more_interfaces' returned '0': CMAKE_PREFIX_PATH=${CMAKE_PREFIX_PATH}:/opt/ros/humble /usr/bin/cmake --install /home/devuser/ros2_ws/build/more_interfaces
