[0.016s] Invoking command in '/home/devuser/AOX/ros_ws/cpp_pubsub/src/tutorial_interfaces/build/tutorial_interfaces': CMAKE_PREFIX_PATH=${CMAKE_PREFIX_PATH}:/opt/ros/humble /usr/bin/cmake /home/devuser/AOX/ros_ws/cpp_pubsub/src/tutorial_interfaces -DCMAKE_INSTALL_PREFIX=/home/devuser/AOX/ros_ws/cpp_pubsub/src/tutorial_interfaces/install/tutorial_interfaces
[1.975s] -- The C compiler identification is GNU 11.4.0
[2.047s] -- The CXX compiler identification is GNU 11.4.0
[2.054s] -- Detecting C compiler ABI info
[2.145s] -- Detecting C compiler ABI info - done
[2.151s] -- Check for working C compiler: /usr/bin/cc - skipped
[2.151s] -- Detecting C compile features
[2.195s] -- Detecting C compile features - done
[2.198s] -- Detecting CXX compiler ABI info
[2.330s] -- Detecting CXX compiler ABI info - done
[2.337s] -- Check for working CXX compiler: /usr/bin/c++ - skipped
[2.338s] -- Detecting CXX compile features
[2.338s] -- Detecting CXX compile features - done
[2.341s] -- Found ament_cmake: 1.3.5 (/opt/ros/humble/share/ament_cmake/cmake)
[2.495s] -- Found Python3: /usr/bin/python3.10 (found version "3.10.12") found components: Interpreter 
[2.580s] -- Found geometry_msgs: 4.2.3 (/opt/ros/humble/share/geometry_msgs/cmake)
[2.608s] -- Found rosidl_generator_c: 3.1.5 (/opt/ros/humble/share/rosidl_generator_c/cmake)
[2.611s] -- Found rosidl_adapter: 3.1.5 (/opt/ros/humble/share/rosidl_adapter/cmake)
[2.617s] -- Found rosidl_generator_cpp: 3.1.5 (/opt/ros/humble/share/rosidl_generator_cpp/cmake)
[2.626s] -- Using all available rosidl_typesupport_c: rosidl_typesupport_fastrtps_c;rosidl_typesupport_introspection_c
[2.640s] -- Using all available rosidl_typesupport_cpp: rosidl_typesupport_fastrtps_cpp;rosidl_typesupport_introspection_cpp
[2.728s] -- Found rosidl_default_generators: 1.2.0 (/opt/ros/humble/share/rosidl_default_generators/cmake)
[2.903s] [31mCMake Error at /opt/ros/humble/share/rosidl_adapter/cmake/rosidl_adapt_interfaces.cmake:59 (message):
[2.904s]   execute_process(/usr/bin/python3.10 -m rosidl_adapter --package-name
[2.904s]   tutorial_interfaces --arguments-file
[2.904s]   /home/devuser/AOX/ros_ws/cpp_pubsub/src/tutorial_interfaces/build/tutorial_interfaces/rosidl_adapter__arguments__tutorial_interfaces.json
[2.904s]   --output-dir
[2.904s]   /home/devuser/AOX/ros_ws/cpp_pubsub/src/tutorial_interfaces/build/tutorial_interfaces/rosidl_adapter/tutorial_interfaces
[2.904s]   --output-file
[2.904s]   /home/devuser/AOX/ros_ws/cpp_pubsub/src/tutorial_interfaces/build/tutorial_interfaces/rosidl_adapter/tutorial_interfaces.idls)
[2.904s]   returned error code 1:
[2.905s] 
[2.905s]   Error with: tutorial_interfaces Empty_Response success
[2.905s] 
[2.905s]   Traceback (most recent call last):
[2.905s] 
[2.905s]     File "/usr/lib/python3.10/runpy.py", line 196, in _run_module_as_main
[2.905s]       return _run_code(code, main_globals, None,
[2.905s]     File "/usr/lib/python3.10/runpy.py", line 86, in _run_code
[2.905s]       exec(code, run_globals)
[2.905s]     File "/opt/ros/humble/local/lib/python3.10/dist-packages/rosidl_adapter/__main__.py", line 19, in <module>
[2.905s]       sys.exit(main())
[2.905s]     File "/opt/ros/humble/local/lib/python3.10/dist-packages/rosidl_adapter/main.py", line 53, in main
[2.905s]       abs_idl_file = convert_to_idl(
[2.905s]     File "/opt/ros/humble/local/lib/python3.10/dist-packages/rosidl_adapter/__init__.py", line 24, in convert_to_idl
[2.905s]       return convert_srv_to_idl(
[2.905s]     File "/opt/ros/humble/local/lib/python3.10/dist-packages/rosidl_adapter/srv/__init__.py", line 28, in convert_srv_to_idl
[2.905s]       srv = parse_service_string(package_name, input_file.stem, content)
[2.905s]     File "/opt/ros/humble/local/lib/python3.10/dist-packages/rosidl_adapter/parser.py", line 863, in parse_service_string
[2.905s]       response_message = parse_message_string(
[2.905s]     File "/opt/ros/humble/local/lib/python3.10/dist-packages/rosidl_adapter/parser.py", line 510, in parse_message_string
[2.905s]       raise InvalidFieldDefinition(line)
[2.905s] 
[2.906s]   rosidl_adapter.parser.InvalidFieldDefinition: success
[2.906s] 
[2.906s] Call Stack (most recent call first):
[2.906s]   /opt/ros/humble/share/rosidl_cmake/cmake/rosidl_generate_interfaces.cmake:130 (rosidl_adapt_interfaces)
[2.906s]   CMakeLists.txt:16 (rosidl_generate_interfaces)
[2.906s] 
[2.906s] [0m
[2.906s] -- Configuring incomplete, errors occurred!
[2.906s] See also "/home/devuser/AOX/ros_ws/cpp_pubsub/src/tutorial_interfaces/build/tutorial_interfaces/CMakeFiles/CMakeOutput.log".
[2.910s] Invoked command in '/home/devuser/AOX/ros_ws/cpp_pubsub/src/tutorial_interfaces/build/tutorial_interfaces' returned '1': CMAKE_PREFIX_PATH=${CMAKE_PREFIX_PATH}:/opt/ros/humble /usr/bin/cmake /home/devuser/AOX/ros_ws/cpp_pubsub/src/tutorial_interfaces -DCMAKE_INSTALL_PREFIX=/home/devuser/AOX/ros_ws/cpp_pubsub/src/tutorial_interfaces/install/tutorial_interfaces
