[0.013s] Invoking command in '/home/devuser/AOX/ROS2/src/lcm_service/build/lcm_service': CMAKE_PREFIX_PATH=${CMAKE_PREFIX_PATH}:/opt/ros/humble /usr/bin/cmake /home/devuser/AOX/ROS2/src/lcm_service -DCMAKE_INSTALL_PREFIX=/home/devuser/AOX/ROS2/src/lcm_service/install/lcm_service
[0.021s] -- Found ament_cmake: 1.3.5 (/opt/ros/humble/share/ament_cmake/cmake)
[0.114s] -- Found rclcpp: 16.0.5 (/opt/ros/humble/share/rclcpp/cmake)
[0.132s] -- Found rosidl_generator_c: 3.1.5 (/opt/ros/humble/share/rosidl_generator_c/cmake)
[0.134s] -- Found rosidl_adapter: 3.1.5 (/opt/ros/humble/share/rosidl_adapter/cmake)
[0.137s] -- Found rosidl_generator_cpp: 3.1.5 (/opt/ros/humble/share/rosidl_generator_cpp/cmake)
[0.144s] -- Using all available rosidl_typesupport_c: rosidl_typesupport_fastrtps_c;rosidl_typesupport_introspection_c
[0.155s] -- Using all available rosidl_typesupport_cpp: rosidl_typesupport_fastrtps_cpp;rosidl_typesupport_introspection_cpp
[0.192s] -- Found rmw_implementation_cmake: 6.1.1 (/opt/ros/humble/share/rmw_implementation_cmake/cmake)
[0.193s] -- Found rmw_fastrtps_cpp: 6.2.3 (/opt/ros/humble/share/rmw_fastrtps_cpp/cmake)
[0.272s] -- Using RMW implementation 'rmw_fastrtps_cpp' as default
[0.385s] [31mCMake Error at CMakeLists.txt:19 (find_package):
[0.385s]   By not providing "Findtutorial_interfaces.cmake" in CMAKE_MODULE_PATH this
[0.385s]   project has asked CMake to find a package configuration file provided by
[0.385s]   "tutorial_interfaces", but CMake did not find one.
[0.385s] 
[0.386s]   Could not find a package configuration file provided by
[0.386s]   "tutorial_interfaces" with any of the following names:
[0.386s] 
[0.386s]     tutorial_interfacesConfig.cmake
[0.386s]     tutorial_interfaces-config.cmake
[0.386s] 
[0.386s]   Add the installation prefix of "tutorial_interfaces" to CMAKE_PREFIX_PATH
[0.386s]   or set "tutorial_interfaces_DIR" to a directory containing one of the above
[0.386s]   files.  If "tutorial_interfaces" provides a separate development package or
[0.386s]   SDK, be sure it has been installed.
[0.386s] 
[0.386s] [0m
[0.386s] -- Configuring incomplete, errors occurred!
[0.386s] See also "/home/devuser/AOX/ROS2/src/lcm_service/build/lcm_service/CMakeFiles/CMakeOutput.log".
[0.390s] Invoked command in '/home/devuser/AOX/ROS2/src/lcm_service/build/lcm_service' returned '1': CMAKE_PREFIX_PATH=${CMAKE_PREFIX_PATH}:/opt/ros/humble /usr/bin/cmake /home/devuser/AOX/ROS2/src/lcm_service -DCMAKE_INSTALL_PREFIX=/home/devuser/AOX/ROS2/src/lcm_service/install/lcm_service
