[0.026s] Invoking command in '/home/devuser/AOX/ros_ws/cpp_pubsub/src/tutorial_interfaces/build/tutorial_interfaces': CMAKE_PREFIX_PATH=${CMAKE_PREFIX_PATH}:/opt/ros/humble /usr/bin/cmake --build /home/devuser/AOX/ros_ws/cpp_pubsub/src/tutorial_interfaces/build/tutorial_interfaces -- -j8 -l8
[0.046s] -- Found ament_cmake: 1.3.5 (/opt/ros/humble/share/ament_cmake/cmake)
[0.151s] -- Found geometry_msgs: 4.2.3 (/opt/ros/humble/share/geometry_msgs/cmake)
[0.169s] -- Found rosidl_generator_c: 3.1.5 (/opt/ros/humble/share/rosidl_generator_c/cmake)
[0.171s] -- Found rosidl_adapter: 3.1.5 (/opt/ros/humble/share/rosidl_adapter/cmake)
[0.176s] -- Found rosidl_generator_cpp: 3.1.5 (/opt/ros/humble/share/rosidl_generator_cpp/cmake)
[0.184s] -- Using all available rosidl_typesupport_c: rosidl_typesupport_fastrtps_c;rosidl_typesupport_introspection_c
[0.195s] -- Using all available rosidl_typesupport_cpp: rosidl_typesupport_fastrtps_cpp;rosidl_typesupport_introspection_cpp
[0.279s] -- Found rosidl_default_generators: 1.2.0 (/opt/ros/humble/share/rosidl_default_generators/cmake)
[0.501s] -- Found ament_cmake_ros: 0.10.0 (/opt/ros/humble/share/ament_cmake_ros/cmake)
[0.798s] -- Using all available rosidl_typesupport_c: rosidl_typesupport_fastrtps_c;rosidl_typesupport_introspection_c
[0.912s] -- Using all available rosidl_typesupport_cpp: rosidl_typesupport_fastrtps_cpp;rosidl_typesupport_introspection_cpp
[0.930s] -- Found python_cmake_module: 0.10.0 (/opt/ros/humble/share/python_cmake_module/cmake)
[0.947s] -- Using PYTHON_EXECUTABLE: /usr/bin/python3
[0.947s] -- Using PYTHON_INCLUDE_DIRS: /usr/include/python3.10
[0.947s] -- Using PYTHON_LIBRARIES: /usr/lib/x86_64-linux-gnu/libpython3.10.so
[0.971s] -- Found ament_lint_auto: 0.12.7 (/opt/ros/humble/share/ament_lint_auto/cmake)
[1.018s] -- Added test 'cppcheck' to perform static code analysis on C / C++ code
[1.018s] -- Configured cppcheck include dirs: $<BUILD_INTERFACE:/home/devuser/AOX/ros_ws/cpp_pubsub/src/tutorial_interfaces/build/tutorial_interfaces/rosidl_generator_c>;$<BUILD_INTERFACE:/home/devuser/AOX/ros_ws/cpp_pubsub/src/tutorial_interfaces/build/tutorial_interfaces/rosidl_typesupport_fastrtps_c>;$<BUILD_INTERFACE:/home/devuser/AOX/ros_ws/cpp_pubsub/src/tutorial_interfaces/build/tutorial_interfaces/rosidl_generator_cpp>;$<BUILD_INTERFACE:/home/devuser/AOX/ros_ws/cpp_pubsub/src/tutorial_interfaces/build/tutorial_interfaces/rosidl_typesupport_fastrtps_cpp>;$<BUILD_INTERFACE:/home/devuser/AOX/ros_ws/cpp_pubsub/src/tutorial_interfaces/build/tutorial_interfaces/rosidl_typesupport_introspection_c>;$<BUILD_INTERFACE:/home/devuser/AOX/ros_ws/cpp_pubsub/src/tutorial_interfaces/build/tutorial_interfaces/rosidl_typesupport_introspection_cpp>;/home/devuser/AOX/ros_ws/cpp_pubsub/src/tutorial_interfaces/build/tutorial_interfaces/rosidl_generator_c;/home/devuser/AOX/ros_ws/cpp_pubsub/src/tutorial_interfaces/build/tutorial_interfaces/rosidl_generator_py
[1.018s] -- Configured cppcheck exclude dirs and/or files: 
[1.026s] -- Added test 'flake8' to check Python code syntax and style conventions
[1.035s] -- Added test 'lint_cmake' to check CMake code style
[1.041s] -- Added test 'pep257' to check Python code against some of the docstring style conventions in PEP 257
[1.080s] -- Added test 'uncrustify' to check C / C++ code style
[1.080s] -- Configured uncrustify additional arguments: 
[1.085s] -- Added test 'xmllint' to check XML markup files
[1.086s] -- Configuring done
[1.116s] -- Generating done
[1.118s] -- Build files have been written to: /home/devuser/AOX/ros_ws/cpp_pubsub/src/tutorial_interfaces/build/tutorial_interfaces
[1.139s] [35m[1mConsolidate compiler generated dependencies of target tutorial_interfaces__rosidl_generator_c[0m
[1.148s] [  1%] Built target tutorial_interfaces__cpp
[1.149s] [ 12%] Built target tutorial_interfaces__rosidl_generator_c
[1.156s] [ 12%] Built target ament_cmake_python_copy_tutorial_interfaces
[1.160s] [35m[1mConsolidate compiler generated dependencies of target tutorial_interfaces__rosidl_typesupport_cpp[0m
[1.160s] [35m[1mConsolidate compiler generated dependencies of target tutorial_interfaces__rosidl_typesupport_fastrtps_cpp[0m
[1.161s] [35m[1mConsolidate compiler generated dependencies of target tutorial_interfaces__rosidl_typesupport_introspection_cpp[0m
[1.161s] [35m[1mConsolidate compiler generated dependencies of target tutorial_interfaces__rosidl_typesupport_introspection_c[0m
[1.161s] [35m[1mConsolidate compiler generated dependencies of target tutorial_interfaces__rosidl_typesupport_c[0m
[1.162s] [35m[1mConsolidate compiler generated dependencies of target tutorial_interfaces__rosidl_typesupport_fastrtps_c[0m
[1.175s] [ 23%] Built target tutorial_interfaces__rosidl_typesupport_c
[1.176s] [ 34%] Built target tutorial_interfaces__rosidl_typesupport_introspection_c
[1.180s] [ 45%] Built target tutorial_interfaces__rosidl_typesupport_introspection_cpp
[1.180s] [ 56%] Built target tutorial_interfaces__rosidl_typesupport_cpp
[1.181s] [ 67%] Built target tutorial_interfaces__rosidl_typesupport_fastrtps_cpp
[1.191s] [ 78%] Built target tutorial_interfaces__rosidl_typesupport_fastrtps_c
[1.206s] [ 78%] Built target tutorial_interfaces
[1.227s] [ 80%] Built target tutorial_interfaces__py
[1.236s] [35m[1mConsolidate compiler generated dependencies of target tutorial_interfaces__rosidl_generator_py[0m
[1.249s] [ 89%] Built target tutorial_interfaces__rosidl_generator_py
[1.262s] [35m[1mConsolidate compiler generated dependencies of target tutorial_interfaces__rosidl_typesupport_introspection_c__pyext[0m
[1.262s] [35m[1mConsolidate compiler generated dependencies of target tutorial_interfaces__rosidl_typesupport_c__pyext[0m
[1.262s] [35m[1mConsolidate compiler generated dependencies of target tutorial_interfaces__rosidl_typesupport_fastrtps_c__pyext[0m
[1.276s] [ 96%] Built target tutorial_interfaces__rosidl_typesupport_introspection_c__pyext
[1.276s] [ 96%] Built target tutorial_interfaces__rosidl_typesupport_fastrtps_c__pyext
[1.277s] [100%] Built target tutorial_interfaces__rosidl_typesupport_c__pyext
[1.386s] running egg_info
[1.387s] writing tutorial_interfaces.egg-info/PKG-INFO
[1.387s] writing dependency_links to tutorial_interfaces.egg-info/dependency_links.txt
[1.387s] writing top-level names to tutorial_interfaces.egg-info/top_level.txt
[1.389s] reading manifest file 'tutorial_interfaces.egg-info/SOURCES.txt'
[1.390s] writing manifest file 'tutorial_interfaces.egg-info/SOURCES.txt'
[1.409s] [100%] Built target ament_cmake_python_build_tutorial_interfaces_egg
[1.418s] Invoked command in '/home/devuser/AOX/ros_ws/cpp_pubsub/src/tutorial_interfaces/build/tutorial_interfaces' returned '0': CMAKE_PREFIX_PATH=${CMAKE_PREFIX_PATH}:/opt/ros/humble /usr/bin/cmake --build /home/devuser/AOX/ros_ws/cpp_pubsub/src/tutorial_interfaces/build/tutorial_interfaces -- -j8 -l8
[1.509s] Invoking command in '/home/devuser/AOX/ros_ws/cpp_pubsub/src/tutorial_interfaces/build/tutorial_interfaces': CMAKE_PREFIX_PATH=${CMAKE_PREFIX_PATH}:/opt/ros/humble /usr/bin/cmake --install /home/devuser/AOX/ros_ws/cpp_pubsub/src/tutorial_interfaces/build/tutorial_interfaces
[1.517s] -- Install configuration: ""
[1.517s] -- Up-to-date: /home/devuser/AOX/ros_ws/cpp_pubsub/src/tutorial_interfaces/install/tutorial_interfaces/share/ament_index/resource_index/rosidl_interfaces/tutorial_interfaces
[1.517s] -- Up-to-date: /home/devuser/AOX/ros_ws/cpp_pubsub/src/tutorial_interfaces/install/tutorial_interfaces/include/tutorial_interfaces/tutorial_interfaces
[1.517s] -- Up-to-date: /home/devuser/AOX/ros_ws/cpp_pubsub/src/tutorial_interfaces/install/tutorial_interfaces/include/tutorial_interfaces/tutorial_interfaces/srv
[1.517s] -- Up-to-date: /home/devuser/AOX/ros_ws/cpp_pubsub/src/tutorial_interfaces/install/tutorial_interfaces/include/tutorial_interfaces/tutorial_interfaces/srv/empty.h
[1.517s] -- Up-to-date: /home/devuser/AOX/ros_ws/cpp_pubsub/src/tutorial_interfaces/install/tutorial_interfaces/include/tutorial_interfaces/tutorial_interfaces/srv/detail
[1.518s] -- Up-to-date: /home/devuser/AOX/ros_ws/cpp_pubsub/src/tutorial_interfaces/install/tutorial_interfaces/include/tutorial_interfaces/tutorial_interfaces/srv/detail/add_three_ints__type_support.h
[1.518s] -- Up-to-date: /home/devuser/AOX/ros_ws/cpp_pubsub/src/tutorial_interfaces/install/tutorial_interfaces/include/tutorial_interfaces/tutorial_interfaces/srv/detail/add_three_ints__functions.c
[1.518s] -- Up-to-date: /home/devuser/AOX/ros_ws/cpp_pubsub/src/tutorial_interfaces/install/tutorial_interfaces/include/tutorial_interfaces/tutorial_interfaces/srv/detail/empty__type_support.h
[1.518s] -- Up-to-date: /home/devuser/AOX/ros_ws/cpp_pubsub/src/tutorial_interfaces/install/tutorial_interfaces/include/tutorial_interfaces/tutorial_interfaces/srv/detail/empty__struct.h
[1.518s] -- Up-to-date: /home/devuser/AOX/ros_ws/cpp_pubsub/src/tutorial_interfaces/install/tutorial_interfaces/include/tutorial_interfaces/tutorial_interfaces/srv/detail/add_three_ints__struct.h
[1.518s] -- Up-to-date: /home/devuser/AOX/ros_ws/cpp_pubsub/src/tutorial_interfaces/install/tutorial_interfaces/include/tutorial_interfaces/tutorial_interfaces/srv/detail/add_three_ints__functions.h
[1.518s] -- Up-to-date: /home/devuser/AOX/ros_ws/cpp_pubsub/src/tutorial_interfaces/install/tutorial_interfaces/include/tutorial_interfaces/tutorial_interfaces/srv/detail/empty__functions.h
[1.518s] -- Up-to-date: /home/devuser/AOX/ros_ws/cpp_pubsub/src/tutorial_interfaces/install/tutorial_interfaces/include/tutorial_interfaces/tutorial_interfaces/srv/detail/empty__functions.c
[1.518s] -- Up-to-date: /home/devuser/AOX/ros_ws/cpp_pubsub/src/tutorial_interfaces/install/tutorial_interfaces/include/tutorial_interfaces/tutorial_interfaces/srv/add_three_ints.h
[1.518s] -- Up-to-date: /home/devuser/AOX/ros_ws/cpp_pubsub/src/tutorial_interfaces/install/tutorial_interfaces/include/tutorial_interfaces/tutorial_interfaces/msg
[1.518s] -- Up-to-date: /home/devuser/AOX/ros_ws/cpp_pubsub/src/tutorial_interfaces/install/tutorial_interfaces/include/tutorial_interfaces/tutorial_interfaces/msg/num.h
[1.519s] -- Up-to-date: /home/devuser/AOX/ros_ws/cpp_pubsub/src/tutorial_interfaces/install/tutorial_interfaces/include/tutorial_interfaces/tutorial_interfaces/msg/sphere.h
[1.519s] -- Up-to-date: /home/devuser/AOX/ros_ws/cpp_pubsub/src/tutorial_interfaces/install/tutorial_interfaces/include/tutorial_interfaces/tutorial_interfaces/msg/rosidl_generator_c__visibility_control.h
[1.519s] -- Up-to-date: /home/devuser/AOX/ros_ws/cpp_pubsub/src/tutorial_interfaces/install/tutorial_interfaces/include/tutorial_interfaces/tutorial_interfaces/msg/detail
[1.519s] -- Up-to-date: /home/devuser/AOX/ros_ws/cpp_pubsub/src/tutorial_interfaces/install/tutorial_interfaces/include/tutorial_interfaces/tutorial_interfaces/msg/detail/num__type_support.h
[1.519s] -- Up-to-date: /home/devuser/AOX/ros_ws/cpp_pubsub/src/tutorial_interfaces/install/tutorial_interfaces/include/tutorial_interfaces/tutorial_interfaces/msg/detail/sphere__functions.h
[1.519s] -- Up-to-date: /home/devuser/AOX/ros_ws/cpp_pubsub/src/tutorial_interfaces/install/tutorial_interfaces/include/tutorial_interfaces/tutorial_interfaces/msg/detail/num__struct.h
[1.519s] -- Up-to-date: /home/devuser/AOX/ros_ws/cpp_pubsub/src/tutorial_interfaces/install/tutorial_interfaces/include/tutorial_interfaces/tutorial_interfaces/msg/detail/sphere__type_support.h
[1.519s] -- Up-to-date: /home/devuser/AOX/ros_ws/cpp_pubsub/src/tutorial_interfaces/install/tutorial_interfaces/include/tutorial_interfaces/tutorial_interfaces/msg/detail/sphere__functions.c
[1.519s] -- Up-to-date: /home/devuser/AOX/ros_ws/cpp_pubsub/src/tutorial_interfaces/install/tutorial_interfaces/include/tutorial_interfaces/tutorial_interfaces/msg/detail/num__functions.h
[1.519s] -- Up-to-date: /home/devuser/AOX/ros_ws/cpp_pubsub/src/tutorial_interfaces/install/tutorial_interfaces/include/tutorial_interfaces/tutorial_interfaces/msg/detail/sphere__struct.h
[1.520s] -- Up-to-date: /home/devuser/AOX/ros_ws/cpp_pubsub/src/tutorial_interfaces/install/tutorial_interfaces/include/tutorial_interfaces/tutorial_interfaces/msg/detail/num__functions.c
[1.520s] -- Up-to-date: /home/devuser/AOX/ros_ws/cpp_pubsub/src/tutorial_interfaces/install/tutorial_interfaces/share/tutorial_interfaces/environment/library_path.sh
[1.520s] -- Installing: /home/devuser/AOX/ros_ws/cpp_pubsub/src/tutorial_interfaces/install/tutorial_interfaces/share/tutorial_interfaces/environment/library_path.dsv
[1.520s] -- Up-to-date: /home/devuser/AOX/ros_ws/cpp_pubsub/src/tutorial_interfaces/install/tutorial_interfaces/lib/libtutorial_interfaces__rosidl_generator_c.so
[1.520s] -- Up-to-date: /home/devuser/AOX/ros_ws/cpp_pubsub/src/tutorial_interfaces/install/tutorial_interfaces/include/tutorial_interfaces/tutorial_interfaces
[1.520s] -- Up-to-date: /home/devuser/AOX/ros_ws/cpp_pubsub/src/tutorial_interfaces/install/tutorial_interfaces/include/tutorial_interfaces/tutorial_interfaces/srv
[1.520s] -- Up-to-date: /home/devuser/AOX/ros_ws/cpp_pubsub/src/tutorial_interfaces/install/tutorial_interfaces/include/tutorial_interfaces/tutorial_interfaces/srv/detail
[1.520s] -- Up-to-date: /home/devuser/AOX/ros_ws/cpp_pubsub/src/tutorial_interfaces/install/tutorial_interfaces/include/tutorial_interfaces/tutorial_interfaces/srv/detail/add_three_ints__rosidl_typesupport_fastrtps_c.h
[1.520s] -- Up-to-date: /home/devuser/AOX/ros_ws/cpp_pubsub/src/tutorial_interfaces/install/tutorial_interfaces/include/tutorial_interfaces/tutorial_interfaces/srv/detail/empty__rosidl_typesupport_fastrtps_c.h
[1.520s] -- Up-to-date: /home/devuser/AOX/ros_ws/cpp_pubsub/src/tutorial_interfaces/install/tutorial_interfaces/include/tutorial_interfaces/tutorial_interfaces/msg
[1.521s] -- Up-to-date: /home/devuser/AOX/ros_ws/cpp_pubsub/src/tutorial_interfaces/install/tutorial_interfaces/include/tutorial_interfaces/tutorial_interfaces/msg/detail
[1.521s] -- Up-to-date: /home/devuser/AOX/ros_ws/cpp_pubsub/src/tutorial_interfaces/install/tutorial_interfaces/include/tutorial_interfaces/tutorial_interfaces/msg/detail/num__rosidl_typesupport_fastrtps_c.h
[1.521s] -- Up-to-date: /home/devuser/AOX/ros_ws/cpp_pubsub/src/tutorial_interfaces/install/tutorial_interfaces/include/tutorial_interfaces/tutorial_interfaces/msg/detail/sphere__rosidl_typesupport_fastrtps_c.h
[1.521s] -- Up-to-date: /home/devuser/AOX/ros_ws/cpp_pubsub/src/tutorial_interfaces/install/tutorial_interfaces/include/tutorial_interfaces/tutorial_interfaces/msg/rosidl_typesupport_fastrtps_c__visibility_control.h
[1.521s] -- Up-to-date: /home/devuser/AOX/ros_ws/cpp_pubsub/src/tutorial_interfaces/install/tutorial_interfaces/lib/libtutorial_interfaces__rosidl_typesupport_fastrtps_c.so
[1.521s] -- Up-to-date: /home/devuser/AOX/ros_ws/cpp_pubsub/src/tutorial_interfaces/install/tutorial_interfaces/include/tutorial_interfaces/tutorial_interfaces
[1.521s] -- Up-to-date: /home/devuser/AOX/ros_ws/cpp_pubsub/src/tutorial_interfaces/install/tutorial_interfaces/include/tutorial_interfaces/tutorial_interfaces/srv
[1.521s] -- Up-to-date: /home/devuser/AOX/ros_ws/cpp_pubsub/src/tutorial_interfaces/install/tutorial_interfaces/include/tutorial_interfaces/tutorial_interfaces/srv/empty.hpp
[1.521s] -- Up-to-date: /home/devuser/AOX/ros_ws/cpp_pubsub/src/tutorial_interfaces/install/tutorial_interfaces/include/tutorial_interfaces/tutorial_interfaces/srv/add_three_ints.hpp
[1.522s] -- Up-to-date: /home/devuser/AOX/ros_ws/cpp_pubsub/src/tutorial_interfaces/install/tutorial_interfaces/include/tutorial_interfaces/tutorial_interfaces/srv/detail
[1.522s] -- Up-to-date: /home/devuser/AOX/ros_ws/cpp_pubsub/src/tutorial_interfaces/install/tutorial_interfaces/include/tutorial_interfaces/tutorial_interfaces/srv/detail/empty__builder.hpp
[1.522s] -- Up-to-date: /home/devuser/AOX/ros_ws/cpp_pubsub/src/tutorial_interfaces/install/tutorial_interfaces/include/tutorial_interfaces/tutorial_interfaces/srv/detail/add_three_ints__traits.hpp
[1.522s] -- Up-to-date: /home/devuser/AOX/ros_ws/cpp_pubsub/src/tutorial_interfaces/install/tutorial_interfaces/include/tutorial_interfaces/tutorial_interfaces/srv/detail/empty__traits.hpp
[1.522s] -- Up-to-date: /home/devuser/AOX/ros_ws/cpp_pubsub/src/tutorial_interfaces/install/tutorial_interfaces/include/tutorial_interfaces/tutorial_interfaces/srv/detail/empty__struct.hpp
[1.522s] -- Up-to-date: /home/devuser/AOX/ros_ws/cpp_pubsub/src/tutorial_interfaces/install/tutorial_interfaces/include/tutorial_interfaces/tutorial_interfaces/srv/detail/add_three_ints__struct.hpp
[1.522s] -- Up-to-date: /home/devuser/AOX/ros_ws/cpp_pubsub/src/tutorial_interfaces/install/tutorial_interfaces/include/tutorial_interfaces/tutorial_interfaces/srv/detail/add_three_ints__builder.hpp
[1.522s] -- Up-to-date: /home/devuser/AOX/ros_ws/cpp_pubsub/src/tutorial_interfaces/install/tutorial_interfaces/include/tutorial_interfaces/tutorial_interfaces/msg
[1.522s] -- Up-to-date: /home/devuser/AOX/ros_ws/cpp_pubsub/src/tutorial_interfaces/install/tutorial_interfaces/include/tutorial_interfaces/tutorial_interfaces/msg/num.hpp
[1.523s] -- Up-to-date: /home/devuser/AOX/ros_ws/cpp_pubsub/src/tutorial_interfaces/install/tutorial_interfaces/include/tutorial_interfaces/tutorial_interfaces/msg/sphere.hpp
[1.523s] -- Up-to-date: /home/devuser/AOX/ros_ws/cpp_pubsub/src/tutorial_interfaces/install/tutorial_interfaces/include/tutorial_interfaces/tutorial_interfaces/msg/detail
[1.523s] -- Up-to-date: /home/devuser/AOX/ros_ws/cpp_pubsub/src/tutorial_interfaces/install/tutorial_interfaces/include/tutorial_interfaces/tutorial_interfaces/msg/detail/sphere__struct.hpp
[1.523s] -- Up-to-date: /home/devuser/AOX/ros_ws/cpp_pubsub/src/tutorial_interfaces/install/tutorial_interfaces/include/tutorial_interfaces/tutorial_interfaces/msg/detail/num__struct.hpp
[1.523s] -- Up-to-date: /home/devuser/AOX/ros_ws/cpp_pubsub/src/tutorial_interfaces/install/tutorial_interfaces/include/tutorial_interfaces/tutorial_interfaces/msg/detail/num__traits.hpp
[1.523s] -- Up-to-date: /home/devuser/AOX/ros_ws/cpp_pubsub/src/tutorial_interfaces/install/tutorial_interfaces/include/tutorial_interfaces/tutorial_interfaces/msg/detail/sphere__builder.hpp
[1.523s] -- Up-to-date: /home/devuser/AOX/ros_ws/cpp_pubsub/src/tutorial_interfaces/install/tutorial_interfaces/include/tutorial_interfaces/tutorial_interfaces/msg/detail/sphere__traits.hpp
[1.523s] -- Up-to-date: /home/devuser/AOX/ros_ws/cpp_pubsub/src/tutorial_interfaces/install/tutorial_interfaces/include/tutorial_interfaces/tutorial_interfaces/msg/detail/num__builder.hpp
[1.524s] -- Up-to-date: /home/devuser/AOX/ros_ws/cpp_pubsub/src/tutorial_interfaces/install/tutorial_interfaces/include/tutorial_interfaces/tutorial_interfaces
[1.524s] -- Up-to-date: /home/devuser/AOX/ros_ws/cpp_pubsub/src/tutorial_interfaces/install/tutorial_interfaces/include/tutorial_interfaces/tutorial_interfaces/srv
[1.524s] -- Up-to-date: /home/devuser/AOX/ros_ws/cpp_pubsub/src/tutorial_interfaces/install/tutorial_interfaces/include/tutorial_interfaces/tutorial_interfaces/srv/detail
[1.524s] -- Up-to-date: /home/devuser/AOX/ros_ws/cpp_pubsub/src/tutorial_interfaces/install/tutorial_interfaces/include/tutorial_interfaces/tutorial_interfaces/srv/detail/empty__rosidl_typesupport_fastrtps_cpp.hpp
[1.524s] -- Up-to-date: /home/devuser/AOX/ros_ws/cpp_pubsub/src/tutorial_interfaces/install/tutorial_interfaces/include/tutorial_interfaces/tutorial_interfaces/srv/detail/add_three_ints__rosidl_typesupport_fastrtps_cpp.hpp
[1.524s] -- Up-to-date: /home/devuser/AOX/ros_ws/cpp_pubsub/src/tutorial_interfaces/install/tutorial_interfaces/include/tutorial_interfaces/tutorial_interfaces/srv/detail/dds_fastrtps
[1.524s] -- Up-to-date: /home/devuser/AOX/ros_ws/cpp_pubsub/src/tutorial_interfaces/install/tutorial_interfaces/include/tutorial_interfaces/tutorial_interfaces/msg
[1.524s] -- Up-to-date: /home/devuser/AOX/ros_ws/cpp_pubsub/src/tutorial_interfaces/install/tutorial_interfaces/include/tutorial_interfaces/tutorial_interfaces/msg/rosidl_typesupport_fastrtps_cpp__visibility_control.h
[1.524s] -- Up-to-date: /home/devuser/AOX/ros_ws/cpp_pubsub/src/tutorial_interfaces/install/tutorial_interfaces/include/tutorial_interfaces/tutorial_interfaces/msg/detail
[1.524s] -- Up-to-date: /home/devuser/AOX/ros_ws/cpp_pubsub/src/tutorial_interfaces/install/tutorial_interfaces/include/tutorial_interfaces/tutorial_interfaces/msg/detail/num__rosidl_typesupport_fastrtps_cpp.hpp
[1.524s] -- Up-to-date: /home/devuser/AOX/ros_ws/cpp_pubsub/src/tutorial_interfaces/install/tutorial_interfaces/include/tutorial_interfaces/tutorial_interfaces/msg/detail/sphere__rosidl_typesupport_fastrtps_cpp.hpp
[1.525s] -- Up-to-date: /home/devuser/AOX/ros_ws/cpp_pubsub/src/tutorial_interfaces/install/tutorial_interfaces/include/tutorial_interfaces/tutorial_interfaces/msg/detail/dds_fastrtps
[1.525s] -- Up-to-date: /home/devuser/AOX/ros_ws/cpp_pubsub/src/tutorial_interfaces/install/tutorial_interfaces/lib/libtutorial_interfaces__rosidl_typesupport_fastrtps_cpp.so
[1.525s] -- Up-to-date: /home/devuser/AOX/ros_ws/cpp_pubsub/src/tutorial_interfaces/install/tutorial_interfaces/include/tutorial_interfaces/tutorial_interfaces
[1.525s] -- Up-to-date: /home/devuser/AOX/ros_ws/cpp_pubsub/src/tutorial_interfaces/install/tutorial_interfaces/include/tutorial_interfaces/tutorial_interfaces/srv
[1.525s] -- Up-to-date: /home/devuser/AOX/ros_ws/cpp_pubsub/src/tutorial_interfaces/install/tutorial_interfaces/include/tutorial_interfaces/tutorial_interfaces/srv/detail
[1.525s] -- Up-to-date: /home/devuser/AOX/ros_ws/cpp_pubsub/src/tutorial_interfaces/install/tutorial_interfaces/include/tutorial_interfaces/tutorial_interfaces/srv/detail/empty__rosidl_typesupport_introspection_c.h
[1.525s] -- Up-to-date: /home/devuser/AOX/ros_ws/cpp_pubsub/src/tutorial_interfaces/install/tutorial_interfaces/include/tutorial_interfaces/tutorial_interfaces/srv/detail/add_three_ints__type_support.c
[1.525s] -- Up-to-date: /home/devuser/AOX/ros_ws/cpp_pubsub/src/tutorial_interfaces/install/tutorial_interfaces/include/tutorial_interfaces/tutorial_interfaces/srv/detail/add_three_ints__rosidl_typesupport_introspection_c.h
[1.525s] -- Up-to-date: /home/devuser/AOX/ros_ws/cpp_pubsub/src/tutorial_interfaces/install/tutorial_interfaces/include/tutorial_interfaces/tutorial_interfaces/srv/detail/empty__type_support.c
[1.525s] -- Up-to-date: /home/devuser/AOX/ros_ws/cpp_pubsub/src/tutorial_interfaces/install/tutorial_interfaces/include/tutorial_interfaces/tutorial_interfaces/msg
[1.526s] -- Up-to-date: /home/devuser/AOX/ros_ws/cpp_pubsub/src/tutorial_interfaces/install/tutorial_interfaces/include/tutorial_interfaces/tutorial_interfaces/msg/rosidl_typesupport_introspection_c__visibility_control.h
[1.526s] -- Up-to-date: /home/devuser/AOX/ros_ws/cpp_pubsub/src/tutorial_interfaces/install/tutorial_interfaces/include/tutorial_interfaces/tutorial_interfaces/msg/detail
[1.526s] -- Up-to-date: /home/devuser/AOX/ros_ws/cpp_pubsub/src/tutorial_interfaces/install/tutorial_interfaces/include/tutorial_interfaces/tutorial_interfaces/msg/detail/num__type_support.c
[1.526s] -- Up-to-date: /home/devuser/AOX/ros_ws/cpp_pubsub/src/tutorial_interfaces/install/tutorial_interfaces/include/tutorial_interfaces/tutorial_interfaces/msg/detail/num__rosidl_typesupport_introspection_c.h
[1.526s] -- Up-to-date: /home/devuser/AOX/ros_ws/cpp_pubsub/src/tutorial_interfaces/install/tutorial_interfaces/include/tutorial_interfaces/tutorial_interfaces/msg/detail/sphere__rosidl_typesupport_introspection_c.h
[1.526s] -- Up-to-date: /home/devuser/AOX/ros_ws/cpp_pubsub/src/tutorial_interfaces/install/tutorial_interfaces/include/tutorial_interfaces/tutorial_interfaces/msg/detail/sphere__type_support.c
[1.526s] -- Up-to-date: /home/devuser/AOX/ros_ws/cpp_pubsub/src/tutorial_interfaces/install/tutorial_interfaces/lib/libtutorial_interfaces__rosidl_typesupport_introspection_c.so
[1.526s] -- Up-to-date: /home/devuser/AOX/ros_ws/cpp_pubsub/src/tutorial_interfaces/install/tutorial_interfaces/lib/libtutorial_interfaces__rosidl_typesupport_c.so
[1.526s] -- Up-to-date: /home/devuser/AOX/ros_ws/cpp_pubsub/src/tutorial_interfaces/install/tutorial_interfaces/include/tutorial_interfaces/tutorial_interfaces
[1.526s] -- Up-to-date: /home/devuser/AOX/ros_ws/cpp_pubsub/src/tutorial_interfaces/install/tutorial_interfaces/include/tutorial_interfaces/tutorial_interfaces/srv
[1.526s] -- Up-to-date: /home/devuser/AOX/ros_ws/cpp_pubsub/src/tutorial_interfaces/install/tutorial_interfaces/include/tutorial_interfaces/tutorial_interfaces/srv/detail
[1.526s] -- Up-to-date: /home/devuser/AOX/ros_ws/cpp_pubsub/src/tutorial_interfaces/install/tutorial_interfaces/include/tutorial_interfaces/tutorial_interfaces/srv/detail/empty__type_support.cpp
[1.527s] -- Up-to-date: /home/devuser/AOX/ros_ws/cpp_pubsub/src/tutorial_interfaces/install/tutorial_interfaces/include/tutorial_interfaces/tutorial_interfaces/srv/detail/empty__rosidl_typesupport_introspection_cpp.hpp
[1.527s] -- Up-to-date: /home/devuser/AOX/ros_ws/cpp_pubsub/src/tutorial_interfaces/install/tutorial_interfaces/include/tutorial_interfaces/tutorial_interfaces/srv/detail/add_three_ints__rosidl_typesupport_introspection_cpp.hpp
[1.527s] -- Up-to-date: /home/devuser/AOX/ros_ws/cpp_pubsub/src/tutorial_interfaces/install/tutorial_interfaces/include/tutorial_interfaces/tutorial_interfaces/srv/detail/add_three_ints__type_support.cpp
[1.527s] -- Up-to-date: /home/devuser/AOX/ros_ws/cpp_pubsub/src/tutorial_interfaces/install/tutorial_interfaces/include/tutorial_interfaces/tutorial_interfaces/msg
[1.527s] -- Up-to-date: /home/devuser/AOX/ros_ws/cpp_pubsub/src/tutorial_interfaces/install/tutorial_interfaces/include/tutorial_interfaces/tutorial_interfaces/msg/detail
[1.527s] -- Up-to-date: /home/devuser/AOX/ros_ws/cpp_pubsub/src/tutorial_interfaces/install/tutorial_interfaces/include/tutorial_interfaces/tutorial_interfaces/msg/detail/num__rosidl_typesupport_introspection_cpp.hpp
[1.527s] -- Up-to-date: /home/devuser/AOX/ros_ws/cpp_pubsub/src/tutorial_interfaces/install/tutorial_interfaces/include/tutorial_interfaces/tutorial_interfaces/msg/detail/sphere__type_support.cpp
[1.527s] -- Up-to-date: /home/devuser/AOX/ros_ws/cpp_pubsub/src/tutorial_interfaces/install/tutorial_interfaces/include/tutorial_interfaces/tutorial_interfaces/msg/detail/sphere__rosidl_typesupport_introspection_cpp.hpp
[1.527s] -- Up-to-date: /home/devuser/AOX/ros_ws/cpp_pubsub/src/tutorial_interfaces/install/tutorial_interfaces/include/tutorial_interfaces/tutorial_interfaces/msg/detail/num__type_support.cpp
[1.527s] -- Up-to-date: /home/devuser/AOX/ros_ws/cpp_pubsub/src/tutorial_interfaces/install/tutorial_interfaces/lib/libtutorial_interfaces__rosidl_typesupport_introspection_cpp.so
[1.527s] -- Up-to-date: /home/devuser/AOX/ros_ws/cpp_pubsub/src/tutorial_interfaces/install/tutorial_interfaces/lib/libtutorial_interfaces__rosidl_typesupport_cpp.so
[1.527s] -- Up-to-date: /home/devuser/AOX/ros_ws/cpp_pubsub/src/tutorial_interfaces/install/tutorial_interfaces/share/tutorial_interfaces/environment/pythonpath.sh
[1.527s] -- Installing: /home/devuser/AOX/ros_ws/cpp_pubsub/src/tutorial_interfaces/install/tutorial_interfaces/share/tutorial_interfaces/environment/pythonpath.dsv
[1.527s] -- Up-to-date: /home/devuser/AOX/ros_ws/cpp_pubsub/src/tutorial_interfaces/install/tutorial_interfaces/local/lib/python3.10/dist-packages/tutorial_interfaces-0.0.0-py3.10.egg-info
[1.527s] -- Installing: /home/devuser/AOX/ros_ws/cpp_pubsub/src/tutorial_interfaces/install/tutorial_interfaces/local/lib/python3.10/dist-packages/tutorial_interfaces-0.0.0-py3.10.egg-info/top_level.txt
[1.527s] -- Installing: /home/devuser/AOX/ros_ws/cpp_pubsub/src/tutorial_interfaces/install/tutorial_interfaces/local/lib/python3.10/dist-packages/tutorial_interfaces-0.0.0-py3.10.egg-info/SOURCES.txt
[1.527s] -- Installing: /home/devuser/AOX/ros_ws/cpp_pubsub/src/tutorial_interfaces/install/tutorial_interfaces/local/lib/python3.10/dist-packages/tutorial_interfaces-0.0.0-py3.10.egg-info/dependency_links.txt
[1.527s] -- Installing: /home/devuser/AOX/ros_ws/cpp_pubsub/src/tutorial_interfaces/install/tutorial_interfaces/local/lib/python3.10/dist-packages/tutorial_interfaces-0.0.0-py3.10.egg-info/PKG-INFO
[1.527s] -- Up-to-date: /home/devuser/AOX/ros_ws/cpp_pubsub/src/tutorial_interfaces/install/tutorial_interfaces/local/lib/python3.10/dist-packages/tutorial_interfaces
[1.527s] -- Up-to-date: /home/devuser/AOX/ros_ws/cpp_pubsub/src/tutorial_interfaces/install/tutorial_interfaces/local/lib/python3.10/dist-packages/tutorial_interfaces/_tutorial_interfaces_s.ep.rosidl_typesupport_fastrtps_c.c
[1.527s] -- Up-to-date: /home/devuser/AOX/ros_ws/cpp_pubsub/src/tutorial_interfaces/install/tutorial_interfaces/local/lib/python3.10/dist-packages/tutorial_interfaces/srv
[1.527s] -- Up-to-date: /home/devuser/AOX/ros_ws/cpp_pubsub/src/tutorial_interfaces/install/tutorial_interfaces/local/lib/python3.10/dist-packages/tutorial_interfaces/srv/_add_three_ints.py
[1.528s] -- Up-to-date: /home/devuser/AOX/ros_ws/cpp_pubsub/src/tutorial_interfaces/install/tutorial_interfaces/local/lib/python3.10/dist-packages/tutorial_interfaces/srv/_empty.py
[1.528s] -- Up-to-date: /home/devuser/AOX/ros_ws/cpp_pubsub/src/tutorial_interfaces/install/tutorial_interfaces/local/lib/python3.10/dist-packages/tutorial_interfaces/srv/_add_three_ints_s.c
[1.528s] -- Up-to-date: /home/devuser/AOX/ros_ws/cpp_pubsub/src/tutorial_interfaces/install/tutorial_interfaces/local/lib/python3.10/dist-packages/tutorial_interfaces/srv/__init__.py
[1.528s] -- Up-to-date: /home/devuser/AOX/ros_ws/cpp_pubsub/src/tutorial_interfaces/install/tutorial_interfaces/local/lib/python3.10/dist-packages/tutorial_interfaces/srv/_empty_s.c
[1.528s] -- Up-to-date: /home/devuser/AOX/ros_ws/cpp_pubsub/src/tutorial_interfaces/install/tutorial_interfaces/local/lib/python3.10/dist-packages/tutorial_interfaces/tutorial_interfaces_s__rosidl_typesupport_introspection_c.cpython-310-x86_64-linux-gnu.so
[1.528s] -- Up-to-date: /home/devuser/AOX/ros_ws/cpp_pubsub/src/tutorial_interfaces/install/tutorial_interfaces/local/lib/python3.10/dist-packages/tutorial_interfaces/libtutorial_interfaces__rosidl_generator_py.so
[1.528s] -- Up-to-date: /home/devuser/AOX/ros_ws/cpp_pubsub/src/tutorial_interfaces/install/tutorial_interfaces/local/lib/python3.10/dist-packages/tutorial_interfaces/tutorial_interfaces_s__rosidl_typesupport_c.cpython-310-x86_64-linux-gnu.so
[1.528s] -- Up-to-date: /home/devuser/AOX/ros_ws/cpp_pubsub/src/tutorial_interfaces/install/tutorial_interfaces/local/lib/python3.10/dist-packages/tutorial_interfaces/_tutorial_interfaces_s.ep.rosidl_typesupport_introspection_c.c
[1.528s] -- Installing: /home/devuser/AOX/ros_ws/cpp_pubsub/src/tutorial_interfaces/install/tutorial_interfaces/local/lib/python3.10/dist-packages/tutorial_interfaces/__init__.py
[1.528s] -- Up-to-date: /home/devuser/AOX/ros_ws/cpp_pubsub/src/tutorial_interfaces/install/tutorial_interfaces/local/lib/python3.10/dist-packages/tutorial_interfaces/tutorial_interfaces_s__rosidl_typesupport_fastrtps_c.cpython-310-x86_64-linux-gnu.so
[1.528s] -- Up-to-date: /home/devuser/AOX/ros_ws/cpp_pubsub/src/tutorial_interfaces/install/tutorial_interfaces/local/lib/python3.10/dist-packages/tutorial_interfaces/msg
[1.528s] -- Up-to-date: /home/devuser/AOX/ros_ws/cpp_pubsub/src/tutorial_interfaces/install/tutorial_interfaces/local/lib/python3.10/dist-packages/tutorial_interfaces/msg/_sphere_s.c
[1.528s] -- Up-to-date: /home/devuser/AOX/ros_ws/cpp_pubsub/src/tutorial_interfaces/install/tutorial_interfaces/local/lib/python3.10/dist-packages/tutorial_interfaces/msg/_num_s.c
[1.528s] -- Up-to-date: /home/devuser/AOX/ros_ws/cpp_pubsub/src/tutorial_interfaces/install/tutorial_interfaces/local/lib/python3.10/dist-packages/tutorial_interfaces/msg/_sphere.py
[1.528s] -- Up-to-date: /home/devuser/AOX/ros_ws/cpp_pubsub/src/tutorial_interfaces/install/tutorial_interfaces/local/lib/python3.10/dist-packages/tutorial_interfaces/msg/_num.py
[1.528s] -- Up-to-date: /home/devuser/AOX/ros_ws/cpp_pubsub/src/tutorial_interfaces/install/tutorial_interfaces/local/lib/python3.10/dist-packages/tutorial_interfaces/msg/__init__.py
[1.528s] -- Up-to-date: /home/devuser/AOX/ros_ws/cpp_pubsub/src/tutorial_interfaces/install/tutorial_interfaces/local/lib/python3.10/dist-packages/tutorial_interfaces/_tutorial_interfaces_s.ep.rosidl_typesupport_c.c
[1.553s] Listing '/home/devuser/AOX/ros_ws/cpp_pubsub/src/tutorial_interfaces/install/tutorial_interfaces/local/lib/python3.10/dist-packages/tutorial_interfaces'...
[1.553s] Compiling '/home/devuser/AOX/ros_ws/cpp_pubsub/src/tutorial_interfaces/install/tutorial_interfaces/local/lib/python3.10/dist-packages/tutorial_interfaces/__init__.py'...
[1.553s] Listing '/home/devuser/AOX/ros_ws/cpp_pubsub/src/tutorial_interfaces/install/tutorial_interfaces/local/lib/python3.10/dist-packages/tutorial_interfaces/msg'...
[1.553s] Listing '/home/devuser/AOX/ros_ws/cpp_pubsub/src/tutorial_interfaces/install/tutorial_interfaces/local/lib/python3.10/dist-packages/tutorial_interfaces/srv'...
[1.557s] -- Up-to-date: /home/devuser/AOX/ros_ws/cpp_pubsub/src/tutorial_interfaces/install/tutorial_interfaces/local/lib/python3.10/dist-packages/tutorial_interfaces/tutorial_interfaces_s__rosidl_typesupport_fastrtps_c.cpython-310-x86_64-linux-gnu.so
[1.557s] -- Up-to-date: /home/devuser/AOX/ros_ws/cpp_pubsub/src/tutorial_interfaces/install/tutorial_interfaces/local/lib/python3.10/dist-packages/tutorial_interfaces/tutorial_interfaces_s__rosidl_typesupport_introspection_c.cpython-310-x86_64-linux-gnu.so
[1.557s] -- Up-to-date: /home/devuser/AOX/ros_ws/cpp_pubsub/src/tutorial_interfaces/install/tutorial_interfaces/local/lib/python3.10/dist-packages/tutorial_interfaces/tutorial_interfaces_s__rosidl_typesupport_c.cpython-310-x86_64-linux-gnu.so
[1.557s] -- Up-to-date: /home/devuser/AOX/ros_ws/cpp_pubsub/src/tutorial_interfaces/install/tutorial_interfaces/lib/libtutorial_interfaces__rosidl_generator_py.so
[1.557s] -- Up-to-date: /home/devuser/AOX/ros_ws/cpp_pubsub/src/tutorial_interfaces/install/tutorial_interfaces/share/tutorial_interfaces/msg/Num.idl
[1.557s] -- Up-to-date: /home/devuser/AOX/ros_ws/cpp_pubsub/src/tutorial_interfaces/install/tutorial_interfaces/share/tutorial_interfaces/msg/Sphere.idl
[1.557s] -- Up-to-date: /home/devuser/AOX/ros_ws/cpp_pubsub/src/tutorial_interfaces/install/tutorial_interfaces/share/tutorial_interfaces/srv/AddThreeInts.idl
[1.557s] -- Up-to-date: /home/devuser/AOX/ros_ws/cpp_pubsub/src/tutorial_interfaces/install/tutorial_interfaces/share/tutorial_interfaces/srv/Empty.idl
[1.557s] -- Up-to-date: /home/devuser/AOX/ros_ws/cpp_pubsub/src/tutorial_interfaces/install/tutorial_interfaces/share/tutorial_interfaces/msg/Num.msg
[1.557s] -- Up-to-date: /home/devuser/AOX/ros_ws/cpp_pubsub/src/tutorial_interfaces/install/tutorial_interfaces/share/tutorial_interfaces/msg/Sphere.msg
[1.558s] -- Up-to-date: /home/devuser/AOX/ros_ws/cpp_pubsub/src/tutorial_interfaces/install/tutorial_interfaces/share/tutorial_interfaces/srv/AddThreeInts.srv
[1.558s] -- Up-to-date: /home/devuser/AOX/ros_ws/cpp_pubsub/src/tutorial_interfaces/install/tutorial_interfaces/share/tutorial_interfaces/srv/AddThreeInts_Request.msg
[1.558s] -- Up-to-date: /home/devuser/AOX/ros_ws/cpp_pubsub/src/tutorial_interfaces/install/tutorial_interfaces/share/tutorial_interfaces/srv/AddThreeInts_Response.msg
[1.558s] -- Installing: /home/devuser/AOX/ros_ws/cpp_pubsub/src/tutorial_interfaces/install/tutorial_interfaces/share/tutorial_interfaces/srv/Empty.srv
[1.558s] -- Up-to-date: /home/devuser/AOX/ros_ws/cpp_pubsub/src/tutorial_interfaces/install/tutorial_interfaces/share/tutorial_interfaces/srv/Empty_Request.msg
[1.558s] -- Up-to-date: /home/devuser/AOX/ros_ws/cpp_pubsub/src/tutorial_interfaces/install/tutorial_interfaces/share/tutorial_interfaces/srv/Empty_Response.msg
[1.558s] -- Up-to-date: /home/devuser/AOX/ros_ws/cpp_pubsub/src/tutorial_interfaces/install/tutorial_interfaces/share/ament_index/resource_index/package_run_dependencies/tutorial_interfaces
[1.558s] -- Up-to-date: /home/devuser/AOX/ros_ws/cpp_pubsub/src/tutorial_interfaces/install/tutorial_interfaces/share/ament_index/resource_index/parent_prefix_path/tutorial_interfaces
[1.558s] -- Up-to-date: /home/devuser/AOX/ros_ws/cpp_pubsub/src/tutorial_interfaces/install/tutorial_interfaces/share/tutorial_interfaces/environment/ament_prefix_path.sh
[1.558s] -- Installing: /home/devuser/AOX/ros_ws/cpp_pubsub/src/tutorial_interfaces/install/tutorial_interfaces/share/tutorial_interfaces/environment/ament_prefix_path.dsv
[1.558s] -- Up-to-date: /home/devuser/AOX/ros_ws/cpp_pubsub/src/tutorial_interfaces/install/tutorial_interfaces/share/tutorial_interfaces/environment/path.sh
[1.558s] -- Installing: /home/devuser/AOX/ros_ws/cpp_pubsub/src/tutorial_interfaces/install/tutorial_interfaces/share/tutorial_interfaces/environment/path.dsv
[1.558s] -- Up-to-date: /home/devuser/AOX/ros_ws/cpp_pubsub/src/tutorial_interfaces/install/tutorial_interfaces/share/tutorial_interfaces/local_setup.bash
[1.558s] -- Up-to-date: /home/devuser/AOX/ros_ws/cpp_pubsub/src/tutorial_interfaces/install/tutorial_interfaces/share/tutorial_interfaces/local_setup.sh
[1.558s] -- Up-to-date: /home/devuser/AOX/ros_ws/cpp_pubsub/src/tutorial_interfaces/install/tutorial_interfaces/share/tutorial_interfaces/local_setup.zsh
[1.559s] -- Installing: /home/devuser/AOX/ros_ws/cpp_pubsub/src/tutorial_interfaces/install/tutorial_interfaces/share/tutorial_interfaces/local_setup.dsv
[1.559s] -- Installing: /home/devuser/AOX/ros_ws/cpp_pubsub/src/tutorial_interfaces/install/tutorial_interfaces/share/tutorial_interfaces/package.dsv
[1.559s] -- Up-to-date: /home/devuser/AOX/ros_ws/cpp_pubsub/src/tutorial_interfaces/install/tutorial_interfaces/share/ament_index/resource_index/packages/tutorial_interfaces
[1.559s] -- Up-to-date: /home/devuser/AOX/ros_ws/cpp_pubsub/src/tutorial_interfaces/install/tutorial_interfaces/share/tutorial_interfaces/cmake/export_tutorial_interfaces__rosidl_generator_cExport.cmake
[1.559s] -- Up-to-date: /home/devuser/AOX/ros_ws/cpp_pubsub/src/tutorial_interfaces/install/tutorial_interfaces/share/tutorial_interfaces/cmake/export_tutorial_interfaces__rosidl_generator_cExport-noconfig.cmake
[1.559s] -- Up-to-date: /home/devuser/AOX/ros_ws/cpp_pubsub/src/tutorial_interfaces/install/tutorial_interfaces/share/tutorial_interfaces/cmake/export_tutorial_interfaces__rosidl_typesupport_fastrtps_cExport.cmake
[1.559s] -- Up-to-date: /home/devuser/AOX/ros_ws/cpp_pubsub/src/tutorial_interfaces/install/tutorial_interfaces/share/tutorial_interfaces/cmake/export_tutorial_interfaces__rosidl_typesupport_fastrtps_cExport-noconfig.cmake
[1.559s] -- Up-to-date: /home/devuser/AOX/ros_ws/cpp_pubsub/src/tutorial_interfaces/install/tutorial_interfaces/share/tutorial_interfaces/cmake/export_tutorial_interfaces__rosidl_generator_cppExport.cmake
[1.559s] -- Up-to-date: /home/devuser/AOX/ros_ws/cpp_pubsub/src/tutorial_interfaces/install/tutorial_interfaces/share/tutorial_interfaces/cmake/export_tutorial_interfaces__rosidl_typesupport_fastrtps_cppExport.cmake
[1.559s] -- Up-to-date: /home/devuser/AOX/ros_ws/cpp_pubsub/src/tutorial_interfaces/install/tutorial_interfaces/share/tutorial_interfaces/cmake/export_tutorial_interfaces__rosidl_typesupport_fastrtps_cppExport-noconfig.cmake
[1.559s] -- Up-to-date: /home/devuser/AOX/ros_ws/cpp_pubsub/src/tutorial_interfaces/install/tutorial_interfaces/share/tutorial_interfaces/cmake/tutorial_interfaces__rosidl_typesupport_introspection_cExport.cmake
[1.559s] -- Up-to-date: /home/devuser/AOX/ros_ws/cpp_pubsub/src/tutorial_interfaces/install/tutorial_interfaces/share/tutorial_interfaces/cmake/tutorial_interfaces__rosidl_typesupport_introspection_cExport-noconfig.cmake
[1.560s] -- Up-to-date: /home/devuser/AOX/ros_ws/cpp_pubsub/src/tutorial_interfaces/install/tutorial_interfaces/share/tutorial_interfaces/cmake/tutorial_interfaces__rosidl_typesupport_cExport.cmake
[1.560s] -- Up-to-date: /home/devuser/AOX/ros_ws/cpp_pubsub/src/tutorial_interfaces/install/tutorial_interfaces/share/tutorial_interfaces/cmake/tutorial_interfaces__rosidl_typesupport_cExport-noconfig.cmake
[1.560s] -- Up-to-date: /home/devuser/AOX/ros_ws/cpp_pubsub/src/tutorial_interfaces/install/tutorial_interfaces/share/tutorial_interfaces/cmake/tutorial_interfaces__rosidl_typesupport_introspection_cppExport.cmake
[1.560s] -- Up-to-date: /home/devuser/AOX/ros_ws/cpp_pubsub/src/tutorial_interfaces/install/tutorial_interfaces/share/tutorial_interfaces/cmake/tutorial_interfaces__rosidl_typesupport_introspection_cppExport-noconfig.cmake
[1.560s] -- Up-to-date: /home/devuser/AOX/ros_ws/cpp_pubsub/src/tutorial_interfaces/install/tutorial_interfaces/share/tutorial_interfaces/cmake/tutorial_interfaces__rosidl_typesupport_cppExport.cmake
[1.560s] -- Up-to-date: /home/devuser/AOX/ros_ws/cpp_pubsub/src/tutorial_interfaces/install/tutorial_interfaces/share/tutorial_interfaces/cmake/tutorial_interfaces__rosidl_typesupport_cppExport-noconfig.cmake
[1.560s] -- Up-to-date: /home/devuser/AOX/ros_ws/cpp_pubsub/src/tutorial_interfaces/install/tutorial_interfaces/share/tutorial_interfaces/cmake/export_tutorial_interfaces__rosidl_generator_pyExport.cmake
[1.560s] -- Up-to-date: /home/devuser/AOX/ros_ws/cpp_pubsub/src/tutorial_interfaces/install/tutorial_interfaces/share/tutorial_interfaces/cmake/export_tutorial_interfaces__rosidl_generator_pyExport-noconfig.cmake
[1.560s] -- Up-to-date: /home/devuser/AOX/ros_ws/cpp_pubsub/src/tutorial_interfaces/install/tutorial_interfaces/share/tutorial_interfaces/cmake/rosidl_cmake-extras.cmake
[1.560s] -- Up-to-date: /home/devuser/AOX/ros_ws/cpp_pubsub/src/tutorial_interfaces/install/tutorial_interfaces/share/tutorial_interfaces/cmake/ament_cmake_export_dependencies-extras.cmake
[1.560s] -- Up-to-date: /home/devuser/AOX/ros_ws/cpp_pubsub/src/tutorial_interfaces/install/tutorial_interfaces/share/tutorial_interfaces/cmake/ament_cmake_export_include_directories-extras.cmake
[1.560s] -- Up-to-date: /home/devuser/AOX/ros_ws/cpp_pubsub/src/tutorial_interfaces/install/tutorial_interfaces/share/tutorial_interfaces/cmake/ament_cmake_export_libraries-extras.cmake
[1.560s] -- Up-to-date: /home/devuser/AOX/ros_ws/cpp_pubsub/src/tutorial_interfaces/install/tutorial_interfaces/share/tutorial_interfaces/cmake/ament_cmake_export_targets-extras.cmake
[1.560s] -- Up-to-date: /home/devuser/AOX/ros_ws/cpp_pubsub/src/tutorial_interfaces/install/tutorial_interfaces/share/tutorial_interfaces/cmake/rosidl_cmake_export_typesupport_targets-extras.cmake
[1.560s] -- Up-to-date: /home/devuser/AOX/ros_ws/cpp_pubsub/src/tutorial_interfaces/install/tutorial_interfaces/share/tutorial_interfaces/cmake/rosidl_cmake_export_typesupport_libraries-extras.cmake
[1.560s] -- Up-to-date: /home/devuser/AOX/ros_ws/cpp_pubsub/src/tutorial_interfaces/install/tutorial_interfaces/share/tutorial_interfaces/cmake/tutorial_interfacesConfig.cmake
[1.561s] -- Up-to-date: /home/devuser/AOX/ros_ws/cpp_pubsub/src/tutorial_interfaces/install/tutorial_interfaces/share/tutorial_interfaces/cmake/tutorial_interfacesConfig-version.cmake
[1.561s] -- Up-to-date: /home/devuser/AOX/ros_ws/cpp_pubsub/src/tutorial_interfaces/install/tutorial_interfaces/share/tutorial_interfaces/package.xml
[1.563s] Invoked command in '/home/devuser/AOX/ros_ws/cpp_pubsub/src/tutorial_interfaces/build/tutorial_interfaces' returned '0': CMAKE_PREFIX_PATH=${CMAKE_PREFIX_PATH}:/opt/ros/humble /usr/bin/cmake --install /home/devuser/AOX/ros_ws/cpp_pubsub/src/tutorial_interfaces/build/tutorial_interfaces
