[35m[1mConsolidate compiler generated dependencies of target listener1[0m
[ 25%] [32mBuilding CXX object CMakeFiles/listener3.dir/src/node_c.cpp.o[0m
[ 37%] Built target talker
[ 50%] [32mBuilding CXX object CMakeFiles/listener2.dir/src/node_b.cpp.o[0m
[ 75%] Built target listener1
[ 87%] [32m[1mLinking CXX executable listener3[0m
[100%] [32m[1mLinking CXX executable listener2[0m
[100%] Built target listener2
[100%] Built target listener3
-- Install configuration: ""
-- Up-to-date: /home/devuser/AOX/ROS2/src/lcm_topic/install/lcm_topic/lib/lcm_topic/talker
-- Up-to-date: /home/devuser/AOX/ROS2/src/lcm_topic/install/lcm_topic/lib/lcm_topic/listener1
-- Installing: /home/devuser/AOX/ROS2/src/lcm_topic/install/lcm_topic/lib/lcm_topic/listener2
-- Set runtime path of "/home/devuser/AOX/ROS2/src/lcm_topic/install/lcm_topic/lib/lcm_topic/listener2" to ""
-- Installing: /home/devuser/AOX/ROS2/src/lcm_topic/install/lcm_topic/lib/lcm_topic/listener3
-- Set runtime path of "/home/devuser/AOX/ROS2/src/lcm_topic/install/lcm_topic/lib/lcm_topic/listener3" to ""
-- Up-to-date: /home/devuser/AOX/ROS2/src/lcm_topic/install/lcm_topic/share/ament_index/resource_index/package_run_dependencies/lcm_topic
-- Up-to-date: /home/devuser/AOX/ROS2/src/lcm_topic/install/lcm_topic/share/ament_index/resource_index/parent_prefix_path/lcm_topic
-- Up-to-date: /home/devuser/AOX/ROS2/src/lcm_topic/install/lcm_topic/share/lcm_topic/environment/ament_prefix_path.sh
-- Up-to-date: /home/devuser/AOX/ROS2/src/lcm_topic/install/lcm_topic/share/lcm_topic/environment/ament_prefix_path.dsv
-- Up-to-date: /home/devuser/AOX/ROS2/src/lcm_topic/install/lcm_topic/share/lcm_topic/environment/path.sh
-- Up-to-date: /home/devuser/AOX/ROS2/src/lcm_topic/install/lcm_topic/share/lcm_topic/environment/path.dsv
-- Up-to-date: /home/devuser/AOX/ROS2/src/lcm_topic/install/lcm_topic/share/lcm_topic/local_setup.bash
-- Up-to-date: /home/devuser/AOX/ROS2/src/lcm_topic/install/lcm_topic/share/lcm_topic/local_setup.sh
-- Up-to-date: /home/devuser/AOX/ROS2/src/lcm_topic/install/lcm_topic/share/lcm_topic/local_setup.zsh
-- Up-to-date: /home/devuser/AOX/ROS2/src/lcm_topic/install/lcm_topic/share/lcm_topic/local_setup.dsv
-- Installing: /home/devuser/AOX/ROS2/src/lcm_topic/install/lcm_topic/share/lcm_topic/package.dsv
-- Up-to-date: /home/devuser/AOX/ROS2/src/lcm_topic/install/lcm_topic/share/ament_index/resource_index/packages/lcm_topic
-- Up-to-date: /home/devuser/AOX/ROS2/src/lcm_topic/install/lcm_topic/share/lcm_topic/cmake/lcm_topicConfig.cmake
-- Up-to-date: /home/devuser/AOX/ROS2/src/lcm_topic/install/lcm_topic/share/lcm_topic/cmake/lcm_topicConfig-version.cmake
-- Up-to-date: /home/devuser/AOX/ROS2/src/lcm_topic/install/lcm_topic/share/lcm_topic/package.xml
