[0.023s] Invoking command in '/home/devuser/ros2_ws/build/cpp_srvcli': CMAKE_PREFIX_PATH=${CMAKE_PREFIX_PATH}:/opt/ros/humble /usr/bin/cmake --build /home/devuser/ros2_ws/build/cpp_srvcli -- -j8 -l8
[0.046s] -- Found ament_cmake: 1.3.5 (/opt/ros/humble/share/ament_cmake/cmake)
[0.187s] -- Found rclcpp: 16.0.5 (/opt/ros/humble/share/rclcpp/cmake)
[0.215s] -- Found rosidl_generator_c: 3.1.5 (/opt/ros/humble/share/rosidl_generator_c/cmake)
[0.218s] -- Found rosidl_adapter: 3.1.5 (/opt/ros/humble/share/rosidl_adapter/cmake)
[0.224s] -- Found rosidl_generator_cpp: 3.1.5 (/opt/ros/humble/share/rosidl_generator_cpp/cmake)
[0.237s] -- Using all available rosidl_typesupport_c: rosidl_typesupport_fastrtps_c;rosidl_typesupport_introspection_c
[0.254s] -- Using all available rosidl_typesupport_cpp: rosidl_typesupport_fastrtps_cpp;rosidl_typesupport_introspection_cpp
[0.315s] -- Found rmw_implementation_cmake: 6.1.1 (/opt/ros/humble/share/rmw_implementation_cmake/cmake)
[0.317s] -- Found rmw_fastrtps_cpp: 6.2.3 (/opt/ros/humble/share/rmw_fastrtps_cpp/cmake)
[0.430s] -- Using RMW implementation 'rmw_fastrtps_cpp' as default
[0.606s] -- Found example_interfaces: 0.9.3 (/opt/ros/humble/share/example_interfaces/cmake)
[0.822s] -- Configuring done
[0.833s] -- Generating done
[0.834s] -- Build files have been written to: /home/devuser/ros2_ws/build/cpp_srvcli
[0.859s] [35m[1mConsolidate compiler generated dependencies of target client[0m
[0.860s] [35m[1mConsolidate compiler generated dependencies of target server[0m
[0.874s] [ 75%] Built target client
[0.875s] [ 75%] [32mBuilding CXX object CMakeFiles/server.dir/src/add_two_ints_server.cpp.o[0m
[4.191s] [100%] [32m[1mLinking CXX executable server[0m
[4.341s] [100%] Built target server
[4.352s] Invoked command in '/home/devuser/ros2_ws/build/cpp_srvcli' returned '0': CMAKE_PREFIX_PATH=${CMAKE_PREFIX_PATH}:/opt/ros/humble /usr/bin/cmake --build /home/devuser/ros2_ws/build/cpp_srvcli -- -j8 -l8
[4.384s] Invoking command in '/home/devuser/ros2_ws/build/cpp_srvcli': CMAKE_PREFIX_PATH=${CMAKE_PREFIX_PATH}:/opt/ros/humble /usr/bin/cmake --install /home/devuser/ros2_ws/build/cpp_srvcli
[4.390s] -- Install configuration: ""
[4.391s] -- Installing: /home/devuser/ros2_ws/install/cpp_srvcli/lib/cpp_srvcli/server
[4.391s] -- Set runtime path of "/home/devuser/ros2_ws/install/cpp_srvcli/lib/cpp_srvcli/server" to ""
[4.392s] -- Up-to-date: /home/devuser/ros2_ws/install/cpp_srvcli/lib/cpp_srvcli/client
[4.392s] -- Up-to-date: /home/devuser/ros2_ws/install/cpp_srvcli/share/ament_index/resource_index/package_run_dependencies/cpp_srvcli
[4.392s] -- Installing: /home/devuser/ros2_ws/install/cpp_srvcli/share/ament_index/resource_index/parent_prefix_path/cpp_srvcli
[4.392s] -- Up-to-date: /home/devuser/ros2_ws/install/cpp_srvcli/share/cpp_srvcli/environment/ament_prefix_path.sh
[4.392s] -- Installing: /home/devuser/ros2_ws/install/cpp_srvcli/share/cpp_srvcli/environment/ament_prefix_path.dsv
[4.392s] -- Up-to-date: /home/devuser/ros2_ws/install/cpp_srvcli/share/cpp_srvcli/environment/path.sh
[4.392s] -- Installing: /home/devuser/ros2_ws/install/cpp_srvcli/share/cpp_srvcli/environment/path.dsv
[4.393s] -- Up-to-date: /home/devuser/ros2_ws/install/cpp_srvcli/share/cpp_srvcli/local_setup.bash
[4.393s] -- Up-to-date: /home/devuser/ros2_ws/install/cpp_srvcli/share/cpp_srvcli/local_setup.sh
[4.393s] -- Up-to-date: /home/devuser/ros2_ws/install/cpp_srvcli/share/cpp_srvcli/local_setup.zsh
[4.393s] -- Installing: /home/devuser/ros2_ws/install/cpp_srvcli/share/cpp_srvcli/local_setup.dsv
[4.393s] -- Installing: /home/devuser/ros2_ws/install/cpp_srvcli/share/cpp_srvcli/package.dsv
[4.393s] -- Up-to-date: /home/devuser/ros2_ws/install/cpp_srvcli/share/ament_index/resource_index/packages/cpp_srvcli
[4.393s] -- Up-to-date: /home/devuser/ros2_ws/install/cpp_srvcli/share/cpp_srvcli/cmake/cpp_srvcliConfig.cmake
[4.393s] -- Up-to-date: /home/devuser/ros2_ws/install/cpp_srvcli/share/cpp_srvcli/cmake/cpp_srvcliConfig-version.cmake
[4.393s] -- Up-to-date: /home/devuser/ros2_ws/install/cpp_srvcli/share/cpp_srvcli/package.xml
[4.394s] Invoked command in '/home/devuser/ros2_ws/build/cpp_srvcli' returned '0': CMAKE_PREFIX_PATH=${CMAKE_PREFIX_PATH}:/opt/ros/humble /usr/bin/cmake --install /home/devuser/ros2_ws/build/cpp_srvcli
