[0.016s] Invoking command in '/home/devuser/AOX/ros_ws/cpp_pubsub/build/cpp_pubsub': CMAKE_PREFIX_PATH=${CMAKE_PREFIX_PATH}:/opt/ros/humble /usr/bin/cmake --build /home/devuser/AOX/ros_ws/cpp_pubsub/build/cpp_pubsub -- -j8 -l8
[0.051s] [35m[1mConsolidate compiler generated dependencies of target listener[0m
[0.061s] [ 33%] Built target talker
[0.062s] [ 66%] Built target watchdog
[0.065s] [ 83%] [32mBuilding CXX object CMakeFiles/listener.dir/src/subscriber_member_function.cpp.o[0m
[1.720s] [01m[K/home/devuser/AOX/ros_ws/cpp_pubsub/src/subscriber_member_function.cpp:[m[K In constructor ‘[01m[KMinimalSubscriber::MinimalSubscriber()[m[K’:
[1.720s] [01m[K/home/devuser/AOX/ros_ws/cpp_pubsub/src/subscriber_member_function.cpp:25:60:[m[K [01;31m[Kerror: [m[Kno matching function for call to ‘[01m[KMinimalSubscriber::create_service<tutorial_interfaces::srv::Empty>()[m[K’
[1.720s]    25 |       [01;31m[Kthis->create_service<tutorial_interfaces::srv::Empty>()[m[K{
[1.720s]       |       [01;31m[K~~~~~~~~~~~~~~~~~~~~~~~~~~~~~~~~~~~~~~~~~~~~~~~~~~~~~^~[m[K
[1.720s] In file included from [01m[K/opt/ros/humble/include/rclcpp/rclcpp/executors/single_threaded_executor.hpp:28[m[K,
[1.720s]                  from [01m[K/opt/ros/humble/include/rclcpp/rclcpp/executors.hpp:22[m[K,
[1.720s]                  from [01m[K/opt/ros/humble/include/rclcpp/rclcpp/rclcpp.hpp:155[m[K,
[1.720s]                  from [01m[K/home/devuser/AOX/ros_ws/cpp_pubsub/src/subscriber_member_function.cpp:3[m[K:
[1.720s] [01m[K/opt/ros/humble/include/rclcpp/rclcpp/node.hpp:267:3:[m[K [01;36m[Knote: [m[Kcandidate: ‘[01m[Ktemplate<class ServiceT, class CallbackT> typename rclcpp::Service<ServiceT>::SharedPtr rclcpp::Node::create_service(const string&, CallbackT&&, const rmw_qos_profile_t&, rclcpp::CallbackGroup::SharedPtr)[m[K’
[1.720s]   267 |   [01;36m[Kcreate_service[m[K(
[1.721s]       |   [01;36m[K^~~~~~~~~~~~~~[m[K
[1.721s] [01m[K/opt/ros/humble/include/rclcpp/rclcpp/node.hpp:267:3:[m[K [01;36m[Knote: [m[K  template argument deduction/substitution failed:
[1.721s] [01m[K/home/devuser/AOX/ros_ws/cpp_pubsub/src/subscriber_member_function.cpp:25:60:[m[K [01;36m[Knote: [m[K  candidate expects 4 arguments, 0 provided
[1.721s]    25 |       [01;36m[Kthis->create_service<tutorial_interfaces::srv::Empty>()[m[K{
[1.721s]       |       [01;36m[K~~~~~~~~~~~~~~~~~~~~~~~~~~~~~~~~~~~~~~~~~~~~~~~~~~~~~^~[m[K
[1.722s] In file included from [01m[K/opt/ros/humble/include/rclcpp/rclcpp/logging.hpp:24[m[K,
[1.722s]                  from [01m[K/opt/ros/humble/include/rclcpp/rclcpp/client.hpp:40[m[K,
[1.722s]                  from [01m[K/opt/ros/humble/include/rclcpp/rclcpp/callback_group.hpp:24[m[K,
[1.722s]                  from [01m[K/opt/ros/humble/include/rclcpp/rclcpp/any_executable.hpp:20[m[K,
[1.722s]                  from [01m[K/opt/ros/humble/include/rclcpp/rclcpp/memory_strategy.hpp:25[m[K,
[1.722s]                  from [01m[K/opt/ros/humble/include/rclcpp/rclcpp/memory_strategies.hpp:18[m[K,
[1.722s]                  from [01m[K/opt/ros/humble/include/rclcpp/rclcpp/executor_options.hpp:20[m[K,
[1.722s]                  from [01m[K/opt/ros/humble/include/rclcpp/rclcpp/executor.hpp:37[m[K,
[1.722s]                  from [01m[K/opt/ros/humble/include/rclcpp/rclcpp/executors/multi_threaded_executor.hpp:25[m[K,
[1.722s]                  from [01m[K/opt/ros/humble/include/rclcpp/rclcpp/executors.hpp:21[m[K,
[1.722s]                  from [01m[K/opt/ros/humble/include/rclcpp/rclcpp/rclcpp.hpp:155[m[K,
[1.722s]                  from [01m[K/home/devuser/AOX/ros_ws/cpp_pubsub/src/subscriber_member_function.cpp:3[m[K:
[1.722s] [01m[K/home/devuser/AOX/ros_ws/cpp_pubsub/src/subscriber_member_function.cpp:[m[K In member function ‘[01m[Kvoid MinimalSubscriber::topic_callback(tutorial_interfaces::msg::Num_<std::allocator<void> >::SharedPtr) const[m[K’:
[1.722s] [01m[K/home/devuser/AOX/ros_ws/cpp_pubsub/src/subscriber_member_function.cpp:35:37:[m[K [01;35m[Kwarning: [m[Kformat ‘[01m[K%d[m[K’ expects argument of type ‘[01m[Kint[m[K’, but argument 5 has type ‘[01m[Ktutorial_interfaces::msg::Num_<std::allocator<void> >::_num_type[m[K’ {aka ‘[01m[Klong int[m[K’} [[01;35m[K]8;;https://gcc.gnu.org/onlinedocs/gcc/Warning-Options.html#index-Wformat=-Wformat=]8;;[m[K]
[1.723s]    35 |     RCLCPP_INFO(this->get_logger(), [01;35m[K"I heard: '%d'"[m[K, [32m[Kmsg->num[m[K);              // CHANGE
[1.723s]       |                                     [01;35m[K^~~~~~~~~~~~~~~[m[K  [32m[K~~~~~~~~[m[K
[1.723s]       |                                                           [32m[K|[m[K
[1.723s]       |                                                           [32m[Ktutorial_interfaces::msg::Num_<std::allocator<void> >::_num_type {aka long int}[m[K
[1.723s] [01m[K/home/devuser/AOX/ros_ws/cpp_pubsub/src/subscriber_member_function.cpp:35:49:[m[K [01;36m[Knote: [m[Kformat string is defined here
[1.723s]    35 |     RCLCPP_INFO(this->get_logger(), "I heard: '[01;36m[K%d[m[K'", msg->num);              // CHANGE
[1.723s]       |                                                [01;36m[K~^[m[K
[1.723s]       |                                                 [01;36m[K|[m[K
[1.723s]       |                                                 [01;36m[Kint[m[K
[1.723s]       |                                                [32m[K%ld[m[K
[3.389s] gmake[2]: *** [CMakeFiles/listener.dir/build.make:76: CMakeFiles/listener.dir/src/subscriber_member_function.cpp.o] Error 1
[3.389s] gmake[1]: *** [CMakeFiles/Makefile2:167: CMakeFiles/listener.dir/all] Error 2
[3.389s] gmake: *** [Makefile:146: all] Error 2
[3.392s] Invoked command in '/home/devuser/AOX/ros_ws/cpp_pubsub/build/cpp_pubsub' returned '2': CMAKE_PREFIX_PATH=${CMAKE_PREFIX_PATH}:/opt/ros/humble /usr/bin/cmake --build /home/devuser/AOX/ros_ws/cpp_pubsub/build/cpp_pubsub -- -j8 -l8
