[0.243s] DEBUG:colcon:Command line arguments: ['/home/devuser/.local/bin/colcon', 'build', '--packages-select', 'callback_trials']
[0.243s] DEBUG:colcon:Parsed command line arguments: Namespace(log_base=None, log_level=None, verb_name='build', build_base='build', install_base='install', merge_install=False, symlink_install=False, test_result_base=None, continue_on_error=False, executor='parallel', parallel_workers=8, event_handlers=None, ignore_user_meta=False, metas=['./colcon.meta'], base_paths=['.'], packages_ignore=None, packages_ignore_regex=None, paths=None, packages_up_to=None, packages_up_to_regex=None, packages_above=None, packages_above_and_dependencies=None, packages_above_depth=None, packages_select_by_dep=None, packages_skip_by_dep=None, packages_skip_up_to=None, packages_select_build_failed=False, packages_skip_build_finished=False, packages_select_test_failures=False, packages_skip_test_passed=False, packages_select=['callback_trials'], packages_skip=None, packages_select_regex=None, packages_skip_regex=None, packages_start=None, packages_end=None, allow_overriding=[], cmake_args=None, cmake_target=None, cmake_target_skip_unavailable=False, cmake_clean_cache=False, cmake_clean_first=False, cmake_force_configure=False, ament_cmake_args=None, catkin_cmake_args=None, catkin_skip_building_tests=False, verb_parser=<colcon_defaults.argument_parser.defaults.DefaultArgumentsDecorator object at 0x7f141a972710>, verb_extension=<colcon_core.verb.build.BuildVerb object at 0x7f141abc8fd0>, main=<bound method BuildVerb.main of <colcon_core.verb.build.BuildVerb object at 0x7f141abc8fd0>>)
[0.267s] Level 1:colcon.colcon_core.package_discovery:discover_packages(colcon_meta) check parameters
[0.267s] Level 1:colcon.colcon_core.package_discovery:discover_packages(recursive) check parameters
[0.267s] Level 1:colcon.colcon_core.package_discovery:discover_packages(ignore) check parameters
[0.267s] Level 1:colcon.colcon_core.package_discovery:discover_packages(path) check parameters
[0.267s] Level 1:colcon.colcon_core.package_discovery:discover_packages(colcon_meta) discover
[0.267s] Level 1:colcon.colcon_core.package_discovery:discover_packages(recursive) discover
[0.268s] INFO:colcon.colcon_core.package_discovery:Crawling recursively for packages in '/home/devuser/AOX/ros_ws/callback_trials'
[0.268s] Level 1:colcon.colcon_core.package_identification:_identify(.) by extensions ['ignore', 'ignore_ament_install']
[0.268s] Level 1:colcon.colcon_core.package_identification:_identify(.) by extension 'ignore'
[0.268s] Level 1:colcon.colcon_core.package_identification:_identify(.) by extension 'ignore_ament_install'
[0.268s] Level 1:colcon.colcon_core.package_identification:_identify(.) by extensions ['colcon_pkg']
[0.268s] Level 1:colcon.colcon_core.package_identification:_identify(.) by extension 'colcon_pkg'
[0.268s] Level 1:colcon.colcon_core.package_identification:_identify(.) by extensions ['colcon_meta']
[0.268s] Level 1:colcon.colcon_core.package_identification:_identify(.) by extension 'colcon_meta'
[0.268s] Level 1:colcon.colcon_core.package_identification:_identify(.) by extensions ['ros']
[0.268s] Level 1:colcon.colcon_core.package_identification:_identify(.) by extension 'ros'
[0.280s] DEBUG:colcon.colcon_core.package_identification:Package '.' with type 'ros.ament_cmake' and name 'callback_trials'
[0.280s] Level 1:colcon.colcon_core.package_discovery:discover_packages(recursive) using defaults
[0.281s] Level 1:colcon.colcon_core.package_discovery:discover_packages(ignore) discover
[0.281s] Level 1:colcon.colcon_core.package_discovery:discover_packages(ignore) using defaults
[0.281s] Level 1:colcon.colcon_core.package_discovery:discover_packages(path) discover
[0.281s] Level 1:colcon.colcon_core.package_discovery:discover_packages(path) using defaults
[0.298s] Level 1:colcon.colcon_core.package_discovery:discover_packages(prefix_path) check parameters
[0.298s] Level 1:colcon.colcon_core.package_discovery:discover_packages(prefix_path) discover
[0.301s] DEBUG:colcon.colcon_installed_package_information.package_discovery:Found 1 installed packages in /home/devuser/AOX/ros_ws/cpp_pubsub/install
[0.302s] DEBUG:colcon.colcon_installed_package_information.package_discovery:Found 1 installed packages in /home/devuser/AOX/ros_ws/cpp_pubsub/src/install
[0.302s] DEBUG:colcon.colcon_installed_package_information.package_discovery:Found 3 installed packages in /home/devuser/AOX/ros_ws/install
[0.303s] DEBUG:colcon.colcon_installed_package_information.package_discovery:Found 284 installed packages in /opt/ros/humble
[0.304s] Level 1:colcon.colcon_core.package_discovery:discover_packages(prefix_path) using defaults
[0.377s] Level 5:colcon.colcon_core.verb:set package 'callback_trials' build argument 'cmake_args' from command line to 'None'
[0.377s] Level 5:colcon.colcon_core.verb:set package 'callback_trials' build argument 'cmake_target' from command line to 'None'
[0.377s] Level 5:colcon.colcon_core.verb:set package 'callback_trials' build argument 'cmake_target_skip_unavailable' from command line to 'False'
[0.377s] Level 5:colcon.colcon_core.verb:set package 'callback_trials' build argument 'cmake_clean_cache' from command line to 'False'
[0.378s] Level 5:colcon.colcon_core.verb:set package 'callback_trials' build argument 'cmake_clean_first' from command line to 'False'
[0.378s] Level 5:colcon.colcon_core.verb:set package 'callback_trials' build argument 'cmake_force_configure' from command line to 'False'
[0.378s] Level 5:colcon.colcon_core.verb:set package 'callback_trials' build argument 'ament_cmake_args' from command line to 'None'
[0.378s] Level 5:colcon.colcon_core.verb:set package 'callback_trials' build argument 'catkin_cmake_args' from command line to 'None'
[0.378s] Level 5:colcon.colcon_core.verb:set package 'callback_trials' build argument 'catkin_skip_building_tests' from command line to 'False'
[0.378s] DEBUG:colcon.colcon_core.verb:Building package 'callback_trials' with the following arguments: {'ament_cmake_args': None, 'build_base': '/home/devuser/AOX/ros_ws/callback_trials/build/callback_trials', 'catkin_cmake_args': None, 'catkin_skip_building_tests': False, 'cmake_args': None, 'cmake_clean_cache': False, 'cmake_clean_first': False, 'cmake_force_configure': False, 'cmake_target': None, 'cmake_target_skip_unavailable': False, 'install_base': '/home/devuser/AOX/ros_ws/callback_trials/install/callback_trials', 'merge_install': False, 'path': '/home/devuser/AOX/ros_ws/callback_trials', 'symlink_install': False, 'test_result_base': None}
[0.378s] INFO:colcon.colcon_core.executor:Executing jobs using 'parallel' executor
[0.381s] DEBUG:colcon.colcon_parallel_executor.executor.parallel:run_until_complete
[0.382s] INFO:colcon.colcon_ros.task.ament_cmake.build:Building ROS package in '/home/devuser/AOX/ros_ws/callback_trials' with build type 'ament_cmake'
[0.382s] INFO:colcon.colcon_cmake.task.cmake.build:Building CMake package in '/home/devuser/AOX/ros_ws/callback_trials'
[0.387s] INFO:colcon.colcon_core.plugin_system:Skipping extension 'colcon_core.shell.bat': Not used on non-Windows systems
[0.387s] INFO:colcon.colcon_core.shell:Skip shell extension 'powershell' for command environment: Not usable outside of PowerShell
[0.387s] DEBUG:colcon.colcon_core.shell:Skip shell extension 'dsv' for command environment
[0.395s] DEBUG:colcon.colcon_core.event_handler.log_command:Invoking command in '/home/devuser/AOX/ros_ws/callback_trials/build/callback_trials': CMAKE_PREFIX_PATH=${CMAKE_PREFIX_PATH}:/opt/ros/humble /usr/bin/cmake /home/devuser/AOX/ros_ws/callback_trials -DCMAKE_INSTALL_PREFIX=/home/devuser/AOX/ros_ws/callback_trials/install/callback_trials
[2.474s] DEBUG:colcon.colcon_core.event_handler.log_command:Invoked command in '/home/devuser/AOX/ros_ws/callback_trials/build/callback_trials' returned '0': CMAKE_PREFIX_PATH=${CMAKE_PREFIX_PATH}:/opt/ros/humble /usr/bin/cmake /home/devuser/AOX/ros_ws/callback_trials -DCMAKE_INSTALL_PREFIX=/home/devuser/AOX/ros_ws/callback_trials/install/callback_trials
[2.476s] DEBUG:colcon.colcon_core.event_handler.log_command:Invoking command in '/home/devuser/AOX/ros_ws/callback_trials/build/callback_trials': CMAKE_PREFIX_PATH=${CMAKE_PREFIX_PATH}:/opt/ros/humble /usr/bin/cmake --build /home/devuser/AOX/ros_ws/callback_trials/build/callback_trials -- -j8 -l8
[2.501s] DEBUG:colcon.colcon_core.event_handler.log_command:Invoked command in '/home/devuser/AOX/ros_ws/callback_trials/build/callback_trials' returned '0': CMAKE_PREFIX_PATH=${CMAKE_PREFIX_PATH}:/opt/ros/humble /usr/bin/cmake --build /home/devuser/AOX/ros_ws/callback_trials/build/callback_trials -- -j8 -l8
[2.522s] DEBUG:colcon.colcon_core.event_handler.log_command:Invoking command in '/home/devuser/AOX/ros_ws/callback_trials/build/callback_trials': CMAKE_PREFIX_PATH=${CMAKE_PREFIX_PATH}:/opt/ros/humble /usr/bin/cmake --install /home/devuser/AOX/ros_ws/callback_trials/build/callback_trials
[2.530s] Level 1:colcon.colcon_core.environment:create_environment_scripts_only(callback_trials)
[2.530s] DEBUG:colcon.colcon_core.event_handler.log_command:Invoked command in '/home/devuser/AOX/ros_ws/callback_trials/build/callback_trials' returned '0': CMAKE_PREFIX_PATH=${CMAKE_PREFIX_PATH}:/opt/ros/humble /usr/bin/cmake --install /home/devuser/AOX/ros_ws/callback_trials/build/callback_trials
[2.534s] Level 1:colcon.colcon_core.environment:checking '/home/devuser/AOX/ros_ws/callback_trials/install/callback_trials' for CMake module files
[2.534s] Level 1:colcon.colcon_core.environment:checking '/home/devuser/AOX/ros_ws/callback_trials/install/callback_trials' for CMake config files
[2.535s] Level 1:colcon.colcon_core.shell:create_environment_hook('callback_trials', 'cmake_prefix_path')
[2.535s] INFO:colcon.colcon_core.shell:Creating environment hook '/home/devuser/AOX/ros_ws/callback_trials/install/callback_trials/share/callback_trials/hook/cmake_prefix_path.ps1'
[2.536s] INFO:colcon.colcon_core.shell:Creating environment descriptor '/home/devuser/AOX/ros_ws/callback_trials/install/callback_trials/share/callback_trials/hook/cmake_prefix_path.dsv'
[2.536s] INFO:colcon.colcon_core.shell:Creating environment hook '/home/devuser/AOX/ros_ws/callback_trials/install/callback_trials/share/callback_trials/hook/cmake_prefix_path.sh'
[2.537s] Level 1:colcon.colcon_core.environment:checking '/home/devuser/AOX/ros_ws/callback_trials/install/callback_trials/bin'
[2.537s] Level 1:colcon.colcon_core.environment:checking '/home/devuser/AOX/ros_ws/callback_trials/install/callback_trials/lib/pkgconfig/callback_trials.pc'
[2.537s] Level 1:colcon.colcon_core.environment:checking '/home/devuser/AOX/ros_ws/callback_trials/install/callback_trials/lib/python3.10/site-packages'
[2.537s] Level 1:colcon.colcon_core.environment:checking '/home/devuser/AOX/ros_ws/callback_trials/install/callback_trials/bin'
[2.538s] INFO:colcon.colcon_core.shell:Creating package script '/home/devuser/AOX/ros_ws/callback_trials/install/callback_trials/share/callback_trials/package.ps1'
[2.538s] INFO:colcon.colcon_core.shell:Creating package descriptor '/home/devuser/AOX/ros_ws/callback_trials/install/callback_trials/share/callback_trials/package.dsv'
[2.538s] INFO:colcon.colcon_core.shell:Creating package script '/home/devuser/AOX/ros_ws/callback_trials/install/callback_trials/share/callback_trials/package.sh'
[2.539s] INFO:colcon.colcon_core.shell:Creating package script '/home/devuser/AOX/ros_ws/callback_trials/install/callback_trials/share/callback_trials/package.bash'
[2.539s] INFO:colcon.colcon_core.shell:Creating package script '/home/devuser/AOX/ros_ws/callback_trials/install/callback_trials/share/callback_trials/package.zsh'
[2.540s] Level 1:colcon.colcon_core.environment:create_file_with_runtime_dependencies(/home/devuser/AOX/ros_ws/callback_trials/install/callback_trials/share/colcon-core/packages/callback_trials)
[2.557s] Level 1:colcon.colcon_core.environment:create_environment_scripts_only(callback_trials)
[2.559s] Level 1:colcon.colcon_core.environment:checking '/home/devuser/AOX/ros_ws/callback_trials/install/callback_trials' for CMake module files
[2.559s] Level 1:colcon.colcon_core.environment:checking '/home/devuser/AOX/ros_ws/callback_trials/install/callback_trials' for CMake config files
[2.559s] Level 1:colcon.colcon_core.shell:create_environment_hook('callback_trials', 'cmake_prefix_path')
[2.560s] INFO:colcon.colcon_core.shell:Creating environment hook '/home/devuser/AOX/ros_ws/callback_trials/install/callback_trials/share/callback_trials/hook/cmake_prefix_path.ps1'
[2.560s] INFO:colcon.colcon_core.shell:Creating environment descriptor '/home/devuser/AOX/ros_ws/callback_trials/install/callback_trials/share/callback_trials/hook/cmake_prefix_path.dsv'
[2.560s] INFO:colcon.colcon_core.shell:Creating environment hook '/home/devuser/AOX/ros_ws/callback_trials/install/callback_trials/share/callback_trials/hook/cmake_prefix_path.sh'
[2.561s] Level 1:colcon.colcon_core.environment:checking '/home/devuser/AOX/ros_ws/callback_trials/install/callback_trials/bin'
[2.561s] Level 1:colcon.colcon_core.environment:checking '/home/devuser/AOX/ros_ws/callback_trials/install/callback_trials/lib/pkgconfig/callback_trials.pc'
[2.561s] Level 1:colcon.colcon_core.environment:checking '/home/devuser/AOX/ros_ws/callback_trials/install/callback_trials/lib/python3.10/site-packages'
[2.561s] Level 1:colcon.colcon_core.environment:checking '/home/devuser/AOX/ros_ws/callback_trials/install/callback_trials/bin'
[2.562s] INFO:colcon.colcon_core.shell:Creating package script '/home/devuser/AOX/ros_ws/callback_trials/install/callback_trials/share/callback_trials/package.ps1'
[2.562s] INFO:colcon.colcon_core.shell:Creating package descriptor '/home/devuser/AOX/ros_ws/callback_trials/install/callback_trials/share/callback_trials/package.dsv'
[2.562s] INFO:colcon.colcon_core.shell:Creating package script '/home/devuser/AOX/ros_ws/callback_trials/install/callback_trials/share/callback_trials/package.sh'
[2.562s] INFO:colcon.colcon_core.shell:Creating package script '/home/devuser/AOX/ros_ws/callback_trials/install/callback_trials/share/callback_trials/package.bash'
[2.563s] INFO:colcon.colcon_core.shell:Creating package script '/home/devuser/AOX/ros_ws/callback_trials/install/callback_trials/share/callback_trials/package.zsh'
[2.563s] Level 1:colcon.colcon_core.environment:create_file_with_runtime_dependencies(/home/devuser/AOX/ros_ws/callback_trials/install/callback_trials/share/colcon-core/packages/callback_trials)
[2.563s] DEBUG:colcon.colcon_parallel_executor.executor.parallel:closing loop
[2.563s] DEBUG:colcon.colcon_parallel_executor.executor.parallel:loop closed
[2.563s] DEBUG:colcon.colcon_parallel_executor.executor.parallel:run_until_complete finished with '0'
[2.563s] DEBUG:colcon.colcon_core.event_reactor:joining thread
[2.569s] INFO:colcon.colcon_core.plugin_system:Skipping extension 'colcon_notification.desktop_notification.terminal_notifier': Not used on non-Darwin systems
[2.569s] INFO:colcon.colcon_core.plugin_system:Skipping extension 'colcon_notification.desktop_notification.win32': Not used on non-Windows systems
[2.569s] INFO:colcon.colcon_notification.desktop_notification:Sending desktop notification using 'notify2'
[2.577s] DEBUG:colcon.colcon_core.event_reactor:joined thread
[2.578s] INFO:colcon.colcon_core.shell:Creating prefix script '/home/devuser/AOX/ros_ws/callback_trials/install/local_setup.ps1'
[2.579s] INFO:colcon.colcon_core.shell:Creating prefix util module '/home/devuser/AOX/ros_ws/callback_trials/install/_local_setup_util_ps1.py'
[2.580s] INFO:colcon.colcon_core.shell:Creating prefix chain script '/home/devuser/AOX/ros_ws/callback_trials/install/setup.ps1'
[2.581s] INFO:colcon.colcon_core.shell:Creating prefix script '/home/devuser/AOX/ros_ws/callback_trials/install/local_setup.sh'
[2.581s] INFO:colcon.colcon_core.shell:Creating prefix util module '/home/devuser/AOX/ros_ws/callback_trials/install/_local_setup_util_sh.py'
[2.581s] INFO:colcon.colcon_core.shell:Creating prefix chain script '/home/devuser/AOX/ros_ws/callback_trials/install/setup.sh'
[2.582s] INFO:colcon.colcon_core.shell:Creating prefix script '/home/devuser/AOX/ros_ws/callback_trials/install/local_setup.bash'
[2.583s] INFO:colcon.colcon_core.shell:Creating prefix chain script '/home/devuser/AOX/ros_ws/callback_trials/install/setup.bash'
[2.583s] INFO:colcon.colcon_core.shell:Creating prefix script '/home/devuser/AOX/ros_ws/callback_trials/install/local_setup.zsh'
[2.584s] INFO:colcon.colcon_core.shell:Creating prefix chain script '/home/devuser/AOX/ros_ws/callback_trials/install/setup.zsh'
