[0.028s] Invoking command in '/home/devuser/ros2_ws/build/cpp_pubsub': CMAKE_PREFIX_PATH=${CMAKE_PREFIX_PATH}:/opt/ros/humble /usr/bin/cmake --build /home/devuser/ros2_ws/build/cpp_pubsub -- -j8 -l8
[0.071s] [35m[1mConsolidate compiler generated dependencies of target listener[0m
[0.071s] [35m[1mConsolidate compiler generated dependencies of target talker[0m
[0.088s] [ 50%] [32mBuilding CXX object CMakeFiles/talker.dir/src/publisher_member_function.cpp.o[0m
[0.088s] [ 50%] [32mBuilding CXX object CMakeFiles/listener.dir/src/subscriber_member_function.cpp.o[0m
[4.954s] [ 75%] [32m[1mLinking CXX executable talker[0m
[5.188s] [ 75%] Built target talker
[9.388s] [100%] [32m[1mLinking CXX executable listener[0m
[9.861s] [100%] Built target listener
[9.873s] Invoked command in '/home/devuser/ros2_ws/build/cpp_pubsub' returned '0': CMAKE_PREFIX_PATH=${CMAKE_PREFIX_PATH}:/opt/ros/humble /usr/bin/cmake --build /home/devuser/ros2_ws/build/cpp_pubsub -- -j8 -l8
[9.907s] Invoking command in '/home/devuser/ros2_ws/build/cpp_pubsub': CMAKE_PREFIX_PATH=${CMAKE_PREFIX_PATH}:/opt/ros/humble /usr/bin/cmake --install /home/devuser/ros2_ws/build/cpp_pubsub
[9.913s] -- Install configuration: ""
[9.913s] -- Installing: /home/devuser/ros2_ws/install/cpp_pubsub/lib/cpp_pubsub/talker
[9.915s] -- Set runtime path of "/home/devuser/ros2_ws/install/cpp_pubsub/lib/cpp_pubsub/talker" to ""
[9.915s] -- Installing: /home/devuser/ros2_ws/install/cpp_pubsub/lib/cpp_pubsub/listener
[9.918s] -- Set runtime path of "/home/devuser/ros2_ws/install/cpp_pubsub/lib/cpp_pubsub/listener" to ""
[9.918s] -- Up-to-date: /home/devuser/ros2_ws/install/cpp_pubsub/share/ament_index/resource_index/package_run_dependencies/cpp_pubsub
[9.918s] -- Up-to-date: /home/devuser/ros2_ws/install/cpp_pubsub/share/ament_index/resource_index/parent_prefix_path/cpp_pubsub
[9.918s] -- Up-to-date: /home/devuser/ros2_ws/install/cpp_pubsub/share/cpp_pubsub/environment/ament_prefix_path.sh
[9.918s] -- Up-to-date: /home/devuser/ros2_ws/install/cpp_pubsub/share/cpp_pubsub/environment/ament_prefix_path.dsv
[9.919s] -- Up-to-date: /home/devuser/ros2_ws/install/cpp_pubsub/share/cpp_pubsub/environment/path.sh
[9.919s] -- Up-to-date: /home/devuser/ros2_ws/install/cpp_pubsub/share/cpp_pubsub/environment/path.dsv
[9.919s] -- Up-to-date: /home/devuser/ros2_ws/install/cpp_pubsub/share/cpp_pubsub/local_setup.bash
[9.919s] -- Up-to-date: /home/devuser/ros2_ws/install/cpp_pubsub/share/cpp_pubsub/local_setup.sh
[9.919s] -- Up-to-date: /home/devuser/ros2_ws/install/cpp_pubsub/share/cpp_pubsub/local_setup.zsh
[9.919s] -- Up-to-date: /home/devuser/ros2_ws/install/cpp_pubsub/share/cpp_pubsub/local_setup.dsv
[9.919s] -- Installing: /home/devuser/ros2_ws/install/cpp_pubsub/share/cpp_pubsub/package.dsv
[9.919s] -- Up-to-date: /home/devuser/ros2_ws/install/cpp_pubsub/share/ament_index/resource_index/packages/cpp_pubsub
[9.919s] -- Up-to-date: /home/devuser/ros2_ws/install/cpp_pubsub/share/cpp_pubsub/cmake/cpp_pubsubConfig.cmake
[9.919s] -- Up-to-date: /home/devuser/ros2_ws/install/cpp_pubsub/share/cpp_pubsub/cmake/cpp_pubsubConfig-version.cmake
[9.919s] -- Up-to-date: /home/devuser/ros2_ws/install/cpp_pubsub/share/cpp_pubsub/package.xml
[9.921s] Invoked command in '/home/devuser/ros2_ws/build/cpp_pubsub' returned '0': CMAKE_PREFIX_PATH=${CMAKE_PREFIX_PATH}:/opt/ros/humble /usr/bin/cmake --install /home/devuser/ros2_ws/build/cpp_pubsub
