[35m[1mConsolidate compiler generated dependencies of target listener[0m
[ 33%] Built target watchdog
[ 66%] Built target talker
[ 83%] [32mBuilding CXX object CMakeFiles/listener.dir/src/subscriber_member_function.cpp.o[0m
[01m[K/home/devuser/AOX/ros_ws/cpp_pubsub/src/subscriber_member_function.cpp:[m[K In constructor ‘[01m[KMinimalSubscriber::MinimalSubscriber()[m[K’:
[01m[K/home/devuser/AOX/ros_ws/cpp_pubsub/src/subscriber_member_function.cpp:21:67:[m[K [01;31m[Kerror: [m[Kexpected primary-expression before ‘[01m[Kservice[m[K’
   21 |       rclcpp::Service<tutorial_interfaces::srv::Empty>::SharedPtr [01;31m[Kservice[m[K =
      |                                                                   [01;31m[K^~~~~~~[m[K
In file included from [01m[K/opt/ros/humble/include/rclcpp/rclcpp/logging.hpp:24[m[K,
                 from [01m[K/opt/ros/humble/include/rclcpp/rclcpp/client.hpp:40[m[K,
                 from [01m[K/opt/ros/humble/include/rclcpp/rclcpp/callback_group.hpp:24[m[K,
                 from [01m[K/opt/ros/humble/include/rclcpp/rclcpp/any_executable.hpp:20[m[K,
                 from [01m[K/opt/ros/humble/include/rclcpp/rclcpp/memory_strategy.hpp:25[m[K,
                 from [01m[K/opt/ros/humble/include/rclcpp/rclcpp/memory_strategies.hpp:18[m[K,
                 from [01m[K/opt/ros/humble/include/rclcpp/rclcpp/executor_options.hpp:20[m[K,
                 from [01m[K/opt/ros/humble/include/rclcpp/rclcpp/executor.hpp:37[m[K,
                 from [01m[K/opt/ros/humble/include/rclcpp/rclcpp/executors/multi_threaded_executor.hpp:25[m[K,
                 from [01m[K/opt/ros/humble/include/rclcpp/rclcpp/executors.hpp:21[m[K,
                 from [01m[K/opt/ros/humble/include/rclcpp/rclcpp/rclcpp.hpp:155[m[K,
                 from [01m[K/home/devuser/AOX/ros_ws/cpp_pubsub/src/subscriber_member_function.cpp:3[m[K:
[01m[K/home/devuser/AOX/ros_ws/cpp_pubsub/src/subscriber_member_function.cpp:[m[K In member function ‘[01m[Kvoid MinimalSubscriber::topic_callback(tutorial_interfaces::msg::Num_<std::allocator<void> >::SharedPtr) const[m[K’:
[01m[K/home/devuser/AOX/ros_ws/cpp_pubsub/src/subscriber_member_function.cpp:30:37:[m[K [01;35m[Kwarning: [m[Kformat ‘[01m[K%d[m[K’ expects argument of type ‘[01m[Kint[m[K’, but argument 5 has type ‘[01m[Ktutorial_interfaces::msg::Num_<std::allocator<void> >::_num_type[m[K’ {aka ‘[01m[Klong int[m[K’} [[01;35m[K]8;;https://gcc.gnu.org/onlinedocs/gcc/Warning-Options.html#index-Wformat=-Wformat=]8;;[m[K]
   30 |     RCLCPP_INFO(this->get_logger(), [01;35m[K"I heard: '%d'"[m[K, [32m[Kmsg->num[m[K);              // CHANGE
      |                                     [01;35m[K^~~~~~~~~~~~~~~[m[K  [32m[K~~~~~~~~[m[K
      |                                                           [32m[K|[m[K
      |                                                           [32m[Ktutorial_interfaces::msg::Num_<std::allocator<void> >::_num_type {aka long int}[m[K
[01m[K/home/devuser/AOX/ros_ws/cpp_pubsub/src/subscriber_member_function.cpp:30:49:[m[K [01;36m[Knote: [m[Kformat string is defined here
   30 |     RCLCPP_INFO(this->get_logger(), "I heard: '[01;36m[K%d[m[K'", msg->num);              // CHANGE
      |                                                [01;36m[K~^[m[K
      |                                                 [01;36m[K|[m[K
      |                                                 [01;36m[Kint[m[K
      |                                                [32m[K%ld[m[K
gmake[2]: *** [CMakeFiles/listener.dir/build.make:76: CMakeFiles/listener.dir/src/subscriber_member_function.cpp.o] Error 1
gmake[1]: *** [CMakeFiles/Makefile2:167: CMakeFiles/listener.dir/all] Error 2
gmake: *** [Makefile:146: all] Error 2
