[0.026s] Invoking command in '/home/devuser/ros2_ws/build/more_interfaces': CMAKE_PREFIX_PATH=${CMAKE_PREFIX_PATH}:/opt/ros/humble /usr/bin/cmake --build /home/devuser/ros2_ws/build/more_interfaces -- -j8 -l8
[0.065s] [35m[1mConsolidate compiler generated dependencies of target more_interfaces__rosidl_generator_c[0m
[0.074s] [  3%] Built target more_interfaces__cpp
[0.075s] [ 12%] Built target more_interfaces__rosidl_generator_c
[0.087s] [35m[1mConsolidate compiler generated dependencies of target more_interfaces__rosidl_typesupport_introspection_c[0m
[0.087s] [ 12%] Built target ament_cmake_python_copy_more_interfaces
[0.089s] [35m[1mConsolidate compiler generated dependencies of target more_interfaces__rosidl_typesupport_c[0m
[0.089s] [35m[1mConsolidate compiler generated dependencies of target more_interfaces__rosidl_typesupport_introspection_cpp[0m
[0.089s] [35m[1mConsolidate compiler generated dependencies of target more_interfaces__rosidl_typesupport_fastrtps_c[0m
[0.089s] [35m[1mConsolidate compiler generated dependencies of target more_interfaces__rosidl_typesupport_fastrtps_cpp[0m
[0.089s] [35m[1mConsolidate compiler generated dependencies of target more_interfaces__rosidl_typesupport_cpp[0m
[0.102s] [ 21%] Built target more_interfaces__rosidl_typesupport_introspection_c
[0.104s] [ 30%] Built target more_interfaces__rosidl_typesupport_introspection_cpp
[0.105s] [ 39%] Built target more_interfaces__rosidl_typesupport_c
[0.106s] [ 48%] Built target more_interfaces__rosidl_typesupport_fastrtps_c
[0.108s] [ 57%] Built target more_interfaces__rosidl_typesupport_cpp
[0.108s] [ 66%] Built target more_interfaces__rosidl_typesupport_fastrtps_cpp
[0.126s] [ 66%] Built target more_interfaces
[0.138s] [35m[1mConsolidate compiler generated dependencies of target publish_address_book[0m
[0.148s] [ 69%] Built target more_interfaces__py
[0.156s] [ 72%] [32mBuilding CXX object CMakeFiles/publish_address_book.dir/src/publish_address_book.cpp.o[0m
[0.159s] [35m[1mConsolidate compiler generated dependencies of target more_interfaces__rosidl_generator_py[0m
[0.171s] [ 78%] Built target more_interfaces__rosidl_generator_py
[0.182s] [35m[1mConsolidate compiler generated dependencies of target more_interfaces__rosidl_typesupport_introspection_c__pyext[0m
[0.182s] [35m[1mConsolidate compiler generated dependencies of target more_interfaces__rosidl_typesupport_c__pyext[0m
[0.185s] [35m[1mConsolidate compiler generated dependencies of target more_interfaces__rosidl_typesupport_fastrtps_c__pyext[0m
[0.199s] [ 84%] Built target more_interfaces__rosidl_typesupport_c__pyext
[0.201s] [ 90%] Built target more_interfaces__rosidl_typesupport_fastrtps_c__pyext
[0.202s] [ 96%] Built target more_interfaces__rosidl_typesupport_introspection_c__pyext
[0.364s] running egg_info
[0.365s] writing more_interfaces.egg-info/PKG-INFO
[0.365s] writing dependency_links to more_interfaces.egg-info/dependency_links.txt
[0.365s] writing top-level names to more_interfaces.egg-info/top_level.txt
[0.368s] reading manifest file 'more_interfaces.egg-info/SOURCES.txt'
[0.368s] writing manifest file 'more_interfaces.egg-info/SOURCES.txt'
[0.396s] [ 96%] Built target ament_cmake_python_build_more_interfaces_egg
[4.364s] [100%] [32m[1mLinking CXX executable publish_address_book[0m
[4.543s] [100%] Built target publish_address_book
[4.554s] Invoked command in '/home/devuser/ros2_ws/build/more_interfaces' returned '0': CMAKE_PREFIX_PATH=${CMAKE_PREFIX_PATH}:/opt/ros/humble /usr/bin/cmake --build /home/devuser/ros2_ws/build/more_interfaces -- -j8 -l8
[4.612s] Invoking command in '/home/devuser/ros2_ws/build/more_interfaces': CMAKE_PREFIX_PATH=${CMAKE_PREFIX_PATH}:/opt/ros/humble /usr/bin/cmake --install /home/devuser/ros2_ws/build/more_interfaces
[4.619s] -- Install configuration: ""
[4.619s] -- Up-to-date: /home/devuser/ros2_ws/install/more_interfaces/share/ament_index/resource_index/rosidl_interfaces/more_interfaces
[4.619s] -- Up-to-date: /home/devuser/ros2_ws/install/more_interfaces/include/more_interfaces/more_interfaces
[4.619s] -- Up-to-date: /home/devuser/ros2_ws/install/more_interfaces/include/more_interfaces/more_interfaces/msg
[4.620s] -- Up-to-date: /home/devuser/ros2_ws/install/more_interfaces/include/more_interfaces/more_interfaces/msg/rosidl_generator_c__visibility_control.h
[4.620s] -- Up-to-date: /home/devuser/ros2_ws/install/more_interfaces/include/more_interfaces/more_interfaces/msg/address_book.h
[4.620s] -- Up-to-date: /home/devuser/ros2_ws/install/more_interfaces/include/more_interfaces/more_interfaces/msg/detail
[4.620s] -- Up-to-date: /home/devuser/ros2_ws/install/more_interfaces/include/more_interfaces/more_interfaces/msg/detail/address_book__type_support.h
[4.620s] -- Up-to-date: /home/devuser/ros2_ws/install/more_interfaces/include/more_interfaces/more_interfaces/msg/detail/address_book__struct.h
[4.620s] -- Up-to-date: /home/devuser/ros2_ws/install/more_interfaces/include/more_interfaces/more_interfaces/msg/detail/address_book__functions.h
[4.620s] -- Up-to-date: /home/devuser/ros2_ws/install/more_interfaces/include/more_interfaces/more_interfaces/msg/detail/address_book__functions.c
[4.620s] -- Up-to-date: /home/devuser/ros2_ws/install/more_interfaces/share/more_interfaces/environment/library_path.sh
[4.620s] -- Up-to-date: /home/devuser/ros2_ws/install/more_interfaces/share/more_interfaces/environment/library_path.dsv
[4.620s] -- Up-to-date: /home/devuser/ros2_ws/install/more_interfaces/lib/libmore_interfaces__rosidl_generator_c.so
[4.620s] -- Up-to-date: /home/devuser/ros2_ws/install/more_interfaces/include/more_interfaces/more_interfaces
[4.621s] -- Up-to-date: /home/devuser/ros2_ws/install/more_interfaces/include/more_interfaces/more_interfaces/msg
[4.621s] -- Up-to-date: /home/devuser/ros2_ws/install/more_interfaces/include/more_interfaces/more_interfaces/msg/rosidl_typesupport_fastrtps_c__visibility_control.h
[4.621s] -- Up-to-date: /home/devuser/ros2_ws/install/more_interfaces/include/more_interfaces/more_interfaces/msg/detail
[4.621s] -- Up-to-date: /home/devuser/ros2_ws/install/more_interfaces/include/more_interfaces/more_interfaces/msg/detail/address_book__rosidl_typesupport_fastrtps_c.h
[4.621s] -- Up-to-date: /home/devuser/ros2_ws/install/more_interfaces/lib/libmore_interfaces__rosidl_typesupport_fastrtps_c.so
[4.621s] -- Up-to-date: /home/devuser/ros2_ws/install/more_interfaces/include/more_interfaces/more_interfaces
[4.621s] -- Up-to-date: /home/devuser/ros2_ws/install/more_interfaces/include/more_interfaces/more_interfaces/msg
[4.621s] -- Up-to-date: /home/devuser/ros2_ws/install/more_interfaces/include/more_interfaces/more_interfaces/msg/rosidl_typesupport_introspection_c__visibility_control.h
[4.621s] -- Up-to-date: /home/devuser/ros2_ws/install/more_interfaces/include/more_interfaces/more_interfaces/msg/detail
[4.621s] -- Up-to-date: /home/devuser/ros2_ws/install/more_interfaces/include/more_interfaces/more_interfaces/msg/detail/address_book__type_support.c
[4.621s] -- Up-to-date: /home/devuser/ros2_ws/install/more_interfaces/include/more_interfaces/more_interfaces/msg/detail/address_book__rosidl_typesupport_introspection_c.h
[4.621s] -- Up-to-date: /home/devuser/ros2_ws/install/more_interfaces/lib/libmore_interfaces__rosidl_typesupport_introspection_c.so
[4.622s] -- Up-to-date: /home/devuser/ros2_ws/install/more_interfaces/lib/libmore_interfaces__rosidl_typesupport_c.so
[4.622s] -- Up-to-date: /home/devuser/ros2_ws/install/more_interfaces/include/more_interfaces/more_interfaces
[4.622s] -- Up-to-date: /home/devuser/ros2_ws/install/more_interfaces/include/more_interfaces/more_interfaces/msg
[4.622s] -- Up-to-date: /home/devuser/ros2_ws/install/more_interfaces/include/more_interfaces/more_interfaces/msg/address_book.hpp
[4.622s] -- Up-to-date: /home/devuser/ros2_ws/install/more_interfaces/include/more_interfaces/more_interfaces/msg/detail
[4.622s] -- Up-to-date: /home/devuser/ros2_ws/install/more_interfaces/include/more_interfaces/more_interfaces/msg/detail/address_book__builder.hpp
[4.622s] -- Up-to-date: /home/devuser/ros2_ws/install/more_interfaces/include/more_interfaces/more_interfaces/msg/detail/address_book__struct.hpp
[4.622s] -- Up-to-date: /home/devuser/ros2_ws/install/more_interfaces/include/more_interfaces/more_interfaces/msg/detail/address_book__traits.hpp
[4.622s] -- Up-to-date: /home/devuser/ros2_ws/install/more_interfaces/include/more_interfaces/more_interfaces
[4.622s] -- Up-to-date: /home/devuser/ros2_ws/install/more_interfaces/include/more_interfaces/more_interfaces/msg
[4.622s] -- Up-to-date: /home/devuser/ros2_ws/install/more_interfaces/include/more_interfaces/more_interfaces/msg/rosidl_typesupport_fastrtps_cpp__visibility_control.h
[4.623s] -- Up-to-date: /home/devuser/ros2_ws/install/more_interfaces/include/more_interfaces/more_interfaces/msg/detail
[4.623s] -- Up-to-date: /home/devuser/ros2_ws/install/more_interfaces/include/more_interfaces/more_interfaces/msg/detail/dds_fastrtps
[4.623s] -- Up-to-date: /home/devuser/ros2_ws/install/more_interfaces/include/more_interfaces/more_interfaces/msg/detail/address_book__rosidl_typesupport_fastrtps_cpp.hpp
[4.623s] -- Up-to-date: /home/devuser/ros2_ws/install/more_interfaces/lib/libmore_interfaces__rosidl_typesupport_fastrtps_cpp.so
[4.623s] -- Up-to-date: /home/devuser/ros2_ws/install/more_interfaces/include/more_interfaces/more_interfaces
[4.623s] -- Up-to-date: /home/devuser/ros2_ws/install/more_interfaces/include/more_interfaces/more_interfaces/msg
[4.623s] -- Up-to-date: /home/devuser/ros2_ws/install/more_interfaces/include/more_interfaces/more_interfaces/msg/detail
[4.623s] -- Up-to-date: /home/devuser/ros2_ws/install/more_interfaces/include/more_interfaces/more_interfaces/msg/detail/address_book__rosidl_typesupport_introspection_cpp.hpp
[4.623s] -- Up-to-date: /home/devuser/ros2_ws/install/more_interfaces/include/more_interfaces/more_interfaces/msg/detail/address_book__type_support.cpp
[4.623s] -- Up-to-date: /home/devuser/ros2_ws/install/more_interfaces/lib/libmore_interfaces__rosidl_typesupport_introspection_cpp.so
[4.623s] -- Up-to-date: /home/devuser/ros2_ws/install/more_interfaces/lib/libmore_interfaces__rosidl_typesupport_cpp.so
[4.624s] -- Up-to-date: /home/devuser/ros2_ws/install/more_interfaces/share/more_interfaces/environment/pythonpath.sh
[4.624s] -- Up-to-date: /home/devuser/ros2_ws/install/more_interfaces/share/more_interfaces/environment/pythonpath.dsv
[4.624s] -- Up-to-date: /home/devuser/ros2_ws/install/more_interfaces/local/lib/python3.10/dist-packages/more_interfaces-0.0.0-py3.10.egg-info
[4.624s] -- Installing: /home/devuser/ros2_ws/install/more_interfaces/local/lib/python3.10/dist-packages/more_interfaces-0.0.0-py3.10.egg-info/dependency_links.txt
[4.624s] -- Installing: /home/devuser/ros2_ws/install/more_interfaces/local/lib/python3.10/dist-packages/more_interfaces-0.0.0-py3.10.egg-info/PKG-INFO
[4.624s] -- Installing: /home/devuser/ros2_ws/install/more_interfaces/local/lib/python3.10/dist-packages/more_interfaces-0.0.0-py3.10.egg-info/SOURCES.txt
[4.624s] -- Installing: /home/devuser/ros2_ws/install/more_interfaces/local/lib/python3.10/dist-packages/more_interfaces-0.0.0-py3.10.egg-info/top_level.txt
[4.624s] -- Up-to-date: /home/devuser/ros2_ws/install/more_interfaces/local/lib/python3.10/dist-packages/more_interfaces
[4.624s] -- Up-to-date: /home/devuser/ros2_ws/install/more_interfaces/local/lib/python3.10/dist-packages/more_interfaces/_more_interfaces_s.ep.rosidl_typesupport_introspection_c.c
[4.624s] -- Up-to-date: /home/devuser/ros2_ws/install/more_interfaces/local/lib/python3.10/dist-packages/more_interfaces/more_interfaces_s__rosidl_typesupport_introspection_c.cpython-310-x86_64-linux-gnu.so
[4.624s] -- Up-to-date: /home/devuser/ros2_ws/install/more_interfaces/local/lib/python3.10/dist-packages/more_interfaces/msg
[4.624s] -- Up-to-date: /home/devuser/ros2_ws/install/more_interfaces/local/lib/python3.10/dist-packages/more_interfaces/msg/_address_book_s.c
[4.624s] -- Up-to-date: /home/devuser/ros2_ws/install/more_interfaces/local/lib/python3.10/dist-packages/more_interfaces/msg/__init__.py
[4.624s] -- Up-to-date: /home/devuser/ros2_ws/install/more_interfaces/local/lib/python3.10/dist-packages/more_interfaces/msg/_address_book.py
[4.624s] -- Up-to-date: /home/devuser/ros2_ws/install/more_interfaces/local/lib/python3.10/dist-packages/more_interfaces/more_interfaces_s__rosidl_typesupport_fastrtps_c.cpython-310-x86_64-linux-gnu.so
[4.624s] -- Up-to-date: /home/devuser/ros2_ws/install/more_interfaces/local/lib/python3.10/dist-packages/more_interfaces/_more_interfaces_s.ep.rosidl_typesupport_c.c
[4.624s] -- Up-to-date: /home/devuser/ros2_ws/install/more_interfaces/local/lib/python3.10/dist-packages/more_interfaces/libmore_interfaces__rosidl_generator_py.so
[4.625s] -- Up-to-date: /home/devuser/ros2_ws/install/more_interfaces/local/lib/python3.10/dist-packages/more_interfaces/_more_interfaces_s.ep.rosidl_typesupport_fastrtps_c.c
[4.625s] -- Up-to-date: /home/devuser/ros2_ws/install/more_interfaces/local/lib/python3.10/dist-packages/more_interfaces/__init__.py
[4.625s] -- Up-to-date: /home/devuser/ros2_ws/install/more_interfaces/local/lib/python3.10/dist-packages/more_interfaces/more_interfaces_s__rosidl_typesupport_c.cpython-310-x86_64-linux-gnu.so
[4.653s] Listing '/home/devuser/ros2_ws/install/more_interfaces/local/lib/python3.10/dist-packages/more_interfaces'...
[4.653s] Listing '/home/devuser/ros2_ws/install/more_interfaces/local/lib/python3.10/dist-packages/more_interfaces/msg'...
[4.657s] -- Up-to-date: /home/devuser/ros2_ws/install/more_interfaces/local/lib/python3.10/dist-packages/more_interfaces/more_interfaces_s__rosidl_typesupport_fastrtps_c.cpython-310-x86_64-linux-gnu.so
[4.658s] -- Up-to-date: /home/devuser/ros2_ws/install/more_interfaces/local/lib/python3.10/dist-packages/more_interfaces/more_interfaces_s__rosidl_typesupport_introspection_c.cpython-310-x86_64-linux-gnu.so
[4.658s] -- Up-to-date: /home/devuser/ros2_ws/install/more_interfaces/local/lib/python3.10/dist-packages/more_interfaces/more_interfaces_s__rosidl_typesupport_c.cpython-310-x86_64-linux-gnu.so
[4.658s] -- Up-to-date: /home/devuser/ros2_ws/install/more_interfaces/lib/libmore_interfaces__rosidl_generator_py.so
[4.658s] -- Up-to-date: /home/devuser/ros2_ws/install/more_interfaces/share/more_interfaces/msg/AddressBook.idl
[4.658s] -- Up-to-date: /home/devuser/ros2_ws/install/more_interfaces/share/more_interfaces/msg/AddressBook.msg
[4.658s] -- Installing: /home/devuser/ros2_ws/install/more_interfaces/lib/more_interfaces/publish_address_book
[4.660s] -- Set runtime path of "/home/devuser/ros2_ws/install/more_interfaces/lib/more_interfaces/publish_address_book" to ""
[4.660s] -- Up-to-date: /home/devuser/ros2_ws/install/more_interfaces/share/ament_index/resource_index/package_run_dependencies/more_interfaces
[4.660s] -- Up-to-date: /home/devuser/ros2_ws/install/more_interfaces/share/ament_index/resource_index/parent_prefix_path/more_interfaces
[4.660s] -- Up-to-date: /home/devuser/ros2_ws/install/more_interfaces/share/more_interfaces/environment/ament_prefix_path.sh
[4.660s] -- Up-to-date: /home/devuser/ros2_ws/install/more_interfaces/share/more_interfaces/environment/ament_prefix_path.dsv
[4.660s] -- Up-to-date: /home/devuser/ros2_ws/install/more_interfaces/share/more_interfaces/environment/path.sh
[4.660s] -- Up-to-date: /home/devuser/ros2_ws/install/more_interfaces/share/more_interfaces/environment/path.dsv
[4.661s] -- Up-to-date: /home/devuser/ros2_ws/install/more_interfaces/share/more_interfaces/local_setup.bash
[4.661s] -- Up-to-date: /home/devuser/ros2_ws/install/more_interfaces/share/more_interfaces/local_setup.sh
[4.661s] -- Up-to-date: /home/devuser/ros2_ws/install/more_interfaces/share/more_interfaces/local_setup.zsh
[4.661s] -- Up-to-date: /home/devuser/ros2_ws/install/more_interfaces/share/more_interfaces/local_setup.dsv
[4.661s] -- Installing: /home/devuser/ros2_ws/install/more_interfaces/share/more_interfaces/package.dsv
[4.661s] -- Up-to-date: /home/devuser/ros2_ws/install/more_interfaces/share/ament_index/resource_index/packages/more_interfaces
[4.661s] -- Up-to-date: /home/devuser/ros2_ws/install/more_interfaces/share/more_interfaces/cmake/export_more_interfaces__rosidl_generator_cExport.cmake
[4.661s] -- Up-to-date: /home/devuser/ros2_ws/install/more_interfaces/share/more_interfaces/cmake/export_more_interfaces__rosidl_generator_cExport-noconfig.cmake
[4.661s] -- Up-to-date: /home/devuser/ros2_ws/install/more_interfaces/share/more_interfaces/cmake/export_more_interfaces__rosidl_typesupport_fastrtps_cExport.cmake
[4.661s] -- Up-to-date: /home/devuser/ros2_ws/install/more_interfaces/share/more_interfaces/cmake/export_more_interfaces__rosidl_typesupport_fastrtps_cExport-noconfig.cmake
[4.661s] -- Up-to-date: /home/devuser/ros2_ws/install/more_interfaces/share/more_interfaces/cmake/more_interfaces__rosidl_typesupport_introspection_cExport.cmake
[4.662s] -- Up-to-date: /home/devuser/ros2_ws/install/more_interfaces/share/more_interfaces/cmake/more_interfaces__rosidl_typesupport_introspection_cExport-noconfig.cmake
[4.662s] -- Up-to-date: /home/devuser/ros2_ws/install/more_interfaces/share/more_interfaces/cmake/more_interfaces__rosidl_typesupport_cExport.cmake
[4.662s] -- Up-to-date: /home/devuser/ros2_ws/install/more_interfaces/share/more_interfaces/cmake/more_interfaces__rosidl_typesupport_cExport-noconfig.cmake
[4.662s] -- Up-to-date: /home/devuser/ros2_ws/install/more_interfaces/share/more_interfaces/cmake/export_more_interfaces__rosidl_generator_cppExport.cmake
[4.662s] -- Up-to-date: /home/devuser/ros2_ws/install/more_interfaces/share/more_interfaces/cmake/export_more_interfaces__rosidl_typesupport_fastrtps_cppExport.cmake
[4.662s] -- Up-to-date: /home/devuser/ros2_ws/install/more_interfaces/share/more_interfaces/cmake/export_more_interfaces__rosidl_typesupport_fastrtps_cppExport-noconfig.cmake
[4.662s] -- Up-to-date: /home/devuser/ros2_ws/install/more_interfaces/share/more_interfaces/cmake/more_interfaces__rosidl_typesupport_introspection_cppExport.cmake
[4.663s] -- Up-to-date: /home/devuser/ros2_ws/install/more_interfaces/share/more_interfaces/cmake/more_interfaces__rosidl_typesupport_introspection_cppExport-noconfig.cmake
[4.663s] -- Up-to-date: /home/devuser/ros2_ws/install/more_interfaces/share/more_interfaces/cmake/more_interfaces__rosidl_typesupport_cppExport.cmake
[4.663s] -- Up-to-date: /home/devuser/ros2_ws/install/more_interfaces/share/more_interfaces/cmake/more_interfaces__rosidl_typesupport_cppExport-noconfig.cmake
[4.663s] -- Up-to-date: /home/devuser/ros2_ws/install/more_interfaces/share/more_interfaces/cmake/export_more_interfaces__rosidl_generator_pyExport.cmake
[4.663s] -- Up-to-date: /home/devuser/ros2_ws/install/more_interfaces/share/more_interfaces/cmake/export_more_interfaces__rosidl_generator_pyExport-noconfig.cmake
[4.663s] -- Up-to-date: /home/devuser/ros2_ws/install/more_interfaces/share/more_interfaces/cmake/rosidl_cmake-extras.cmake
[4.663s] -- Up-to-date: /home/devuser/ros2_ws/install/more_interfaces/share/more_interfaces/cmake/ament_cmake_export_include_directories-extras.cmake
[4.663s] -- Up-to-date: /home/devuser/ros2_ws/install/more_interfaces/share/more_interfaces/cmake/ament_cmake_export_libraries-extras.cmake
[4.663s] -- Up-to-date: /home/devuser/ros2_ws/install/more_interfaces/share/more_interfaces/cmake/ament_cmake_export_targets-extras.cmake
[4.663s] -- Up-to-date: /home/devuser/ros2_ws/install/more_interfaces/share/more_interfaces/cmake/rosidl_cmake_export_typesupport_targets-extras.cmake
[4.663s] -- Up-to-date: /home/devuser/ros2_ws/install/more_interfaces/share/more_interfaces/cmake/ament_cmake_export_dependencies-extras.cmake
[4.664s] -- Up-to-date: /home/devuser/ros2_ws/install/more_interfaces/share/more_interfaces/cmake/rosidl_cmake_export_typesupport_libraries-extras.cmake
[4.664s] -- Up-to-date: /home/devuser/ros2_ws/install/more_interfaces/share/more_interfaces/cmake/more_interfacesConfig.cmake
[4.664s] -- Up-to-date: /home/devuser/ros2_ws/install/more_interfaces/share/more_interfaces/cmake/more_interfacesConfig-version.cmake
[4.664s] -- Up-to-date: /home/devuser/ros2_ws/install/more_interfaces/share/more_interfaces/package.xml
[4.666s] Invoked command in '/home/devuser/ros2_ws/build/more_interfaces' returned '0': CMAKE_PREFIX_PATH=${CMAKE_PREFIX_PATH}:/opt/ros/humble /usr/bin/cmake --install /home/devuser/ros2_ws/build/more_interfaces
