[0.016s] Invoking command in '/home/devuser/AOX/ros_ws/cpp_pubsub/build/cpp_pubsub': CMAKE_PREFIX_PATH=${CMAKE_PREFIX_PATH}:/home/devuser/AOX/ros_ws/install/rosidl_cli:/opt/ros/humble /usr/bin/cmake --build /home/devuser/AOX/ros_ws/cpp_pubsub/build/cpp_pubsub -- -j8 -l8
[0.045s] [35m[1mConsolidate compiler generated dependencies of target watchdog[0m
[0.054s] [ 66%] Built target talker
[0.054s] [ 66%] Built target listener
[0.058s] [ 83%] [32mBuilding CXX object CMakeFiles/watchdog.dir/src/watchdog.cpp.o[0m
[1.695s] [01m[K/home/devuser/AOX/ros_ws/cpp_pubsub/src/watchdog.cpp:[m[K In constructor ‘[01m[KWatchdogNode::WatchdogNode()[m[K’:
[1.695s] [01m[K/home/devuser/AOX/ros_ws/cpp_pubsub/src/watchdog.cpp:7:30:[m[K [01;31m[Kerror: [m[Kno matching function for call to ‘[01m[KWatchdogNode::declare_parameter(const char [29])[m[K’
[1.695s]     7 |       [01;31m[Kthis->declare_parameter("check_publisher_node.actions")[m[K;
[1.695s]       |       [01;31m[K~~~~~~~~~~~~~~~~~~~~~~~^~~~~~~~~~~~~~~~~~~~~~~~~~~~~~~~[m[K
[1.695s] In file included from [01m[K/opt/ros/humble/include/rclcpp/rclcpp/executors/single_threaded_executor.hpp:28[m[K,
[1.695s]                  from [01m[K/opt/ros/humble/include/rclcpp/rclcpp/executors.hpp:22[m[K,
[1.695s]                  from [01m[K/opt/ros/humble/include/rclcpp/rclcpp/rclcpp.hpp:155[m[K,
[1.695s]                  from [01m[K/home/devuser/AOX/ros_ws/cpp_pubsub/src/watchdog.cpp:1[m[K:
[1.695s] [01m[K/opt/ros/humble/include/rclcpp/rclcpp/node.hpp:421:3:[m[K [01;36m[Knote: [m[Kcandidate: ‘[01m[Ktemplate<class ParameterT> auto rclcpp::Node::declare_parameter(const string&, const ParameterT&, const ParameterDescriptor&, bool)[m[K’
[1.695s]   421 |   [01;36m[Kdeclare_parameter[m[K(
[1.695s]       |   [01;36m[K^~~~~~~~~~~~~~~~~[m[K
[1.695s] [01m[K/opt/ros/humble/include/rclcpp/rclcpp/node.hpp:421:3:[m[K [01;36m[Knote: [m[K  template argument deduction/substitution failed:
[1.695s] [01m[K/home/devuser/AOX/ros_ws/cpp_pubsub/src/watchdog.cpp:7:30:[m[K [01;36m[Knote: [m[K  candidate expects 4 arguments, 1 provided
[1.695s]     7 |       [01;36m[Kthis->declare_parameter("check_publisher_node.actions")[m[K;
[1.695s]       |       [01;36m[K~~~~~~~~~~~~~~~~~~~~~~~^~~~~~~~~~~~~~~~~~~~~~~~~~~~~~~~[m[K
[1.695s] In file included from [01m[K/opt/ros/humble/include/rclcpp/rclcpp/executors/single_threaded_executor.hpp:28[m[K,
[1.696s]                  from [01m[K/opt/ros/humble/include/rclcpp/rclcpp/executors.hpp:22[m[K,
[1.696s]                  from [01m[K/opt/ros/humble/include/rclcpp/rclcpp/rclcpp.hpp:155[m[K,
[1.696s]                  from [01m[K/home/devuser/AOX/ros_ws/cpp_pubsub/src/watchdog.cpp:1[m[K:
[1.696s] [01m[K/opt/ros/humble/include/rclcpp/rclcpp/node.hpp:434:3:[m[K [01;36m[Knote: [m[Kcandidate: ‘[01m[Ktemplate<class ParameterT> auto rclcpp::Node::declare_parameter(const string&, const ParameterDescriptor&, bool)[m[K’
[1.696s]   434 |   [01;36m[Kdeclare_parameter[m[K(
[1.696s]       |   [01;36m[K^~~~~~~~~~~~~~~~~[m[K
[1.696s] [01m[K/opt/ros/humble/include/rclcpp/rclcpp/node.hpp:434:3:[m[K [01;36m[Knote: [m[K  template argument deduction/substitution failed:
[1.696s] [01m[K/home/devuser/AOX/ros_ws/cpp_pubsub/src/watchdog.cpp:7:30:[m[K [01;36m[Knote: [m[K  couldn’t deduce template parameter ‘[01m[KParameterT[m[K’
[1.696s]     7 |       [01;36m[Kthis->declare_parameter("check_publisher_node.actions")[m[K;
[1.696s]       |       [01;36m[K~~~~~~~~~~~~~~~~~~~~~~~^~~~~~~~~~~~~~~~~~~~~~~~~~~~~~~~[m[K
[1.696s] In file included from [01m[K/opt/ros/humble/include/rclcpp/rclcpp/executors/single_threaded_executor.hpp:28[m[K,
[1.696s]                  from [01m[K/opt/ros/humble/include/rclcpp/rclcpp/executors.hpp:22[m[K,
[1.696s]                  from [01m[K/opt/ros/humble/include/rclcpp/rclcpp/rclcpp.hpp:155[m[K,
[1.696s]                  from [01m[K/home/devuser/AOX/ros_ws/cpp_pubsub/src/watchdog.cpp:1[m[K:
[1.696s] [01m[K/opt/ros/humble/include/rclcpp/rclcpp/node.hpp:366:3:[m[K [01;36m[Knote: [m[Kcandidate: ‘[01m[Kconst rclcpp::ParameterValue& rclcpp::Node::declare_parameter(const string&, const rclcpp::ParameterValue&, const ParameterDescriptor&, bool)[m[K’
[1.696s]   366 |   [01;36m[Kdeclare_parameter[m[K(
[1.696s]       |   [01;36m[K^~~~~~~~~~~~~~~~~[m[K
[1.696s] [01m[K/opt/ros/humble/include/rclcpp/rclcpp/node.hpp:366:3:[m[K [01;36m[Knote: [m[K  candidate expects 4 arguments, 1 provided
[1.696s] [01m[K/opt/ros/humble/include/rclcpp/rclcpp/node.hpp:391:3:[m[K [01;36m[Knote: [m[Kcandidate: ‘[01m[Kconst rclcpp::ParameterValue& rclcpp::Node::declare_parameter(const string&, rclcpp::ParameterType, const ParameterDescriptor&, bool)[m[K’
[1.696s]   391 |   [01;36m[Kdeclare_parameter[m[K(
[1.696s]       |   [01;36m[K^~~~~~~~~~~~~~~~~[m[K
[1.696s] [01m[K/opt/ros/humble/include/rclcpp/rclcpp/node.hpp:391:3:[m[K [01;36m[Knote: [m[K  candidate expects 4 arguments, 1 provided
[1.711s] [01m[K/home/devuser/AOX/ros_ws/cpp_pubsub/src/watchdog.cpp:[m[K In member function ‘[01m[Kvoid WatchdogNode::checkPublisherStatus()[m[K’:
[1.711s] [01m[K/home/devuser/AOX/ros_ws/cpp_pubsub/src/watchdog.cpp:35:9:[m[K [01;31m[Kerror: [m[K‘[01m[KkillListenerNode[m[K’ was not declared in this scope
[1.711s]    35 |         [01;31m[KkillListenerNode[m[K();
[1.711s]       |         [01;31m[K^~~~~~~~~~~~~~~~[m[K
[1.711s] In file included from [01m[K/opt/ros/humble/include/rclcpp/rclcpp/client.hpp:40[m[K,
[1.711s]                  from [01m[K/opt/ros/humble/include/rclcpp/rclcpp/callback_group.hpp:24[m[K,
[1.711s]                  from [01m[K/opt/ros/humble/include/rclcpp/rclcpp/any_executable.hpp:20[m[K,
[1.711s]                  from [01m[K/opt/ros/humble/include/rclcpp/rclcpp/memory_strategy.hpp:25[m[K,
[1.712s]                  from [01m[K/opt/ros/humble/include/rclcpp/rclcpp/memory_strategies.hpp:18[m[K,
[1.712s]                  from [01m[K/opt/ros/humble/include/rclcpp/rclcpp/executor_options.hpp:20[m[K,
[1.712s]                  from [01m[K/opt/ros/humble/include/rclcpp/rclcpp/executor.hpp:37[m[K,
[1.712s]                  from [01m[K/opt/ros/humble/include/rclcpp/rclcpp/executors/multi_threaded_executor.hpp:25[m[K,
[1.712s]                  from [01m[K/opt/ros/humble/include/rclcpp/rclcpp/executors.hpp:21[m[K,
[1.712s]                  from [01m[K/opt/ros/humble/include/rclcpp/rclcpp/rclcpp.hpp:155[m[K,
[1.712s]                  from [01m[K/home/devuser/AOX/ros_ws/cpp_pubsub/src/watchdog.cpp:1[m[K:
[1.712s] [01m[K/home/devuser/AOX/ros_ws/cpp_pubsub/src/watchdog.cpp:[m[K In function ‘[01m[Kvoid killListenerNode()[m[K’:
[1.712s] [01m[K/home/devuser/AOX/ros_ws/cpp_pubsub/src/watchdog.cpp:44:17:[m[K [01;31m[Kerror: [m[K‘[01m[Kget_logger[m[K’ was not declared in this scope; did you mean ‘[01m[Krclcpp::get_logger[m[K’?
[1.712s]    44 |     RCLCPP_INFO([01;31m[Kget_logger[m[K(), "Killing the listener node...");
[1.712s]       |                 [01;31m[K^~~~~~~~~~[m[K
[1.712s] In file included from [01m[K/opt/ros/humble/include/rclcpp/rclcpp/logging.hpp:23[m[K,
[1.712s]                  from [01m[K/opt/ros/humble/include/rclcpp/rclcpp/client.hpp:40[m[K,
[1.712s]                  from [01m[K/opt/ros/humble/include/rclcpp/rclcpp/callback_group.hpp:24[m[K,
[1.712s]                  from [01m[K/opt/ros/humble/include/rclcpp/rclcpp/any_executable.hpp:20[m[K,
[1.712s]                  from [01m[K/opt/ros/humble/include/rclcpp/rclcpp/memory_strategy.hpp:25[m[K,
[1.712s]                  from [01m[K/opt/ros/humble/include/rclcpp/rclcpp/memory_strategies.hpp:18[m[K,
[1.712s]                  from [01m[K/opt/ros/humble/include/rclcpp/rclcpp/executor_options.hpp:20[m[K,
[1.712s]                  from [01m[K/opt/ros/humble/include/rclcpp/rclcpp/executor.hpp:37[m[K,
[1.712s]                  from [01m[K/opt/ros/humble/include/rclcpp/rclcpp/executors/multi_threaded_executor.hpp:25[m[K,
[1.712s]                  from [01m[K/opt/ros/humble/include/rclcpp/rclcpp/executors.hpp:21[m[K,
[1.712s]                  from [01m[K/opt/ros/humble/include/rclcpp/rclcpp/rclcpp.hpp:155[m[K,
[1.712s]                  from [01m[K/home/devuser/AOX/ros_ws/cpp_pubsub/src/watchdog.cpp:1[m[K:
[1.712s] [01m[K/opt/ros/humble/include/rclcpp/rclcpp/logger.hpp:106:17:[m[K [01;36m[Knote: [m[K‘[01m[Krclcpp::get_logger[m[K’ declared here
[1.712s]   106 |   friend Logger [01;36m[Krclcpp[m[K::get_logger(const std::string & name);
[1.713s]       |                 [01;36m[K^~~~~~[m[K
[1.713s] In file included from [01m[K/opt/ros/humble/include/rclcpp/rclcpp/client.hpp:40[m[K,
[1.713s]                  from [01m[K/opt/ros/humble/include/rclcpp/rclcpp/callback_group.hpp:24[m[K,
[1.713s]                  from [01m[K/opt/ros/humble/include/rclcpp/rclcpp/any_executable.hpp:20[m[K,
[1.713s]                  from [01m[K/opt/ros/humble/include/rclcpp/rclcpp/memory_strategy.hpp:25[m[K,
[1.713s]                  from [01m[K/opt/ros/humble/include/rclcpp/rclcpp/memory_strategies.hpp:18[m[K,
[1.713s]                  from [01m[K/opt/ros/humble/include/rclcpp/rclcpp/executor_options.hpp:20[m[K,
[1.713s]                  from [01m[K/opt/ros/humble/include/rclcpp/rclcpp/executor.hpp:37[m[K,
[1.713s]                  from [01m[K/opt/ros/humble/include/rclcpp/rclcpp/executors/multi_threaded_executor.hpp:25[m[K,
[1.713s]                  from [01m[K/opt/ros/humble/include/rclcpp/rclcpp/executors.hpp:21[m[K,
[1.713s]                  from [01m[K/opt/ros/humble/include/rclcpp/rclcpp/rclcpp.hpp:155[m[K,
[1.713s]                  from [01m[K/home/devuser/AOX/ros_ws/cpp_pubsub/src/watchdog.cpp:1[m[K:
[1.713s] [01m[K/home/devuser/AOX/ros_ws/cpp_pubsub/src/watchdog.cpp:44:5:[m[K [01;31m[Kerror: [m[Ktemplate argument 1 is invalid
[1.713s]    44 |     [01;31m[KRCLCPP_INFO[m[K(get_logger(), "Killing the listener node...");
[1.713s]       |     [01;31m[K^~~~~~~~~~~[m[K
[1.713s] [01m[K/home/devuser/AOX/ros_ws/cpp_pubsub/src/watchdog.cpp:44:5:[m[K [01;31m[Kerror: [m[K‘[01m[K<declaration error>[m[K’ is not a template [[01;31m[K]8;;https://gcc.gnu.org/onlinedocs/gcc/Warning-Options.html#index-fpermissive-fpermissive]8;;[m[K]
[1.713s]    44 |     [01;31m[KRCLCPP_INFO[m[K(get_logger(), "Killing the listener node...");
[1.713s]       |     [01;31m[K^~~~~~~~~~~[m[K
[1.713s] [01m[K/home/devuser/AOX/ros_ws/cpp_pubsub/src/watchdog.cpp:44:5:[m[K [01;31m[Kerror: [m[Ktemplate argument 1 is invalid
[1.713s]    44 |     [01;31m[KRCLCPP_INFO[m[K(get_logger(), "Killing the listener node...");
[1.713s]       |     [01;31m[K^~~~~~~~~~~[m[K
[1.713s] [01m[K/home/devuser/AOX/ros_ws/cpp_pubsub/src/watchdog.cpp:44:5:[m[K [01;31m[Kerror: [m[K‘[01m[K<declaration error>[m[K’ is not a template [[01;31m[K]8;;https://gcc.gnu.org/onlinedocs/gcc/Warning-Options.html#index-fpermissive-fpermissive]8;;[m[K]
[1.713s]    44 |     [01;31m[KRCLCPP_INFO[m[K(get_logger(), "Killing the listener node...");
[1.713s]       |     [01;31m[K^~~~~~~~~~~[m[K
[1.713s] [01m[K/home/devuser/AOX/ros_ws/cpp_pubsub/src/watchdog.cpp:44:5:[m[K [01;31m[Kerror: [m[Ktemplate argument 1 is invalid
[1.713s]    44 |     [01;31m[KRCLCPP_INFO[m[K(get_logger(), "Killing the listener node...");
[1.713s]       |     [01;31m[K^~~~~~~~~~~[m[K
[1.776s] In file included from [01m[K/opt/ros/humble/include/rclcpp/rclcpp/node_interfaces/node_parameters_interface.hpp:28[m[K,
[1.776s]                  from [01m[K/opt/ros/humble/include/rclcpp/rclcpp/node.hpp:54[m[K,
[1.776s]                  from [01m[K/opt/ros/humble/include/rclcpp/rclcpp/executors/single_threaded_executor.hpp:28[m[K,
[1.777s]                  from [01m[K/opt/ros/humble/include/rclcpp/rclcpp/executors.hpp:22[m[K,
[1.777s]                  from [01m[K/opt/ros/humble/include/rclcpp/rclcpp/rclcpp.hpp:155[m[K,
[1.777s]                  from [01m[K/home/devuser/AOX/ros_ws/cpp_pubsub/src/watchdog.cpp:1[m[K:
[1.777s] /opt/ros/humble/include/rclcpp/rclcpp/parameter.hpp: In instantiation of ‘[01m[Kauto rclcpp::detail::get_value_helper(const rclcpp::Parameter*) [with T = std::map<std::__cxx11::basic_string<char>, bool>][m[K’:
[1.777s] [01m[K/opt/ros/humble/include/rclcpp/rclcpp/parameter.hpp:274:39:[m[K   required from ‘[01m[Kdecltype(auto) rclcpp::Parameter::get_value() const [with T = std::map<std::__cxx11::basic_string<char>, bool>][m[K’
[1.777s] [01m[K/opt/ros/humble/include/rclcpp/rclcpp/node_impl.hpp:294:80:[m[K   required from ‘[01m[Kbool rclcpp::Node::get_parameter(const string&, ParameterT&) const [with ParameterT = std::map<std::__cxx11::basic_string<char>, bool>; std::string = std::__cxx11::basic_string<char>][m[K’
[1.777s] [01m[K/home/devuser/AOX/ros_ws/cpp_pubsub/src/watchdog.cpp:8:26:[m[K   required from here
[1.777s] [01m[K/opt/ros/humble/include/rclcpp/rclcpp/parameter.hpp:239:49:[m[K [01;31m[Kerror: [m[Kno matching function for call to ‘[01m[Krclcpp::ParameterValue::get<std::map<std::__cxx11::basic_string<char, std::char_traits<char>, std::allocator<char> >, bool, std::less<std::__cxx11::basic_string<char, std::char_traits<char>, std::allocator<char> > >, std::allocator<std::pair<const std::__cxx11::basic_string<char, std::char_traits<char>, std::allocator<char> >, bool> > > >() const[m[K’
[1.777s]   239 |   return [01;31m[Kparameter->get_parameter_value().get<T>()[m[K;
[1.777s]       |          [01;31m[K~~~~~~~~~~~~~~~~~~~~~~~~~~~~~~~~~~~~~~~^~[m[K
[1.777s] In file included from [01m[K/opt/ros/humble/include/rclcpp/rclcpp/parameter.hpp:26[m[K,
[1.778s]                  from [01m[K/opt/ros/humble/include/rclcpp/rclcpp/node_interfaces/node_parameters_interface.hpp:28[m[K,
[1.778s]                  from [01m[K/opt/ros/humble/include/rclcpp/rclcpp/node.hpp:54[m[K,
[1.778s]                  from [01m[K/opt/ros/humble/include/rclcpp/rclcpp/executors/single_threaded_executor.hpp:28[m[K,
[1.778s]                  from [01m[K/opt/ros/humble/include/rclcpp/rclcpp/executors.hpp:22[m[K,
[1.778s]                  from [01m[K/opt/ros/humble/include/rclcpp/rclcpp/rclcpp.hpp:155[m[K,
[1.778s]                  from [01m[K/home/devuser/AOX/ros_ws/cpp_pubsub/src/watchdog.cpp:1[m[K:
[1.778s] [01m[K/opt/ros/humble/include/rclcpp/rclcpp/parameter_value.hpp:148:3:[m[K [01;36m[Knote: [m[Kcandidate: ‘[01m[Ktemplate<rclcpp::ParameterType type> constexpr typename std::enable_if<(type == rclcpp::PARAMETER_BOOL), const bool&>::type rclcpp::ParameterValue::get() const[m[K’
[1.778s]   148 |   [01;36m[Kget[m[K() const
[1.778s]       |   [01;36m[K^~~[m[K
[1.778s] [01m[K/opt/ros/humble/include/rclcpp/rclcpp/parameter_value.hpp:148:3:[m[K [01;36m[Knote: [m[K  template argument deduction/substitution failed:
[1.778s] In file included from [01m[K/opt/ros/humble/include/rclcpp/rclcpp/node_interfaces/node_parameters_interface.hpp:28[m[K,
[1.778s]                  from [01m[K/opt/ros/humble/include/rclcpp/rclcpp/node.hpp:54[m[K,
[1.778s]                  from [01m[K/opt/ros/humble/include/rclcpp/rclcpp/executors/single_threaded_executor.hpp:28[m[K,
[1.778s]                  from [01m[K/opt/ros/humble/include/rclcpp/rclcpp/executors.hpp:22[m[K,
[1.778s]                  from [01m[K/opt/ros/humble/include/rclcpp/rclcpp/rclcpp.hpp:155[m[K,
[1.778s]                  from [01m[K/home/devuser/AOX/ros_ws/cpp_pubsub/src/watchdog.cpp:1[m[K:
[1.779s] [01m[K/opt/ros/humble/include/rclcpp/rclcpp/parameter.hpp:239:49:[m[K [01;31m[Kerror: [m[Ktype/value mismatch at argument 1 in template parameter list for ‘[01m[Ktemplate<rclcpp::ParameterType type> constexpr typename std::enable_if<(type == rclcpp::PARAMETER_BOOL), const bool&>::type rclcpp::ParameterValue::get() const[m[K’
[1.779s]   239 |   return [01;31m[Kparameter->get_parameter_value().get<T>()[m[K;
[1.779s]       |          [01;31m[K~~~~~~~~~~~~~~~~~~~~~~~~~~~~~~~~~~~~~~~^~[m[K
[1.779s] [01m[K/opt/ros/humble/include/rclcpp/rclcpp/parameter.hpp:239:49:[m[K [01;36m[Knote: [m[K  expected a constant of type ‘[01m[Krclcpp::ParameterType[m[K’, got ‘[01m[Kstd::map<std::__cxx11::basic_string<char>, bool>[m[K’
[1.779s] In file included from [01m[K/opt/ros/humble/include/rclcpp/rclcpp/parameter.hpp:26[m[K,
[1.779s]                  from [01m[K/opt/ros/humble/include/rclcpp/rclcpp/node_interfaces/node_parameters_interface.hpp:28[m[K,
[1.779s]                  from [01m[K/opt/ros/humble/include/rclcpp/rclcpp/node.hpp:54[m[K,
[1.779s]                  from [01m[K/opt/ros/humble/include/rclcpp/rclcpp/executors/single_threaded_executor.hpp:28[m[K,
[1.779s]                  from [01m[K/opt/ros/humble/include/rclcpp/rclcpp/executors.hpp:22[m[K,
[1.779s]                  from [01m[K/opt/ros/humble/include/rclcpp/rclcpp/rclcpp.hpp:155[m[K,
[1.779s]                  from [01m[K/home/devuser/AOX/ros_ws/cpp_pubsub/src/watchdog.cpp:1[m[K:
[1.779s] [01m[K/opt/ros/humble/include/rclcpp/rclcpp/parameter_value.hpp:159:3:[m[K [01;36m[Knote: [m[Kcandidate: ‘[01m[Ktemplate<rclcpp::ParameterType type> constexpr typename std::enable_if<(type == rclcpp::PARAMETER_INTEGER), const long int&>::type rclcpp::ParameterValue::get() const[m[K’
[1.779s]   159 |   [01;36m[Kget[m[K() const
[1.779s]       |   [01;36m[K^~~[m[K
[1.779s] [01m[K/opt/ros/humble/include/rclcpp/rclcpp/parameter_value.hpp:159:3:[m[K [01;36m[Knote: [m[K  template argument deduction/substitution failed:
[1.780s] In file included from [01m[K/opt/ros/humble/include/rclcpp/rclcpp/node_interfaces/node_parameters_interface.hpp:28[m[K,
[1.780s]                  from [01m[K/opt/ros/humble/include/rclcpp/rclcpp/node.hpp:54[m[K,
[1.780s]                  from [01m[K/opt/ros/humble/include/rclcpp/rclcpp/executors/single_threaded_executor.hpp:28[m[K,
[1.780s]                  from [01m[K/opt/ros/humble/include/rclcpp/rclcpp/executors.hpp:22[m[K,
[1.780s]                  from [01m[K/opt/ros/humble/include/rclcpp/rclcpp/rclcpp.hpp:155[m[K,
[1.780s]                  from [01m[K/home/devuser/AOX/ros_ws/cpp_pubsub/src/watchdog.cpp:1[m[K:
[1.780s] [01m[K/opt/ros/humble/include/rclcpp/rclcpp/parameter.hpp:239:49:[m[K [01;31m[Kerror: [m[Ktype/value mismatch at argument 1 in template parameter list for ‘[01m[Ktemplate<rclcpp::ParameterType type> constexpr typename std::enable_if<(type == rclcpp::PARAMETER_INTEGER), const long int&>::type rclcpp::ParameterValue::get() const[m[K’
[1.780s]   239 |   return [01;31m[Kparameter->get_parameter_value().get<T>()[m[K;
[1.780s]       |          [01;31m[K~~~~~~~~~~~~~~~~~~~~~~~~~~~~~~~~~~~~~~~^~[m[K
[1.780s] [01m[K/opt/ros/humble/include/rclcpp/rclcpp/parameter.hpp:239:49:[m[K [01;36m[Knote: [m[K  expected a constant of type ‘[01m[Krclcpp::ParameterType[m[K’, got ‘[01m[Kstd::map<std::__cxx11::basic_string<char>, bool>[m[K’
[1.780s] In file included from [01m[K/opt/ros/humble/include/rclcpp/rclcpp/parameter.hpp:26[m[K,
[1.780s]                  from [01m[K/opt/ros/humble/include/rclcpp/rclcpp/node_interfaces/node_parameters_interface.hpp:28[m[K,
[1.780s]                  from [01m[K/opt/ros/humble/include/rclcpp/rclcpp/node.hpp:54[m[K,
[1.780s]                  from [01m[K/opt/ros/humble/include/rclcpp/rclcpp/executors/single_threaded_executor.hpp:28[m[K,
[1.780s]                  from [01m[K/opt/ros/humble/include/rclcpp/rclcpp/executors.hpp:22[m[K,
[1.780s]                  from [01m[K/opt/ros/humble/include/rclcpp/rclcpp/rclcpp.hpp:155[m[K,
[1.781s]                  from [01m[K/home/devuser/AOX/ros_ws/cpp_pubsub/src/watchdog.cpp:1[m[K:
[1.781s] [01m[K/opt/ros/humble/include/rclcpp/rclcpp/parameter_value.hpp:170:3:[m[K [01;36m[Knote: [m[Kcandidate: ‘[01m[Ktemplate<rclcpp::ParameterType type> constexpr typename std::enable_if<(type == rclcpp::PARAMETER_DOUBLE), const double&>::type rclcpp::ParameterValue::get() const[m[K’
[1.781s]   170 |   [01;36m[Kget[m[K() const
[1.781s]       |   [01;36m[K^~~[m[K
[1.781s] [01m[K/opt/ros/humble/include/rclcpp/rclcpp/parameter_value.hpp:170:3:[m[K [01;36m[Knote: [m[K  template argument deduction/substitution failed:
[1.781s] In file included from [01m[K/opt/ros/humble/include/rclcpp/rclcpp/node_interfaces/node_parameters_interface.hpp:28[m[K,
[1.781s]                  from [01m[K/opt/ros/humble/include/rclcpp/rclcpp/node.hpp:54[m[K,
[1.781s]                  from [01m[K/opt/ros/humble/include/rclcpp/rclcpp/executors/single_threaded_executor.hpp:28[m[K,
[1.781s]                  from [01m[K/opt/ros/humble/include/rclcpp/rclcpp/executors.hpp:22[m[K,
[1.781s]                  from [01m[K/opt/ros/humble/include/rclcpp/rclcpp/rclcpp.hpp:155[m[K,
[1.781s]                  from [01m[K/home/devuser/AOX/ros_ws/cpp_pubsub/src/watchdog.cpp:1[m[K:
[1.781s] [01m[K/opt/ros/humble/include/rclcpp/rclcpp/parameter.hpp:239:49:[m[K [01;31m[Kerror: [m[Ktype/value mismatch at argument 1 in template parameter list for ‘[01m[Ktemplate<rclcpp::ParameterType type> constexpr typename std::enable_if<(type == rclcpp::PARAMETER_DOUBLE), const double&>::type rclcpp::ParameterValue::get() const[m[K’
[1.781s]   239 |   return [01;31m[Kparameter->get_parameter_value().get<T>()[m[K;
[1.781s]       |          [01;31m[K~~~~~~~~~~~~~~~~~~~~~~~~~~~~~~~~~~~~~~~^~[m[K
[1.781s] [01m[K/opt/ros/humble/include/rclcpp/rclcpp/parameter.hpp:239:49:[m[K [01;36m[Knote: [m[K  expected a constant of type ‘[01m[Krclcpp::ParameterType[m[K’, got ‘[01m[Kstd::map<std::__cxx11::basic_string<char>, bool>[m[K’
[1.782s] In file included from [01m[K/opt/ros/humble/include/rclcpp/rclcpp/parameter.hpp:26[m[K,
[1.782s]                  from [01m[K/opt/ros/humble/include/rclcpp/rclcpp/node_interfaces/node_parameters_interface.hpp:28[m[K,
[1.782s]                  from [01m[K/opt/ros/humble/include/rclcpp/rclcpp/node.hpp:54[m[K,
[1.782s]                  from [01m[K/opt/ros/humble/include/rclcpp/rclcpp/executors/single_threaded_executor.hpp:28[m[K,
[1.782s]                  from [01m[K/opt/ros/humble/include/rclcpp/rclcpp/executors.hpp:22[m[K,
[1.782s]                  from [01m[K/opt/ros/humble/include/rclcpp/rclcpp/rclcpp.hpp:155[m[K,
[1.782s]                  from [01m[K/home/devuser/AOX/ros_ws/cpp_pubsub/src/watchdog.cpp:1[m[K:
[1.782s] [01m[K/opt/ros/humble/include/rclcpp/rclcpp/parameter_value.hpp:181:3:[m[K [01;36m[Knote: [m[Kcandidate: ‘[01m[Ktemplate<rclcpp::ParameterType type> constexpr typename std::enable_if<(type == rclcpp::PARAMETER_STRING), const std::__cxx11::basic_string<char>&>::type rclcpp::ParameterValue::get() const[m[K’
[1.782s]   181 |   [01;36m[Kget[m[K() const
[1.782s]       |   [01;36m[K^~~[m[K
[1.782s] [01m[K/opt/ros/humble/include/rclcpp/rclcpp/parameter_value.hpp:181:3:[m[K [01;36m[Knote: [m[K  template argument deduction/substitution failed:
[1.782s] In file included from [01m[K/opt/ros/humble/include/rclcpp/rclcpp/node_interfaces/node_parameters_interface.hpp:28[m[K,
[1.782s]                  from [01m[K/opt/ros/humble/include/rclcpp/rclcpp/node.hpp:54[m[K,
[1.782s]                  from [01m[K/opt/ros/humble/include/rclcpp/rclcpp/executors/single_threaded_executor.hpp:28[m[K,
[1.782s]                  from [01m[K/opt/ros/humble/include/rclcpp/rclcpp/executors.hpp:22[m[K,
[1.782s]                  from [01m[K/opt/ros/humble/include/rclcpp/rclcpp/rclcpp.hpp:155[m[K,
[1.783s]                  from [01m[K/home/devuser/AOX/ros_ws/cpp_pubsub/src/watchdog.cpp:1[m[K:
[1.783s] [01m[K/opt/ros/humble/include/rclcpp/rclcpp/parameter.hpp:239:49:[m[K [01;31m[Kerror: [m[Ktype/value mismatch at argument 1 in template parameter list for ‘[01m[Ktemplate<rclcpp::ParameterType type> constexpr typename std::enable_if<(type == rclcpp::PARAMETER_STRING), const std::__cxx11::basic_string<char>&>::type rclcpp::ParameterValue::get() const[m[K’
[1.783s]   239 |   return [01;31m[Kparameter->get_parameter_value().get<T>()[m[K;
[1.783s]       |          [01;31m[K~~~~~~~~~~~~~~~~~~~~~~~~~~~~~~~~~~~~~~~^~[m[K
[1.783s] [01m[K/opt/ros/humble/include/rclcpp/rclcpp/parameter.hpp:239:49:[m[K [01;36m[Knote: [m[K  expected a constant of type ‘[01m[Krclcpp::ParameterType[m[K’, got ‘[01m[Kstd::map<std::__cxx11::basic_string<char>, bool>[m[K’
[1.783s] In file included from [01m[K/opt/ros/humble/include/rclcpp/rclcpp/parameter.hpp:26[m[K,
[1.783s]                  from [01m[K/opt/ros/humble/include/rclcpp/rclcpp/node_interfaces/node_parameters_interface.hpp:28[m[K,
[1.783s]                  from [01m[K/opt/ros/humble/include/rclcpp/rclcpp/node.hpp:54[m[K,
[1.783s]                  from [01m[K/opt/ros/humble/include/rclcpp/rclcpp/executors/single_threaded_executor.hpp:28[m[K,
[1.783s]                  from [01m[K/opt/ros/humble/include/rclcpp/rclcpp/executors.hpp:22[m[K,
[1.783s]                  from [01m[K/opt/ros/humble/include/rclcpp/rclcpp/rclcpp.hpp:155[m[K,
[1.783s]                  from [01m[K/home/devuser/AOX/ros_ws/cpp_pubsub/src/watchdog.cpp:1[m[K:
[1.783s] [01m[K/opt/ros/humble/include/rclcpp/rclcpp/parameter_value.hpp:193:3:[m[K [01;36m[Knote: [m[Kcandidate: ‘[01m[Ktemplate<rclcpp::ParameterType type> constexpr typename std::enable_if<(type == rclcpp::PARAMETER_BYTE_ARRAY), const std::vector<unsigned char, std::allocator<unsigned char> >&>::type rclcpp::ParameterValue::get() const[m[K’
[1.783s]   193 |   [01;36m[Kget[m[K() const
[1.784s]       |   [01;36m[K^~~[m[K
[1.784s] [01m[K/opt/ros/humble/include/rclcpp/rclcpp/parameter_value.hpp:193:3:[m[K [01;36m[Knote: [m[K  template argument deduction/substitution failed:
[1.784s] In file included from [01m[K/opt/ros/humble/include/rclcpp/rclcpp/node_interfaces/node_parameters_interface.hpp:28[m[K,
[1.784s]                  from [01m[K/opt/ros/humble/include/rclcpp/rclcpp/node.hpp:54[m[K,
[1.784s]                  from [01m[K/opt/ros/humble/include/rclcpp/rclcpp/executors/single_threaded_executor.hpp:28[m[K,
[1.784s]                  from [01m[K/opt/ros/humble/include/rclcpp/rclcpp/executors.hpp:22[m[K,
[1.784s]                  from [01m[K/opt/ros/humble/include/rclcpp/rclcpp/rclcpp.hpp:155[m[K,
[1.784s]                  from [01m[K/home/devuser/AOX/ros_ws/cpp_pubsub/src/watchdog.cpp:1[m[K:
[1.784s] [01m[K/opt/ros/humble/include/rclcpp/rclcpp/parameter.hpp:239:49:[m[K [01;31m[Kerror: [m[Ktype/value mismatch at argument 1 in template parameter list for ‘[01m[Ktemplate<rclcpp::ParameterType type> constexpr typename std::enable_if<(type == rclcpp::PARAMETER_BYTE_ARRAY), const std::vector<unsigned char, std::allocator<unsigned char> >&>::type rclcpp::ParameterValue::get() const[m[K’
[1.784s]   239 |   return [01;31m[Kparameter->get_parameter_value().get<T>()[m[K;
[1.784s]       |          [01;31m[K~~~~~~~~~~~~~~~~~~~~~~~~~~~~~~~~~~~~~~~^~[m[K
[1.784s] [01m[K/opt/ros/humble/include/rclcpp/rclcpp/parameter.hpp:239:49:[m[K [01;36m[Knote: [m[K  expected a constant of type ‘[01m[Krclcpp::ParameterType[m[K’, got ‘[01m[Kstd::map<std::__cxx11::basic_string<char>, bool>[m[K’
[1.784s] In file included from [01m[K/opt/ros/humble/include/rclcpp/rclcpp/parameter.hpp:26[m[K,
[1.784s]                  from [01m[K/opt/ros/humble/include/rclcpp/rclcpp/node_interfaces/node_parameters_interface.hpp:28[m[K,
[1.784s]                  from [01m[K/opt/ros/humble/include/rclcpp/rclcpp/node.hpp:54[m[K,
[1.785s]                  from [01m[K/opt/ros/humble/include/rclcpp/rclcpp/executors/single_threaded_executor.hpp:28[m[K,
[1.785s]                  from [01m[K/opt/ros/humble/include/rclcpp/rclcpp/executors.hpp:22[m[K,
[1.785s]                  from [01m[K/opt/ros/humble/include/rclcpp/rclcpp/rclcpp.hpp:155[m[K,
[1.785s]                  from [01m[K/home/devuser/AOX/ros_ws/cpp_pubsub/src/watchdog.cpp:1[m[K:
[1.785s] [01m[K/opt/ros/humble/include/rclcpp/rclcpp/parameter_value.hpp:205:3:[m[K [01;36m[Knote: [m[Kcandidate: ‘[01m[Ktemplate<rclcpp::ParameterType type> constexpr typename std::enable_if<(type == rclcpp::PARAMETER_BOOL_ARRAY), const std::vector<bool, std::allocator<bool> >&>::type rclcpp::ParameterValue::get() const[m[K’
[1.785s]   205 |   [01;36m[Kget[m[K() const
[1.785s]       |   [01;36m[K^~~[m[K
[1.785s] [01m[K/opt/ros/humble/include/rclcpp/rclcpp/parameter_value.hpp:205:3:[m[K [01;36m[Knote: [m[K  template argument deduction/substitution failed:
[1.785s] In file included from [01m[K/opt/ros/humble/include/rclcpp/rclcpp/node_interfaces/node_parameters_interface.hpp:28[m[K,
[1.785s]                  from [01m[K/opt/ros/humble/include/rclcpp/rclcpp/node.hpp:54[m[K,
[1.785s]                  from [01m[K/opt/ros/humble/include/rclcpp/rclcpp/executors/single_threaded_executor.hpp:28[m[K,
[1.785s]                  from [01m[K/opt/ros/humble/include/rclcpp/rclcpp/executors.hpp:22[m[K,
[1.785s]                  from [01m[K/opt/ros/humble/include/rclcpp/rclcpp/rclcpp.hpp:155[m[K,
[1.785s]                  from [01m[K/home/devuser/AOX/ros_ws/cpp_pubsub/src/watchdog.cpp:1[m[K:
[1.786s] [01m[K/opt/ros/humble/include/rclcpp/rclcpp/parameter.hpp:239:49:[m[K [01;31m[Kerror: [m[Ktype/value mismatch at argument 1 in template parameter list for ‘[01m[Ktemplate<rclcpp::ParameterType type> constexpr typename std::enable_if<(type == rclcpp::PARAMETER_BOOL_ARRAY), const std::vector<bool, std::allocator<bool> >&>::type rclcpp::ParameterValue::get() const[m[K’
[1.786s]   239 |   return [01;31m[Kparameter->get_parameter_value().get<T>()[m[K;
[1.786s]       |          [01;31m[K~~~~~~~~~~~~~~~~~~~~~~~~~~~~~~~~~~~~~~~^~[m[K
[1.786s] [01m[K/opt/ros/humble/include/rclcpp/rclcpp/parameter.hpp:239:49:[m[K [01;36m[Knote: [m[K  expected a constant of type ‘[01m[Krclcpp::ParameterType[m[K’, got ‘[01m[Kstd::map<std::__cxx11::basic_string<char>, bool>[m[K’
[1.786s] In file included from [01m[K/opt/ros/humble/include/rclcpp/rclcpp/parameter.hpp:26[m[K,
[1.786s]                  from [01m[K/opt/ros/humble/include/rclcpp/rclcpp/node_interfaces/node_parameters_interface.hpp:28[m[K,
[1.786s]                  from [01m[K/opt/ros/humble/include/rclcpp/rclcpp/node.hpp:54[m[K,
[1.786s]                  from [01m[K/opt/ros/humble/include/rclcpp/rclcpp/executors/single_threaded_executor.hpp:28[m[K,
[1.786s]                  from [01m[K/opt/ros/humble/include/rclcpp/rclcpp/executors.hpp:22[m[K,
[1.786s]                  from [01m[K/opt/ros/humble/include/rclcpp/rclcpp/rclcpp.hpp:155[m[K,
[1.786s]                  from [01m[K/home/devuser/AOX/ros_ws/cpp_pubsub/src/watchdog.cpp:1[m[K:
[1.786s] [01m[K/opt/ros/humble/include/rclcpp/rclcpp/parameter_value.hpp:217:3:[m[K [01;36m[Knote: [m[Kcandidate: ‘[01m[Ktemplate<rclcpp::ParameterType type> constexpr typename std::enable_if<(type == rclcpp::PARAMETER_INTEGER_ARRAY), const std::vector<long int, std::allocator<long int> >&>::type rclcpp::ParameterValue::get() const[m[K’
[1.786s]   217 |   [01;36m[Kget[m[K() const
[1.786s]       |   [01;36m[K^~~[m[K
[1.787s] [01m[K/opt/ros/humble/include/rclcpp/rclcpp/parameter_value.hpp:217:3:[m[K [01;36m[Knote: [m[K  template argument deduction/substitution failed:
[1.787s] In file included from [01m[K/opt/ros/humble/include/rclcpp/rclcpp/node_interfaces/node_parameters_interface.hpp:28[m[K,
[1.787s]                  from [01m[K/opt/ros/humble/include/rclcpp/rclcpp/node.hpp:54[m[K,
[1.787s]                  from [01m[K/opt/ros/humble/include/rclcpp/rclcpp/executors/single_threaded_executor.hpp:28[m[K,
[1.787s]                  from [01m[K/opt/ros/humble/include/rclcpp/rclcpp/executors.hpp:22[m[K,
[1.787s]                  from [01m[K/opt/ros/humble/include/rclcpp/rclcpp/rclcpp.hpp:155[m[K,
[1.787s]                  from [01m[K/home/devuser/AOX/ros_ws/cpp_pubsub/src/watchdog.cpp:1[m[K:
[1.787s] [01m[K/opt/ros/humble/include/rclcpp/rclcpp/parameter.hpp:239:49:[m[K [01;31m[Kerror: [m[Ktype/value mismatch at argument 1 in template parameter list for ‘[01m[Ktemplate<rclcpp::ParameterType type> constexpr typename std::enable_if<(type == rclcpp::PARAMETER_INTEGER_ARRAY), const std::vector<long int, std::allocator<long int> >&>::type rclcpp::ParameterValue::get() const[m[K’
[1.787s]   239 |   return [01;31m[Kparameter->get_parameter_value().get<T>()[m[K;
[1.787s]       |          [01;31m[K~~~~~~~~~~~~~~~~~~~~~~~~~~~~~~~~~~~~~~~^~[m[K
[1.787s] [01m[K/opt/ros/humble/include/rclcpp/rclcpp/parameter.hpp:239:49:[m[K [01;36m[Knote: [m[K  expected a constant of type ‘[01m[Krclcpp::ParameterType[m[K’, got ‘[01m[Kstd::map<std::__cxx11::basic_string<char>, bool>[m[K’
[1.787s] In file included from [01m[K/opt/ros/humble/include/rclcpp/rclcpp/parameter.hpp:26[m[K,
[1.787s]                  from [01m[K/opt/ros/humble/include/rclcpp/rclcpp/node_interfaces/node_parameters_interface.hpp:28[m[K,
[1.787s]                  from [01m[K/opt/ros/humble/include/rclcpp/rclcpp/node.hpp:54[m[K,
[1.787s]                  from [01m[K/opt/ros/humble/include/rclcpp/rclcpp/executors/single_threaded_executor.hpp:28[m[K,
[1.788s]                  from [01m[K/opt/ros/humble/include/rclcpp/rclcpp/executors.hpp:22[m[K,
[1.788s]                  from [01m[K/opt/ros/humble/include/rclcpp/rclcpp/rclcpp.hpp:155[m[K,
[1.788s]                  from [01m[K/home/devuser/AOX/ros_ws/cpp_pubsub/src/watchdog.cpp:1[m[K:
[1.788s] [01m[K/opt/ros/humble/include/rclcpp/rclcpp/parameter_value.hpp:229:3:[m[K [01;36m[Knote: [m[Kcandidate: ‘[01m[Ktemplate<rclcpp::ParameterType type> constexpr typename std::enable_if<(type == rclcpp::PARAMETER_DOUBLE_ARRAY), const std::vector<double, std::allocator<double> >&>::type rclcpp::ParameterValue::get() const[m[K’
[1.788s]   229 |   [01;36m[Kget[m[K() const
[1.788s]       |   [01;36m[K^~~[m[K
[1.788s] [01m[K/opt/ros/humble/include/rclcpp/rclcpp/parameter_value.hpp:229:3:[m[K [01;36m[Knote: [m[K  template argument deduction/substitution failed:
[1.788s] In file included from [01m[K/opt/ros/humble/include/rclcpp/rclcpp/node_interfaces/node_parameters_interface.hpp:28[m[K,
[1.788s]                  from [01m[K/opt/ros/humble/include/rclcpp/rclcpp/node.hpp:54[m[K,
[1.788s]                  from [01m[K/opt/ros/humble/include/rclcpp/rclcpp/executors/single_threaded_executor.hpp:28[m[K,
[1.788s]                  from [01m[K/opt/ros/humble/include/rclcpp/rclcpp/executors.hpp:22[m[K,
[1.788s]                  from [01m[K/opt/ros/humble/include/rclcpp/rclcpp/rclcpp.hpp:155[m[K,
[1.788s]                  from [01m[K/home/devuser/AOX/ros_ws/cpp_pubsub/src/watchdog.cpp:1[m[K:
[1.788s] [01m[K/opt/ros/humble/include/rclcpp/rclcpp/parameter.hpp:239:49:[m[K [01;31m[Kerror: [m[Ktype/value mismatch at argument 1 in template parameter list for ‘[01m[Ktemplate<rclcpp::ParameterType type> constexpr typename std::enable_if<(type == rclcpp::PARAMETER_DOUBLE_ARRAY), const std::vector<double, std::allocator<double> >&>::type rclcpp::ParameterValue::get() const[m[K’
[1.788s]   239 |   return [01;31m[Kparameter->get_parameter_value().get<T>()[m[K;
[1.789s]       |          [01;31m[K~~~~~~~~~~~~~~~~~~~~~~~~~~~~~~~~~~~~~~~^~[m[K
[1.789s] [01m[K/opt/ros/humble/include/rclcpp/rclcpp/parameter.hpp:239:49:[m[K [01;36m[Knote: [m[K  expected a constant of type ‘[01m[Krclcpp::ParameterType[m[K’, got ‘[01m[Kstd::map<std::__cxx11::basic_string<char>, bool>[m[K’
[1.789s] In file included from [01m[K/opt/ros/humble/include/rclcpp/rclcpp/parameter.hpp:26[m[K,
[1.789s]                  from [01m[K/opt/ros/humble/include/rclcpp/rclcpp/node_interfaces/node_parameters_interface.hpp:28[m[K,
[1.789s]                  from [01m[K/opt/ros/humble/include/rclcpp/rclcpp/node.hpp:54[m[K,
[1.789s]                  from [01m[K/opt/ros/humble/include/rclcpp/rclcpp/executors/single_threaded_executor.hpp:28[m[K,
[1.789s]                  from [01m[K/opt/ros/humble/include/rclcpp/rclcpp/executors.hpp:22[m[K,
[1.789s]                  from [01m[K/opt/ros/humble/include/rclcpp/rclcpp/rclcpp.hpp:155[m[K,
[1.789s]                  from [01m[K/home/devuser/AOX/ros_ws/cpp_pubsub/src/watchdog.cpp:1[m[K:
[1.789s] [01m[K/opt/ros/humble/include/rclcpp/rclcpp/parameter_value.hpp:241:3:[m[K [01;36m[Knote: [m[Kcandidate: ‘[01m[Ktemplate<rclcpp::ParameterType type> constexpr typename std::enable_if<(type == rclcpp::PARAMETER_STRING_ARRAY), const std::vector<std::__cxx11::basic_string<char> >&>::type rclcpp::ParameterValue::get() const[m[K’
[1.789s]   241 |   [01;36m[Kget[m[K() const
[1.789s]       |   [01;36m[K^~~[m[K
[1.789s] [01m[K/opt/ros/humble/include/rclcpp/rclcpp/parameter_value.hpp:241:3:[m[K [01;36m[Knote: [m[K  template argument deduction/substitution failed:
[1.789s] In file included from [01m[K/opt/ros/humble/include/rclcpp/rclcpp/node_interfaces/node_parameters_interface.hpp:28[m[K,
[1.790s]                  from [01m[K/opt/ros/humble/include/rclcpp/rclcpp/node.hpp:54[m[K,
[1.790s]                  from [01m[K/opt/ros/humble/include/rclcpp/rclcpp/executors/single_threaded_executor.hpp:28[m[K,
[1.790s]                  from [01m[K/opt/ros/humble/include/rclcpp/rclcpp/executors.hpp:22[m[K,
[1.790s]                  from [01m[K/opt/ros/humble/include/rclcpp/rclcpp/rclcpp.hpp:155[m[K,
[1.790s]                  from [01m[K/home/devuser/AOX/ros_ws/cpp_pubsub/src/watchdog.cpp:1[m[K:
[1.790s] [01m[K/opt/ros/humble/include/rclcpp/rclcpp/parameter.hpp:239:49:[m[K [01;31m[Kerror: [m[Ktype/value mismatch at argument 1 in template parameter list for ‘[01m[Ktemplate<rclcpp::ParameterType type> constexpr typename std::enable_if<(type == rclcpp::PARAMETER_STRING_ARRAY), const std::vector<std::__cxx11::basic_string<char> >&>::type rclcpp::ParameterValue::get() const[m[K’
[1.790s]   239 |   return [01;31m[Kparameter->get_parameter_value().get<T>()[m[K;
[1.790s]       |          [01;31m[K~~~~~~~~~~~~~~~~~~~~~~~~~~~~~~~~~~~~~~~^~[m[K
[1.790s] [01m[K/opt/ros/humble/include/rclcpp/rclcpp/parameter.hpp:239:49:[m[K [01;36m[Knote: [m[K  expected a constant of type ‘[01m[Krclcpp::ParameterType[m[K’, got ‘[01m[Kstd::map<std::__cxx11::basic_string<char>, bool>[m[K’
[1.790s] In file included from [01m[K/opt/ros/humble/include/rclcpp/rclcpp/parameter.hpp:26[m[K,
[1.790s]                  from [01m[K/opt/ros/humble/include/rclcpp/rclcpp/node_interfaces/node_parameters_interface.hpp:28[m[K,
[1.790s]                  from [01m[K/opt/ros/humble/include/rclcpp/rclcpp/node.hpp:54[m[K,
[1.790s]                  from [01m[K/opt/ros/humble/include/rclcpp/rclcpp/executors/single_threaded_executor.hpp:28[m[K,
[1.790s]                  from [01m[K/opt/ros/humble/include/rclcpp/rclcpp/executors.hpp:22[m[K,
[1.791s]                  from [01m[K/opt/ros/humble/include/rclcpp/rclcpp/rclcpp.hpp:155[m[K,
[1.791s]                  from [01m[K/home/devuser/AOX/ros_ws/cpp_pubsub/src/watchdog.cpp:1[m[K:
[1.791s] [01m[K/opt/ros/humble/include/rclcpp/rclcpp/parameter_value.hpp:254:3:[m[K [01;36m[Knote: [m[Kcandidate: ‘[01m[Ktemplate<class type> constexpr typename std::enable_if<std::is_same<T, bool>::value, const bool&>::type rclcpp::ParameterValue::get() const[m[K’
[1.791s]   254 |   [01;36m[Kget[m[K() const
[1.791s]       |   [01;36m[K^~~[m[K
[1.791s] [01m[K/opt/ros/humble/include/rclcpp/rclcpp/parameter_value.hpp:254:3:[m[K [01;36m[Knote: [m[K  template argument deduction/substitution failed:
[1.791s] /opt/ros/humble/include/rclcpp/rclcpp/parameter_value.hpp: In substitution of ‘[01m[Ktemplate<class type> constexpr typename std::enable_if<std::is_same<T, bool>::value, const bool&>::type rclcpp::ParameterValue::get() const [with type = std::map<std::__cxx11::basic_string<char>, bool>][m[K’:
[1.791s] [01m[K/opt/ros/humble/include/rclcpp/rclcpp/parameter.hpp:239:49:[m[K   required from ‘[01m[Kauto rclcpp::detail::get_value_helper(const rclcpp::Parameter*) [with T = std::map<std::__cxx11::basic_string<char>, bool>][m[K’
[1.791s] [01m[K/opt/ros/humble/include/rclcpp/rclcpp/parameter.hpp:274:39:[m[K   required from ‘[01m[Kdecltype(auto) rclcpp::Parameter::get_value() const [with T = std::map<std::__cxx11::basic_string<char>, bool>][m[K’
[1.791s] [01m[K/opt/ros/humble/include/rclcpp/rclcpp/node_impl.hpp:294:80:[m[K   required from ‘[01m[Kbool rclcpp::Node::get_parameter(const string&, ParameterT&) const [with ParameterT = std::map<std::__cxx11::basic_string<char>, bool>; std::string = std::__cxx11::basic_string<char>][m[K’
[1.791s] [01m[K/home/devuser/AOX/ros_ws/cpp_pubsub/src/watchdog.cpp:8:26:[m[K   required from here
[1.791s] [01m[K/opt/ros/humble/include/rclcpp/rclcpp/parameter_value.hpp:254:3:[m[K [01;31m[Kerror: [m[Kno type named ‘[01m[Ktype[m[K’ in ‘[01m[Kstruct std::enable_if<false, const bool&>[m[K’
[1.791s] /opt/ros/humble/include/rclcpp/rclcpp/parameter.hpp: In instantiation of ‘[01m[Kauto rclcpp::detail::get_value_helper(const rclcpp::Parameter*) [with T = std::map<std::__cxx11::basic_string<char>, bool>][m[K’:
[1.792s] [01m[K/opt/ros/humble/include/rclcpp/rclcpp/parameter.hpp:274:39:[m[K   required from ‘[01m[Kdecltype(auto) rclcpp::Parameter::get_value() const [with T = std::map<std::__cxx11::basic_string<char>, bool>][m[K’
[1.792s] [01m[K/opt/ros/humble/include/rclcpp/rclcpp/node_impl.hpp:294:80:[m[K   required from ‘[01m[Kbool rclcpp::Node::get_parameter(const string&, ParameterT&) const [with ParameterT = std::map<std::__cxx11::basic_string<char>, bool>; std::string = std::__cxx11::basic_string<char>][m[K’
[1.792s] [01m[K/home/devuser/AOX/ros_ws/cpp_pubsub/src/watchdog.cpp:8:26:[m[K   required from here
[1.792s] [01m[K/opt/ros/humble/include/rclcpp/rclcpp/parameter_value.hpp:263:3:[m[K [01;36m[Knote: [m[Kcandidate: ‘[01m[Ktemplate<class type> constexpr typename std::enable_if<(std::is_integral<_Tp>::value && (! std::is_same<T, bool>::value)), const long int&>::type rclcpp::ParameterValue::get() const[m[K’
[1.792s]   263 |   [01;36m[Kget[m[K() const
[1.792s]       |   [01;36m[K^~~[m[K
[1.792s] [01m[K/opt/ros/humble/include/rclcpp/rclcpp/parameter_value.hpp:263:3:[m[K [01;36m[Knote: [m[K  template argument deduction/substitution failed:
[1.792s] /opt/ros/humble/include/rclcpp/rclcpp/parameter_value.hpp: In substitution of ‘[01m[Ktemplate<class type> constexpr typename std::enable_if<(std::is_integral<_Tp>::value && (! std::is_same<T, bool>::value)), const long int&>::type rclcpp::ParameterValue::get() const [with type = std::map<std::__cxx11::basic_string<char>, bool>][m[K’:
[1.792s] [01m[K/opt/ros/humble/include/rclcpp/rclcpp/parameter.hpp:239:49:[m[K   required from ‘[01m[Kauto rclcpp::detail::get_value_helper(const rclcpp::Parameter*) [with T = std::map<std::__cxx11::basic_string<char>, bool>][m[K’
[1.792s] [01m[K/opt/ros/humble/include/rclcpp/rclcpp/parameter.hpp:274:39:[m[K   required from ‘[01m[Kdecltype(auto) rclcpp::Parameter::get_value() const [with T = std::map<std::__cxx11::basic_string<char>, bool>][m[K’
[1.792s] [01m[K/opt/ros/humble/include/rclcpp/rclcpp/node_impl.hpp:294:80:[m[K   required from ‘[01m[Kbool rclcpp::Node::get_parameter(const string&, ParameterT&) const [with ParameterT = std::map<std::__cxx11::basic_string<char>, bool>; std::string = std::__cxx11::basic_string<char>][m[K’
[1.792s] [01m[K/home/devuser/AOX/ros_ws/cpp_pubsub/src/watchdog.cpp:8:26:[m[K   required from here
[1.792s] [01m[K/opt/ros/humble/include/rclcpp/rclcpp/parameter_value.hpp:263:3:[m[K [01;31m[Kerror: [m[Kno type named ‘[01m[Ktype[m[K’ in ‘[01m[Kstruct std::enable_if<false, const long int&>[m[K’
[1.793s] /opt/ros/humble/include/rclcpp/rclcpp/parameter.hpp: In instantiation of ‘[01m[Kauto rclcpp::detail::get_value_helper(const rclcpp::Parameter*) [with T = std::map<std::__cxx11::basic_string<char>, bool>][m[K’:
[1.793s] [01m[K/opt/ros/humble/include/rclcpp/rclcpp/parameter.hpp:274:39:[m[K   required from ‘[01m[Kdecltype(auto) rclcpp::Parameter::get_value() const [with T = std::map<std::__cxx11::basic_string<char>, bool>][m[K’
[1.793s] [01m[K/opt/ros/humble/include/rclcpp/rclcpp/node_impl.hpp:294:80:[m[K   required from ‘[01m[Kbool rclcpp::Node::get_parameter(const string&, ParameterT&) const [with ParameterT = std::map<std::__cxx11::basic_string<char>, bool>; std::string = std::__cxx11::basic_string<char>][m[K’
[1.793s] [01m[K/home/devuser/AOX/ros_ws/cpp_pubsub/src/watchdog.cpp:8:26:[m[K   required from here
[1.793s] [01m[K/opt/ros/humble/include/rclcpp/rclcpp/parameter_value.hpp:271:3:[m[K [01;36m[Knote: [m[Kcandidate: ‘[01m[Ktemplate<class type> constexpr typename std::enable_if<std::is_floating_point<_Tp>::value, const double&>::type rclcpp::ParameterValue::get() const[m[K’
[1.793s]   271 |   [01;36m[Kget[m[K() const
[1.793s]       |   [01;36m[K^~~[m[K
[1.793s] [01m[K/opt/ros/humble/include/rclcpp/rclcpp/parameter_value.hpp:271:3:[m[K [01;36m[Knote: [m[K  template argument deduction/substitution failed:
[1.793s] /opt/ros/humble/include/rclcpp/rclcpp/parameter_value.hpp: In substitution of ‘[01m[Ktemplate<class type> constexpr typename std::enable_if<std::is_floating_point<_Tp>::value, const double&>::type rclcpp::ParameterValue::get() const [with type = std::map<std::__cxx11::basic_string<char>, bool>][m[K’:
[1.793s] [01m[K/opt/ros/humble/include/rclcpp/rclcpp/parameter.hpp:239:49:[m[K   required from ‘[01m[Kauto rclcpp::detail::get_value_helper(const rclcpp::Parameter*) [with T = std::map<std::__cxx11::basic_string<char>, bool>][m[K’
[1.793s] [01m[K/opt/ros/humble/include/rclcpp/rclcpp/parameter.hpp:274:39:[m[K   required from ‘[01m[Kdecltype(auto) rclcpp::Parameter::get_value() const [with T = std::map<std::__cxx11::basic_string<char>, bool>][m[K’
[1.793s] [01m[K/opt/ros/humble/include/rclcpp/rclcpp/node_impl.hpp:294:80:[m[K   required from ‘[01m[Kbool rclcpp::Node::get_parameter(const string&, ParameterT&) const [with ParameterT = std::map<std::__cxx11::basic_string<char>, bool>; std::string = std::__cxx11::basic_string<char>][m[K’
[1.793s] [01m[K/home/devuser/AOX/ros_ws/cpp_pubsub/src/watchdog.cpp:8:26:[m[K   required from here
[1.793s] [01m[K/opt/ros/humble/include/rclcpp/rclcpp/parameter_value.hpp:271:3:[m[K [01;31m[Kerror: [m[Kno type named ‘[01m[Ktype[m[K’ in ‘[01m[Kstruct std::enable_if<false, const double&>[m[K’
[1.794s] /opt/ros/humble/include/rclcpp/rclcpp/parameter.hpp: In instantiation of ‘[01m[Kauto rclcpp::detail::get_value_helper(const rclcpp::Parameter*) [with T = std::map<std::__cxx11::basic_string<char>, bool>][m[K’:
[1.794s] [01m[K/opt/ros/humble/include/rclcpp/rclcpp/parameter.hpp:274:39:[m[K   required from ‘[01m[Kdecltype(auto) rclcpp::Parameter::get_value() const [with T = std::map<std::__cxx11::basic_string<char>, bool>][m[K’
[1.794s] [01m[K/opt/ros/humble/include/rclcpp/rclcpp/node_impl.hpp:294:80:[m[K   required from ‘[01m[Kbool rclcpp::Node::get_parameter(const string&, ParameterT&) const [with ParameterT = std::map<std::__cxx11::basic_string<char>, bool>; std::string = std::__cxx11::basic_string<char>][m[K’
[1.794s] [01m[K/home/devuser/AOX/ros_ws/cpp_pubsub/src/watchdog.cpp:8:26:[m[K   required from here
[1.794s] [01m[K/opt/ros/humble/include/rclcpp/rclcpp/parameter_value.hpp:279:3:[m[K [01;36m[Knote: [m[Kcandidate: ‘[01m[Ktemplate<class type> constexpr typename std::enable_if<std::is_convertible<type, std::__cxx11::basic_string<char> >::value, const std::__cxx11::basic_string<char>&>::type rclcpp::ParameterValue::get() const[m[K’
[1.794s]   279 |   [01;36m[Kget[m[K() const
[1.794s]       |   [01;36m[K^~~[m[K
[1.794s] [01m[K/opt/ros/humble/include/rclcpp/rclcpp/parameter_value.hpp:279:3:[m[K [01;36m[Knote: [m[K  template argument deduction/substitution failed:
[1.794s] /opt/ros/humble/include/rclcpp/rclcpp/parameter_value.hpp: In substitution of ‘[01m[Ktemplate<class type> constexpr typename std::enable_if<std::is_convertible<type, std::__cxx11::basic_string<char> >::value, const std::__cxx11::basic_string<char>&>::type rclcpp::ParameterValue::get() const [with type = std::map<std::__cxx11::basic_string<char>, bool>][m[K’:
[1.794s] [01m[K/opt/ros/humble/include/rclcpp/rclcpp/parameter.hpp:239:49:[m[K   required from ‘[01m[Kauto rclcpp::detail::get_value_helper(const rclcpp::Parameter*) [with T = std::map<std::__cxx11::basic_string<char>, bool>][m[K’
[1.794s] [01m[K/opt/ros/humble/include/rclcpp/rclcpp/parameter.hpp:274:39:[m[K   required from ‘[01m[Kdecltype(auto) rclcpp::Parameter::get_value() const [with T = std::map<std::__cxx11::basic_string<char>, bool>][m[K’
[1.794s] [01m[K/opt/ros/humble/include/rclcpp/rclcpp/node_impl.hpp:294:80:[m[K   required from ‘[01m[Kbool rclcpp::Node::get_parameter(const string&, ParameterT&) const [with ParameterT = std::map<std::__cxx11::basic_string<char>, bool>; std::string = std::__cxx11::basic_string<char>][m[K’
[1.794s] [01m[K/home/devuser/AOX/ros_ws/cpp_pubsub/src/watchdog.cpp:8:26:[m[K   required from here
[1.795s] [01m[K/opt/ros/humble/include/rclcpp/rclcpp/parameter_value.hpp:279:3:[m[K [01;31m[Kerror: [m[Kno type named ‘[01m[Ktype[m[K’ in ‘[01m[Kstruct std::enable_if<false, const std::__cxx11::basic_string<char>&>[m[K’
[1.795s] /opt/ros/humble/include/rclcpp/rclcpp/parameter.hpp: In instantiation of ‘[01m[Kauto rclcpp::detail::get_value_helper(const rclcpp::Parameter*) [with T = std::map<std::__cxx11::basic_string<char>, bool>][m[K’:
[1.795s] [01m[K/opt/ros/humble/include/rclcpp/rclcpp/parameter.hpp:274:39:[m[K   required from ‘[01m[Kdecltype(auto) rclcpp::Parameter::get_value() const [with T = std::map<std::__cxx11::basic_string<char>, bool>][m[K’
[1.795s] [01m[K/opt/ros/humble/include/rclcpp/rclcpp/node_impl.hpp:294:80:[m[K   required from ‘[01m[Kbool rclcpp::Node::get_parameter(const string&, ParameterT&) const [with ParameterT = std::map<std::__cxx11::basic_string<char>, bool>; std::string = std::__cxx11::basic_string<char>][m[K’
[1.795s] [01m[K/home/devuser/AOX/ros_ws/cpp_pubsub/src/watchdog.cpp:8:26:[m[K   required from here
[1.795s] [01m[K/opt/ros/humble/include/rclcpp/rclcpp/parameter_value.hpp:289:3:[m[K [01;36m[Knote: [m[Kcandidate: ‘[01m[Ktemplate<class type> constexpr typename std::enable_if<std::is_convertible<type, const std::vector<unsigned char, std::allocator<unsigned char> >&>::value, const std::vector<unsigned char, std::allocator<unsigned char> >&>::type rclcpp::ParameterValue::get() const[m[K’
[1.795s]   289 |   [01;36m[Kget[m[K() const
[1.795s]       |   [01;36m[K^~~[m[K
[1.795s] [01m[K/opt/ros/humble/include/rclcpp/rclcpp/parameter_value.hpp:289:3:[m[K [01;36m[Knote: [m[K  template argument deduction/substitution failed:
[1.795s] /opt/ros/humble/include/rclcpp/rclcpp/parameter_value.hpp: In substitution of ‘[01m[Ktemplate<class type> constexpr typename std::enable_if<std::is_convertible<type, const std::vector<unsigned char, std::allocator<unsigned char> >&>::value, const std::vector<unsigned char, std::allocator<unsigned char> >&>::type rclcpp::ParameterValue::get() const [with type = std::map<std::__cxx11::basic_string<char>, bool>][m[K’:
[1.795s] [01m[K/opt/ros/humble/include/rclcpp/rclcpp/parameter.hpp:239:49:[m[K   required from ‘[01m[Kauto rclcpp::detail::get_value_helper(const rclcpp::Parameter*) [with T = std::map<std::__cxx11::basic_string<char>, bool>][m[K’
[1.795s] [01m[K/opt/ros/humble/include/rclcpp/rclcpp/parameter.hpp:274:39:[m[K   required from ‘[01m[Kdecltype(auto) rclcpp::Parameter::get_value() const [with T = std::map<std::__cxx11::basic_string<char>, bool>][m[K’
[1.795s] [01m[K/opt/ros/humble/include/rclcpp/rclcpp/node_impl.hpp:294:80:[m[K   required from ‘[01m[Kbool rclcpp::Node::get_parameter(const string&, ParameterT&) const [with ParameterT = std::map<std::__cxx11::basic_string<char>, bool>; std::string = std::__cxx11::basic_string<char>][m[K’
[1.796s] [01m[K/home/devuser/AOX/ros_ws/cpp_pubsub/src/watchdog.cpp:8:26:[m[K   required from here
[1.796s] [01m[K/opt/ros/humble/include/rclcpp/rclcpp/parameter_value.hpp:289:3:[m[K [01;31m[Kerror: [m[Kno type named ‘[01m[Ktype[m[K’ in ‘[01m[Kstruct std::enable_if<false, const std::vector<unsigned char, std::allocator<unsigned char> >&>[m[K’
[1.796s] /opt/ros/humble/include/rclcpp/rclcpp/parameter.hpp: In instantiation of ‘[01m[Kauto rclcpp::detail::get_value_helper(const rclcpp::Parameter*) [with T = std::map<std::__cxx11::basic_string<char>, bool>][m[K’:
[1.796s] [01m[K/opt/ros/humble/include/rclcpp/rclcpp/parameter.hpp:274:39:[m[K   required from ‘[01m[Kdecltype(auto) rclcpp::Parameter::get_value() const [with T = std::map<std::__cxx11::basic_string<char>, bool>][m[K’
[1.796s] [01m[K/opt/ros/humble/include/rclcpp/rclcpp/node_impl.hpp:294:80:[m[K   required from ‘[01m[Kbool rclcpp::Node::get_parameter(const string&, ParameterT&) const [with ParameterT = std::map<std::__cxx11::basic_string<char>, bool>; std::string = std::__cxx11::basic_string<char>][m[K’
[1.796s] [01m[K/home/devuser/AOX/ros_ws/cpp_pubsub/src/watchdog.cpp:8:26:[m[K   required from here
[1.796s] [01m[K/opt/ros/humble/include/rclcpp/rclcpp/parameter_value.hpp:299:3:[m[K [01;36m[Knote: [m[Kcandidate: ‘[01m[Ktemplate<class type> constexpr typename std::enable_if<std::is_convertible<type, const std::vector<bool, std::allocator<bool> >&>::value, const std::vector<bool, std::allocator<bool> >&>::type rclcpp::ParameterValue::get() const[m[K’
[1.796s]   299 |   [01;36m[Kget[m[K() const
[1.796s]       |   [01;36m[K^~~[m[K
[1.796s] [01m[K/opt/ros/humble/include/rclcpp/rclcpp/parameter_value.hpp:299:3:[m[K [01;36m[Knote: [m[K  template argument deduction/substitution failed:
[1.796s] /opt/ros/humble/include/rclcpp/rclcpp/parameter_value.hpp: In substitution of ‘[01m[Ktemplate<class type> constexpr typename std::enable_if<std::is_convertible<type, const std::vector<bool, std::allocator<bool> >&>::value, const std::vector<bool, std::allocator<bool> >&>::type rclcpp::ParameterValue::get() const [with type = std::map<std::__cxx11::basic_string<char>, bool>][m[K’:
[1.796s] [01m[K/opt/ros/humble/include/rclcpp/rclcpp/parameter.hpp:239:49:[m[K   required from ‘[01m[Kauto rclcpp::detail::get_value_helper(const rclcpp::Parameter*) [with T = std::map<std::__cxx11::basic_string<char>, bool>][m[K’
[1.796s] [01m[K/opt/ros/humble/include/rclcpp/rclcpp/parameter.hpp:274:39:[m[K   required from ‘[01m[Kdecltype(auto) rclcpp::Parameter::get_value() const [with T = std::map<std::__cxx11::basic_string<char>, bool>][m[K’
[1.797s] [01m[K/opt/ros/humble/include/rclcpp/rclcpp/node_impl.hpp:294:80:[m[K   required from ‘[01m[Kbool rclcpp::Node::get_parameter(const string&, ParameterT&) const [with ParameterT = std::map<std::__cxx11::basic_string<char>, bool>; std::string = std::__cxx11::basic_string<char>][m[K’
[1.797s] [01m[K/home/devuser/AOX/ros_ws/cpp_pubsub/src/watchdog.cpp:8:26:[m[K   required from here
[1.797s] [01m[K/opt/ros/humble/include/rclcpp/rclcpp/parameter_value.hpp:299:3:[m[K [01;31m[Kerror: [m[Kno type named ‘[01m[Ktype[m[K’ in ‘[01m[Kstruct std::enable_if<false, const std::vector<bool, std::allocator<bool> >&>[m[K’
[1.797s] /opt/ros/humble/include/rclcpp/rclcpp/parameter.hpp: In instantiation of ‘[01m[Kauto rclcpp::detail::get_value_helper(const rclcpp::Parameter*) [with T = std::map<std::__cxx11::basic_string<char>, bool>][m[K’:
[1.797s] [01m[K/opt/ros/humble/include/rclcpp/rclcpp/parameter.hpp:274:39:[m[K   required from ‘[01m[Kdecltype(auto) rclcpp::Parameter::get_value() const [with T = std::map<std::__cxx11::basic_string<char>, bool>][m[K’
[1.797s] [01m[K/opt/ros/humble/include/rclcpp/rclcpp/node_impl.hpp:294:80:[m[K   required from ‘[01m[Kbool rclcpp::Node::get_parameter(const string&, ParameterT&) const [with ParameterT = std::map<std::__cxx11::basic_string<char>, bool>; std::string = std::__cxx11::basic_string<char>][m[K’
[1.797s] [01m[K/home/devuser/AOX/ros_ws/cpp_pubsub/src/watchdog.cpp:8:26:[m[K   required from here
[1.797s] [01m[K/opt/ros/humble/include/rclcpp/rclcpp/parameter_value.hpp:309:3:[m[K [01;36m[Knote: [m[Kcandidate: ‘[01m[Ktemplate<class type> constexpr typename std::enable_if<std::is_convertible<type, const std::vector<int>&>::value, const std::vector<long int, std::allocator<long int> >&>::type rclcpp::ParameterValue::get() const[m[K’
[1.797s]   309 |   [01;36m[Kget[m[K() const
[1.797s]       |   [01;36m[K^~~[m[K
[1.797s] [01m[K/opt/ros/humble/include/rclcpp/rclcpp/parameter_value.hpp:309:3:[m[K [01;36m[Knote: [m[K  template argument deduction/substitution failed:
[1.797s] /opt/ros/humble/include/rclcpp/rclcpp/parameter_value.hpp: In substitution of ‘[01m[Ktemplate<class type> constexpr typename std::enable_if<std::is_convertible<type, const std::vector<int>&>::value, const std::vector<long int, std::allocator<long int> >&>::type rclcpp::ParameterValue::get() const [with type = std::map<std::__cxx11::basic_string<char>, bool>][m[K’:
[1.797s] [01m[K/opt/ros/humble/include/rclcpp/rclcpp/parameter.hpp:239:49:[m[K   required from ‘[01m[Kauto rclcpp::detail::get_value_helper(const rclcpp::Parameter*) [with T = std::map<std::__cxx11::basic_string<char>, bool>][m[K’
[1.798s] [01m[K/opt/ros/humble/include/rclcpp/rclcpp/parameter.hpp:274:39:[m[K   required from ‘[01m[Kdecltype(auto) rclcpp::Parameter::get_value() const [with T = std::map<std::__cxx11::basic_string<char>, bool>][m[K’
[1.798s] [01m[K/opt/ros/humble/include/rclcpp/rclcpp/node_impl.hpp:294:80:[m[K   required from ‘[01m[Kbool rclcpp::Node::get_parameter(const string&, ParameterT&) const [with ParameterT = std::map<std::__cxx11::basic_string<char>, bool>; std::string = std::__cxx11::basic_string<char>][m[K’
[1.798s] [01m[K/home/devuser/AOX/ros_ws/cpp_pubsub/src/watchdog.cpp:8:26:[m[K   required from here
[1.798s] [01m[K/opt/ros/humble/include/rclcpp/rclcpp/parameter_value.hpp:309:3:[m[K [01;31m[Kerror: [m[Kno type named ‘[01m[Ktype[m[K’ in ‘[01m[Kstruct std::enable_if<false, const std::vector<long int, std::allocator<long int> >&>[m[K’
[1.798s] /opt/ros/humble/include/rclcpp/rclcpp/parameter.hpp: In instantiation of ‘[01m[Kauto rclcpp::detail::get_value_helper(const rclcpp::Parameter*) [with T = std::map<std::__cxx11::basic_string<char>, bool>][m[K’:
[1.798s] [01m[K/opt/ros/humble/include/rclcpp/rclcpp/parameter.hpp:274:39:[m[K   required from ‘[01m[Kdecltype(auto) rclcpp::Parameter::get_value() const [with T = std::map<std::__cxx11::basic_string<char>, bool>][m[K’
[1.798s] [01m[K/opt/ros/humble/include/rclcpp/rclcpp/node_impl.hpp:294:80:[m[K   required from ‘[01m[Kbool rclcpp::Node::get_parameter(const string&, ParameterT&) const [with ParameterT = std::map<std::__cxx11::basic_string<char>, bool>; std::string = std::__cxx11::basic_string<char>][m[K’
[1.798s] [01m[K/home/devuser/AOX/ros_ws/cpp_pubsub/src/watchdog.cpp:8:26:[m[K   required from here
[1.798s] [01m[K/opt/ros/humble/include/rclcpp/rclcpp/parameter_value.hpp:319:3:[m[K [01;36m[Knote: [m[Kcandidate: ‘[01m[Ktemplate<class type> constexpr typename std::enable_if<std::is_convertible<type, const std::vector<long int, std::allocator<long int> >&>::value, const std::vector<long int, std::allocator<long int> >&>::type rclcpp::ParameterValue::get() const[m[K’
[1.798s]   319 |   [01;36m[Kget[m[K() const
[1.798s]       |   [01;36m[K^~~[m[K
[1.798s] [01m[K/opt/ros/humble/include/rclcpp/rclcpp/parameter_value.hpp:319:3:[m[K [01;36m[Knote: [m[K  template argument deduction/substitution failed:
[1.798s] /opt/ros/humble/include/rclcpp/rclcpp/parameter_value.hpp: In substitution of ‘[01m[Ktemplate<class type> constexpr typename std::enable_if<std::is_convertible<type, const std::vector<long int, std::allocator<long int> >&>::value, const std::vector<long int, std::allocator<long int> >&>::type rclcpp::ParameterValue::get() const [with type = std::map<std::__cxx11::basic_string<char>, bool>][m[K’:
[1.799s] [01m[K/opt/ros/humble/include/rclcpp/rclcpp/parameter.hpp:239:49:[m[K   required from ‘[01m[Kauto rclcpp::detail::get_value_helper(const rclcpp::Parameter*) [with T = std::map<std::__cxx11::basic_string<char>, bool>][m[K’
[1.799s] [01m[K/opt/ros/humble/include/rclcpp/rclcpp/parameter.hpp:274:39:[m[K   required from ‘[01m[Kdecltype(auto) rclcpp::Parameter::get_value() const [with T = std::map<std::__cxx11::basic_string<char>, bool>][m[K’
[1.799s] [01m[K/opt/ros/humble/include/rclcpp/rclcpp/node_impl.hpp:294:80:[m[K   required from ‘[01m[Kbool rclcpp::Node::get_parameter(const string&, ParameterT&) const [with ParameterT = std::map<std::__cxx11::basic_string<char>, bool>; std::string = std::__cxx11::basic_string<char>][m[K’
[1.799s] [01m[K/home/devuser/AOX/ros_ws/cpp_pubsub/src/watchdog.cpp:8:26:[m[K   required from here
[1.799s] [01m[K/opt/ros/humble/include/rclcpp/rclcpp/parameter_value.hpp:319:3:[m[K [01;31m[Kerror: [m[Kno type named ‘[01m[Ktype[m[K’ in ‘[01m[Kstruct std::enable_if<false, const std::vector<long int, std::allocator<long int> >&>[m[K’
[1.799s] /opt/ros/humble/include/rclcpp/rclcpp/parameter.hpp: In instantiation of ‘[01m[Kauto rclcpp::detail::get_value_helper(const rclcpp::Parameter*) [with T = std::map<std::__cxx11::basic_string<char>, bool>][m[K’:
[1.799s] [01m[K/opt/ros/humble/include/rclcpp/rclcpp/parameter.hpp:274:39:[m[K   required from ‘[01m[Kdecltype(auto) rclcpp::Parameter::get_value() const [with T = std::map<std::__cxx11::basic_string<char>, bool>][m[K’
[1.799s] [01m[K/opt/ros/humble/include/rclcpp/rclcpp/node_impl.hpp:294:80:[m[K   required from ‘[01m[Kbool rclcpp::Node::get_parameter(const string&, ParameterT&) const [with ParameterT = std::map<std::__cxx11::basic_string<char>, bool>; std::string = std::__cxx11::basic_string<char>][m[K’
[1.799s] [01m[K/home/devuser/AOX/ros_ws/cpp_pubsub/src/watchdog.cpp:8:26:[m[K   required from here
[1.799s] [01m[K/opt/ros/humble/include/rclcpp/rclcpp/parameter_value.hpp:329:3:[m[K [01;36m[Knote: [m[Kcandidate: ‘[01m[Ktemplate<class type> constexpr typename std::enable_if<std::is_convertible<type, const std::vector<float>&>::value, const std::vector<double, std::allocator<double> >&>::type rclcpp::ParameterValue::get() const[m[K’
[1.799s]   329 |   [01;36m[Kget[m[K() const
[1.799s]       |   [01;36m[K^~~[m[K
[1.799s] [01m[K/opt/ros/humble/include/rclcpp/rclcpp/parameter_value.hpp:329:3:[m[K [01;36m[Knote: [m[K  template argument deduction/substitution failed:
[1.800s] /opt/ros/humble/include/rclcpp/rclcpp/parameter_value.hpp: In substitution of ‘[01m[Ktemplate<class type> constexpr typename std::enable_if<std::is_convertible<type, const std::vector<float>&>::value, const std::vector<double, std::allocator<double> >&>::type rclcpp::ParameterValue::get() const [with type = std::map<std::__cxx11::basic_string<char>, bool>][m[K’:
[1.800s] [01m[K/opt/ros/humble/include/rclcpp/rclcpp/parameter.hpp:239:49:[m[K   required from ‘[01m[Kauto rclcpp::detail::get_value_helper(const rclcpp::Parameter*) [with T = std::map<std::__cxx11::basic_string<char>, bool>][m[K’
[1.800s] [01m[K/opt/ros/humble/include/rclcpp/rclcpp/parameter.hpp:274:39:[m[K   required from ‘[01m[Kdecltype(auto) rclcpp::Parameter::get_value() const [with T = std::map<std::__cxx11::basic_string<char>, bool>][m[K’
[1.800s] [01m[K/opt/ros/humble/include/rclcpp/rclcpp/node_impl.hpp:294:80:[m[K   required from ‘[01m[Kbool rclcpp::Node::get_parameter(const string&, ParameterT&) const [with ParameterT = std::map<std::__cxx11::basic_string<char>, bool>; std::string = std::__cxx11::basic_string<char>][m[K’
[1.800s] [01m[K/home/devuser/AOX/ros_ws/cpp_pubsub/src/watchdog.cpp:8:26:[m[K   required from here
[1.800s] [01m[K/opt/ros/humble/include/rclcpp/rclcpp/parameter_value.hpp:329:3:[m[K [01;31m[Kerror: [m[Kno type named ‘[01m[Ktype[m[K’ in ‘[01m[Kstruct std::enable_if<false, const std::vector<double, std::allocator<double> >&>[m[K’
[1.800s] /opt/ros/humble/include/rclcpp/rclcpp/parameter.hpp: In instantiation of ‘[01m[Kauto rclcpp::detail::get_value_helper(const rclcpp::Parameter*) [with T = std::map<std::__cxx11::basic_string<char>, bool>][m[K’:
[1.800s] [01m[K/opt/ros/humble/include/rclcpp/rclcpp/parameter.hpp:274:39:[m[K   required from ‘[01m[Kdecltype(auto) rclcpp::Parameter::get_value() const [with T = std::map<std::__cxx11::basic_string<char>, bool>][m[K’
[1.800s] [01m[K/opt/ros/humble/include/rclcpp/rclcpp/node_impl.hpp:294:80:[m[K   required from ‘[01m[Kbool rclcpp::Node::get_parameter(const string&, ParameterT&) const [with ParameterT = std::map<std::__cxx11::basic_string<char>, bool>; std::string = std::__cxx11::basic_string<char>][m[K’
[1.800s] [01m[K/home/devuser/AOX/ros_ws/cpp_pubsub/src/watchdog.cpp:8:26:[m[K   required from here
[1.800s] [01m[K/opt/ros/humble/include/rclcpp/rclcpp/parameter_value.hpp:339:3:[m[K [01;36m[Knote: [m[Kcandidate: ‘[01m[Ktemplate<class type> constexpr typename std::enable_if<std::is_convertible<type, const std::vector<double, std::allocator<double> >&>::value, const std::vector<double, std::allocator<double> >&>::type rclcpp::ParameterValue::get() const[m[K’
[1.800s]   339 |   [01;36m[Kget[m[K() const
[1.800s]       |   [01;36m[K^~~[m[K
[1.800s] [01m[K/opt/ros/humble/include/rclcpp/rclcpp/parameter_value.hpp:339:3:[m[K [01;36m[Knote: [m[K  template argument deduction/substitution failed:
[1.801s] /opt/ros/humble/include/rclcpp/rclcpp/parameter_value.hpp: In substitution of ‘[01m[Ktemplate<class type> constexpr typename std::enable_if<std::is_convertible<type, const std::vector<double, std::allocator<double> >&>::value, const std::vector<double, std::allocator<double> >&>::type rclcpp::ParameterValue::get() const [with type = std::map<std::__cxx11::basic_string<char>, bool>][m[K’:
[1.801s] [01m[K/opt/ros/humble/include/rclcpp/rclcpp/parameter.hpp:239:49:[m[K   required from ‘[01m[Kauto rclcpp::detail::get_value_helper(const rclcpp::Parameter*) [with T = std::map<std::__cxx11::basic_string<char>, bool>][m[K’
[1.801s] [01m[K/opt/ros/humble/include/rclcpp/rclcpp/parameter.hpp:274:39:[m[K   required from ‘[01m[Kdecltype(auto) rclcpp::Parameter::get_value() const [with T = std::map<std::__cxx11::basic_string<char>, bool>][m[K’
[1.801s] [01m[K/opt/ros/humble/include/rclcpp/rclcpp/node_impl.hpp:294:80:[m[K   required from ‘[01m[Kbool rclcpp::Node::get_parameter(const string&, ParameterT&) const [with ParameterT = std::map<std::__cxx11::basic_string<char>, bool>; std::string = std::__cxx11::basic_string<char>][m[K’
[1.801s] [01m[K/home/devuser/AOX/ros_ws/cpp_pubsub/src/watchdog.cpp:8:26:[m[K   required from here
[1.801s] [01m[K/opt/ros/humble/include/rclcpp/rclcpp/parameter_value.hpp:339:3:[m[K [01;31m[Kerror: [m[Kno type named ‘[01m[Ktype[m[K’ in ‘[01m[Kstruct std::enable_if<false, const std::vector<double, std::allocator<double> >&>[m[K’
[1.801s] /opt/ros/humble/include/rclcpp/rclcpp/parameter.hpp: In instantiation of ‘[01m[Kauto rclcpp::detail::get_value_helper(const rclcpp::Parameter*) [with T = std::map<std::__cxx11::basic_string<char>, bool>][m[K’:
[1.801s] [01m[K/opt/ros/humble/include/rclcpp/rclcpp/parameter.hpp:274:39:[m[K   required from ‘[01m[Kdecltype(auto) rclcpp::Parameter::get_value() const [with T = std::map<std::__cxx11::basic_string<char>, bool>][m[K’
[1.801s] [01m[K/opt/ros/humble/include/rclcpp/rclcpp/node_impl.hpp:294:80:[m[K   required from ‘[01m[Kbool rclcpp::Node::get_parameter(const string&, ParameterT&) const [with ParameterT = std::map<std::__cxx11::basic_string<char>, bool>; std::string = std::__cxx11::basic_string<char>][m[K’
[1.801s] [01m[K/home/devuser/AOX/ros_ws/cpp_pubsub/src/watchdog.cpp:8:26:[m[K   required from here
[1.801s] [01m[K/opt/ros/humble/include/rclcpp/rclcpp/parameter_value.hpp:349:3:[m[K [01;36m[Knote: [m[Kcandidate: ‘[01m[Ktemplate<class type> constexpr typename std::enable_if<std::is_convertible<type, const std::vector<std::__cxx11::basic_string<char> >&>::value, const std::vector<std::__cxx11::basic_string<char> >&>::type rclcpp::ParameterValue::get() const[m[K’
[1.801s]   349 |   [01;36m[Kget[m[K() const
[1.802s]       |   [01;36m[K^~~[m[K
[1.802s] [01m[K/opt/ros/humble/include/rclcpp/rclcpp/parameter_value.hpp:349:3:[m[K [01;36m[Knote: [m[K  template argument deduction/substitution failed:
[1.802s] /opt/ros/humble/include/rclcpp/rclcpp/parameter_value.hpp: In substitution of ‘[01m[Ktemplate<class type> constexpr typename std::enable_if<std::is_convertible<type, const std::vector<std::__cxx11::basic_string<char> >&>::value, const std::vector<std::__cxx11::basic_string<char> >&>::type rclcpp::ParameterValue::get() const [with type = std::map<std::__cxx11::basic_string<char>, bool>][m[K’:
[1.802s] [01m[K/opt/ros/humble/include/rclcpp/rclcpp/parameter.hpp:239:49:[m[K   required from ‘[01m[Kauto rclcpp::detail::get_value_helper(const rclcpp::Parameter*) [with T = std::map<std::__cxx11::basic_string<char>, bool>][m[K’
[1.802s] [01m[K/opt/ros/humble/include/rclcpp/rclcpp/parameter.hpp:274:39:[m[K   required from ‘[01m[Kdecltype(auto) rclcpp::Parameter::get_value() const [with T = std::map<std::__cxx11::basic_string<char>, bool>][m[K’
[1.802s] [01m[K/opt/ros/humble/include/rclcpp/rclcpp/node_impl.hpp:294:80:[m[K   required from ‘[01m[Kbool rclcpp::Node::get_parameter(const string&, ParameterT&) const [with ParameterT = std::map<std::__cxx11::basic_string<char>, bool>; std::string = std::__cxx11::basic_string<char>][m[K’
[1.802s] [01m[K/home/devuser/AOX/ros_ws/cpp_pubsub/src/watchdog.cpp:8:26:[m[K   required from here
[1.802s] [01m[K/opt/ros/humble/include/rclcpp/rclcpp/parameter_value.hpp:349:3:[m[K [01;31m[Kerror: [m[Kno type named ‘[01m[Ktype[m[K’ in ‘[01m[Kstruct std::enable_if<false, const std::vector<std::__cxx11::basic_string<char> >&>[m[K’
[3.459s] gmake[2]: *** [CMakeFiles/watchdog.dir/build.make:76: CMakeFiles/watchdog.dir/src/watchdog.cpp.o] Error 1
[3.459s] gmake[1]: *** [CMakeFiles/Makefile2:193: CMakeFiles/watchdog.dir/all] Error 2
[3.459s] gmake: *** [Makefile:146: all] Error 2
[3.461s] Invoked command in '/home/devuser/AOX/ros_ws/cpp_pubsub/build/cpp_pubsub' returned '2': CMAKE_PREFIX_PATH=${CMAKE_PREFIX_PATH}:/home/devuser/AOX/ros_ws/install/rosidl_cli:/opt/ros/humble /usr/bin/cmake --build /home/devuser/AOX/ros_ws/cpp_pubsub/build/cpp_pubsub -- -j8 -l8
