[0.267s] DEBUG:colcon:Command line arguments: ['/home/devuser/.local/bin/colcon', 'build', '--packages-select', 'syncasyn']
[0.267s] DEBUG:colcon:Parsed command line arguments: Namespace(log_base=None, log_level=None, verb_name='build', build_base='build', install_base='install', merge_install=False, symlink_install=False, test_result_base=None, continue_on_error=False, executor='parallel', parallel_workers=8, event_handlers=None, ignore_user_meta=False, metas=['./colcon.meta'], base_paths=['.'], packages_ignore=None, packages_ignore_regex=None, paths=None, packages_up_to=None, packages_up_to_regex=None, packages_above=None, packages_above_and_dependencies=None, packages_above_depth=None, packages_select_by_dep=None, packages_skip_by_dep=None, packages_skip_up_to=None, packages_select_build_failed=False, packages_skip_build_finished=False, packages_select_test_failures=False, packages_skip_test_passed=False, packages_select=['syncasyn'], packages_skip=None, packages_select_regex=None, packages_skip_regex=None, packages_start=None, packages_end=None, allow_overriding=[], cmake_args=None, cmake_target=None, cmake_target_skip_unavailable=False, cmake_clean_cache=False, cmake_clean_first=False, cmake_force_configure=False, ament_cmake_args=None, catkin_cmake_args=None, catkin_skip_building_tests=False, verb_parser=<colcon_defaults.argument_parser.defaults.DefaultArgumentsDecorator object at 0x7fb35d515180>, verb_extension=<colcon_core.verb.build.BuildVerb object at 0x7fb35dec53c0>, main=<bound method BuildVerb.main of <colcon_core.verb.build.BuildVerb object at 0x7fb35dec53c0>>)
[0.286s] Level 1:colcon.colcon_core.package_discovery:discover_packages(colcon_meta) check parameters
[0.286s] Level 1:colcon.colcon_core.package_discovery:discover_packages(recursive) check parameters
[0.286s] Level 1:colcon.colcon_core.package_discovery:discover_packages(ignore) check parameters
[0.286s] Level 1:colcon.colcon_core.package_discovery:discover_packages(path) check parameters
[0.286s] Level 1:colcon.colcon_core.package_discovery:discover_packages(colcon_meta) discover
[0.286s] Level 1:colcon.colcon_core.package_discovery:discover_packages(recursive) discover
[0.286s] INFO:colcon.colcon_core.package_discovery:Crawling recursively for packages in '/home/devuser/AOX/ros_ws/syncasyn'
[0.287s] Level 1:colcon.colcon_core.package_identification:_identify(.) by extensions ['ignore', 'ignore_ament_install']
[0.287s] Level 1:colcon.colcon_core.package_identification:_identify(.) by extension 'ignore'
[0.287s] Level 1:colcon.colcon_core.package_identification:_identify(.) by extension 'ignore_ament_install'
[0.287s] Level 1:colcon.colcon_core.package_identification:_identify(.) by extensions ['colcon_pkg']
[0.287s] Level 1:colcon.colcon_core.package_identification:_identify(.) by extension 'colcon_pkg'
[0.287s] Level 1:colcon.colcon_core.package_identification:_identify(.) by extensions ['colcon_meta']
[0.287s] Level 1:colcon.colcon_core.package_identification:_identify(.) by extension 'colcon_meta'
[0.287s] Level 1:colcon.colcon_core.package_identification:_identify(.) by extensions ['ros']
[0.287s] Level 1:colcon.colcon_core.package_identification:_identify(.) by extension 'ros'
[0.297s] DEBUG:colcon.colcon_core.package_identification:Package '.' with type 'ros.ament_cmake' and name 'syncasyn'
[0.297s] Level 1:colcon.colcon_core.package_discovery:discover_packages(recursive) using defaults
[0.297s] Level 1:colcon.colcon_core.package_discovery:discover_packages(ignore) discover
[0.297s] Level 1:colcon.colcon_core.package_discovery:discover_packages(ignore) using defaults
[0.297s] Level 1:colcon.colcon_core.package_discovery:discover_packages(path) discover
[0.297s] Level 1:colcon.colcon_core.package_discovery:discover_packages(path) using defaults
[0.316s] Level 1:colcon.colcon_core.package_discovery:discover_packages(prefix_path) check parameters
[0.316s] Level 1:colcon.colcon_core.package_discovery:discover_packages(prefix_path) discover
[0.319s] DEBUG:colcon.colcon_installed_package_information.package_discovery:Found 1 installed packages in /home/devuser/AOX/ros_ws/cpp_pubsub/src/install
[0.320s] DEBUG:colcon.colcon_installed_package_information.package_discovery:Found 1 installed packages in /home/devuser/AOX/ros_ws/cpp_pubsub/install
[0.322s] DEBUG:colcon.colcon_installed_package_information.package_discovery:Found 284 installed packages in /opt/ros/humble
[0.323s] Level 1:colcon.colcon_core.package_discovery:discover_packages(prefix_path) using defaults
[0.366s] Level 5:colcon.colcon_core.verb:set package 'syncasyn' build argument 'cmake_args' from command line to 'None'
[0.366s] Level 5:colcon.colcon_core.verb:set package 'syncasyn' build argument 'cmake_target' from command line to 'None'
[0.366s] Level 5:colcon.colcon_core.verb:set package 'syncasyn' build argument 'cmake_target_skip_unavailable' from command line to 'False'
[0.366s] Level 5:colcon.colcon_core.verb:set package 'syncasyn' build argument 'cmake_clean_cache' from command line to 'False'
[0.366s] Level 5:colcon.colcon_core.verb:set package 'syncasyn' build argument 'cmake_clean_first' from command line to 'False'
[0.366s] Level 5:colcon.colcon_core.verb:set package 'syncasyn' build argument 'cmake_force_configure' from command line to 'False'
[0.366s] Level 5:colcon.colcon_core.verb:set package 'syncasyn' build argument 'ament_cmake_args' from command line to 'None'
[0.366s] Level 5:colcon.colcon_core.verb:set package 'syncasyn' build argument 'catkin_cmake_args' from command line to 'None'
[0.366s] Level 5:colcon.colcon_core.verb:set package 'syncasyn' build argument 'catkin_skip_building_tests' from command line to 'False'
[0.367s] DEBUG:colcon.colcon_core.verb:Building package 'syncasyn' with the following arguments: {'ament_cmake_args': None, 'build_base': '/home/devuser/AOX/ros_ws/syncasyn/build/syncasyn', 'catkin_cmake_args': None, 'catkin_skip_building_tests': False, 'cmake_args': None, 'cmake_clean_cache': False, 'cmake_clean_first': False, 'cmake_force_configure': False, 'cmake_target': None, 'cmake_target_skip_unavailable': False, 'install_base': '/home/devuser/AOX/ros_ws/syncasyn/install/syncasyn', 'merge_install': False, 'path': '/home/devuser/AOX/ros_ws/syncasyn', 'symlink_install': False, 'test_result_base': None}
[0.367s] INFO:colcon.colcon_core.executor:Executing jobs using 'parallel' executor
[0.372s] DEBUG:colcon.colcon_parallel_executor.executor.parallel:run_until_complete
[0.373s] INFO:colcon.colcon_ros.task.ament_cmake.build:Building ROS package in '/home/devuser/AOX/ros_ws/syncasyn' with build type 'ament_cmake'
[0.373s] INFO:colcon.colcon_cmake.task.cmake.build:Building CMake package in '/home/devuser/AOX/ros_ws/syncasyn'
[0.377s] INFO:colcon.colcon_core.plugin_system:Skipping extension 'colcon_core.shell.bat': Not used on non-Windows systems
[0.377s] INFO:colcon.colcon_core.shell:Skip shell extension 'powershell' for command environment: Not usable outside of PowerShell
[0.377s] DEBUG:colcon.colcon_core.shell:Skip shell extension 'dsv' for command environment
[0.388s] DEBUG:colcon.colcon_core.event_handler.log_command:Invoking command in '/home/devuser/AOX/ros_ws/syncasyn/build/syncasyn': CMAKE_PREFIX_PATH=${CMAKE_PREFIX_PATH}:/opt/ros/humble /usr/bin/cmake --build /home/devuser/AOX/ros_ws/syncasyn/build/syncasyn -- -j8 -l8
[3.403s] DEBUG:colcon.colcon_core.event_handler.log_command:Invoked command in '/home/devuser/AOX/ros_ws/syncasyn/build/syncasyn' returned '0': CMAKE_PREFIX_PATH=${CMAKE_PREFIX_PATH}:/opt/ros/humble /usr/bin/cmake --build /home/devuser/AOX/ros_ws/syncasyn/build/syncasyn -- -j8 -l8
[3.426s] DEBUG:colcon.colcon_core.event_handler.log_command:Invoking command in '/home/devuser/AOX/ros_ws/syncasyn/build/syncasyn': CMAKE_PREFIX_PATH=${CMAKE_PREFIX_PATH}:/opt/ros/humble /usr/bin/cmake --install /home/devuser/AOX/ros_ws/syncasyn/build/syncasyn
[3.434s] Level 1:colcon.colcon_core.environment:create_environment_scripts_only(syncasyn)
[3.435s] DEBUG:colcon.colcon_core.event_handler.log_command:Invoked command in '/home/devuser/AOX/ros_ws/syncasyn/build/syncasyn' returned '0': CMAKE_PREFIX_PATH=${CMAKE_PREFIX_PATH}:/opt/ros/humble /usr/bin/cmake --install /home/devuser/AOX/ros_ws/syncasyn/build/syncasyn
[3.439s] Level 1:colcon.colcon_core.environment:checking '/home/devuser/AOX/ros_ws/syncasyn/install/syncasyn' for CMake module files
[3.439s] Level 1:colcon.colcon_core.environment:checking '/home/devuser/AOX/ros_ws/syncasyn/install/syncasyn' for CMake config files
[3.439s] Level 1:colcon.colcon_core.shell:create_environment_hook('syncasyn', 'cmake_prefix_path')
[3.441s] INFO:colcon.colcon_core.shell:Creating environment hook '/home/devuser/AOX/ros_ws/syncasyn/install/syncasyn/share/syncasyn/hook/cmake_prefix_path.ps1'
[3.441s] INFO:colcon.colcon_core.shell:Creating environment descriptor '/home/devuser/AOX/ros_ws/syncasyn/install/syncasyn/share/syncasyn/hook/cmake_prefix_path.dsv'
[3.442s] INFO:colcon.colcon_core.shell:Creating environment hook '/home/devuser/AOX/ros_ws/syncasyn/install/syncasyn/share/syncasyn/hook/cmake_prefix_path.sh'
[3.442s] Level 1:colcon.colcon_core.environment:checking '/home/devuser/AOX/ros_ws/syncasyn/install/syncasyn/lib'
[3.442s] Level 1:colcon.colcon_core.environment:checking '/home/devuser/AOX/ros_ws/syncasyn/install/syncasyn/bin'
[3.442s] Level 1:colcon.colcon_core.environment:checking '/home/devuser/AOX/ros_ws/syncasyn/install/syncasyn/lib/pkgconfig/syncasyn.pc'
[3.442s] Level 1:colcon.colcon_core.environment:checking '/home/devuser/AOX/ros_ws/syncasyn/install/syncasyn/lib/python3.10/site-packages'
[3.443s] Level 1:colcon.colcon_core.environment:checking '/home/devuser/AOX/ros_ws/syncasyn/install/syncasyn/bin'
[3.444s] INFO:colcon.colcon_core.shell:Creating package script '/home/devuser/AOX/ros_ws/syncasyn/install/syncasyn/share/syncasyn/package.ps1'
[3.445s] INFO:colcon.colcon_core.shell:Creating package descriptor '/home/devuser/AOX/ros_ws/syncasyn/install/syncasyn/share/syncasyn/package.dsv'
[3.445s] INFO:colcon.colcon_core.shell:Creating package script '/home/devuser/AOX/ros_ws/syncasyn/install/syncasyn/share/syncasyn/package.sh'
[3.446s] INFO:colcon.colcon_core.shell:Creating package script '/home/devuser/AOX/ros_ws/syncasyn/install/syncasyn/share/syncasyn/package.bash'
[3.446s] INFO:colcon.colcon_core.shell:Creating package script '/home/devuser/AOX/ros_ws/syncasyn/install/syncasyn/share/syncasyn/package.zsh'
[3.446s] Level 1:colcon.colcon_core.environment:create_file_with_runtime_dependencies(/home/devuser/AOX/ros_ws/syncasyn/install/syncasyn/share/colcon-core/packages/syncasyn)
[3.463s] Level 1:colcon.colcon_core.environment:create_environment_scripts_only(syncasyn)
[3.466s] Level 1:colcon.colcon_core.environment:checking '/home/devuser/AOX/ros_ws/syncasyn/install/syncasyn' for CMake module files
[3.466s] Level 1:colcon.colcon_core.environment:checking '/home/devuser/AOX/ros_ws/syncasyn/install/syncasyn' for CMake config files
[3.467s] Level 1:colcon.colcon_core.shell:create_environment_hook('syncasyn', 'cmake_prefix_path')
[3.468s] INFO:colcon.colcon_core.shell:Creating environment hook '/home/devuser/AOX/ros_ws/syncasyn/install/syncasyn/share/syncasyn/hook/cmake_prefix_path.ps1'
[3.469s] INFO:colcon.colcon_core.shell:Creating environment descriptor '/home/devuser/AOX/ros_ws/syncasyn/install/syncasyn/share/syncasyn/hook/cmake_prefix_path.dsv'
[3.469s] INFO:colcon.colcon_core.shell:Creating environment hook '/home/devuser/AOX/ros_ws/syncasyn/install/syncasyn/share/syncasyn/hook/cmake_prefix_path.sh'
[3.469s] Level 1:colcon.colcon_core.environment:checking '/home/devuser/AOX/ros_ws/syncasyn/install/syncasyn/lib'
[3.469s] Level 1:colcon.colcon_core.environment:checking '/home/devuser/AOX/ros_ws/syncasyn/install/syncasyn/bin'
[3.469s] Level 1:colcon.colcon_core.environment:checking '/home/devuser/AOX/ros_ws/syncasyn/install/syncasyn/lib/pkgconfig/syncasyn.pc'
[3.469s] Level 1:colcon.colcon_core.environment:checking '/home/devuser/AOX/ros_ws/syncasyn/install/syncasyn/lib/python3.10/site-packages'
[3.470s] Level 1:colcon.colcon_core.environment:checking '/home/devuser/AOX/ros_ws/syncasyn/install/syncasyn/bin'
[3.471s] INFO:colcon.colcon_core.shell:Creating package script '/home/devuser/AOX/ros_ws/syncasyn/install/syncasyn/share/syncasyn/package.ps1'
[3.472s] INFO:colcon.colcon_core.shell:Creating package descriptor '/home/devuser/AOX/ros_ws/syncasyn/install/syncasyn/share/syncasyn/package.dsv'
[3.472s] INFO:colcon.colcon_core.shell:Creating package script '/home/devuser/AOX/ros_ws/syncasyn/install/syncasyn/share/syncasyn/package.sh'
[3.472s] INFO:colcon.colcon_core.shell:Creating package script '/home/devuser/AOX/ros_ws/syncasyn/install/syncasyn/share/syncasyn/package.bash'
[3.472s] INFO:colcon.colcon_core.shell:Creating package script '/home/devuser/AOX/ros_ws/syncasyn/install/syncasyn/share/syncasyn/package.zsh'
[3.472s] Level 1:colcon.colcon_core.environment:create_file_with_runtime_dependencies(/home/devuser/AOX/ros_ws/syncasyn/install/syncasyn/share/colcon-core/packages/syncasyn)
[3.473s] DEBUG:colcon.colcon_parallel_executor.executor.parallel:closing loop
[3.473s] DEBUG:colcon.colcon_parallel_executor.executor.parallel:loop closed
[3.473s] DEBUG:colcon.colcon_parallel_executor.executor.parallel:run_until_complete finished with '0'
[3.473s] DEBUG:colcon.colcon_core.event_reactor:joining thread
[3.476s] INFO:colcon.colcon_core.plugin_system:Skipping extension 'colcon_notification.desktop_notification.terminal_notifier': Not used on non-Darwin systems
[3.476s] INFO:colcon.colcon_core.plugin_system:Skipping extension 'colcon_notification.desktop_notification.win32': Not used on non-Windows systems
[3.476s] INFO:colcon.colcon_notification.desktop_notification:Sending desktop notification using 'notify2'
[3.485s] DEBUG:colcon.colcon_core.event_reactor:joined thread
[3.488s] INFO:colcon.colcon_core.shell:Creating prefix script '/home/devuser/AOX/ros_ws/syncasyn/install/local_setup.ps1'
[3.488s] INFO:colcon.colcon_core.shell:Creating prefix util module '/home/devuser/AOX/ros_ws/syncasyn/install/_local_setup_util_ps1.py'
[3.489s] INFO:colcon.colcon_core.shell:Creating prefix chain script '/home/devuser/AOX/ros_ws/syncasyn/install/setup.ps1'
[3.490s] INFO:colcon.colcon_core.shell:Creating prefix script '/home/devuser/AOX/ros_ws/syncasyn/install/local_setup.sh'
[3.491s] INFO:colcon.colcon_core.shell:Creating prefix util module '/home/devuser/AOX/ros_ws/syncasyn/install/_local_setup_util_sh.py'
[3.491s] INFO:colcon.colcon_core.shell:Creating prefix chain script '/home/devuser/AOX/ros_ws/syncasyn/install/setup.sh'
[3.492s] INFO:colcon.colcon_core.shell:Creating prefix script '/home/devuser/AOX/ros_ws/syncasyn/install/local_setup.bash'
[3.493s] INFO:colcon.colcon_core.shell:Creating prefix chain script '/home/devuser/AOX/ros_ws/syncasyn/install/setup.bash'
[3.494s] INFO:colcon.colcon_core.shell:Creating prefix script '/home/devuser/AOX/ros_ws/syncasyn/install/local_setup.zsh'
[3.494s] INFO:colcon.colcon_core.shell:Creating prefix chain script '/home/devuser/AOX/ros_ws/syncasyn/install/setup.zsh'
