[0.044s] Invoking command in '/home/devuser/ros2_ws/build/cpp_srvcli': CMAKE_PREFIX_PATH=${CMAKE_PREFIX_PATH}:/opt/ros/humble /usr/bin/cmake --build /home/devuser/ros2_ws/build/cpp_srvcli -- -j8 -l8
[0.066s] -- Found ament_cmake: 1.3.5 (/opt/ros/humble/share/ament_cmake/cmake)
[0.215s] -- Found rclcpp: 16.0.5 (/opt/ros/humble/share/rclcpp/cmake)
[0.251s] -- Found rosidl_generator_c: 3.1.5 (/opt/ros/humble/share/rosidl_generator_c/cmake)
[0.254s] -- Found rosidl_adapter: 3.1.5 (/opt/ros/humble/share/rosidl_adapter/cmake)
[0.260s] -- Found rosidl_generator_cpp: 3.1.5 (/opt/ros/humble/share/rosidl_generator_cpp/cmake)
[0.276s] -- Using all available rosidl_typesupport_c: rosidl_typesupport_fastrtps_c;rosidl_typesupport_introspection_c
[0.295s] -- Using all available rosidl_typesupport_cpp: rosidl_typesupport_fastrtps_cpp;rosidl_typesupport_introspection_cpp
[0.359s] -- Found rmw_implementation_cmake: 6.1.1 (/opt/ros/humble/share/rmw_implementation_cmake/cmake)
[0.361s] -- Found rmw_fastrtps_cpp: 6.2.3 (/opt/ros/humble/share/rmw_fastrtps_cpp/cmake)
[0.483s] -- Using RMW implementation 'rmw_fastrtps_cpp' as default
[0.692s] -- Found example_interfaces: 0.9.3 (/opt/ros/humble/share/example_interfaces/cmake)
[0.860s] -- Found tutorial_interfaces: 0.0.0 (/home/devuser/ros2_ws/install/tutorial_interfaces/share/tutorial_interfaces/cmake)
[1.063s] -- Configuring done
[1.075s] -- Generating done
[1.077s] -- Build files have been written to: /home/devuser/ros2_ws/build/cpp_srvcli
[1.100s] [35m[1mConsolidate compiler generated dependencies of target client[0m
[1.101s] [35m[1mConsolidate compiler generated dependencies of target server[0m
[1.116s] [ 50%] [32mBuilding CXX object CMakeFiles/server.dir/src/add_two_ints_server.cpp.o[0m
[1.116s] [ 50%] [32mBuilding CXX object CMakeFiles/client.dir/src/add_two_ints_client.cpp.o[0m
[4.693s] [ 75%] [32m[1mLinking CXX executable server[0m
[4.860s] [ 75%] Built target server
[4.884s] [100%] [32m[1mLinking CXX executable client[0m
[5.044s] [100%] Built target client
[5.056s] Invoked command in '/home/devuser/ros2_ws/build/cpp_srvcli' returned '0': CMAKE_PREFIX_PATH=${CMAKE_PREFIX_PATH}:/opt/ros/humble /usr/bin/cmake --build /home/devuser/ros2_ws/build/cpp_srvcli -- -j8 -l8
[5.086s] Invoking command in '/home/devuser/ros2_ws/build/cpp_srvcli': CMAKE_PREFIX_PATH=${CMAKE_PREFIX_PATH}:/opt/ros/humble /usr/bin/cmake --install /home/devuser/ros2_ws/build/cpp_srvcli
[5.093s] -- Install configuration: ""
[5.094s] -- Installing: /home/devuser/ros2_ws/install/cpp_srvcli/lib/cpp_srvcli/server
[5.095s] -- Set runtime path of "/home/devuser/ros2_ws/install/cpp_srvcli/lib/cpp_srvcli/server" to ""
[5.095s] -- Installing: /home/devuser/ros2_ws/install/cpp_srvcli/lib/cpp_srvcli/client
[5.096s] -- Set runtime path of "/home/devuser/ros2_ws/install/cpp_srvcli/lib/cpp_srvcli/client" to ""
[5.096s] -- Up-to-date: /home/devuser/ros2_ws/install/cpp_srvcli/share/ament_index/resource_index/package_run_dependencies/cpp_srvcli
[5.096s] -- Up-to-date: /home/devuser/ros2_ws/install/cpp_srvcli/share/ament_index/resource_index/parent_prefix_path/cpp_srvcli
[5.096s] -- Up-to-date: /home/devuser/ros2_ws/install/cpp_srvcli/share/cpp_srvcli/environment/ament_prefix_path.sh
[5.096s] -- Installing: /home/devuser/ros2_ws/install/cpp_srvcli/share/cpp_srvcli/environment/ament_prefix_path.dsv
[5.096s] -- Up-to-date: /home/devuser/ros2_ws/install/cpp_srvcli/share/cpp_srvcli/environment/path.sh
[5.096s] -- Installing: /home/devuser/ros2_ws/install/cpp_srvcli/share/cpp_srvcli/environment/path.dsv
[5.096s] -- Up-to-date: /home/devuser/ros2_ws/install/cpp_srvcli/share/cpp_srvcli/local_setup.bash
[5.096s] -- Up-to-date: /home/devuser/ros2_ws/install/cpp_srvcli/share/cpp_srvcli/local_setup.sh
[5.097s] -- Up-to-date: /home/devuser/ros2_ws/install/cpp_srvcli/share/cpp_srvcli/local_setup.zsh
[5.097s] -- Installing: /home/devuser/ros2_ws/install/cpp_srvcli/share/cpp_srvcli/local_setup.dsv
[5.097s] -- Installing: /home/devuser/ros2_ws/install/cpp_srvcli/share/cpp_srvcli/package.dsv
[5.097s] -- Up-to-date: /home/devuser/ros2_ws/install/cpp_srvcli/share/ament_index/resource_index/packages/cpp_srvcli
[5.097s] -- Up-to-date: /home/devuser/ros2_ws/install/cpp_srvcli/share/cpp_srvcli/cmake/cpp_srvcliConfig.cmake
[5.097s] -- Up-to-date: /home/devuser/ros2_ws/install/cpp_srvcli/share/cpp_srvcli/cmake/cpp_srvcliConfig-version.cmake
[5.097s] -- Up-to-date: /home/devuser/ros2_ws/install/cpp_srvcli/share/cpp_srvcli/package.xml
[5.100s] Invoked command in '/home/devuser/ros2_ws/build/cpp_srvcli' returned '0': CMAKE_PREFIX_PATH=${CMAKE_PREFIX_PATH}:/opt/ros/humble /usr/bin/cmake --install /home/devuser/ros2_ws/build/cpp_srvcli
