[0.528s] DEBUG:colcon:Command line arguments: ['/home/devuser/.local/bin/colcon', 'build', '--packages-select', 'cpp_srvcli']
[0.528s] DEBUG:colcon:Parsed command line arguments: Namespace(log_base=None, log_level=None, verb_name='build', build_base='build', install_base='install', merge_install=False, symlink_install=False, test_result_base=None, continue_on_error=False, executor='parallel', parallel_workers=8, event_handlers=None, ignore_user_meta=False, metas=['./colcon.meta'], base_paths=['.'], packages_ignore=None, packages_ignore_regex=None, paths=None, packages_up_to=None, packages_up_to_regex=None, packages_above=None, packages_above_and_dependencies=None, packages_above_depth=None, packages_select_by_dep=None, packages_skip_by_dep=None, packages_skip_up_to=None, packages_select_build_failed=False, packages_skip_build_finished=False, packages_select_test_failures=False, packages_skip_test_passed=False, packages_select=['cpp_srvcli'], packages_skip=None, packages_select_regex=None, packages_skip_regex=None, packages_start=None, packages_end=None, allow_overriding=[], cmake_args=None, cmake_target=None, cmake_target_skip_unavailable=False, cmake_clean_cache=False, cmake_clean_first=False, cmake_force_configure=False, ament_cmake_args=None, catkin_cmake_args=None, catkin_skip_building_tests=False, verb_parser=<colcon_defaults.argument_parser.defaults.DefaultArgumentsDecorator object at 0x7f747c464070>, verb_extension=<colcon_core.verb.build.BuildVerb object at 0x7f747cdcd1b0>, main=<bound method BuildVerb.main of <colcon_core.verb.build.BuildVerb object at 0x7f747cdcd1b0>>)
[0.557s] Level 1:colcon.colcon_core.package_discovery:discover_packages(colcon_meta) check parameters
[0.557s] Level 1:colcon.colcon_core.package_discovery:discover_packages(recursive) check parameters
[0.557s] Level 1:colcon.colcon_core.package_discovery:discover_packages(ignore) check parameters
[0.557s] Level 1:colcon.colcon_core.package_discovery:discover_packages(path) check parameters
[0.557s] Level 1:colcon.colcon_core.package_discovery:discover_packages(colcon_meta) discover
[0.557s] Level 1:colcon.colcon_core.package_discovery:discover_packages(recursive) discover
[0.557s] INFO:colcon.colcon_core.package_discovery:Crawling recursively for packages in '/home/devuser/ros2_ws'
[0.557s] Level 1:colcon.colcon_core.package_identification:_identify(.) by extensions ['ignore', 'ignore_ament_install']
[0.557s] Level 1:colcon.colcon_core.package_identification:_identify(.) by extension 'ignore'
[0.558s] Level 1:colcon.colcon_core.package_identification:_identify(.) by extension 'ignore_ament_install'
[0.558s] Level 1:colcon.colcon_core.package_identification:_identify(.) by extensions ['colcon_pkg']
[0.558s] Level 1:colcon.colcon_core.package_identification:_identify(.) by extension 'colcon_pkg'
[0.558s] Level 1:colcon.colcon_core.package_identification:_identify(.) by extensions ['colcon_meta']
[0.558s] Level 1:colcon.colcon_core.package_identification:_identify(.) by extension 'colcon_meta'
[0.558s] Level 1:colcon.colcon_core.package_identification:_identify(.) by extensions ['ros']
[0.558s] Level 1:colcon.colcon_core.package_identification:_identify(.) by extension 'ros'
[0.569s] Level 1:colcon.colcon_core.package_identification:_identify(.) by extensions ['cmake', 'python']
[0.570s] Level 1:colcon.colcon_core.package_identification:_identify(.) by extension 'cmake'
[0.570s] Level 1:colcon.colcon_core.package_identification:_identify(.) by extension 'python'
[0.570s] Level 1:colcon.colcon_core.package_identification:_identify(.) by extensions ['python_setup_py']
[0.570s] Level 1:colcon.colcon_core.package_identification:_identify(.) by extension 'python_setup_py'
[0.570s] Level 1:colcon.colcon_core.package_identification:_identify(build) by extensions ['ignore', 'ignore_ament_install']
[0.570s] Level 1:colcon.colcon_core.package_identification:_identify(build) by extension 'ignore'
[0.570s] Level 1:colcon.colcon_core.package_identification:_identify(build) ignored
[0.570s] Level 1:colcon.colcon_core.package_identification:_identify(install) by extensions ['ignore', 'ignore_ament_install']
[0.570s] Level 1:colcon.colcon_core.package_identification:_identify(install) by extension 'ignore'
[0.570s] Level 1:colcon.colcon_core.package_identification:_identify(install) ignored
[0.570s] Level 1:colcon.colcon_core.package_identification:_identify(log) by extensions ['ignore', 'ignore_ament_install']
[0.570s] Level 1:colcon.colcon_core.package_identification:_identify(log) by extension 'ignore'
[0.570s] Level 1:colcon.colcon_core.package_identification:_identify(log) ignored
[0.571s] Level 1:colcon.colcon_core.package_identification:_identify(src) by extensions ['ignore', 'ignore_ament_install']
[0.571s] Level 1:colcon.colcon_core.package_identification:_identify(src) by extension 'ignore'
[0.571s] Level 1:colcon.colcon_core.package_identification:_identify(src) by extension 'ignore_ament_install'
[0.571s] Level 1:colcon.colcon_core.package_identification:_identify(src) by extensions ['colcon_pkg']
[0.571s] Level 1:colcon.colcon_core.package_identification:_identify(src) by extension 'colcon_pkg'
[0.571s] Level 1:colcon.colcon_core.package_identification:_identify(src) by extensions ['colcon_meta']
[0.571s] Level 1:colcon.colcon_core.package_identification:_identify(src) by extension 'colcon_meta'
[0.571s] Level 1:colcon.colcon_core.package_identification:_identify(src) by extensions ['ros']
[0.571s] Level 1:colcon.colcon_core.package_identification:_identify(src) by extension 'ros'
[0.571s] Level 1:colcon.colcon_core.package_identification:_identify(src) by extensions ['cmake', 'python']
[0.571s] Level 1:colcon.colcon_core.package_identification:_identify(src) by extension 'cmake'
[0.571s] Level 1:colcon.colcon_core.package_identification:_identify(src) by extension 'python'
[0.571s] Level 1:colcon.colcon_core.package_identification:_identify(src) by extensions ['python_setup_py']
[0.571s] Level 1:colcon.colcon_core.package_identification:_identify(src) by extension 'python_setup_py'
[0.571s] Level 1:colcon.colcon_core.package_identification:_identify(src/cpp_srvcli) by extensions ['ignore', 'ignore_ament_install']
[0.571s] Level 1:colcon.colcon_core.package_identification:_identify(src/cpp_srvcli) by extension 'ignore'
[0.571s] Level 1:colcon.colcon_core.package_identification:_identify(src/cpp_srvcli) by extension 'ignore_ament_install'
[0.571s] Level 1:colcon.colcon_core.package_identification:_identify(src/cpp_srvcli) by extensions ['colcon_pkg']
[0.571s] Level 1:colcon.colcon_core.package_identification:_identify(src/cpp_srvcli) by extension 'colcon_pkg'
[0.572s] Level 1:colcon.colcon_core.package_identification:_identify(src/cpp_srvcli) by extensions ['colcon_meta']
[0.572s] Level 1:colcon.colcon_core.package_identification:_identify(src/cpp_srvcli) by extension 'colcon_meta'
[0.572s] Level 1:colcon.colcon_core.package_identification:_identify(src/cpp_srvcli) by extensions ['ros']
[0.572s] Level 1:colcon.colcon_core.package_identification:_identify(src/cpp_srvcli) by extension 'ros'
[0.574s] DEBUG:colcon.colcon_core.package_identification:Package 'src/cpp_srvcli' with type 'ros.ament_cmake' and name 'cpp_srvcli'
[0.574s] Level 1:colcon.colcon_core.package_identification:_identify(src/my_robot_controller) by extensions ['ignore', 'ignore_ament_install']
[0.574s] Level 1:colcon.colcon_core.package_identification:_identify(src/my_robot_controller) by extension 'ignore'
[0.574s] Level 1:colcon.colcon_core.package_identification:_identify(src/my_robot_controller) by extension 'ignore_ament_install'
[0.574s] Level 1:colcon.colcon_core.package_identification:_identify(src/my_robot_controller) by extensions ['colcon_pkg']
[0.574s] Level 1:colcon.colcon_core.package_identification:_identify(src/my_robot_controller) by extension 'colcon_pkg'
[0.575s] Level 1:colcon.colcon_core.package_identification:_identify(src/my_robot_controller) by extensions ['colcon_meta']
[0.575s] Level 1:colcon.colcon_core.package_identification:_identify(src/my_robot_controller) by extension 'colcon_meta'
[0.575s] Level 1:colcon.colcon_core.package_identification:_identify(src/my_robot_controller) by extensions ['ros']
[0.575s] Level 1:colcon.colcon_core.package_identification:_identify(src/my_robot_controller) by extension 'ros'
[0.575s] DEBUG:colcon.colcon_core.package_identification:Package 'src/my_robot_controller' with type 'ros.ament_cmake' and name 'my_robot_controller'
[0.575s] Level 1:colcon.colcon_core.package_discovery:discover_packages(recursive) using defaults
[0.575s] Level 1:colcon.colcon_core.package_discovery:discover_packages(ignore) discover
[0.575s] Level 1:colcon.colcon_core.package_discovery:discover_packages(ignore) using defaults
[0.575s] Level 1:colcon.colcon_core.package_discovery:discover_packages(path) discover
[0.575s] Level 1:colcon.colcon_core.package_discovery:discover_packages(path) using defaults
[0.607s] INFO:colcon.colcon_core.package_selection:Skipping not selected package 'my_robot_controller' in 'src/my_robot_controller'
[0.608s] Level 1:colcon.colcon_core.package_discovery:discover_packages(prefix_path) check parameters
[0.608s] Level 1:colcon.colcon_core.package_discovery:discover_packages(prefix_path) discover
[0.612s] WARNING:colcon.colcon_ros.prefix_path.ament:The path '/home/devuser/ros2_ws/install/cpp_pubsub' in the environment variable AMENT_PREFIX_PATH doesn't exist
[0.613s] WARNING:colcon.colcon_ros.prefix_path.catkin:The path '/home/devuser/ros2_ws/install/cpp_pubsub' in the environment variable CMAKE_PREFIX_PATH doesn't exist
[0.616s] DEBUG:colcon.colcon_installed_package_information.package_discovery:Found 1 installed packages in /home/devuser/ros2_ws/install
[0.620s] DEBUG:colcon.colcon_installed_package_information.package_discovery:Found 284 installed packages in /opt/ros/humble
[0.622s] Level 1:colcon.colcon_core.package_discovery:discover_packages(prefix_path) using defaults
[0.695s] Level 5:colcon.colcon_core.verb:set package 'cpp_srvcli' build argument 'cmake_args' from command line to 'None'
[0.695s] Level 5:colcon.colcon_core.verb:set package 'cpp_srvcli' build argument 'cmake_target' from command line to 'None'
[0.695s] Level 5:colcon.colcon_core.verb:set package 'cpp_srvcli' build argument 'cmake_target_skip_unavailable' from command line to 'False'
[0.695s] Level 5:colcon.colcon_core.verb:set package 'cpp_srvcli' build argument 'cmake_clean_cache' from command line to 'False'
[0.695s] Level 5:colcon.colcon_core.verb:set package 'cpp_srvcli' build argument 'cmake_clean_first' from command line to 'False'
[0.695s] Level 5:colcon.colcon_core.verb:set package 'cpp_srvcli' build argument 'cmake_force_configure' from command line to 'False'
[0.695s] Level 5:colcon.colcon_core.verb:set package 'cpp_srvcli' build argument 'ament_cmake_args' from command line to 'None'
[0.695s] Level 5:colcon.colcon_core.verb:set package 'cpp_srvcli' build argument 'catkin_cmake_args' from command line to 'None'
[0.696s] Level 5:colcon.colcon_core.verb:set package 'cpp_srvcli' build argument 'catkin_skip_building_tests' from command line to 'False'
[0.696s] DEBUG:colcon.colcon_core.verb:Building package 'cpp_srvcli' with the following arguments: {'ament_cmake_args': None, 'build_base': '/home/devuser/ros2_ws/build/cpp_srvcli', 'catkin_cmake_args': None, 'catkin_skip_building_tests': False, 'cmake_args': None, 'cmake_clean_cache': False, 'cmake_clean_first': False, 'cmake_force_configure': False, 'cmake_target': None, 'cmake_target_skip_unavailable': False, 'install_base': '/home/devuser/ros2_ws/install/cpp_srvcli', 'merge_install': False, 'path': '/home/devuser/ros2_ws/src/cpp_srvcli', 'symlink_install': False, 'test_result_base': None}
[0.697s] INFO:colcon.colcon_core.executor:Executing jobs using 'parallel' executor
[0.708s] DEBUG:colcon.colcon_parallel_executor.executor.parallel:run_until_complete
[0.708s] INFO:colcon.colcon_ros.task.ament_cmake.build:Building ROS package in '/home/devuser/ros2_ws/src/cpp_srvcli' with build type 'ament_cmake'
[0.708s] INFO:colcon.colcon_cmake.task.cmake.build:Building CMake package in '/home/devuser/ros2_ws/src/cpp_srvcli'
[0.716s] INFO:colcon.colcon_core.plugin_system:Skipping extension 'colcon_core.shell.bat': Not used on non-Windows systems
[0.717s] INFO:colcon.colcon_core.shell:Skip shell extension 'powershell' for command environment: Not usable outside of PowerShell
[0.717s] DEBUG:colcon.colcon_core.shell:Skip shell extension 'dsv' for command environment
[0.736s] DEBUG:colcon.colcon_core.event_handler.log_command:Invoking command in '/home/devuser/ros2_ws/build/cpp_srvcli': CMAKE_PREFIX_PATH=${CMAKE_PREFIX_PATH}:/opt/ros/humble /usr/bin/cmake /home/devuser/ros2_ws/src/cpp_srvcli -DCMAKE_INSTALL_PREFIX=/home/devuser/ros2_ws/install/cpp_srvcli
[2.226s] DEBUG:colcon.colcon_core.event_handler.log_command:Invoked command in '/home/devuser/ros2_ws/build/cpp_srvcli' returned '0': CMAKE_PREFIX_PATH=${CMAKE_PREFIX_PATH}:/opt/ros/humble /usr/bin/cmake /home/devuser/ros2_ws/src/cpp_srvcli -DCMAKE_INSTALL_PREFIX=/home/devuser/ros2_ws/install/cpp_srvcli
[2.227s] DEBUG:colcon.colcon_core.event_handler.log_command:Invoking command in '/home/devuser/ros2_ws/build/cpp_srvcli': CMAKE_PREFIX_PATH=${CMAKE_PREFIX_PATH}:/opt/ros/humble /usr/bin/cmake --build /home/devuser/ros2_ws/build/cpp_srvcli -- -j8 -l8
[6.503s] DEBUG:colcon.colcon_core.event_handler.log_command:Invoked command in '/home/devuser/ros2_ws/build/cpp_srvcli' returned '0': CMAKE_PREFIX_PATH=${CMAKE_PREFIX_PATH}:/opt/ros/humble /usr/bin/cmake --build /home/devuser/ros2_ws/build/cpp_srvcli -- -j8 -l8
[6.535s] DEBUG:colcon.colcon_core.event_handler.log_command:Invoking command in '/home/devuser/ros2_ws/build/cpp_srvcli': CMAKE_PREFIX_PATH=${CMAKE_PREFIX_PATH}:/opt/ros/humble /usr/bin/cmake --install /home/devuser/ros2_ws/build/cpp_srvcli
[6.546s] Level 1:colcon.colcon_core.environment:create_environment_scripts_only(cpp_srvcli)
[6.547s] DEBUG:colcon.colcon_core.event_handler.log_command:Invoked command in '/home/devuser/ros2_ws/build/cpp_srvcli' returned '0': CMAKE_PREFIX_PATH=${CMAKE_PREFIX_PATH}:/opt/ros/humble /usr/bin/cmake --install /home/devuser/ros2_ws/build/cpp_srvcli
[6.554s] Level 1:colcon.colcon_core.environment:checking '/home/devuser/ros2_ws/install/cpp_srvcli' for CMake module files
[6.555s] Level 1:colcon.colcon_core.environment:checking '/home/devuser/ros2_ws/install/cpp_srvcli' for CMake config files
[6.555s] Level 1:colcon.colcon_core.shell:create_environment_hook('cpp_srvcli', 'cmake_prefix_path')
[6.559s] INFO:colcon.colcon_core.shell:Creating environment hook '/home/devuser/ros2_ws/install/cpp_srvcli/share/cpp_srvcli/hook/cmake_prefix_path.ps1'
[6.560s] INFO:colcon.colcon_core.shell:Creating environment descriptor '/home/devuser/ros2_ws/install/cpp_srvcli/share/cpp_srvcli/hook/cmake_prefix_path.dsv'
[6.560s] INFO:colcon.colcon_core.shell:Creating environment hook '/home/devuser/ros2_ws/install/cpp_srvcli/share/cpp_srvcli/hook/cmake_prefix_path.sh'
[6.561s] Level 1:colcon.colcon_core.environment:checking '/home/devuser/ros2_ws/install/cpp_srvcli/lib'
[6.561s] Level 1:colcon.colcon_core.environment:checking '/home/devuser/ros2_ws/install/cpp_srvcli/bin'
[6.561s] Level 1:colcon.colcon_core.environment:checking '/home/devuser/ros2_ws/install/cpp_srvcli/lib/pkgconfig/cpp_srvcli.pc'
[6.561s] Level 1:colcon.colcon_core.environment:checking '/home/devuser/ros2_ws/install/cpp_srvcli/lib/python3.10/site-packages'
[6.562s] Level 1:colcon.colcon_core.environment:checking '/home/devuser/ros2_ws/install/cpp_srvcli/bin'
[6.566s] INFO:colcon.colcon_core.shell:Creating package script '/home/devuser/ros2_ws/install/cpp_srvcli/share/cpp_srvcli/package.ps1'
[6.567s] INFO:colcon.colcon_core.shell:Creating package descriptor '/home/devuser/ros2_ws/install/cpp_srvcli/share/cpp_srvcli/package.dsv'
[6.568s] INFO:colcon.colcon_core.shell:Creating package script '/home/devuser/ros2_ws/install/cpp_srvcli/share/cpp_srvcli/package.sh'
[6.568s] INFO:colcon.colcon_core.shell:Creating package script '/home/devuser/ros2_ws/install/cpp_srvcli/share/cpp_srvcli/package.bash'
[6.569s] INFO:colcon.colcon_core.shell:Creating package script '/home/devuser/ros2_ws/install/cpp_srvcli/share/cpp_srvcli/package.zsh'
[6.570s] Level 1:colcon.colcon_core.environment:create_file_with_runtime_dependencies(/home/devuser/ros2_ws/install/cpp_srvcli/share/colcon-core/packages/cpp_srvcli)
[6.597s] Level 1:colcon.colcon_core.environment:create_environment_scripts_only(cpp_srvcli)
[6.603s] Level 1:colcon.colcon_core.environment:checking '/home/devuser/ros2_ws/install/cpp_srvcli' for CMake module files
[6.603s] Level 1:colcon.colcon_core.environment:checking '/home/devuser/ros2_ws/install/cpp_srvcli' for CMake config files
[6.604s] Level 1:colcon.colcon_core.shell:create_environment_hook('cpp_srvcli', 'cmake_prefix_path')
[6.608s] INFO:colcon.colcon_core.shell:Creating environment hook '/home/devuser/ros2_ws/install/cpp_srvcli/share/cpp_srvcli/hook/cmake_prefix_path.ps1'
[6.608s] INFO:colcon.colcon_core.shell:Creating environment descriptor '/home/devuser/ros2_ws/install/cpp_srvcli/share/cpp_srvcli/hook/cmake_prefix_path.dsv'
[6.609s] INFO:colcon.colcon_core.shell:Creating environment hook '/home/devuser/ros2_ws/install/cpp_srvcli/share/cpp_srvcli/hook/cmake_prefix_path.sh'
[6.609s] Level 1:colcon.colcon_core.environment:checking '/home/devuser/ros2_ws/install/cpp_srvcli/lib'
[6.609s] Level 1:colcon.colcon_core.environment:checking '/home/devuser/ros2_ws/install/cpp_srvcli/bin'
[6.609s] Level 1:colcon.colcon_core.environment:checking '/home/devuser/ros2_ws/install/cpp_srvcli/lib/pkgconfig/cpp_srvcli.pc'
[6.609s] Level 1:colcon.colcon_core.environment:checking '/home/devuser/ros2_ws/install/cpp_srvcli/lib/python3.10/site-packages'
[6.610s] Level 1:colcon.colcon_core.environment:checking '/home/devuser/ros2_ws/install/cpp_srvcli/bin'
[6.614s] INFO:colcon.colcon_core.shell:Creating package script '/home/devuser/ros2_ws/install/cpp_srvcli/share/cpp_srvcli/package.ps1'
[6.615s] INFO:colcon.colcon_core.shell:Creating package descriptor '/home/devuser/ros2_ws/install/cpp_srvcli/share/cpp_srvcli/package.dsv'
[6.615s] INFO:colcon.colcon_core.shell:Creating package script '/home/devuser/ros2_ws/install/cpp_srvcli/share/cpp_srvcli/package.sh'
[6.615s] INFO:colcon.colcon_core.shell:Creating package script '/home/devuser/ros2_ws/install/cpp_srvcli/share/cpp_srvcli/package.bash'
[6.616s] INFO:colcon.colcon_core.shell:Creating package script '/home/devuser/ros2_ws/install/cpp_srvcli/share/cpp_srvcli/package.zsh'
[6.616s] Level 1:colcon.colcon_core.environment:create_file_with_runtime_dependencies(/home/devuser/ros2_ws/install/cpp_srvcli/share/colcon-core/packages/cpp_srvcli)
[6.616s] DEBUG:colcon.colcon_parallel_executor.executor.parallel:closing loop
[6.617s] DEBUG:colcon.colcon_parallel_executor.executor.parallel:loop closed
[6.617s] DEBUG:colcon.colcon_parallel_executor.executor.parallel:run_until_complete finished with '0'
[6.617s] DEBUG:colcon.colcon_core.event_reactor:joining thread
[6.625s] INFO:colcon.colcon_core.plugin_system:Skipping extension 'colcon_notification.desktop_notification.terminal_notifier': Not used on non-Darwin systems
[6.625s] INFO:colcon.colcon_core.plugin_system:Skipping extension 'colcon_notification.desktop_notification.win32': Not used on non-Windows systems
[6.625s] INFO:colcon.colcon_notification.desktop_notification:Sending desktop notification using 'notify2'
[6.637s] DEBUG:colcon.colcon_core.event_reactor:joined thread
[6.642s] INFO:colcon.colcon_core.shell:Creating prefix script '/home/devuser/ros2_ws/install/local_setup.ps1'
[6.643s] INFO:colcon.colcon_core.shell:Creating prefix util module '/home/devuser/ros2_ws/install/_local_setup_util_ps1.py'
[6.645s] INFO:colcon.colcon_core.shell:Creating prefix chain script '/home/devuser/ros2_ws/install/setup.ps1'
[6.650s] INFO:colcon.colcon_core.shell:Creating prefix script '/home/devuser/ros2_ws/install/local_setup.sh'
[6.651s] INFO:colcon.colcon_core.shell:Creating prefix util module '/home/devuser/ros2_ws/install/_local_setup_util_sh.py'
[6.651s] INFO:colcon.colcon_core.shell:Creating prefix chain script '/home/devuser/ros2_ws/install/setup.sh'
[6.656s] INFO:colcon.colcon_core.shell:Creating prefix script '/home/devuser/ros2_ws/install/local_setup.bash'
[6.657s] INFO:colcon.colcon_core.shell:Creating prefix chain script '/home/devuser/ros2_ws/install/setup.bash'
[6.661s] INFO:colcon.colcon_core.shell:Creating prefix script '/home/devuser/ros2_ws/install/local_setup.zsh'
[6.662s] INFO:colcon.colcon_core.shell:Creating prefix chain script '/home/devuser/ros2_ws/install/setup.zsh'
