[0.025s] Invoking command in '/home/devuser/ros2_ws/build/my_robot_controller': CMAKE_PREFIX_PATH=${CMAKE_PREFIX_PATH}:/opt/ros/humble /usr/bin/cmake --build /home/devuser/ros2_ws/build/my_robot_controller -- -j8 -l8
[0.061s] Invoked command in '/home/devuser/ros2_ws/build/my_robot_controller' returned '0': CMAKE_PREFIX_PATH=${CMAKE_PREFIX_PATH}:/opt/ros/humble /usr/bin/cmake --build /home/devuser/ros2_ws/build/my_robot_controller -- -j8 -l8
[0.088s] Invoking command in '/home/devuser/ros2_ws/build/my_robot_controller': CMAKE_PREFIX_PATH=${CMAKE_PREFIX_PATH}:/opt/ros/humble /usr/bin/cmake --install /home/devuser/ros2_ws/build/my_robot_controller
[0.094s] -- Install configuration: ""
[0.094s] -- Up-to-date: /home/devuser/ros2_ws/install/my_robot_controller/share/ament_index/resource_index/package_run_dependencies/my_robot_controller
[0.095s] -- Up-to-date: /home/devuser/ros2_ws/install/my_robot_controller/share/ament_index/resource_index/parent_prefix_path/my_robot_controller
[0.095s] -- Up-to-date: /home/devuser/ros2_ws/install/my_robot_controller/share/my_robot_controller/environment/ament_prefix_path.sh
[0.095s] -- Up-to-date: /home/devuser/ros2_ws/install/my_robot_controller/share/my_robot_controller/environment/ament_prefix_path.dsv
[0.095s] -- Up-to-date: /home/devuser/ros2_ws/install/my_robot_controller/share/my_robot_controller/environment/path.sh
[0.095s] -- Up-to-date: /home/devuser/ros2_ws/install/my_robot_controller/share/my_robot_controller/environment/path.dsv
[0.095s] -- Up-to-date: /home/devuser/ros2_ws/install/my_robot_controller/share/my_robot_controller/local_setup.bash
[0.095s] -- Up-to-date: /home/devuser/ros2_ws/install/my_robot_controller/share/my_robot_controller/local_setup.sh
[0.095s] -- Up-to-date: /home/devuser/ros2_ws/install/my_robot_controller/share/my_robot_controller/local_setup.zsh
[0.095s] -- Up-to-date: /home/devuser/ros2_ws/install/my_robot_controller/share/my_robot_controller/local_setup.dsv
[0.095s] -- Up-to-date: /home/devuser/ros2_ws/install/my_robot_controller/share/my_robot_controller/package.dsv
[0.095s] -- Up-to-date: /home/devuser/ros2_ws/install/my_robot_controller/share/ament_index/resource_index/packages/my_robot_controller
[0.095s] -- Up-to-date: /home/devuser/ros2_ws/install/my_robot_controller/share/my_robot_controller/cmake/my_robot_controllerConfig.cmake
[0.095s] -- Up-to-date: /home/devuser/ros2_ws/install/my_robot_controller/share/my_robot_controller/cmake/my_robot_controllerConfig-version.cmake
[0.095s] -- Up-to-date: /home/devuser/ros2_ws/install/my_robot_controller/share/my_robot_controller/package.xml
[0.099s] Invoked command in '/home/devuser/ros2_ws/build/my_robot_controller' returned '0': CMAKE_PREFIX_PATH=${CMAKE_PREFIX_PATH}:/opt/ros/humble /usr/bin/cmake --install /home/devuser/ros2_ws/build/my_robot_controller
