[0.017s] Invoking command in '/home/devuser/AOX/ROS2/src/lcm_service/build/lcm_service': CMAKE_PREFIX_PATH=${CMAKE_PREFIX_PATH}:/opt/ros/humble /usr/bin/cmake --build /home/devuser/AOX/ROS2/src/lcm_service/build/lcm_service -- -j8 -l8
[0.046s] [35m[1mConsolidate compiler generated dependencies of target client[0m
[0.055s] [ 16%] [32mBuilding CXX object CMakeFiles/server_b.dir/src/server_b.cpp.o[0m
[0.056s] [ 33%] [32mBuilding CXX object CMakeFiles/server_a.dir/src/server_a.cpp.o[0m
[0.058s] [ 66%] Built target client
[2.572s] [ 83%] [32m[1mLinking CXX executable server_b[0m
[2.595s] [100%] [32m[1mLinking CXX executable server_a[0m
[2.678s] [100%] Built target server_b
[2.700s] [100%] Built target server_a
[2.707s] Invoked command in '/home/devuser/AOX/ROS2/src/lcm_service/build/lcm_service' returned '0': CMAKE_PREFIX_PATH=${CMAKE_PREFIX_PATH}:/opt/ros/humble /usr/bin/cmake --build /home/devuser/AOX/ROS2/src/lcm_service/build/lcm_service -- -j8 -l8
[2.731s] Invoking command in '/home/devuser/AOX/ROS2/src/lcm_service/build/lcm_service': CMAKE_PREFIX_PATH=${CMAKE_PREFIX_PATH}:/opt/ros/humble /usr/bin/cmake --install /home/devuser/AOX/ROS2/src/lcm_service/build/lcm_service
[2.736s] -- Install configuration: ""
[2.736s] -- Installing: /home/devuser/AOX/ROS2/src/lcm_service/install/lcm_service/lib/lcm_service/server_a
[2.736s] -- Set runtime path of "/home/devuser/AOX/ROS2/src/lcm_service/install/lcm_service/lib/lcm_service/server_a" to ""
[2.736s] -- Installing: /home/devuser/AOX/ROS2/src/lcm_service/install/lcm_service/lib/lcm_service/server_b
[2.737s] -- Set runtime path of "/home/devuser/AOX/ROS2/src/lcm_service/install/lcm_service/lib/lcm_service/server_b" to ""
[2.737s] -- Up-to-date: /home/devuser/AOX/ROS2/src/lcm_service/install/lcm_service/lib/lcm_service/client
[2.737s] -- Up-to-date: /home/devuser/AOX/ROS2/src/lcm_service/install/lcm_service/share/ament_index/resource_index/package_run_dependencies/lcm_service
[2.737s] -- Up-to-date: /home/devuser/AOX/ROS2/src/lcm_service/install/lcm_service/share/ament_index/resource_index/parent_prefix_path/lcm_service
[2.737s] -- Up-to-date: /home/devuser/AOX/ROS2/src/lcm_service/install/lcm_service/share/lcm_service/environment/ament_prefix_path.sh
[2.737s] -- Up-to-date: /home/devuser/AOX/ROS2/src/lcm_service/install/lcm_service/share/lcm_service/environment/ament_prefix_path.dsv
[2.737s] -- Up-to-date: /home/devuser/AOX/ROS2/src/lcm_service/install/lcm_service/share/lcm_service/environment/path.sh
[2.737s] -- Up-to-date: /home/devuser/AOX/ROS2/src/lcm_service/install/lcm_service/share/lcm_service/environment/path.dsv
[2.737s] -- Up-to-date: /home/devuser/AOX/ROS2/src/lcm_service/install/lcm_service/share/lcm_service/local_setup.bash
[2.737s] -- Up-to-date: /home/devuser/AOX/ROS2/src/lcm_service/install/lcm_service/share/lcm_service/local_setup.sh
[2.737s] -- Up-to-date: /home/devuser/AOX/ROS2/src/lcm_service/install/lcm_service/share/lcm_service/local_setup.zsh
[2.737s] -- Up-to-date: /home/devuser/AOX/ROS2/src/lcm_service/install/lcm_service/share/lcm_service/local_setup.dsv
[2.737s] -- Installing: /home/devuser/AOX/ROS2/src/lcm_service/install/lcm_service/share/lcm_service/package.dsv
[2.737s] -- Up-to-date: /home/devuser/AOX/ROS2/src/lcm_service/install/lcm_service/share/ament_index/resource_index/packages/lcm_service
[2.737s] -- Up-to-date: /home/devuser/AOX/ROS2/src/lcm_service/install/lcm_service/share/lcm_service/cmake/lcm_serviceConfig.cmake
[2.737s] -- Up-to-date: /home/devuser/AOX/ROS2/src/lcm_service/install/lcm_service/share/lcm_service/cmake/lcm_serviceConfig-version.cmake
[2.737s] -- Up-to-date: /home/devuser/AOX/ROS2/src/lcm_service/install/lcm_service/share/lcm_service/package.xml
[2.739s] Invoked command in '/home/devuser/AOX/ROS2/src/lcm_service/build/lcm_service' returned '0': CMAKE_PREFIX_PATH=${CMAKE_PREFIX_PATH}:/opt/ros/humble /usr/bin/cmake --install /home/devuser/AOX/ROS2/src/lcm_service/build/lcm_service
