-- Found rclcpp: 16.0.5 (/opt/ros/humble/share/rclcpp/cmake)
-- Found rosidl_generator_c: 3.1.5 (/opt/ros/humble/share/rosidl_generator_c/cmake)
-- Found rosidl_adapter: 3.1.5 (/opt/ros/humble/share/rosidl_adapter/cmake)
-- Found rosidl_generator_cpp: 3.1.5 (/opt/ros/humble/share/rosidl_generator_cpp/cmake)
-- Using all available rosidl_typesupport_c: rosidl_typesupport_fastrtps_c;rosidl_typesupport_introspection_c
-- Using all available rosidl_typesupport_cpp: rosidl_typesupport_fastrtps_cpp;rosidl_typesupport_introspection_cpp
-- Found rmw_implementation_cmake: 6.1.1 (/opt/ros/humble/share/rmw_implementation_cmake/cmake)
-- Found rmw_fastrtps_cpp: 6.2.3 (/opt/ros/humble/share/rmw_fastrtps_cpp/cmake)
-- Using RMW implementation 'rmw_fastrtps_cpp' as default
-- Found std_srvs: 4.2.3 (/opt/ros/humble/share/std_srvs/cmake)
-- Found ament_lint_auto: 0.12.7 (/opt/ros/humble/share/ament_lint_auto/cmake)
-- Added test 'cppcheck' to perform static code analysis on C / C++ code
-- Configured cppcheck include dirs: 
-- Configured cppcheck exclude dirs and/or files: 
-- Added test 'flake8' to check Python code syntax and style conventions
-- Added test 'lint_cmake' to check CMake code style
-- Added test 'pep257' to check Python code against some of the docstring style conventions in PEP 257
-- Added test 'uncrustify' to check C / C++ code style
-- Configured uncrustify additional arguments: 
-- Added test 'xmllint' to check XML markup files
-- Configuring done
-- Generating done
-- Build files have been written to: /home/devuser/AOX/ros_ws/callback_trials/build/callback_trials
[ 25%] [32mBuilding CXX object CMakeFiles/client.dir/src/client.cpp.o[0m
[ 50%] [32mBuilding CXX object CMakeFiles/server.dir/src/server.cpp.o[0m
[ 75%] [32m[1mLinking CXX executable server[0m
[ 75%] Built target server
[100%] [32m[1mLinking CXX executable client[0m
[100%] Built target client
-- Install configuration: ""
-- Installing: /home/devuser/AOX/ros_ws/callback_trials/install/callback_trials/lib/callback_trials/server
-- Set runtime path of "/home/devuser/AOX/ros_ws/callback_trials/install/callback_trials/lib/callback_trials/server" to ""
-- Installing: /home/devuser/AOX/ros_ws/callback_trials/install/callback_trials/lib/callback_trials/client
-- Set runtime path of "/home/devuser/AOX/ros_ws/callback_trials/install/callback_trials/lib/callback_trials/client" to ""
-- Up-to-date: /home/devuser/AOX/ros_ws/callback_trials/install/callback_trials/share/ament_index/resource_index/package_run_dependencies/callback_trials
-- Up-to-date: /home/devuser/AOX/ros_ws/callback_trials/install/callback_trials/share/ament_index/resource_index/parent_prefix_path/callback_trials
-- Up-to-date: /home/devuser/AOX/ros_ws/callback_trials/install/callback_trials/share/callback_trials/environment/ament_prefix_path.sh
-- Installing: /home/devuser/AOX/ros_ws/callback_trials/install/callback_trials/share/callback_trials/environment/ament_prefix_path.dsv
-- Up-to-date: /home/devuser/AOX/ros_ws/callback_trials/install/callback_trials/share/callback_trials/environment/path.sh
-- Installing: /home/devuser/AOX/ros_ws/callback_trials/install/callback_trials/share/callback_trials/environment/path.dsv
-- Up-to-date: /home/devuser/AOX/ros_ws/callback_trials/install/callback_trials/share/callback_trials/local_setup.bash
-- Up-to-date: /home/devuser/AOX/ros_ws/callback_trials/install/callback_trials/share/callback_trials/local_setup.sh
-- Up-to-date: /home/devuser/AOX/ros_ws/callback_trials/install/callback_trials/share/callback_trials/local_setup.zsh
-- Installing: /home/devuser/AOX/ros_ws/callback_trials/install/callback_trials/share/callback_trials/local_setup.dsv
-- Installing: /home/devuser/AOX/ros_ws/callback_trials/install/callback_trials/share/callback_trials/package.dsv
-- Up-to-date: /home/devuser/AOX/ros_ws/callback_trials/install/callback_trials/share/ament_index/resource_index/packages/callback_trials
-- Up-to-date: /home/devuser/AOX/ros_ws/callback_trials/install/callback_trials/share/callback_trials/cmake/callback_trialsConfig.cmake
-- Up-to-date: /home/devuser/AOX/ros_ws/callback_trials/install/callback_trials/share/callback_trials/cmake/callback_trialsConfig-version.cmake
-- Up-to-date: /home/devuser/AOX/ros_ws/callback_trials/install/callback_trials/share/callback_trials/package.xml
