[0.013s] Invoking command in '/home/devuser/AOX/ros_ws/callback_trials/build/callback_trials': CMAKE_PREFIX_PATH=${CMAKE_PREFIX_PATH}:/opt/ros/humble /usr/bin/cmake --build /home/devuser/AOX/ros_ws/callback_trials/build/callback_trials -- -j8 -l8
[0.028s] -- Found rclcpp: 16.0.5 (/opt/ros/humble/share/rclcpp/cmake)
[0.138s] -- Found rosidl_generator_c: 3.1.5 (/opt/ros/humble/share/rosidl_generator_c/cmake)
[0.140s] -- Found rosidl_adapter: 3.1.5 (/opt/ros/humble/share/rosidl_adapter/cmake)
[0.144s] -- Found rosidl_generator_cpp: 3.1.5 (/opt/ros/humble/share/rosidl_generator_cpp/cmake)
[0.151s] -- Using all available rosidl_typesupport_c: rosidl_typesupport_fastrtps_c;rosidl_typesupport_introspection_c
[0.162s] -- Using all available rosidl_typesupport_cpp: rosidl_typesupport_fastrtps_cpp;rosidl_typesupport_introspection_cpp
[0.201s] -- Found rmw_implementation_cmake: 6.1.1 (/opt/ros/humble/share/rmw_implementation_cmake/cmake)
[0.202s] -- Found rmw_fastrtps_cpp: 6.2.3 (/opt/ros/humble/share/rmw_fastrtps_cpp/cmake)
[0.281s] -- Using RMW implementation 'rmw_fastrtps_cpp' as default
[0.389s] -- Found std_srvs: 4.2.3 (/opt/ros/humble/share/std_srvs/cmake)
[0.402s] -- Found ament_lint_auto: 0.12.7 (/opt/ros/humble/share/ament_lint_auto/cmake)
[0.454s] -- Added test 'cppcheck' to perform static code analysis on C / C++ code
[0.454s] -- Configured cppcheck include dirs: 
[0.454s] -- Configured cppcheck exclude dirs and/or files: 
[0.455s] -- Added test 'flake8' to check Python code syntax and style conventions
[0.456s] -- Added test 'lint_cmake' to check CMake code style
[0.457s] -- Added test 'pep257' to check Python code against some of the docstring style conventions in PEP 257
[0.461s] -- Added test 'uncrustify' to check C / C++ code style
[0.462s] -- Configured uncrustify additional arguments: 
[0.462s] -- Added test 'xmllint' to check XML markup files
[0.463s] -- Configuring done
[0.470s] -- Generating done
[0.471s] -- Build files have been written to: /home/devuser/AOX/ros_ws/callback_trials/build/callback_trials
[0.498s] [ 25%] [32mBuilding CXX object CMakeFiles/client.dir/src/client.cpp.o[0m
[0.498s] [ 50%] [32mBuilding CXX object CMakeFiles/server.dir/src/server.cpp.o[0m
[3.256s] [ 75%] [32m[1mLinking CXX executable server[0m
[3.363s] [ 75%] Built target server
[3.388s] [100%] [32m[1mLinking CXX executable client[0m
[3.489s] [100%] Built target client
[3.496s] Invoked command in '/home/devuser/AOX/ros_ws/callback_trials/build/callback_trials' returned '0': CMAKE_PREFIX_PATH=${CMAKE_PREFIX_PATH}:/opt/ros/humble /usr/bin/cmake --build /home/devuser/AOX/ros_ws/callback_trials/build/callback_trials -- -j8 -l8
[3.522s] Invoking command in '/home/devuser/AOX/ros_ws/callback_trials/build/callback_trials': CMAKE_PREFIX_PATH=${CMAKE_PREFIX_PATH}:/opt/ros/humble /usr/bin/cmake --install /home/devuser/AOX/ros_ws/callback_trials/build/callback_trials
[3.527s] -- Install configuration: ""
[3.527s] -- Installing: /home/devuser/AOX/ros_ws/callback_trials/install/callback_trials/lib/callback_trials/server
[3.528s] -- Set runtime path of "/home/devuser/AOX/ros_ws/callback_trials/install/callback_trials/lib/callback_trials/server" to ""
[3.528s] -- Installing: /home/devuser/AOX/ros_ws/callback_trials/install/callback_trials/lib/callback_trials/client
[3.528s] -- Set runtime path of "/home/devuser/AOX/ros_ws/callback_trials/install/callback_trials/lib/callback_trials/client" to ""
[3.528s] -- Up-to-date: /home/devuser/AOX/ros_ws/callback_trials/install/callback_trials/share/ament_index/resource_index/package_run_dependencies/callback_trials
[3.528s] -- Up-to-date: /home/devuser/AOX/ros_ws/callback_trials/install/callback_trials/share/ament_index/resource_index/parent_prefix_path/callback_trials
[3.528s] -- Up-to-date: /home/devuser/AOX/ros_ws/callback_trials/install/callback_trials/share/callback_trials/environment/ament_prefix_path.sh
[3.528s] -- Installing: /home/devuser/AOX/ros_ws/callback_trials/install/callback_trials/share/callback_trials/environment/ament_prefix_path.dsv
[3.528s] -- Up-to-date: /home/devuser/AOX/ros_ws/callback_trials/install/callback_trials/share/callback_trials/environment/path.sh
[3.528s] -- Installing: /home/devuser/AOX/ros_ws/callback_trials/install/callback_trials/share/callback_trials/environment/path.dsv
[3.528s] -- Up-to-date: /home/devuser/AOX/ros_ws/callback_trials/install/callback_trials/share/callback_trials/local_setup.bash
[3.529s] -- Up-to-date: /home/devuser/AOX/ros_ws/callback_trials/install/callback_trials/share/callback_trials/local_setup.sh
[3.529s] -- Up-to-date: /home/devuser/AOX/ros_ws/callback_trials/install/callback_trials/share/callback_trials/local_setup.zsh
[3.529s] -- Installing: /home/devuser/AOX/ros_ws/callback_trials/install/callback_trials/share/callback_trials/local_setup.dsv
[3.529s] -- Installing: /home/devuser/AOX/ros_ws/callback_trials/install/callback_trials/share/callback_trials/package.dsv
[3.529s] -- Up-to-date: /home/devuser/AOX/ros_ws/callback_trials/install/callback_trials/share/ament_index/resource_index/packages/callback_trials
[3.529s] -- Up-to-date: /home/devuser/AOX/ros_ws/callback_trials/install/callback_trials/share/callback_trials/cmake/callback_trialsConfig.cmake
[3.529s] -- Up-to-date: /home/devuser/AOX/ros_ws/callback_trials/install/callback_trials/share/callback_trials/cmake/callback_trialsConfig-version.cmake
[3.529s] -- Up-to-date: /home/devuser/AOX/ros_ws/callback_trials/install/callback_trials/share/callback_trials/package.xml
[3.530s] Invoked command in '/home/devuser/AOX/ros_ws/callback_trials/build/callback_trials' returned '0': CMAKE_PREFIX_PATH=${CMAKE_PREFIX_PATH}:/opt/ros/humble /usr/bin/cmake --install /home/devuser/AOX/ros_ws/callback_trials/build/callback_trials
