[0.012s] Invoking command in '/home/devuser/AOX/ros_ws/cpp_pubsub/build/cpp_pubsub': CMAKE_PREFIX_PATH=${CMAKE_PREFIX_PATH}:/opt/ros/humble /usr/bin/cmake --build /home/devuser/AOX/ros_ws/cpp_pubsub/build/cpp_pubsub -- -j8 -l8
[0.047s] [35m[1mConsolidate compiler generated dependencies of target listener[0m
[0.056s] [ 50%] [32mBuilding CXX object CMakeFiles/watchdog.dir/src/watchdog.cpp.o[0m
[0.057s] [ 50%] Built target talker
[0.061s] [ 83%] Built target listener
[1.681s] [01m[K/home/devuser/AOX/ros_ws/cpp_pubsub/src/watchdog.cpp:[m[K In constructor ‘[01m[KWatchdogNode::WatchdogNode()[m[K’:
[1.681s] [01m[K/home/devuser/AOX/ros_ws/cpp_pubsub/src/watchdog.cpp:21:5:[m[K [01;31m[Kerror: [m[K‘[01m[Knode[m[K’ was not declared in this scope; did you mean ‘[01m[KNode[m[K’?
[1.682s]    21 |     [01;31m[Knode[m[K->create_client<tutorial_interfaces::srv::Empty>();
[1.682s]       |     [01;31m[K^~~~[m[K
[1.682s]       |     [32m[KNode[m[K
[1.682s] [01m[K/home/devuser/AOX/ros_ws/cpp_pubsub/src/watchdog.cpp:21:56:[m[K [01;31m[Kerror: [m[Kexpected primary-expression before ‘[01m[K>[m[K’ token
[1.682s]    21 |     node->create_client<tutorial_interfaces::srv::Empty[01;31m[K>[m[K();
[1.682s]       |                                                        [01;31m[K^[m[K
[1.682s] [01m[K/home/devuser/AOX/ros_ws/cpp_pubsub/src/watchdog.cpp:21:58:[m[K [01;31m[Kerror: [m[Kexpected primary-expression before ‘[01m[K)[m[K’ token
[1.682s]    21 |     node->create_client<tutorial_interfaces::srv::Empty>([01;31m[K)[m[K;
[1.682s]       |                                                          [01;31m[K^[m[K
[3.292s] gmake[2]: *** [CMakeFiles/watchdog.dir/build.make:76: CMakeFiles/watchdog.dir/src/watchdog.cpp.o] Error 1
[3.292s] gmake[1]: *** [CMakeFiles/Makefile2:193: CMakeFiles/watchdog.dir/all] Error 2
[3.292s] gmake: *** [Makefile:146: all] Error 2
[3.294s] Invoked command in '/home/devuser/AOX/ros_ws/cpp_pubsub/build/cpp_pubsub' returned '2': CMAKE_PREFIX_PATH=${CMAKE_PREFIX_PATH}:/opt/ros/humble /usr/bin/cmake --build /home/devuser/AOX/ros_ws/cpp_pubsub/build/cpp_pubsub -- -j8 -l8
