[35m[1mConsolidate compiler generated dependencies of target talker[0m
[ 50%] Built target listener
[ 75%] [32mBuilding CXX object CMakeFiles/talker.dir/src/publisher_member_function.cpp.o[0m
[01m[K/home/devuser/ros2_ws/src/cpp_pubsub/src/publisher_member_function.cpp:[m[K In member function ‘[01m[Kvoid Tester::function1()[m[K’:
[01m[K/home/devuser/ros2_ws/src/cpp_pubsub/src/publisher_member_function.cpp:80:16:[m[K [01;35m[Kwarning: [m[K‘[01m[Kcounter1[m[K’ may be used uninitialized [[01;35m[K]8;;https://gcc.gnu.org/onlinedocs/gcc/Warning-Options.html#index-Wmaybe-uninitialized-Wmaybe-uninitialized]8;;[m[K]
   80 |       [01;35m[Kcounter1 ++[m[K;
      |       [01;35m[K~~~~~~~~~^~[m[K
[100%] [32m[1mLinking CXX executable talker[0m
[100%] Built target talker
-- Install configuration: ""
-- Installing: /home/devuser/ros2_ws/install/cpp_pubsub/lib/cpp_pubsub/talker
-- Set runtime path of "/home/devuser/ros2_ws/install/cpp_pubsub/lib/cpp_pubsub/talker" to ""
-- Up-to-date: /home/devuser/ros2_ws/install/cpp_pubsub/lib/cpp_pubsub/listener
-- Up-to-date: /home/devuser/ros2_ws/install/cpp_pubsub/share/ament_index/resource_index/package_run_dependencies/cpp_pubsub
-- Up-to-date: /home/devuser/ros2_ws/install/cpp_pubsub/share/ament_index/resource_index/parent_prefix_path/cpp_pubsub
-- Up-to-date: /home/devuser/ros2_ws/install/cpp_pubsub/share/cpp_pubsub/environment/ament_prefix_path.sh
-- Up-to-date: /home/devuser/ros2_ws/install/cpp_pubsub/share/cpp_pubsub/environment/ament_prefix_path.dsv
-- Up-to-date: /home/devuser/ros2_ws/install/cpp_pubsub/share/cpp_pubsub/environment/path.sh
-- Up-to-date: /home/devuser/ros2_ws/install/cpp_pubsub/share/cpp_pubsub/environment/path.dsv
-- Up-to-date: /home/devuser/ros2_ws/install/cpp_pubsub/share/cpp_pubsub/local_setup.bash
-- Up-to-date: /home/devuser/ros2_ws/install/cpp_pubsub/share/cpp_pubsub/local_setup.sh
-- Up-to-date: /home/devuser/ros2_ws/install/cpp_pubsub/share/cpp_pubsub/local_setup.zsh
-- Up-to-date: /home/devuser/ros2_ws/install/cpp_pubsub/share/cpp_pubsub/local_setup.dsv
-- Installing: /home/devuser/ros2_ws/install/cpp_pubsub/share/cpp_pubsub/package.dsv
-- Up-to-date: /home/devuser/ros2_ws/install/cpp_pubsub/share/ament_index/resource_index/packages/cpp_pubsub
-- Up-to-date: /home/devuser/ros2_ws/install/cpp_pubsub/share/cpp_pubsub/cmake/cpp_pubsubConfig.cmake
-- Up-to-date: /home/devuser/ros2_ws/install/cpp_pubsub/share/cpp_pubsub/cmake/cpp_pubsubConfig-version.cmake
-- Up-to-date: /home/devuser/ros2_ws/install/cpp_pubsub/share/cpp_pubsub/package.xml
