[0.025s] Invoking command in '/home/devuser/ros2_ws/build/cpp_pubsub': CMAKE_PREFIX_PATH=${CMAKE_PREFIX_PATH}:/opt/ros/humble /usr/bin/cmake --build /home/devuser/ros2_ws/build/cpp_pubsub -- -j8 -l8
[0.049s] -- Found ament_cmake: 1.3.5 (/opt/ros/humble/share/ament_cmake/cmake)
[0.189s] -- Found rclcpp: 16.0.5 (/opt/ros/humble/share/rclcpp/cmake)
[0.218s] -- Found rosidl_generator_c: 3.1.5 (/opt/ros/humble/share/rosidl_generator_c/cmake)
[0.221s] -- Found rosidl_adapter: 3.1.5 (/opt/ros/humble/share/rosidl_adapter/cmake)
[0.227s] -- Found rosidl_generator_cpp: 3.1.5 (/opt/ros/humble/share/rosidl_generator_cpp/cmake)
[0.239s] -- Using all available rosidl_typesupport_c: rosidl_typesupport_fastrtps_c;rosidl_typesupport_introspection_c
[0.255s] -- Using all available rosidl_typesupport_cpp: rosidl_typesupport_fastrtps_cpp;rosidl_typesupport_introspection_cpp
[0.317s] -- Found rmw_implementation_cmake: 6.1.1 (/opt/ros/humble/share/rmw_implementation_cmake/cmake)
[0.318s] -- Found rmw_fastrtps_cpp: 6.2.3 (/opt/ros/humble/share/rmw_fastrtps_cpp/cmake)
[0.435s] -- Using RMW implementation 'rmw_fastrtps_cpp' as default
[0.608s] -- Found tutorial_interfaces: 0.0.0 (/home/devuser/ros2_ws/install/tutorial_interfaces/share/tutorial_interfaces/cmake)
[0.798s] -- Configuring done
[0.809s] -- Generating done
[0.810s] -- Build files have been written to: /home/devuser/ros2_ws/build/cpp_pubsub
[0.835s] [35m[1mConsolidate compiler generated dependencies of target listener[0m
[0.835s] [35m[1mConsolidate compiler generated dependencies of target talker[0m
[0.851s] [ 50%] [32mBuilding CXX object CMakeFiles/listener.dir/src/subscriber_member_function.cpp.o[0m
[0.851s] [ 50%] [32mBuilding CXX object CMakeFiles/talker.dir/src/publisher_member_function.cpp.o[0m
[3.341s] In file included from [01m[K/opt/ros/humble/include/rclcpp/rclcpp/logging.hpp:24[m[K,
[3.341s]                  from [01m[K/opt/ros/humble/include/rclcpp/rclcpp/client.hpp:40[m[K,
[3.341s]                  from [01m[K/opt/ros/humble/include/rclcpp/rclcpp/callback_group.hpp:24[m[K,
[3.342s]                  from [01m[K/opt/ros/humble/include/rclcpp/rclcpp/any_executable.hpp:20[m[K,
[3.342s]                  from [01m[K/opt/ros/humble/include/rclcpp/rclcpp/memory_strategy.hpp:25[m[K,
[3.342s]                  from [01m[K/opt/ros/humble/include/rclcpp/rclcpp/memory_strategies.hpp:18[m[K,
[3.342s]                  from [01m[K/opt/ros/humble/include/rclcpp/rclcpp/executor_options.hpp:20[m[K,
[3.342s]                  from [01m[K/opt/ros/humble/include/rclcpp/rclcpp/executor.hpp:37[m[K,
[3.342s]                  from [01m[K/opt/ros/humble/include/rclcpp/rclcpp/executors/multi_threaded_executor.hpp:25[m[K,
[3.342s]                  from [01m[K/opt/ros/humble/include/rclcpp/rclcpp/executors.hpp:21[m[K,
[3.342s]                  from [01m[K/opt/ros/humble/include/rclcpp/rclcpp/rclcpp.hpp:155[m[K,
[3.342s]                  from [01m[K/home/devuser/ros2_ws/src/cpp_pubsub/src/publisher_member_function.cpp:18[m[K:
[3.342s] [01m[K/home/devuser/ros2_ws/src/cpp_pubsub/src/publisher_member_function.cpp:[m[K In member function ‘[01m[Kvoid MinimalPublisher::timer_callback()[m[K’:
[3.342s] [01m[K/home/devuser/ros2_ws/src/cpp_pubsub/src/publisher_member_function.cpp:48:37:[m[K [01;35m[Kwarning: [m[Kformat ‘[01m[K%d[m[K’ expects argument of type ‘[01m[Kint[m[K’, but argument 5 has type ‘[01m[Ktutorial_interfaces::msg::Num_<std::allocator<void> >::_num_type[m[K’ {aka ‘[01m[Klong int[m[K’} [[01;35m[K]8;;https://gcc.gnu.org/onlinedocs/gcc/Warning-Options.html#index-Wformat=-Wformat=]8;;[m[K]
[3.342s]    48 |     RCLCPP_INFO(this->get_logger(), [01;35m[K"Publishing: '%d'"[m[K, [32m[Kmessage.num[m[K);
[3.342s]       |                                     [01;35m[K^~~~~~~~~~~~~~~~~~[m[K  [32m[K~~~~~~~~~~~[m[K
[3.342s]       |                                                                 [32m[K|[m[K
[3.343s]       |                                                                 [32m[Ktutorial_interfaces::msg::Num_<std::allocator<void> >::_num_type {aka long int}[m[K
[3.343s] [01m[K/home/devuser/ros2_ws/src/cpp_pubsub/src/publisher_member_function.cpp:48:52:[m[K [01;36m[Knote: [m[Kformat string is defined here
[3.343s]    48 |     RCLCPP_INFO(this->get_logger(), "Publishing: '[01;36m[K%d[m[K'", message.num);
[3.343s]       |                                                   [01;36m[K~^[m[K
[3.343s]       |                                                    [01;36m[K|[m[K
[3.343s]       |                                                    [01;36m[Kint[m[K
[3.343s]       |                                                   [32m[K%ld[m[K
[3.375s] In file included from [01m[K/opt/ros/humble/include/rclcpp/rclcpp/logging.hpp:24[m[K,
[3.375s]                  from [01m[K/opt/ros/humble/include/rclcpp/rclcpp/client.hpp:40[m[K,
[3.375s]                  from [01m[K/opt/ros/humble/include/rclcpp/rclcpp/callback_group.hpp:24[m[K,
[3.376s]                  from [01m[K/opt/ros/humble/include/rclcpp/rclcpp/any_executable.hpp:20[m[K,
[3.376s]                  from [01m[K/opt/ros/humble/include/rclcpp/rclcpp/memory_strategy.hpp:25[m[K,
[3.376s]                  from [01m[K/opt/ros/humble/include/rclcpp/rclcpp/memory_strategies.hpp:18[m[K,
[3.376s]                  from [01m[K/opt/ros/humble/include/rclcpp/rclcpp/executor_options.hpp:20[m[K,
[3.376s]                  from [01m[K/opt/ros/humble/include/rclcpp/rclcpp/executor.hpp:37[m[K,
[3.376s]                  from [01m[K/opt/ros/humble/include/rclcpp/rclcpp/executors/multi_threaded_executor.hpp:25[m[K,
[3.376s]                  from [01m[K/opt/ros/humble/include/rclcpp/rclcpp/executors.hpp:21[m[K,
[3.376s]                  from [01m[K/opt/ros/humble/include/rclcpp/rclcpp/rclcpp.hpp:155[m[K,
[3.376s]                  from [01m[K/home/devuser/ros2_ws/src/cpp_pubsub/src/subscriber_member_function.cpp:17[m[K:
[3.377s] [01m[K/home/devuser/ros2_ws/src/cpp_pubsub/src/subscriber_member_function.cpp:[m[K In member function ‘[01m[Kvoid MinimalSubscriber::topic_callback(tutorial_interfaces::msg::Num_<std::allocator<void> >::SharedPtr) const[m[K’:
[3.377s] [01m[K/home/devuser/ros2_ws/src/cpp_pubsub/src/subscriber_member_function.cpp:38:37:[m[K [01;35m[Kwarning: [m[Kformat ‘[01m[K%d[m[K’ expects argument of type ‘[01m[Kint[m[K’, but argument 5 has type ‘[01m[Ktutorial_interfaces::msg::Num_<std::allocator<void> >::_num_type[m[K’ {aka ‘[01m[Klong int[m[K’} [[01;35m[K]8;;https://gcc.gnu.org/onlinedocs/gcc/Warning-Options.html#index-Wformat=-Wformat=]8;;[m[K]
[3.377s]    38 |     RCLCPP_INFO(this->get_logger(), [01;35m[K"I heard: '%d'"[m[K, [32m[Kmsg->num[m[K);
[3.377s]       |                                     [01;35m[K^~~~~~~~~~~~~~~[m[K  [32m[K~~~~~~~~[m[K
[3.377s]       |                                                           [32m[K|[m[K
[3.377s]       |                                                           [32m[Ktutorial_interfaces::msg::Num_<std::allocator<void> >::_num_type {aka long int}[m[K
[3.377s] [01m[K/home/devuser/ros2_ws/src/cpp_pubsub/src/subscriber_member_function.cpp:38:49:[m[K [01;36m[Knote: [m[Kformat string is defined here
[3.377s]    38 |     RCLCPP_INFO(this->get_logger(), "I heard: '[01;36m[K%d[m[K'", msg->num);
[3.377s]       |                                                [01;36m[K~^[m[K
[3.377s]       |                                                 [01;36m[K|[m[K
[3.378s]       |                                                 [01;36m[Kint[m[K
[3.378s]       |                                                [32m[K%ld[m[K
[5.484s] [ 75%] [32m[1mLinking CXX executable talker[0m
[5.699s] [ 75%] Built target talker
[9.723s] [100%] [32m[1mLinking CXX executable listener[0m
[10.117s] [100%] Built target listener
[10.127s] Invoked command in '/home/devuser/ros2_ws/build/cpp_pubsub' returned '0': CMAKE_PREFIX_PATH=${CMAKE_PREFIX_PATH}:/opt/ros/humble /usr/bin/cmake --build /home/devuser/ros2_ws/build/cpp_pubsub -- -j8 -l8
[10.159s] Invoking command in '/home/devuser/ros2_ws/build/cpp_pubsub': CMAKE_PREFIX_PATH=${CMAKE_PREFIX_PATH}:/opt/ros/humble /usr/bin/cmake --install /home/devuser/ros2_ws/build/cpp_pubsub
[10.166s] -- Install configuration: ""
[10.166s] -- Installing: /home/devuser/ros2_ws/install/cpp_pubsub/lib/cpp_pubsub/talker
[10.168s] -- Set runtime path of "/home/devuser/ros2_ws/install/cpp_pubsub/lib/cpp_pubsub/talker" to ""
[10.168s] -- Installing: /home/devuser/ros2_ws/install/cpp_pubsub/lib/cpp_pubsub/listener
[10.171s] -- Set runtime path of "/home/devuser/ros2_ws/install/cpp_pubsub/lib/cpp_pubsub/listener" to ""
[10.171s] -- Installing: /home/devuser/ros2_ws/install/cpp_pubsub/share/ament_index/resource_index/package_run_dependencies/cpp_pubsub
[10.172s] -- Installing: /home/devuser/ros2_ws/install/cpp_pubsub/share/ament_index/resource_index/parent_prefix_path/cpp_pubsub
[10.172s] -- Up-to-date: /home/devuser/ros2_ws/install/cpp_pubsub/share/cpp_pubsub/environment/ament_prefix_path.sh
[10.172s] -- Installing: /home/devuser/ros2_ws/install/cpp_pubsub/share/cpp_pubsub/environment/ament_prefix_path.dsv
[10.172s] -- Up-to-date: /home/devuser/ros2_ws/install/cpp_pubsub/share/cpp_pubsub/environment/path.sh
[10.172s] -- Installing: /home/devuser/ros2_ws/install/cpp_pubsub/share/cpp_pubsub/environment/path.dsv
[10.172s] -- Up-to-date: /home/devuser/ros2_ws/install/cpp_pubsub/share/cpp_pubsub/local_setup.bash
[10.172s] -- Up-to-date: /home/devuser/ros2_ws/install/cpp_pubsub/share/cpp_pubsub/local_setup.sh
[10.173s] -- Up-to-date: /home/devuser/ros2_ws/install/cpp_pubsub/share/cpp_pubsub/local_setup.zsh
[10.173s] -- Installing: /home/devuser/ros2_ws/install/cpp_pubsub/share/cpp_pubsub/local_setup.dsv
[10.173s] -- Installing: /home/devuser/ros2_ws/install/cpp_pubsub/share/cpp_pubsub/package.dsv
[10.173s] -- Up-to-date: /home/devuser/ros2_ws/install/cpp_pubsub/share/ament_index/resource_index/packages/cpp_pubsub
[10.173s] -- Up-to-date: /home/devuser/ros2_ws/install/cpp_pubsub/share/cpp_pubsub/cmake/cpp_pubsubConfig.cmake
[10.173s] -- Up-to-date: /home/devuser/ros2_ws/install/cpp_pubsub/share/cpp_pubsub/cmake/cpp_pubsubConfig-version.cmake
[10.173s] -- Installing: /home/devuser/ros2_ws/install/cpp_pubsub/share/cpp_pubsub/package.xml
[10.174s] Invoked command in '/home/devuser/ros2_ws/build/cpp_pubsub' returned '0': CMAKE_PREFIX_PATH=${CMAKE_PREFIX_PATH}:/opt/ros/humble /usr/bin/cmake --install /home/devuser/ros2_ws/build/cpp_pubsub
