[0.112s] Invoking command in '/home/devuser/AOX/ROS2/src/lcm_topic/build/lcm_topic': CMAKE_PREFIX_PATH=/opt/ros/humble /usr/bin/cmake /home/devuser/AOX/ROS2/src/lcm_topic -DCMAKE_INSTALL_PREFIX=/home/devuser/AOX/ROS2/src/lcm_topic/install/lcm_topic
[0.860s] -- The C compiler identification is GNU 11.4.0
[1.425s] -- The CXX compiler identification is GNU 11.4.0
[1.434s] -- Detecting C compiler ABI info
[1.768s] -- Detecting C compiler ABI info - done
[1.773s] -- Check for working C compiler: /usr/bin/cc - skipped
[1.773s] -- Detecting C compile features
[1.790s] -- Detecting C compile features - done
[1.798s] -- Detecting CXX compiler ABI info
[1.925s] -- Detecting CXX compiler ABI info - done
[1.930s] -- Check for working CXX compiler: /usr/bin/c++ - skipped
[1.930s] -- Detecting CXX compile features
[1.931s] -- Detecting CXX compile features - done
[2.029s] -- Found ament_cmake: 1.3.5 (/opt/ros/humble/share/ament_cmake/cmake)
[2.268s] -- Found Python3: /usr/bin/python3.10 (found version "3.10.12") found components: Interpreter 
[2.493s] -- Found rclcpp: 16.0.5 (/opt/ros/humble/share/rclcpp/cmake)
[2.779s] -- Found rosidl_generator_c: 3.1.5 (/opt/ros/humble/share/rosidl_generator_c/cmake)
[2.820s] -- Found rosidl_adapter: 3.1.5 (/opt/ros/humble/share/rosidl_adapter/cmake)
[2.880s] -- Found rosidl_generator_cpp: 3.1.5 (/opt/ros/humble/share/rosidl_generator_cpp/cmake)
[2.924s] -- Using all available rosidl_typesupport_c: rosidl_typesupport_fastrtps_c;rosidl_typesupport_introspection_c
[2.959s] -- Using all available rosidl_typesupport_cpp: rosidl_typesupport_fastrtps_cpp;rosidl_typesupport_introspection_cpp
[3.101s] -- Found rmw_implementation_cmake: 6.1.1 (/opt/ros/humble/share/rmw_implementation_cmake/cmake)
[3.119s] -- Found rmw_fastrtps_cpp: 6.2.3 (/opt/ros/humble/share/rmw_fastrtps_cpp/cmake)
[3.509s] -- Found OpenSSL: /usr/lib/x86_64-linux-gnu/libcrypto.so (found version "1.1.0g")  
[3.539s] -- Found FastRTPS: /opt/ros/humble/include  
[3.569s] -- Using RMW implementation 'rmw_fastrtps_cpp' as default
[3.636s] -- Looking for pthread.h
[3.746s] -- Looking for pthread.h - found
[3.747s] -- Performing Test CMAKE_HAVE_LIBC_PTHREAD
[3.811s] -- Performing Test CMAKE_HAVE_LIBC_PTHREAD - Success
[3.812s] -- Found Threads: TRUE  
[4.049s] [31mCMake Error at /opt/ros/humble/share/ament_cmake_target_dependencies/cmake/ament_target_dependencies.cmake:42 (message):
[4.049s]   ament_target_dependencies() the first argument must be a valid target name
[4.049s] Call Stack (most recent call first):
[4.049s]   CMakeLists.txt:20 (ament_target_dependencies)
[4.049s] 
[4.049s] [0m
[4.050s] -- Configuring incomplete, errors occurred!
[4.050s] See also "/home/devuser/AOX/ROS2/src/lcm_topic/build/lcm_topic/CMakeFiles/CMakeOutput.log".
[4.056s] Invoked command in '/home/devuser/AOX/ROS2/src/lcm_topic/build/lcm_topic' returned '1': CMAKE_PREFIX_PATH=/opt/ros/humble /usr/bin/cmake /home/devuser/AOX/ROS2/src/lcm_topic -DCMAKE_INSTALL_PREFIX=/home/devuser/AOX/ROS2/src/lcm_topic/install/lcm_topic
