[0.011s] Invoking command in '/home/devuser/AOX/ros_ws/cpp_pubsub/src/build/tutorial_interfaces': CMAKE_PREFIX_PATH=${CMAKE_PREFIX_PATH}:/opt/ros/humble /usr/bin/cmake /home/devuser/AOX/ros_ws/cpp_pubsub/src/tutorial_interfaces -DCMAKE_INSTALL_PREFIX=/home/devuser/AOX/ros_ws/cpp_pubsub/src/install/tutorial_interfaces
[0.046s] -- The C compiler identification is GNU 11.4.0
[0.081s] -- The CXX compiler identification is GNU 11.4.0
[0.085s] -- Detecting C compiler ABI info
[0.125s] -- Detecting C compiler ABI info - done
[0.132s] -- Check for working C compiler: /usr/bin/cc - skipped
[0.132s] -- Detecting C compile features
[0.132s] -- Detecting C compile features - done
[0.135s] -- Detecting CXX compiler ABI info
[0.181s] -- Detecting CXX compiler ABI info - done
[0.189s] -- Check for working CXX compiler: /usr/bin/c++ - skipped
[0.189s] -- Detecting CXX compile features
[0.189s] -- Detecting CXX compile features - done
[0.191s] -- Found ament_cmake: 1.3.5 (/opt/ros/humble/share/ament_cmake/cmake)
[0.296s] -- Found Python3: /usr/bin/python3.10 (found version "3.10.12") found components: Interpreter 
[0.361s] -- Found geometry_msgs: 4.2.3 (/opt/ros/humble/share/geometry_msgs/cmake)
[0.386s] -- Found rosidl_generator_c: 3.1.5 (/opt/ros/humble/share/rosidl_generator_c/cmake)
[0.389s] -- Found rosidl_adapter: 3.1.5 (/opt/ros/humble/share/rosidl_adapter/cmake)
[0.395s] -- Found rosidl_generator_cpp: 3.1.5 (/opt/ros/humble/share/rosidl_generator_cpp/cmake)
[0.404s] -- Using all available rosidl_typesupport_c: rosidl_typesupport_fastrtps_c;rosidl_typesupport_introspection_c
[0.419s] -- Using all available rosidl_typesupport_cpp: rosidl_typesupport_fastrtps_cpp;rosidl_typesupport_introspection_cpp
[0.506s] -- Found rosidl_default_generators: 1.2.0 (/opt/ros/humble/share/rosidl_default_generators/cmake)
[0.706s] -- Found ament_cmake_ros: 0.10.0 (/opt/ros/humble/share/ament_cmake_ros/cmake)
[0.978s] -- Using all available rosidl_typesupport_c: rosidl_typesupport_fastrtps_c;rosidl_typesupport_introspection_c
[1.083s] -- Using all available rosidl_typesupport_cpp: rosidl_typesupport_fastrtps_cpp;rosidl_typesupport_introspection_cpp
[1.099s] -- Found PythonInterp: /usr/bin/python3 (found suitable version "3.10.12", minimum required is "3.6") 
[1.100s] -- Found python_cmake_module: 0.10.0 (/opt/ros/humble/share/python_cmake_module/cmake)
[1.118s] -- Found PythonLibs: /usr/lib/x86_64-linux-gnu/libpython3.10.so (found suitable version "3.10.12", minimum required is "3.5") 
[1.118s] -- Using PYTHON_EXECUTABLE: /usr/bin/python3
[1.118s] -- Using PYTHON_INCLUDE_DIRS: /usr/include/python3.10
[1.118s] -- Using PYTHON_LIBRARIES: /usr/lib/x86_64-linux-gnu/libpython3.10.so
[1.132s] -- Found PythonExtra: .so  
[1.176s] -- Found ament_lint_auto: 0.12.7 (/opt/ros/humble/share/ament_lint_auto/cmake)
[1.193s] -- Added test 'lint_cmake' to check CMake code style
[1.194s] -- Added test 'xmllint' to check XML markup files
[1.197s] -- Configuring done
[1.259s] -- Generating done
[1.261s] -- Build files have been written to: /home/devuser/AOX/ros_ws/cpp_pubsub/src/build/tutorial_interfaces
[1.267s] Invoked command in '/home/devuser/AOX/ros_ws/cpp_pubsub/src/build/tutorial_interfaces' returned '0': CMAKE_PREFIX_PATH=${CMAKE_PREFIX_PATH}:/opt/ros/humble /usr/bin/cmake /home/devuser/AOX/ros_ws/cpp_pubsub/src/tutorial_interfaces -DCMAKE_INSTALL_PREFIX=/home/devuser/AOX/ros_ws/cpp_pubsub/src/install/tutorial_interfaces
[1.268s] Invoking command in '/home/devuser/AOX/ros_ws/cpp_pubsub/src/build/tutorial_interfaces': CMAKE_PREFIX_PATH=${CMAKE_PREFIX_PATH}:/opt/ros/humble /usr/bin/cmake --build /home/devuser/AOX/ros_ws/cpp_pubsub/src/build/tutorial_interfaces -- -j8 -l8
[1.293s] [  2%] [34m[1mGenerating C code for ROS interfaces[0m
[1.298s] [  4%] [34m[1mGenerating C++ code for ROS interfaces[0m
[1.303s] [  4%] Built target ament_cmake_python_copy_tutorial_interfaces
[1.526s] running egg_info
[1.527s] creating tutorial_interfaces.egg-info
[1.527s] writing tutorial_interfaces.egg-info/PKG-INFO
[1.527s] writing dependency_links to tutorial_interfaces.egg-info/dependency_links.txt
[1.527s] writing top-level names to tutorial_interfaces.egg-info/top_level.txt
[1.527s] writing manifest file 'tutorial_interfaces.egg-info/SOURCES.txt'
[1.530s] reading manifest file 'tutorial_interfaces.egg-info/SOURCES.txt'
[1.530s] writing manifest file 'tutorial_interfaces.egg-info/SOURCES.txt'
[1.554s] [  4%] Built target ament_cmake_python_build_tutorial_interfaces_egg
[1.619s] [  4%] Built target tutorial_interfaces__cpp
[1.628s] [  6%] [34m[1mGenerating C++ type support dispatch for ROS interfaces[0m
[1.633s] [  8%] [34m[1mGenerating C++ introspection for ROS interfaces[0m
[1.633s] [ 10%] [34m[1mGenerating C++ type support for eProsima Fast-RTPS[0m
[1.645s] [ 12%] [32mBuilding C object CMakeFiles/tutorial_interfaces__rosidl_generator_c.dir/rosidl_generator_c/tutorial_interfaces/msg/detail/num__functions.c.o[0m
[1.647s] [ 17%] [32mBuilding C object CMakeFiles/tutorial_interfaces__rosidl_generator_c.dir/rosidl_generator_c/tutorial_interfaces/srv/detail/add_three_ints__functions.c.o[0m
[1.647s] [ 17%] [32mBuilding C object CMakeFiles/tutorial_interfaces__rosidl_generator_c.dir/rosidl_generator_c/tutorial_interfaces/msg/detail/sphere__functions.c.o[0m
[1.696s] [ 19%] [32m[1mLinking C shared library libtutorial_interfaces__rosidl_generator_c.so[0m
[1.725s] [ 19%] Built target tutorial_interfaces__rosidl_generator_c
[1.733s] [ 21%] [34m[1mGenerating C type support dispatch for ROS interfaces[0m
[1.735s] [ 25%] [34m[1mGenerating C type support for eProsima Fast-RTPS[0m
[1.735s] [ 25%] [34m[1mGenerating C introspection for ROS interfaces[0m
[1.968s] [ 27%] [32mBuilding CXX object CMakeFiles/tutorial_interfaces__rosidl_typesupport_introspection_cpp.dir/rosidl_typesupport_introspection_cpp/tutorial_interfaces/msg/detail/num__type_support.cpp.o[0m
[1.969s] [ 29%] [32mBuilding CXX object CMakeFiles/tutorial_interfaces__rosidl_typesupport_introspection_cpp.dir/rosidl_typesupport_introspection_cpp/tutorial_interfaces/srv/detail/add_three_ints__type_support.cpp.o[0m
[1.980s] [ 31%] [32mBuilding CXX object CMakeFiles/tutorial_interfaces__rosidl_typesupport_introspection_cpp.dir/rosidl_typesupport_introspection_cpp/tutorial_interfaces/msg/detail/sphere__type_support.cpp.o[0m
[2.050s] [ 34%] [32mBuilding CXX object CMakeFiles/tutorial_interfaces__rosidl_typesupport_c.dir/rosidl_typesupport_c/tutorial_interfaces/msg/num__type_support.cpp.o[0m
[2.061s] [ 36%] [32mBuilding CXX object CMakeFiles/tutorial_interfaces__rosidl_typesupport_cpp.dir/rosidl_typesupport_cpp/tutorial_interfaces/msg/num__type_support.cpp.o[0m
[2.095s] [ 38%] [32mBuilding CXX object CMakeFiles/tutorial_interfaces__rosidl_typesupport_c.dir/rosidl_typesupport_c/tutorial_interfaces/msg/sphere__type_support.cpp.o[0m
[2.142s] [ 40%] [32mBuilding CXX object CMakeFiles/tutorial_interfaces__rosidl_typesupport_c.dir/rosidl_typesupport_c/tutorial_interfaces/srv/add_three_ints__type_support.cpp.o[0m
[2.172s] [ 42%] [32mBuilding CXX object CMakeFiles/tutorial_interfaces__rosidl_typesupport_fastrtps_cpp.dir/rosidl_typesupport_fastrtps_cpp/tutorial_interfaces/msg/detail/dds_fastrtps/num__type_support.cpp.o[0m
[2.188s] [ 44%] [32m[1mLinking CXX shared library libtutorial_interfaces__rosidl_typesupport_c.so[0m
[2.264s] [ 44%] Built target tutorial_interfaces__rosidl_typesupport_c
[2.272s] [ 46%] [32mBuilding C object CMakeFiles/tutorial_interfaces__rosidl_typesupport_introspection_c.dir/rosidl_typesupport_introspection_c/tutorial_interfaces/msg/detail/num__type_support.c.o[0m
[2.272s] [ 48%] [32mBuilding CXX object CMakeFiles/tutorial_interfaces__rosidl_typesupport_fastrtps_cpp.dir/rosidl_typesupport_fastrtps_cpp/tutorial_interfaces/msg/detail/dds_fastrtps/sphere__type_support.cpp.o[0m
[2.283s] [ 51%] [32mBuilding CXX object CMakeFiles/tutorial_interfaces__rosidl_typesupport_fastrtps_c.dir/rosidl_typesupport_fastrtps_c/tutorial_interfaces/msg/detail/num__type_support_c.cpp.o[0m
[2.309s] [ 53%] [32mBuilding C object CMakeFiles/tutorial_interfaces__rosidl_typesupport_introspection_c.dir/rosidl_typesupport_introspection_c/tutorial_interfaces/msg/detail/sphere__type_support.c.o[0m
[2.363s] [ 55%] [32mBuilding C object CMakeFiles/tutorial_interfaces__rosidl_typesupport_introspection_c.dir/rosidl_typesupport_introspection_c/tutorial_interfaces/srv/detail/add_three_ints__type_support.c.o[0m
[2.406s] [ 57%] [32m[1mLinking C shared library libtutorial_interfaces__rosidl_typesupport_introspection_c.so[0m
[2.418s] [ 59%] [32mBuilding CXX object CMakeFiles/tutorial_interfaces__rosidl_typesupport_cpp.dir/rosidl_typesupport_cpp/tutorial_interfaces/msg/sphere__type_support.cpp.o[0m
[2.454s] [ 61%] [32mBuilding CXX object CMakeFiles/tutorial_interfaces__rosidl_typesupport_fastrtps_c.dir/rosidl_typesupport_fastrtps_c/tutorial_interfaces/msg/detail/sphere__type_support_c.cpp.o[0m
[2.472s] [ 63%] [32m[1mLinking CXX shared library libtutorial_interfaces__rosidl_typesupport_introspection_cpp.so[0m
[2.490s] [ 65%] [32mBuilding CXX object CMakeFiles/tutorial_interfaces__rosidl_typesupport_cpp.dir/rosidl_typesupport_cpp/tutorial_interfaces/srv/add_three_ints__type_support.cpp.o[0m
[2.542s] [ 65%] Built target tutorial_interfaces__rosidl_typesupport_introspection_c
[2.546s] [ 65%] Built target tutorial_interfaces__rosidl_typesupport_introspection_cpp
[2.555s] [ 68%] [32mBuilding CXX object CMakeFiles/tutorial_interfaces__rosidl_typesupport_fastrtps_c.dir/rosidl_typesupport_fastrtps_c/tutorial_interfaces/srv/detail/add_three_ints__type_support_c.cpp.o[0m
[2.562s] [ 70%] [32mBuilding CXX object CMakeFiles/tutorial_interfaces__rosidl_typesupport_fastrtps_cpp.dir/rosidl_typesupport_fastrtps_cpp/tutorial_interfaces/srv/detail/dds_fastrtps/add_three_ints__type_support.cpp.o[0m
[2.824s] [ 72%] [32m[1mLinking CXX shared library libtutorial_interfaces__rosidl_typesupport_cpp.so[0m
[2.866s] [ 72%] Built target tutorial_interfaces__rosidl_typesupport_cpp
[2.973s] [ 74%] [32m[1mLinking CXX shared library libtutorial_interfaces__rosidl_typesupport_fastrtps_cpp.so[0m
[2.975s] [ 76%] [32m[1mLinking CXX shared library libtutorial_interfaces__rosidl_typesupport_fastrtps_c.so[0m
[3.033s] [ 76%] Built target tutorial_interfaces__rosidl_typesupport_fastrtps_cpp
[3.034s] [ 76%] Built target tutorial_interfaces__rosidl_typesupport_fastrtps_c
[3.047s] [ 76%] Built target tutorial_interfaces
[3.059s] [ 78%] [34m[1mGenerating Python code for ROS interfaces[0m
[3.450s] [ 78%] Built target tutorial_interfaces__py
[3.462s] [ 85%] [32mBuilding C object CMakeFiles/tutorial_interfaces__rosidl_generator_py.dir/rosidl_generator_py/tutorial_interfaces/msg/_sphere_s.c.o[0m
[3.462s] [ 85%] [32mBuilding C object CMakeFiles/tutorial_interfaces__rosidl_generator_py.dir/rosidl_generator_py/tutorial_interfaces/srv/_add_three_ints_s.c.o[0m
[3.462s] [ 85%] [32mBuilding C object CMakeFiles/tutorial_interfaces__rosidl_generator_py.dir/rosidl_generator_py/tutorial_interfaces/msg/_num_s.c.o[0m
[3.577s] [ 87%] [32m[1mLinking C shared library rosidl_generator_py/tutorial_interfaces/libtutorial_interfaces__rosidl_generator_py.so[0m
[3.603s] [ 87%] Built target tutorial_interfaces__rosidl_generator_py
[3.616s] [ 91%] [32mBuilding C object CMakeFiles/tutorial_interfaces__rosidl_typesupport_fastrtps_c__pyext.dir/rosidl_generator_py/tutorial_interfaces/_tutorial_interfaces_s.ep.rosidl_typesupport_fastrtps_c.c.o[0m
[3.616s] [ 91%] [32mBuilding C object CMakeFiles/tutorial_interfaces__rosidl_typesupport_c__pyext.dir/rosidl_generator_py/tutorial_interfaces/_tutorial_interfaces_s.ep.rosidl_typesupport_c.c.o[0m
[3.616s] [ 93%] [32mBuilding C object CMakeFiles/tutorial_interfaces__rosidl_typesupport_introspection_c__pyext.dir/rosidl_generator_py/tutorial_interfaces/_tutorial_interfaces_s.ep.rosidl_typesupport_introspection_c.c.o[0m
[3.697s] [ 95%] [32m[1mLinking C shared library rosidl_generator_py/tutorial_interfaces/tutorial_interfaces_s__rosidl_typesupport_introspection_c.cpython-310-x86_64-linux-gnu.so[0m
[3.714s] [ 97%] [32m[1mLinking C shared library rosidl_generator_py/tutorial_interfaces/tutorial_interfaces_s__rosidl_typesupport_fastrtps_c.cpython-310-x86_64-linux-gnu.so[0m
[3.715s] [100%] [32m[1mLinking C shared library rosidl_generator_py/tutorial_interfaces/tutorial_interfaces_s__rosidl_typesupport_c.cpython-310-x86_64-linux-gnu.so[0m
[3.728s] [100%] Built target tutorial_interfaces__rosidl_typesupport_introspection_c__pyext
[3.744s] [100%] Built target tutorial_interfaces__rosidl_typesupport_c__pyext
[3.744s] [100%] Built target tutorial_interfaces__rosidl_typesupport_fastrtps_c__pyext
[3.838s] Invoked command in '/home/devuser/AOX/ros_ws/cpp_pubsub/src/build/tutorial_interfaces' returned '0': CMAKE_PREFIX_PATH=${CMAKE_PREFIX_PATH}:/opt/ros/humble /usr/bin/cmake --build /home/devuser/AOX/ros_ws/cpp_pubsub/src/build/tutorial_interfaces -- -j8 -l8
[3.893s] Invoking command in '/home/devuser/AOX/ros_ws/cpp_pubsub/src/build/tutorial_interfaces': CMAKE_PREFIX_PATH=${CMAKE_PREFIX_PATH}:/opt/ros/humble /usr/bin/cmake --install /home/devuser/AOX/ros_ws/cpp_pubsub/src/build/tutorial_interfaces
[3.898s] -- Install configuration: ""
[3.898s] -- Installing: /home/devuser/AOX/ros_ws/cpp_pubsub/src/install/tutorial_interfaces/share/ament_index/resource_index/rosidl_interfaces/tutorial_interfaces
[3.899s] -- Installing: /home/devuser/AOX/ros_ws/cpp_pubsub/src/install/tutorial_interfaces/include/tutorial_interfaces/tutorial_interfaces
[3.899s] -- Installing: /home/devuser/AOX/ros_ws/cpp_pubsub/src/install/tutorial_interfaces/include/tutorial_interfaces/tutorial_interfaces/srv
[3.899s] -- Installing: /home/devuser/AOX/ros_ws/cpp_pubsub/src/install/tutorial_interfaces/include/tutorial_interfaces/tutorial_interfaces/srv/detail
[3.899s] -- Installing: /home/devuser/AOX/ros_ws/cpp_pubsub/src/install/tutorial_interfaces/include/tutorial_interfaces/tutorial_interfaces/srv/detail/add_three_ints__type_support.h
[3.900s] -- Installing: /home/devuser/AOX/ros_ws/cpp_pubsub/src/install/tutorial_interfaces/include/tutorial_interfaces/tutorial_interfaces/srv/detail/add_three_ints__functions.c
[3.900s] -- Installing: /home/devuser/AOX/ros_ws/cpp_pubsub/src/install/tutorial_interfaces/include/tutorial_interfaces/tutorial_interfaces/srv/detail/add_three_ints__struct.h
[3.900s] -- Installing: /home/devuser/AOX/ros_ws/cpp_pubsub/src/install/tutorial_interfaces/include/tutorial_interfaces/tutorial_interfaces/srv/detail/add_three_ints__functions.h
[3.900s] -- Installing: /home/devuser/AOX/ros_ws/cpp_pubsub/src/install/tutorial_interfaces/include/tutorial_interfaces/tutorial_interfaces/srv/add_three_ints.h
[3.900s] -- Installing: /home/devuser/AOX/ros_ws/cpp_pubsub/src/install/tutorial_interfaces/include/tutorial_interfaces/tutorial_interfaces/msg
[3.900s] -- Installing: /home/devuser/AOX/ros_ws/cpp_pubsub/src/install/tutorial_interfaces/include/tutorial_interfaces/tutorial_interfaces/msg/num.h
[3.900s] -- Installing: /home/devuser/AOX/ros_ws/cpp_pubsub/src/install/tutorial_interfaces/include/tutorial_interfaces/tutorial_interfaces/msg/sphere.h
[3.901s] -- Installing: /home/devuser/AOX/ros_ws/cpp_pubsub/src/install/tutorial_interfaces/include/tutorial_interfaces/tutorial_interfaces/msg/rosidl_generator_c__visibility_control.h
[3.901s] -- Installing: /home/devuser/AOX/ros_ws/cpp_pubsub/src/install/tutorial_interfaces/include/tutorial_interfaces/tutorial_interfaces/msg/detail
[3.901s] -- Installing: /home/devuser/AOX/ros_ws/cpp_pubsub/src/install/tutorial_interfaces/include/tutorial_interfaces/tutorial_interfaces/msg/detail/num__type_support.h
[3.901s] -- Installing: /home/devuser/AOX/ros_ws/cpp_pubsub/src/install/tutorial_interfaces/include/tutorial_interfaces/tutorial_interfaces/msg/detail/sphere__functions.h
[3.901s] -- Installing: /home/devuser/AOX/ros_ws/cpp_pubsub/src/install/tutorial_interfaces/include/tutorial_interfaces/tutorial_interfaces/msg/detail/num__struct.h
[3.901s] -- Installing: /home/devuser/AOX/ros_ws/cpp_pubsub/src/install/tutorial_interfaces/include/tutorial_interfaces/tutorial_interfaces/msg/detail/sphere__type_support.h
[3.901s] -- Installing: /home/devuser/AOX/ros_ws/cpp_pubsub/src/install/tutorial_interfaces/include/tutorial_interfaces/tutorial_interfaces/msg/detail/sphere__functions.c
[3.901s] -- Installing: /home/devuser/AOX/ros_ws/cpp_pubsub/src/install/tutorial_interfaces/include/tutorial_interfaces/tutorial_interfaces/msg/detail/num__functions.h
[3.901s] -- Installing: /home/devuser/AOX/ros_ws/cpp_pubsub/src/install/tutorial_interfaces/include/tutorial_interfaces/tutorial_interfaces/msg/detail/sphere__struct.h
[3.901s] -- Installing: /home/devuser/AOX/ros_ws/cpp_pubsub/src/install/tutorial_interfaces/include/tutorial_interfaces/tutorial_interfaces/msg/detail/num__functions.c
[3.901s] -- Installing: /home/devuser/AOX/ros_ws/cpp_pubsub/src/install/tutorial_interfaces/share/tutorial_interfaces/environment/library_path.sh
[3.902s] -- Installing: /home/devuser/AOX/ros_ws/cpp_pubsub/src/install/tutorial_interfaces/share/tutorial_interfaces/environment/library_path.dsv
[3.902s] -- Installing: /home/devuser/AOX/ros_ws/cpp_pubsub/src/install/tutorial_interfaces/lib/libtutorial_interfaces__rosidl_generator_c.so
[3.902s] -- Set runtime path of "/home/devuser/AOX/ros_ws/cpp_pubsub/src/install/tutorial_interfaces/lib/libtutorial_interfaces__rosidl_generator_c.so" to ""
[3.902s] -- Up-to-date: /home/devuser/AOX/ros_ws/cpp_pubsub/src/install/tutorial_interfaces/include/tutorial_interfaces/tutorial_interfaces
[3.902s] -- Up-to-date: /home/devuser/AOX/ros_ws/cpp_pubsub/src/install/tutorial_interfaces/include/tutorial_interfaces/tutorial_interfaces/srv
[3.902s] -- Up-to-date: /home/devuser/AOX/ros_ws/cpp_pubsub/src/install/tutorial_interfaces/include/tutorial_interfaces/tutorial_interfaces/srv/detail
[3.902s] -- Installing: /home/devuser/AOX/ros_ws/cpp_pubsub/src/install/tutorial_interfaces/include/tutorial_interfaces/tutorial_interfaces/srv/detail/add_three_ints__rosidl_typesupport_fastrtps_c.h
[3.902s] -- Up-to-date: /home/devuser/AOX/ros_ws/cpp_pubsub/src/install/tutorial_interfaces/include/tutorial_interfaces/tutorial_interfaces/msg
[3.902s] -- Up-to-date: /home/devuser/AOX/ros_ws/cpp_pubsub/src/install/tutorial_interfaces/include/tutorial_interfaces/tutorial_interfaces/msg/detail
[3.902s] -- Installing: /home/devuser/AOX/ros_ws/cpp_pubsub/src/install/tutorial_interfaces/include/tutorial_interfaces/tutorial_interfaces/msg/detail/num__rosidl_typesupport_fastrtps_c.h
[3.902s] -- Installing: /home/devuser/AOX/ros_ws/cpp_pubsub/src/install/tutorial_interfaces/include/tutorial_interfaces/tutorial_interfaces/msg/detail/sphere__rosidl_typesupport_fastrtps_c.h
[3.902s] -- Installing: /home/devuser/AOX/ros_ws/cpp_pubsub/src/install/tutorial_interfaces/include/tutorial_interfaces/tutorial_interfaces/msg/rosidl_typesupport_fastrtps_c__visibility_control.h
[3.903s] -- Installing: /home/devuser/AOX/ros_ws/cpp_pubsub/src/install/tutorial_interfaces/lib/libtutorial_interfaces__rosidl_typesupport_fastrtps_c.so
[3.903s] -- Set runtime path of "/home/devuser/AOX/ros_ws/cpp_pubsub/src/install/tutorial_interfaces/lib/libtutorial_interfaces__rosidl_typesupport_fastrtps_c.so" to ""
[3.903s] -- Up-to-date: /home/devuser/AOX/ros_ws/cpp_pubsub/src/install/tutorial_interfaces/include/tutorial_interfaces/tutorial_interfaces
[3.903s] -- Up-to-date: /home/devuser/AOX/ros_ws/cpp_pubsub/src/install/tutorial_interfaces/include/tutorial_interfaces/tutorial_interfaces/srv
[3.903s] -- Installing: /home/devuser/AOX/ros_ws/cpp_pubsub/src/install/tutorial_interfaces/include/tutorial_interfaces/tutorial_interfaces/srv/add_three_ints.hpp
[3.903s] -- Up-to-date: /home/devuser/AOX/ros_ws/cpp_pubsub/src/install/tutorial_interfaces/include/tutorial_interfaces/tutorial_interfaces/srv/detail
[3.903s] -- Installing: /home/devuser/AOX/ros_ws/cpp_pubsub/src/install/tutorial_interfaces/include/tutorial_interfaces/tutorial_interfaces/srv/detail/add_three_ints__traits.hpp
[3.903s] -- Installing: /home/devuser/AOX/ros_ws/cpp_pubsub/src/install/tutorial_interfaces/include/tutorial_interfaces/tutorial_interfaces/srv/detail/add_three_ints__struct.hpp
[3.903s] -- Installing: /home/devuser/AOX/ros_ws/cpp_pubsub/src/install/tutorial_interfaces/include/tutorial_interfaces/tutorial_interfaces/srv/detail/add_three_ints__builder.hpp
[3.903s] -- Up-to-date: /home/devuser/AOX/ros_ws/cpp_pubsub/src/install/tutorial_interfaces/include/tutorial_interfaces/tutorial_interfaces/msg
[3.903s] -- Installing: /home/devuser/AOX/ros_ws/cpp_pubsub/src/install/tutorial_interfaces/include/tutorial_interfaces/tutorial_interfaces/msg/num.hpp
[3.903s] -- Installing: /home/devuser/AOX/ros_ws/cpp_pubsub/src/install/tutorial_interfaces/include/tutorial_interfaces/tutorial_interfaces/msg/sphere.hpp
[3.903s] -- Up-to-date: /home/devuser/AOX/ros_ws/cpp_pubsub/src/install/tutorial_interfaces/include/tutorial_interfaces/tutorial_interfaces/msg/detail
[3.904s] -- Installing: /home/devuser/AOX/ros_ws/cpp_pubsub/src/install/tutorial_interfaces/include/tutorial_interfaces/tutorial_interfaces/msg/detail/sphere__struct.hpp
[3.904s] -- Installing: /home/devuser/AOX/ros_ws/cpp_pubsub/src/install/tutorial_interfaces/include/tutorial_interfaces/tutorial_interfaces/msg/detail/num__struct.hpp
[3.904s] -- Installing: /home/devuser/AOX/ros_ws/cpp_pubsub/src/install/tutorial_interfaces/include/tutorial_interfaces/tutorial_interfaces/msg/detail/num__traits.hpp
[3.904s] -- Installing: /home/devuser/AOX/ros_ws/cpp_pubsub/src/install/tutorial_interfaces/include/tutorial_interfaces/tutorial_interfaces/msg/detail/sphere__builder.hpp
[3.904s] -- Installing: /home/devuser/AOX/ros_ws/cpp_pubsub/src/install/tutorial_interfaces/include/tutorial_interfaces/tutorial_interfaces/msg/detail/sphere__traits.hpp
[3.904s] -- Installing: /home/devuser/AOX/ros_ws/cpp_pubsub/src/install/tutorial_interfaces/include/tutorial_interfaces/tutorial_interfaces/msg/detail/num__builder.hpp
[3.904s] -- Up-to-date: /home/devuser/AOX/ros_ws/cpp_pubsub/src/install/tutorial_interfaces/include/tutorial_interfaces/tutorial_interfaces
[3.904s] -- Up-to-date: /home/devuser/AOX/ros_ws/cpp_pubsub/src/install/tutorial_interfaces/include/tutorial_interfaces/tutorial_interfaces/srv
[3.904s] -- Up-to-date: /home/devuser/AOX/ros_ws/cpp_pubsub/src/install/tutorial_interfaces/include/tutorial_interfaces/tutorial_interfaces/srv/detail
[3.904s] -- Installing: /home/devuser/AOX/ros_ws/cpp_pubsub/src/install/tutorial_interfaces/include/tutorial_interfaces/tutorial_interfaces/srv/detail/add_three_ints__rosidl_typesupport_fastrtps_cpp.hpp
[3.904s] -- Installing: /home/devuser/AOX/ros_ws/cpp_pubsub/src/install/tutorial_interfaces/include/tutorial_interfaces/tutorial_interfaces/srv/detail/dds_fastrtps
[3.904s] -- Up-to-date: /home/devuser/AOX/ros_ws/cpp_pubsub/src/install/tutorial_interfaces/include/tutorial_interfaces/tutorial_interfaces/msg
[3.905s] -- Installing: /home/devuser/AOX/ros_ws/cpp_pubsub/src/install/tutorial_interfaces/include/tutorial_interfaces/tutorial_interfaces/msg/rosidl_typesupport_fastrtps_cpp__visibility_control.h
[3.905s] -- Up-to-date: /home/devuser/AOX/ros_ws/cpp_pubsub/src/install/tutorial_interfaces/include/tutorial_interfaces/tutorial_interfaces/msg/detail
[3.905s] -- Installing: /home/devuser/AOX/ros_ws/cpp_pubsub/src/install/tutorial_interfaces/include/tutorial_interfaces/tutorial_interfaces/msg/detail/num__rosidl_typesupport_fastrtps_cpp.hpp
[3.905s] -- Installing: /home/devuser/AOX/ros_ws/cpp_pubsub/src/install/tutorial_interfaces/include/tutorial_interfaces/tutorial_interfaces/msg/detail/sphere__rosidl_typesupport_fastrtps_cpp.hpp
[3.905s] -- Installing: /home/devuser/AOX/ros_ws/cpp_pubsub/src/install/tutorial_interfaces/include/tutorial_interfaces/tutorial_interfaces/msg/detail/dds_fastrtps
[3.905s] -- Installing: /home/devuser/AOX/ros_ws/cpp_pubsub/src/install/tutorial_interfaces/lib/libtutorial_interfaces__rosidl_typesupport_fastrtps_cpp.so
[3.905s] -- Set runtime path of "/home/devuser/AOX/ros_ws/cpp_pubsub/src/install/tutorial_interfaces/lib/libtutorial_interfaces__rosidl_typesupport_fastrtps_cpp.so" to ""
[3.905s] -- Up-to-date: /home/devuser/AOX/ros_ws/cpp_pubsub/src/install/tutorial_interfaces/include/tutorial_interfaces/tutorial_interfaces
[3.905s] -- Up-to-date: /home/devuser/AOX/ros_ws/cpp_pubsub/src/install/tutorial_interfaces/include/tutorial_interfaces/tutorial_interfaces/srv
[3.905s] -- Up-to-date: /home/devuser/AOX/ros_ws/cpp_pubsub/src/install/tutorial_interfaces/include/tutorial_interfaces/tutorial_interfaces/srv/detail
[3.906s] -- Installing: /home/devuser/AOX/ros_ws/cpp_pubsub/src/install/tutorial_interfaces/include/tutorial_interfaces/tutorial_interfaces/srv/detail/add_three_ints__type_support.c
[3.906s] -- Installing: /home/devuser/AOX/ros_ws/cpp_pubsub/src/install/tutorial_interfaces/include/tutorial_interfaces/tutorial_interfaces/srv/detail/add_three_ints__rosidl_typesupport_introspection_c.h
[3.906s] -- Up-to-date: /home/devuser/AOX/ros_ws/cpp_pubsub/src/install/tutorial_interfaces/include/tutorial_interfaces/tutorial_interfaces/msg
[3.906s] -- Installing: /home/devuser/AOX/ros_ws/cpp_pubsub/src/install/tutorial_interfaces/include/tutorial_interfaces/tutorial_interfaces/msg/rosidl_typesupport_introspection_c__visibility_control.h
[3.906s] -- Up-to-date: /home/devuser/AOX/ros_ws/cpp_pubsub/src/install/tutorial_interfaces/include/tutorial_interfaces/tutorial_interfaces/msg/detail
[3.906s] -- Installing: /home/devuser/AOX/ros_ws/cpp_pubsub/src/install/tutorial_interfaces/include/tutorial_interfaces/tutorial_interfaces/msg/detail/num__type_support.c
[3.906s] -- Installing: /home/devuser/AOX/ros_ws/cpp_pubsub/src/install/tutorial_interfaces/include/tutorial_interfaces/tutorial_interfaces/msg/detail/num__rosidl_typesupport_introspection_c.h
[3.906s] -- Installing: /home/devuser/AOX/ros_ws/cpp_pubsub/src/install/tutorial_interfaces/include/tutorial_interfaces/tutorial_interfaces/msg/detail/sphere__rosidl_typesupport_introspection_c.h
[3.906s] -- Installing: /home/devuser/AOX/ros_ws/cpp_pubsub/src/install/tutorial_interfaces/include/tutorial_interfaces/tutorial_interfaces/msg/detail/sphere__type_support.c
[3.906s] -- Installing: /home/devuser/AOX/ros_ws/cpp_pubsub/src/install/tutorial_interfaces/lib/libtutorial_interfaces__rosidl_typesupport_introspection_c.so
[3.906s] -- Set runtime path of "/home/devuser/AOX/ros_ws/cpp_pubsub/src/install/tutorial_interfaces/lib/libtutorial_interfaces__rosidl_typesupport_introspection_c.so" to ""
[3.906s] -- Installing: /home/devuser/AOX/ros_ws/cpp_pubsub/src/install/tutorial_interfaces/lib/libtutorial_interfaces__rosidl_typesupport_c.so
[3.907s] -- Set runtime path of "/home/devuser/AOX/ros_ws/cpp_pubsub/src/install/tutorial_interfaces/lib/libtutorial_interfaces__rosidl_typesupport_c.so" to ""
[3.907s] -- Up-to-date: /home/devuser/AOX/ros_ws/cpp_pubsub/src/install/tutorial_interfaces/include/tutorial_interfaces/tutorial_interfaces
[3.907s] -- Up-to-date: /home/devuser/AOX/ros_ws/cpp_pubsub/src/install/tutorial_interfaces/include/tutorial_interfaces/tutorial_interfaces/srv
[3.907s] -- Up-to-date: /home/devuser/AOX/ros_ws/cpp_pubsub/src/install/tutorial_interfaces/include/tutorial_interfaces/tutorial_interfaces/srv/detail
[3.907s] -- Installing: /home/devuser/AOX/ros_ws/cpp_pubsub/src/install/tutorial_interfaces/include/tutorial_interfaces/tutorial_interfaces/srv/detail/add_three_ints__rosidl_typesupport_introspection_cpp.hpp
[3.907s] -- Installing: /home/devuser/AOX/ros_ws/cpp_pubsub/src/install/tutorial_interfaces/include/tutorial_interfaces/tutorial_interfaces/srv/detail/add_three_ints__type_support.cpp
[3.907s] -- Up-to-date: /home/devuser/AOX/ros_ws/cpp_pubsub/src/install/tutorial_interfaces/include/tutorial_interfaces/tutorial_interfaces/msg
[3.907s] -- Up-to-date: /home/devuser/AOX/ros_ws/cpp_pubsub/src/install/tutorial_interfaces/include/tutorial_interfaces/tutorial_interfaces/msg/detail
[3.907s] -- Installing: /home/devuser/AOX/ros_ws/cpp_pubsub/src/install/tutorial_interfaces/include/tutorial_interfaces/tutorial_interfaces/msg/detail/num__rosidl_typesupport_introspection_cpp.hpp
[3.907s] -- Installing: /home/devuser/AOX/ros_ws/cpp_pubsub/src/install/tutorial_interfaces/include/tutorial_interfaces/tutorial_interfaces/msg/detail/sphere__type_support.cpp
[3.907s] -- Installing: /home/devuser/AOX/ros_ws/cpp_pubsub/src/install/tutorial_interfaces/include/tutorial_interfaces/tutorial_interfaces/msg/detail/sphere__rosidl_typesupport_introspection_cpp.hpp
[3.907s] -- Installing: /home/devuser/AOX/ros_ws/cpp_pubsub/src/install/tutorial_interfaces/include/tutorial_interfaces/tutorial_interfaces/msg/detail/num__type_support.cpp
[3.907s] -- Installing: /home/devuser/AOX/ros_ws/cpp_pubsub/src/install/tutorial_interfaces/lib/libtutorial_interfaces__rosidl_typesupport_introspection_cpp.so
[3.908s] -- Set runtime path of "/home/devuser/AOX/ros_ws/cpp_pubsub/src/install/tutorial_interfaces/lib/libtutorial_interfaces__rosidl_typesupport_introspection_cpp.so" to ""
[3.908s] -- Installing: /home/devuser/AOX/ros_ws/cpp_pubsub/src/install/tutorial_interfaces/lib/libtutorial_interfaces__rosidl_typesupport_cpp.so
[3.908s] -- Set runtime path of "/home/devuser/AOX/ros_ws/cpp_pubsub/src/install/tutorial_interfaces/lib/libtutorial_interfaces__rosidl_typesupport_cpp.so" to ""
[3.908s] -- Installing: /home/devuser/AOX/ros_ws/cpp_pubsub/src/install/tutorial_interfaces/share/tutorial_interfaces/environment/pythonpath.sh
[3.908s] -- Installing: /home/devuser/AOX/ros_ws/cpp_pubsub/src/install/tutorial_interfaces/share/tutorial_interfaces/environment/pythonpath.dsv
[3.908s] -- Installing: /home/devuser/AOX/ros_ws/cpp_pubsub/src/install/tutorial_interfaces/local/lib/python3.10/dist-packages/tutorial_interfaces-0.0.0-py3.10.egg-info
[3.908s] -- Installing: /home/devuser/AOX/ros_ws/cpp_pubsub/src/install/tutorial_interfaces/local/lib/python3.10/dist-packages/tutorial_interfaces-0.0.0-py3.10.egg-info/top_level.txt
[3.909s] -- Installing: /home/devuser/AOX/ros_ws/cpp_pubsub/src/install/tutorial_interfaces/local/lib/python3.10/dist-packages/tutorial_interfaces-0.0.0-py3.10.egg-info/SOURCES.txt
[3.909s] -- Installing: /home/devuser/AOX/ros_ws/cpp_pubsub/src/install/tutorial_interfaces/local/lib/python3.10/dist-packages/tutorial_interfaces-0.0.0-py3.10.egg-info/dependency_links.txt
[3.909s] -- Installing: /home/devuser/AOX/ros_ws/cpp_pubsub/src/install/tutorial_interfaces/local/lib/python3.10/dist-packages/tutorial_interfaces-0.0.0-py3.10.egg-info/PKG-INFO
[3.909s] -- Installing: /home/devuser/AOX/ros_ws/cpp_pubsub/src/install/tutorial_interfaces/local/lib/python3.10/dist-packages/tutorial_interfaces
[3.909s] -- Installing: /home/devuser/AOX/ros_ws/cpp_pubsub/src/install/tutorial_interfaces/local/lib/python3.10/dist-packages/tutorial_interfaces/_tutorial_interfaces_s.ep.rosidl_typesupport_fastrtps_c.c
[3.909s] -- Installing: /home/devuser/AOX/ros_ws/cpp_pubsub/src/install/tutorial_interfaces/local/lib/python3.10/dist-packages/tutorial_interfaces/srv
[3.909s] -- Installing: /home/devuser/AOX/ros_ws/cpp_pubsub/src/install/tutorial_interfaces/local/lib/python3.10/dist-packages/tutorial_interfaces/srv/_add_three_ints.py
[3.909s] -- Installing: /home/devuser/AOX/ros_ws/cpp_pubsub/src/install/tutorial_interfaces/local/lib/python3.10/dist-packages/tutorial_interfaces/srv/_add_three_ints_s.c
[3.909s] -- Installing: /home/devuser/AOX/ros_ws/cpp_pubsub/src/install/tutorial_interfaces/local/lib/python3.10/dist-packages/tutorial_interfaces/srv/__init__.py
[3.909s] -- Installing: /home/devuser/AOX/ros_ws/cpp_pubsub/src/install/tutorial_interfaces/local/lib/python3.10/dist-packages/tutorial_interfaces/tutorial_interfaces_s__rosidl_typesupport_introspection_c.cpython-310-x86_64-linux-gnu.so
[3.909s] -- Installing: /home/devuser/AOX/ros_ws/cpp_pubsub/src/install/tutorial_interfaces/local/lib/python3.10/dist-packages/tutorial_interfaces/libtutorial_interfaces__rosidl_generator_py.so
[3.910s] -- Installing: /home/devuser/AOX/ros_ws/cpp_pubsub/src/install/tutorial_interfaces/local/lib/python3.10/dist-packages/tutorial_interfaces/tutorial_interfaces_s__rosidl_typesupport_c.cpython-310-x86_64-linux-gnu.so
[3.910s] -- Installing: /home/devuser/AOX/ros_ws/cpp_pubsub/src/install/tutorial_interfaces/local/lib/python3.10/dist-packages/tutorial_interfaces/_tutorial_interfaces_s.ep.rosidl_typesupport_introspection_c.c
[3.910s] -- Installing: /home/devuser/AOX/ros_ws/cpp_pubsub/src/install/tutorial_interfaces/local/lib/python3.10/dist-packages/tutorial_interfaces/__init__.py
[3.910s] -- Installing: /home/devuser/AOX/ros_ws/cpp_pubsub/src/install/tutorial_interfaces/local/lib/python3.10/dist-packages/tutorial_interfaces/tutorial_interfaces_s__rosidl_typesupport_fastrtps_c.cpython-310-x86_64-linux-gnu.so
[3.910s] -- Installing: /home/devuser/AOX/ros_ws/cpp_pubsub/src/install/tutorial_interfaces/local/lib/python3.10/dist-packages/tutorial_interfaces/msg
[3.910s] -- Installing: /home/devuser/AOX/ros_ws/cpp_pubsub/src/install/tutorial_interfaces/local/lib/python3.10/dist-packages/tutorial_interfaces/msg/_sphere_s.c
[3.910s] -- Installing: /home/devuser/AOX/ros_ws/cpp_pubsub/src/install/tutorial_interfaces/local/lib/python3.10/dist-packages/tutorial_interfaces/msg/_num_s.c
[3.910s] -- Installing: /home/devuser/AOX/ros_ws/cpp_pubsub/src/install/tutorial_interfaces/local/lib/python3.10/dist-packages/tutorial_interfaces/msg/_sphere.py
[3.911s] -- Installing: /home/devuser/AOX/ros_ws/cpp_pubsub/src/install/tutorial_interfaces/local/lib/python3.10/dist-packages/tutorial_interfaces/msg/_num.py
[3.911s] -- Installing: /home/devuser/AOX/ros_ws/cpp_pubsub/src/install/tutorial_interfaces/local/lib/python3.10/dist-packages/tutorial_interfaces/msg/__init__.py
[3.911s] -- Installing: /home/devuser/AOX/ros_ws/cpp_pubsub/src/install/tutorial_interfaces/local/lib/python3.10/dist-packages/tutorial_interfaces/_tutorial_interfaces_s.ep.rosidl_typesupport_c.c
[3.941s] Listing '/home/devuser/AOX/ros_ws/cpp_pubsub/src/install/tutorial_interfaces/local/lib/python3.10/dist-packages/tutorial_interfaces'...
[3.941s] Compiling '/home/devuser/AOX/ros_ws/cpp_pubsub/src/install/tutorial_interfaces/local/lib/python3.10/dist-packages/tutorial_interfaces/__init__.py'...
[3.941s] Listing '/home/devuser/AOX/ros_ws/cpp_pubsub/src/install/tutorial_interfaces/local/lib/python3.10/dist-packages/tutorial_interfaces/msg'...
[3.941s] Compiling '/home/devuser/AOX/ros_ws/cpp_pubsub/src/install/tutorial_interfaces/local/lib/python3.10/dist-packages/tutorial_interfaces/msg/__init__.py'...
[3.941s] Compiling '/home/devuser/AOX/ros_ws/cpp_pubsub/src/install/tutorial_interfaces/local/lib/python3.10/dist-packages/tutorial_interfaces/msg/_num.py'...
[3.941s] Compiling '/home/devuser/AOX/ros_ws/cpp_pubsub/src/install/tutorial_interfaces/local/lib/python3.10/dist-packages/tutorial_interfaces/msg/_sphere.py'...
[3.941s] Listing '/home/devuser/AOX/ros_ws/cpp_pubsub/src/install/tutorial_interfaces/local/lib/python3.10/dist-packages/tutorial_interfaces/srv'...
[3.941s] Compiling '/home/devuser/AOX/ros_ws/cpp_pubsub/src/install/tutorial_interfaces/local/lib/python3.10/dist-packages/tutorial_interfaces/srv/__init__.py'...
[3.942s] Compiling '/home/devuser/AOX/ros_ws/cpp_pubsub/src/install/tutorial_interfaces/local/lib/python3.10/dist-packages/tutorial_interfaces/srv/_add_three_ints.py'...
[3.945s] -- Installing: /home/devuser/AOX/ros_ws/cpp_pubsub/src/install/tutorial_interfaces/local/lib/python3.10/dist-packages/tutorial_interfaces/tutorial_interfaces_s__rosidl_typesupport_fastrtps_c.cpython-310-x86_64-linux-gnu.so
[3.945s] -- Set runtime path of "/home/devuser/AOX/ros_ws/cpp_pubsub/src/install/tutorial_interfaces/local/lib/python3.10/dist-packages/tutorial_interfaces/tutorial_interfaces_s__rosidl_typesupport_fastrtps_c.cpython-310-x86_64-linux-gnu.so" to ""
[3.945s] -- Installing: /home/devuser/AOX/ros_ws/cpp_pubsub/src/install/tutorial_interfaces/local/lib/python3.10/dist-packages/tutorial_interfaces/tutorial_interfaces_s__rosidl_typesupport_introspection_c.cpython-310-x86_64-linux-gnu.so
[3.945s] -- Set runtime path of "/home/devuser/AOX/ros_ws/cpp_pubsub/src/install/tutorial_interfaces/local/lib/python3.10/dist-packages/tutorial_interfaces/tutorial_interfaces_s__rosidl_typesupport_introspection_c.cpython-310-x86_64-linux-gnu.so" to ""
[3.945s] -- Installing: /home/devuser/AOX/ros_ws/cpp_pubsub/src/install/tutorial_interfaces/local/lib/python3.10/dist-packages/tutorial_interfaces/tutorial_interfaces_s__rosidl_typesupport_c.cpython-310-x86_64-linux-gnu.so
[3.946s] -- Set runtime path of "/home/devuser/AOX/ros_ws/cpp_pubsub/src/install/tutorial_interfaces/local/lib/python3.10/dist-packages/tutorial_interfaces/tutorial_interfaces_s__rosidl_typesupport_c.cpython-310-x86_64-linux-gnu.so" to ""
[3.946s] -- Installing: /home/devuser/AOX/ros_ws/cpp_pubsub/src/install/tutorial_interfaces/lib/libtutorial_interfaces__rosidl_generator_py.so
[3.946s] -- Set runtime path of "/home/devuser/AOX/ros_ws/cpp_pubsub/src/install/tutorial_interfaces/lib/libtutorial_interfaces__rosidl_generator_py.so" to ""
[3.946s] -- Installing: /home/devuser/AOX/ros_ws/cpp_pubsub/src/install/tutorial_interfaces/share/tutorial_interfaces/msg/Num.idl
[3.946s] -- Installing: /home/devuser/AOX/ros_ws/cpp_pubsub/src/install/tutorial_interfaces/share/tutorial_interfaces/msg/Sphere.idl
[3.947s] -- Installing: /home/devuser/AOX/ros_ws/cpp_pubsub/src/install/tutorial_interfaces/share/tutorial_interfaces/srv/AddThreeInts.idl
[3.947s] -- Installing: /home/devuser/AOX/ros_ws/cpp_pubsub/src/install/tutorial_interfaces/share/tutorial_interfaces/msg/Num.msg
[3.947s] -- Installing: /home/devuser/AOX/ros_ws/cpp_pubsub/src/install/tutorial_interfaces/share/tutorial_interfaces/msg/Sphere.msg
[3.947s] -- Installing: /home/devuser/AOX/ros_ws/cpp_pubsub/src/install/tutorial_interfaces/share/tutorial_interfaces/srv/AddThreeInts.srv
[3.947s] -- Installing: /home/devuser/AOX/ros_ws/cpp_pubsub/src/install/tutorial_interfaces/share/tutorial_interfaces/srv/AddThreeInts_Request.msg
[3.947s] -- Installing: /home/devuser/AOX/ros_ws/cpp_pubsub/src/install/tutorial_interfaces/share/tutorial_interfaces/srv/AddThreeInts_Response.msg
[3.947s] -- Installing: /home/devuser/AOX/ros_ws/cpp_pubsub/src/install/tutorial_interfaces/share/ament_index/resource_index/package_run_dependencies/tutorial_interfaces
[3.948s] -- Installing: /home/devuser/AOX/ros_ws/cpp_pubsub/src/install/tutorial_interfaces/share/ament_index/resource_index/parent_prefix_path/tutorial_interfaces
[3.948s] -- Installing: /home/devuser/AOX/ros_ws/cpp_pubsub/src/install/tutorial_interfaces/share/tutorial_interfaces/environment/ament_prefix_path.sh
[3.948s] -- Installing: /home/devuser/AOX/ros_ws/cpp_pubsub/src/install/tutorial_interfaces/share/tutorial_interfaces/environment/ament_prefix_path.dsv
[3.948s] -- Installing: /home/devuser/AOX/ros_ws/cpp_pubsub/src/install/tutorial_interfaces/share/tutorial_interfaces/environment/path.sh
[3.948s] -- Installing: /home/devuser/AOX/ros_ws/cpp_pubsub/src/install/tutorial_interfaces/share/tutorial_interfaces/environment/path.dsv
[3.948s] -- Installing: /home/devuser/AOX/ros_ws/cpp_pubsub/src/install/tutorial_interfaces/share/tutorial_interfaces/local_setup.bash
[3.948s] -- Installing: /home/devuser/AOX/ros_ws/cpp_pubsub/src/install/tutorial_interfaces/share/tutorial_interfaces/local_setup.sh
[3.948s] -- Installing: /home/devuser/AOX/ros_ws/cpp_pubsub/src/install/tutorial_interfaces/share/tutorial_interfaces/local_setup.zsh
[3.949s] -- Installing: /home/devuser/AOX/ros_ws/cpp_pubsub/src/install/tutorial_interfaces/share/tutorial_interfaces/local_setup.dsv
[3.949s] -- Installing: /home/devuser/AOX/ros_ws/cpp_pubsub/src/install/tutorial_interfaces/share/tutorial_interfaces/package.dsv
[3.949s] -- Installing: /home/devuser/AOX/ros_ws/cpp_pubsub/src/install/tutorial_interfaces/share/ament_index/resource_index/packages/tutorial_interfaces
[3.959s] -- Installing: /home/devuser/AOX/ros_ws/cpp_pubsub/src/install/tutorial_interfaces/share/tutorial_interfaces/cmake/export_tutorial_interfaces__rosidl_generator_cExport.cmake
[3.959s] -- Installing: /home/devuser/AOX/ros_ws/cpp_pubsub/src/install/tutorial_interfaces/share/tutorial_interfaces/cmake/export_tutorial_interfaces__rosidl_generator_cExport-noconfig.cmake
[3.959s] -- Installing: /home/devuser/AOX/ros_ws/cpp_pubsub/src/install/tutorial_interfaces/share/tutorial_interfaces/cmake/export_tutorial_interfaces__rosidl_typesupport_fastrtps_cExport.cmake
[3.959s] -- Installing: /home/devuser/AOX/ros_ws/cpp_pubsub/src/install/tutorial_interfaces/share/tutorial_interfaces/cmake/export_tutorial_interfaces__rosidl_typesupport_fastrtps_cExport-noconfig.cmake
[3.960s] -- Installing: /home/devuser/AOX/ros_ws/cpp_pubsub/src/install/tutorial_interfaces/share/tutorial_interfaces/cmake/export_tutorial_interfaces__rosidl_generator_cppExport.cmake
[3.960s] -- Installing: /home/devuser/AOX/ros_ws/cpp_pubsub/src/install/tutorial_interfaces/share/tutorial_interfaces/cmake/export_tutorial_interfaces__rosidl_typesupport_fastrtps_cppExport.cmake
[3.960s] -- Installing: /home/devuser/AOX/ros_ws/cpp_pubsub/src/install/tutorial_interfaces/share/tutorial_interfaces/cmake/export_tutorial_interfaces__rosidl_typesupport_fastrtps_cppExport-noconfig.cmake
[3.961s] -- Installing: /home/devuser/AOX/ros_ws/cpp_pubsub/src/install/tutorial_interfaces/share/tutorial_interfaces/cmake/tutorial_interfaces__rosidl_typesupport_introspection_cExport.cmake
[3.961s] -- Installing: /home/devuser/AOX/ros_ws/cpp_pubsub/src/install/tutorial_interfaces/share/tutorial_interfaces/cmake/tutorial_interfaces__rosidl_typesupport_introspection_cExport-noconfig.cmake
[3.961s] -- Installing: /home/devuser/AOX/ros_ws/cpp_pubsub/src/install/tutorial_interfaces/share/tutorial_interfaces/cmake/tutorial_interfaces__rosidl_typesupport_cExport.cmake
[3.961s] -- Installing: /home/devuser/AOX/ros_ws/cpp_pubsub/src/install/tutorial_interfaces/share/tutorial_interfaces/cmake/tutorial_interfaces__rosidl_typesupport_cExport-noconfig.cmake
[3.961s] -- Installing: /home/devuser/AOX/ros_ws/cpp_pubsub/src/install/tutorial_interfaces/share/tutorial_interfaces/cmake/tutorial_interfaces__rosidl_typesupport_introspection_cppExport.cmake
[3.961s] -- Installing: /home/devuser/AOX/ros_ws/cpp_pubsub/src/install/tutorial_interfaces/share/tutorial_interfaces/cmake/tutorial_interfaces__rosidl_typesupport_introspection_cppExport-noconfig.cmake
[3.961s] -- Installing: /home/devuser/AOX/ros_ws/cpp_pubsub/src/install/tutorial_interfaces/share/tutorial_interfaces/cmake/tutorial_interfaces__rosidl_typesupport_cppExport.cmake
[3.962s] -- Installing: /home/devuser/AOX/ros_ws/cpp_pubsub/src/install/tutorial_interfaces/share/tutorial_interfaces/cmake/tutorial_interfaces__rosidl_typesupport_cppExport-noconfig.cmake
[3.962s] -- Installing: /home/devuser/AOX/ros_ws/cpp_pubsub/src/install/tutorial_interfaces/share/tutorial_interfaces/cmake/export_tutorial_interfaces__rosidl_generator_pyExport.cmake
[3.962s] -- Installing: /home/devuser/AOX/ros_ws/cpp_pubsub/src/install/tutorial_interfaces/share/tutorial_interfaces/cmake/export_tutorial_interfaces__rosidl_generator_pyExport-noconfig.cmake
[3.962s] -- Installing: /home/devuser/AOX/ros_ws/cpp_pubsub/src/install/tutorial_interfaces/share/tutorial_interfaces/cmake/rosidl_cmake-extras.cmake
[3.962s] -- Installing: /home/devuser/AOX/ros_ws/cpp_pubsub/src/install/tutorial_interfaces/share/tutorial_interfaces/cmake/ament_cmake_export_dependencies-extras.cmake
[3.962s] -- Installing: /home/devuser/AOX/ros_ws/cpp_pubsub/src/install/tutorial_interfaces/share/tutorial_interfaces/cmake/ament_cmake_export_include_directories-extras.cmake
[3.962s] -- Installing: /home/devuser/AOX/ros_ws/cpp_pubsub/src/install/tutorial_interfaces/share/tutorial_interfaces/cmake/ament_cmake_export_libraries-extras.cmake
[3.963s] -- Installing: /home/devuser/AOX/ros_ws/cpp_pubsub/src/install/tutorial_interfaces/share/tutorial_interfaces/cmake/ament_cmake_export_targets-extras.cmake
[3.963s] -- Installing: /home/devuser/AOX/ros_ws/cpp_pubsub/src/install/tutorial_interfaces/share/tutorial_interfaces/cmake/rosidl_cmake_export_typesupport_targets-extras.cmake
[3.963s] -- Installing: /home/devuser/AOX/ros_ws/cpp_pubsub/src/install/tutorial_interfaces/share/tutorial_interfaces/cmake/rosidl_cmake_export_typesupport_libraries-extras.cmake
[3.963s] -- Installing: /home/devuser/AOX/ros_ws/cpp_pubsub/src/install/tutorial_interfaces/share/tutorial_interfaces/cmake/tutorial_interfacesConfig.cmake
[3.963s] -- Installing: /home/devuser/AOX/ros_ws/cpp_pubsub/src/install/tutorial_interfaces/share/tutorial_interfaces/cmake/tutorial_interfacesConfig-version.cmake
[3.963s] -- Installing: /home/devuser/AOX/ros_ws/cpp_pubsub/src/install/tutorial_interfaces/share/tutorial_interfaces/package.xml
[3.966s] Invoked command in '/home/devuser/AOX/ros_ws/cpp_pubsub/src/build/tutorial_interfaces' returned '0': CMAKE_PREFIX_PATH=${CMAKE_PREFIX_PATH}:/opt/ros/humble /usr/bin/cmake --install /home/devuser/AOX/ros_ws/cpp_pubsub/src/build/tutorial_interfaces
