[0.027s] Invoking command in '/home/devuser/ros2_ws/build/cpp_srvcli': CMAKE_PREFIX_PATH=${CMAKE_PREFIX_PATH}:/opt/ros/humble /usr/bin/cmake --build /home/devuser/ros2_ws/build/cpp_srvcli -- -j8 -l8
[0.050s] -- Found ament_cmake: 1.3.5 (/opt/ros/humble/share/ament_cmake/cmake)
[0.191s] -- Found rclcpp: 16.0.5 (/opt/ros/humble/share/rclcpp/cmake)
[0.220s] -- Found rosidl_generator_c: 3.1.5 (/opt/ros/humble/share/rosidl_generator_c/cmake)
[0.223s] -- Found rosidl_adapter: 3.1.5 (/opt/ros/humble/share/rosidl_adapter/cmake)
[0.231s] -- Found rosidl_generator_cpp: 3.1.5 (/opt/ros/humble/share/rosidl_generator_cpp/cmake)
[0.242s] -- Using all available rosidl_typesupport_c: rosidl_typesupport_fastrtps_c;rosidl_typesupport_introspection_c
[0.258s] -- Using all available rosidl_typesupport_cpp: rosidl_typesupport_fastrtps_cpp;rosidl_typesupport_introspection_cpp
[0.319s] -- Found rmw_implementation_cmake: 6.1.1 (/opt/ros/humble/share/rmw_implementation_cmake/cmake)
[0.320s] -- Found rmw_fastrtps_cpp: 6.2.3 (/opt/ros/humble/share/rmw_fastrtps_cpp/cmake)
[0.437s] -- Using RMW implementation 'rmw_fastrtps_cpp' as default
[0.613s] -- Found tutorial_interfaces: 0.0.0 (/home/devuser/ros2_ws/install/tutorial_interfaces/share/tutorial_interfaces/cmake)
[0.835s] -- Configuring done
[0.847s] -- Generating done
[0.848s] -- Build files have been written to: /home/devuser/ros2_ws/build/cpp_srvcli
[0.872s] [35m[1mConsolidate compiler generated dependencies of target client[0m
[0.872s] [35m[1mConsolidate compiler generated dependencies of target server[0m
[0.888s] [ 50%] [32mBuilding CXX object CMakeFiles/server.dir/src/add_two_ints_server.cpp.o[0m
[0.888s] [ 50%] [32mBuilding CXX object CMakeFiles/client.dir/src/add_two_ints_client.cpp.o[0m
[4.920s] [100%] [32m[1mLinking CXX executable client[0m
[4.920s] [100%] [32m[1mLinking CXX executable server[0m
[5.140s] [100%] Built target server
[5.151s] [100%] Built target client
[5.167s] Invoked command in '/home/devuser/ros2_ws/build/cpp_srvcli' returned '0': CMAKE_PREFIX_PATH=${CMAKE_PREFIX_PATH}:/opt/ros/humble /usr/bin/cmake --build /home/devuser/ros2_ws/build/cpp_srvcli -- -j8 -l8
[5.215s] Invoking command in '/home/devuser/ros2_ws/build/cpp_srvcli': CMAKE_PREFIX_PATH=${CMAKE_PREFIX_PATH}:/opt/ros/humble /usr/bin/cmake --install /home/devuser/ros2_ws/build/cpp_srvcli
[5.225s] -- Install configuration: ""
[5.225s] -- Installing: /home/devuser/ros2_ws/install/cpp_srvcli/lib/cpp_srvcli/server
[5.226s] -- Set runtime path of "/home/devuser/ros2_ws/install/cpp_srvcli/lib/cpp_srvcli/server" to ""
[5.226s] -- Installing: /home/devuser/ros2_ws/install/cpp_srvcli/lib/cpp_srvcli/client
[5.228s] -- Set runtime path of "/home/devuser/ros2_ws/install/cpp_srvcli/lib/cpp_srvcli/client" to ""
[5.228s] -- Installing: /home/devuser/ros2_ws/install/cpp_srvcli/share/ament_index/resource_index/package_run_dependencies/cpp_srvcli
[5.228s] -- Installing: /home/devuser/ros2_ws/install/cpp_srvcli/share/ament_index/resource_index/parent_prefix_path/cpp_srvcli
[5.228s] -- Up-to-date: /home/devuser/ros2_ws/install/cpp_srvcli/share/cpp_srvcli/environment/ament_prefix_path.sh
[5.229s] -- Installing: /home/devuser/ros2_ws/install/cpp_srvcli/share/cpp_srvcli/environment/ament_prefix_path.dsv
[5.229s] -- Up-to-date: /home/devuser/ros2_ws/install/cpp_srvcli/share/cpp_srvcli/environment/path.sh
[5.229s] -- Installing: /home/devuser/ros2_ws/install/cpp_srvcli/share/cpp_srvcli/environment/path.dsv
[5.229s] -- Up-to-date: /home/devuser/ros2_ws/install/cpp_srvcli/share/cpp_srvcli/local_setup.bash
[5.229s] -- Up-to-date: /home/devuser/ros2_ws/install/cpp_srvcli/share/cpp_srvcli/local_setup.sh
[5.229s] -- Up-to-date: /home/devuser/ros2_ws/install/cpp_srvcli/share/cpp_srvcli/local_setup.zsh
[5.230s] -- Installing: /home/devuser/ros2_ws/install/cpp_srvcli/share/cpp_srvcli/local_setup.dsv
[5.230s] -- Installing: /home/devuser/ros2_ws/install/cpp_srvcli/share/cpp_srvcli/package.dsv
[5.230s] -- Up-to-date: /home/devuser/ros2_ws/install/cpp_srvcli/share/ament_index/resource_index/packages/cpp_srvcli
[5.230s] -- Up-to-date: /home/devuser/ros2_ws/install/cpp_srvcli/share/cpp_srvcli/cmake/cpp_srvcliConfig.cmake
[5.230s] -- Up-to-date: /home/devuser/ros2_ws/install/cpp_srvcli/share/cpp_srvcli/cmake/cpp_srvcliConfig-version.cmake
[5.230s] -- Installing: /home/devuser/ros2_ws/install/cpp_srvcli/share/cpp_srvcli/package.xml
[5.232s] Invoked command in '/home/devuser/ros2_ws/build/cpp_srvcli' returned '0': CMAKE_PREFIX_PATH=${CMAKE_PREFIX_PATH}:/opt/ros/humble /usr/bin/cmake --install /home/devuser/ros2_ws/build/cpp_srvcli
