[35m[1mConsolidate compiler generated dependencies of target listener[0m
[ 50%] Built target watchdog
[ 66%] Built target talker
[ 83%] [32mBuilding CXX object CMakeFiles/listener.dir/src/subscriber_member_function.cpp.o[0m
In file included from [01m[K/opt/ros/humble/include/rclcpp/rclcpp/logging.hpp:24[m[K,
                 from [01m[K/opt/ros/humble/include/rclcpp/rclcpp/client.hpp:40[m[K,
                 from [01m[K/opt/ros/humble/include/rclcpp/rclcpp/callback_group.hpp:24[m[K,
                 from [01m[K/opt/ros/humble/include/rclcpp/rclcpp/any_executable.hpp:20[m[K,
                 from [01m[K/opt/ros/humble/include/rclcpp/rclcpp/memory_strategy.hpp:25[m[K,
                 from [01m[K/opt/ros/humble/include/rclcpp/rclcpp/memory_strategies.hpp:18[m[K,
                 from [01m[K/opt/ros/humble/include/rclcpp/rclcpp/executor_options.hpp:20[m[K,
                 from [01m[K/opt/ros/humble/include/rclcpp/rclcpp/executor.hpp:37[m[K,
                 from [01m[K/opt/ros/humble/include/rclcpp/rclcpp/executors/multi_threaded_executor.hpp:25[m[K,
                 from [01m[K/opt/ros/humble/include/rclcpp/rclcpp/executors.hpp:21[m[K,
                 from [01m[K/opt/ros/humble/include/rclcpp/rclcpp/rclcpp.hpp:155[m[K,
                 from [01m[K/home/devuser/AOX/ros_ws/cpp_pubsub/src/subscriber_member_function.cpp:3[m[K:
[01m[K/home/devuser/AOX/ros_ws/cpp_pubsub/src/subscriber_member_function.cpp:[m[K In member function ‘[01m[Kvoid MinimalSubscriber::topic_callback(tutorial_interfaces::msg::Num_<std::allocator<void> >::SharedPtr) const[m[K’:
[01m[K/home/devuser/AOX/ros_ws/cpp_pubsub/src/subscriber_member_function.cpp:38:37:[m[K [01;35m[Kwarning: [m[Kformat ‘[01m[K%d[m[K’ expects argument of type ‘[01m[Kint[m[K’, but argument 5 has type ‘[01m[Ktutorial_interfaces::msg::Num_<std::allocator<void> >::_num_type[m[K’ {aka ‘[01m[Klong int[m[K’} [[01;35m[K]8;;https://gcc.gnu.org/onlinedocs/gcc/Warning-Options.html#index-Wformat=-Wformat=]8;;[m[K]
   38 |     RCLCPP_INFO(this->get_logger(), [01;35m[K"I heard: '%d'"[m[K, [32m[Kmsg->num[m[K);              // CHANGE
      |                                     [01;35m[K^~~~~~~~~~~~~~~[m[K  [32m[K~~~~~~~~[m[K
      |                                                           [32m[K|[m[K
      |                                                           [32m[Ktutorial_interfaces::msg::Num_<std::allocator<void> >::_num_type {aka long int}[m[K
[01m[K/home/devuser/AOX/ros_ws/cpp_pubsub/src/subscriber_member_function.cpp:38:49:[m[K [01;36m[Knote: [m[Kformat string is defined here
   38 |     RCLCPP_INFO(this->get_logger(), "I heard: '[01;36m[K%d[m[K'", msg->num);              // CHANGE
      |                                                [01;36m[K~^[m[K
      |                                                 [01;36m[K|[m[K
      |                                                 [01;36m[Kint[m[K
      |                                                [32m[K%ld[m[K
In file included from [01m[K/opt/ros/humble/include/rclcpp/rclcpp/service.hpp:36[m[K,
                 from [01m[K/opt/ros/humble/include/rclcpp/rclcpp/callback_group.hpp:28[m[K,
                 from [01m[K/opt/ros/humble/include/rclcpp/rclcpp/any_executable.hpp:20[m[K,
                 from [01m[K/opt/ros/humble/include/rclcpp/rclcpp/memory_strategy.hpp:25[m[K,
                 from [01m[K/opt/ros/humble/include/rclcpp/rclcpp/memory_strategies.hpp:18[m[K,
                 from [01m[K/opt/ros/humble/include/rclcpp/rclcpp/executor_options.hpp:20[m[K,
                 from [01m[K/opt/ros/humble/include/rclcpp/rclcpp/executor.hpp:37[m[K,
                 from [01m[K/opt/ros/humble/include/rclcpp/rclcpp/executors/multi_threaded_executor.hpp:25[m[K,
                 from [01m[K/opt/ros/humble/include/rclcpp/rclcpp/executors.hpp:21[m[K,
                 from [01m[K/opt/ros/humble/include/rclcpp/rclcpp/rclcpp.hpp:155[m[K,
                 from [01m[K/home/devuser/AOX/ros_ws/cpp_pubsub/src/subscriber_member_function.cpp:3[m[K:
/opt/ros/humble/include/rclcpp/rclcpp/any_service_callback.hpp: In instantiation of ‘[01m[Kvoid rclcpp::AnyServiceCallback<ServiceT>::set(CallbackT&&) [with CallbackT = void (*)(); typename std::enable_if<rclcpp::detail::can_be_nullptr<CallbackT>::value, int>::type <anonymous> = 0; ServiceT = tutorial_interfaces::srv::Empty][m[K’:
[01m[K/opt/ros/humble/include/rclcpp/rclcpp/create_service.hpp:43:27:[m[K   required from ‘[01m[Ktypename rclcpp::Service<ServiceT>::SharedPtr rclcpp::create_service(std::shared_ptr<rclcpp::node_interfaces::NodeBaseInterface>, std::shared_ptr<rclcpp::node_interfaces::NodeServicesInterface>, const string&, CallbackT&&, const rmw_qos_profile_t&, rclcpp::CallbackGroup::SharedPtr) [with ServiceT = tutorial_interfaces::srv::Empty; CallbackT = void (*)(); typename rclcpp::Service<ServiceT>::SharedPtr = std::shared_ptr<rclcpp::Service<tutorial_interfaces::srv::Empty> >; std::string = std::__cxx11::basic_string<char>; rmw_qos_profile_t = rmw_qos_profile_s; rclcpp::CallbackGroup::SharedPtr = std::shared_ptr<rclcpp::CallbackGroup>][m[K’
[01m[K/opt/ros/humble/include/rclcpp/rclcpp/node_impl.hpp:147:53:[m[K   required from ‘[01m[Ktypename rclcpp::Service<ServiceT>::SharedPtr rclcpp::Node::create_service(const string&, CallbackT&&, const rmw_qos_profile_t&, rclcpp::CallbackGroup::SharedPtr) [with ServiceT = tutorial_interfaces::srv::Empty; CallbackT = void (*)(); typename rclcpp::Service<ServiceT>::SharedPtr = std::shared_ptr<rclcpp::Service<tutorial_interfaces::srv::Empty> >; std::string = std::__cxx11::basic_string<char>; rmw_qos_profile_t = rmw_qos_profile_s; rclcpp::CallbackGroup::SharedPtr = std::shared_ptr<rclcpp::CallbackGroup>][m[K’
[01m[K/home/devuser/AOX/ros_ws/cpp_pubsub/src/subscriber_member_function.cpp:28:58:[m[K   required from here
[01m[K/opt/ros/humble/include/rclcpp/rclcpp/any_service_callback.hpp:148:17:[m[K [01;31m[Kerror: [m[Kno match for ‘[01m[Koperator=[m[K’ (operand types are ‘[01m[Kstd::variant<std::monostate, std::function<void(std::shared_ptr<tutorial_interfaces::srv::Empty_Request_<std::allocator<void> > >, std::shared_ptr<tutorial_interfaces::srv::Empty_Response_<std::allocator<void> > >)>, std::function<void(std::shared_ptr<rmw_request_id_s>, std::shared_ptr<tutorial_interfaces::srv::Empty_Request_<std::allocator<void> > >, std::shared_ptr<tutorial_interfaces::srv::Empty_Response_<std::allocator<void> > >)>, std::function<void(std::shared_ptr<rmw_request_id_s>, std::shared_ptr<tutorial_interfaces::srv::Empty_Request_<std::allocator<void> > >)>, std::function<void(std::shared_ptr<rclcpp::Service<tutorial_interfaces::srv::Empty> >, std::shared_ptr<rmw_request_id_s>, std::shared_ptr<tutorial_interfaces::srv::Empty_Request_<std::allocator<void> > >)> >[m[K’ and ‘[01m[Kvoid (*)()[m[K’)
  148 |       [01;31m[Kcallback_ = std::forward<CallbackT>(callback)[m[K;
      |       [01;31m[K~~~~~~~~~~^~~~~~~~~~~~~~~~~~~~~~~~~~~~~~~~~~~[m[K
In file included from [01m[K/opt/ros/humble/include/rclcpp/rclcpp/client.hpp:28[m[K,
                 from [01m[K/opt/ros/humble/include/rclcpp/rclcpp/callback_group.hpp:24[m[K,
                 from [01m[K/opt/ros/humble/include/rclcpp/rclcpp/any_executable.hpp:20[m[K,
                 from [01m[K/opt/ros/humble/include/rclcpp/rclcpp/memory_strategy.hpp:25[m[K,
                 from [01m[K/opt/ros/humble/include/rclcpp/rclcpp/memory_strategies.hpp:18[m[K,
                 from [01m[K/opt/ros/humble/include/rclcpp/rclcpp/executor_options.hpp:20[m[K,
                 from [01m[K/opt/ros/humble/include/rclcpp/rclcpp/executor.hpp:37[m[K,
                 from [01m[K/opt/ros/humble/include/rclcpp/rclcpp/executors/multi_threaded_executor.hpp:25[m[K,
                 from [01m[K/opt/ros/humble/include/rclcpp/rclcpp/executors.hpp:21[m[K,
                 from [01m[K/opt/ros/humble/include/rclcpp/rclcpp/rclcpp.hpp:155[m[K,
                 from [01m[K/home/devuser/AOX/ros_ws/cpp_pubsub/src/subscriber_member_function.cpp:3[m[K:
[01m[K/usr/include/c++/11/variant:1461:9:[m[K [01;36m[Knote: [m[Kcandidate: ‘[01m[Ktemplate<class _Tp> std::enable_if_t<((__exactly_once<std::variant<_Types>::__accepted_type<_Tp&&, typename std::enable_if<__not_self<_Tp&&>, void>::type> > && is_constructible_v<std::variant<_Types>::__accepted_type<_Tp&&, typename std::enable_if<__not_self<_Tp&&>, void>::type>, _Tp>) && is_assignable_v<std::variant<_Types>::__accepted_type<_Tp&&, typename std::enable_if<__not_self<_Tp&&>, void>::type>&, _Tp>), std::variant<_Types>&> std::variant<_Types>::operator=(_Tp&&) [with _Tp = _Tp; _Types = {std::monostate, std::function<void(std::shared_ptr<tutorial_interfaces::srv::Empty_Request_<std::allocator<void> > >, std::shared_ptr<tutorial_interfaces::srv::Empty_Response_<std::allocator<void> > >)>, std::function<void(std::shared_ptr<rmw_request_id_s>, std::shared_ptr<tutorial_interfaces::srv::Empty_Request_<std::allocator<void> > >, std::shared_ptr<tutorial_interfaces::srv::Empty_Response_<std::allocator<void> > >)>, std::function<void(std::shared_ptr<rmw_request_id_s>, std::shared_ptr<tutorial_interfaces::srv::Empty_Request_<std::allocator<void> > >)>, std::function<void(std::shared_ptr<rclcpp::Service<tutorial_interfaces::srv::Empty> >, std::shared_ptr<rmw_request_id_s>, std::shared_ptr<tutorial_interfaces::srv::Empty_Request_<std::allocator<void> > >)>}][m[K’
 1461 |         [01;36m[Koperator[m[K=(_Tp&& __rhs)
      |         [01;36m[K^~~~~~~~[m[K
[01m[K/usr/include/c++/11/variant:1461:9:[m[K [01;36m[Knote: [m[K  template argument deduction/substitution failed:
/usr/include/c++/11/variant: In substitution of ‘[01m[Ktemplate<class ... _Types> template<class _Tp, class> using __accepted_type = std::variant<_Types>::__to_type<__accepted_index<_Tp> > [with _Tp = void (*&&)(); <template-parameter-2-2> = void; _Types = {std::monostate, std::function<void(std::shared_ptr<tutorial_interfaces::srv::Empty_Request_<std::allocator<void> > >, std::shared_ptr<tutorial_interfaces::srv::Empty_Response_<std::allocator<void> > >)>, std::function<void(std::shared_ptr<rmw_request_id_s>, std::shared_ptr<tutorial_interfaces::srv::Empty_Request_<std::allocator<void> > >, std::shared_ptr<tutorial_interfaces::srv::Empty_Response_<std::allocator<void> > >)>, std::function<void(std::shared_ptr<rmw_request_id_s>, std::shared_ptr<tutorial_interfaces::srv::Empty_Request_<std::allocator<void> > >)>, std::function<void(std::shared_ptr<rclcpp::Service<tutorial_interfaces::srv::Empty> >, std::shared_ptr<rmw_request_id_s>, std::shared_ptr<tutorial_interfaces::srv::Empty_Request_<std::allocator<void> > >)>}][m[K’:
[01m[K/usr/include/c++/11/variant:1457:14:[m[K   required by substitution of ‘[01m[Ktemplate<class _Tp> std::enable_if_t<((__exactly_once<std::variant<std::monostate, std::function<void(std::shared_ptr<tutorial_interfaces::srv::Empty_Request_<std::allocator<void> > >, std::shared_ptr<tutorial_interfaces::srv::Empty_Response_<std::allocator<void> > >)>, std::function<void(std::shared_ptr<rmw_request_id_s>, std::shared_ptr<tutorial_interfaces::srv::Empty_Request_<std::allocator<void> > >, std::shared_ptr<tutorial_interfaces::srv::Empty_Response_<std::allocator<void> > >)>, std::function<void(std::shared_ptr<rmw_request_id_s>, std::shared_ptr<tutorial_interfaces::srv::Empty_Request_<std::allocator<void> > >)>, std::function<void(std::shared_ptr<rclcpp::Service<tutorial_interfaces::srv::Empty> >, std::shared_ptr<rmw_request_id_s>, std::shared_ptr<tutorial_interfaces::srv::Empty_Request_<std::allocator<void> > >)> >::__accepted_type<_Tp&&, typename std::enable_if<__not_self<_Tp&&>, void>::type> > && is_constructible_v<std::variant<std::monostate, std::function<void(std::shared_ptr<tutorial_interfaces::srv::Empty_Request_<std::allocator<void> > >, std::shared_ptr<tutorial_interfaces::srv::Empty_Response_<std::allocator<void> > >)>, std::function<void(std::shared_ptr<rmw_request_id_s>, std::shared_ptr<tutorial_interfaces::srv::Empty_Request_<std::allocator<void> > >, std::shared_ptr<tutorial_interfaces::srv::Empty_Response_<std::allocator<void> > >)>, std::function<void(std::shared_ptr<rmw_request_id_s>, std::shared_ptr<tutorial_interfaces::srv::Empty_Request_<std::allocator<void> > >)>, std::function<void(std::shared_ptr<rclcpp::Service<tutorial_interfaces::srv::Empty> >, std::shared_ptr<rmw_request_id_s>, std::shared_ptr<tutorial_interfaces::srv::Empty_Request_<std::allocator<void> > >)> >::__accepted_type<_Tp&&, typename std::enable_if<__not_self<_Tp&&>, void>::type>, _Tp>) && is_assignable_v<std::variant<std::monostate, std::function<void(std::shared_ptr<tutorial_interfaces::srv::Empty_Request_<std::allocator<void> > >, std::shared_ptr<tutorial_interfaces::srv::Empty_Response_<std::allocator<void> > >)>, std::function<void(std::shared_ptr<rmw_request_id_s>, std::shared_ptr<tutorial_interfaces::srv::Empty_Request_<std::allocator<void> > >, std::shared_ptr<tutorial_interfaces::srv::Empty_Response_<std::allocator<void> > >)>, std::function<void(std::shared_ptr<rmw_request_id_s>, std::shared_ptr<tutorial_interfaces::srv::Empty_Request_<std::allocator<void> > >)>, std::function<void(std::shared_ptr<rclcpp::Service<tutorial_interfaces::srv::Empty> >, std::shared_ptr<rmw_request_id_s>, std::shared_ptr<tutorial_interfaces::srv::Empty_Request_<std::allocator<void> > >)> >::__accepted_type<_Tp&&, typename std::enable_if<__not_self<_Tp&&>, void>::type>&, _Tp>), std::variant<std::monostate, std::function<void(std::shared_ptr<tutorial_interfaces::srv::Empty_Request_<std::allocator<void> > >, std::shared_ptr<tutorial_interfaces::srv::Empty_Response_<std::allocator<void> > >)>, std::function<void(std::shared_ptr<rmw_request_id_s>, std::shared_ptr<tutorial_interfaces::srv::Empty_Request_<std::allocator<void> > >, std::shared_ptr<tutorial_interfaces::srv::Empty_Response_<std::allocator<void> > >)>, std::function<void(std::shared_ptr<rmw_request_id_s>, std::shared_ptr<tutorial_interfaces::srv::Empty_Request_<std::allocator<void> > >)>, std::function<void(std::shared_ptr<rclcpp::Service<tutorial_interfaces::srv::Empty> >, std::shared_ptr<rmw_request_id_s>, std::shared_ptr<tutorial_interfaces::srv::Empty_Request_<std::allocator<void> > >)> >&> std::variant<std::monostate, std::function<void(std::shared_ptr<tutorial_interfaces::srv::Empty_Request_<std::allocator<void> > >, std::shared_ptr<tutorial_interfaces::srv::Empty_Response_<std::allocator<void> > >)>, std::function<void(std::shared_ptr<rmw_request_id_s>, std::shared_ptr<tutorial_interfaces::srv::Empty_Request_<std::allocator<void> > >, std::shared_ptr<tutorial_interfaces::srv::Empty_Response_<std::allocator<void> > >)>, std::function<void(std::shared_ptr<rmw_request_id_s>, std::shared_ptr<tutorial_interfaces::srv::Empty_Request_<std::allocator<void> > >)>, std::function<void(std::shared_ptr<rclcpp::Service<tutorial_interfaces::srv::Empty> >, std::shared_ptr<rmw_request_id_s>, std::shared_ptr<tutorial_interfaces::srv::Empty_Request_<std::allocator<void> > >)> >::operator=<_Tp>(_Tp&&) [with _Tp = void (*)()][m[K’
[01m[K/opt/ros/humble/include/rclcpp/rclcpp/any_service_callback.hpp:148:17:[m[K   required from ‘[01m[Kvoid rclcpp::AnyServiceCallback<ServiceT>::set(CallbackT&&) [with CallbackT = void (*)(); typename std::enable_if<rclcpp::detail::can_be_nullptr<CallbackT>::value, int>::type <anonymous> = 0; ServiceT = tutorial_interfaces::srv::Empty][m[K’
[01m[K/opt/ros/humble/include/rclcpp/rclcpp/create_service.hpp:43:27:[m[K   required from ‘[01m[Ktypename rclcpp::Service<ServiceT>::SharedPtr rclcpp::create_service(std::shared_ptr<rclcpp::node_interfaces::NodeBaseInterface>, std::shared_ptr<rclcpp::node_interfaces::NodeServicesInterface>, const string&, CallbackT&&, const rmw_qos_profile_t&, rclcpp::CallbackGroup::SharedPtr) [with ServiceT = tutorial_interfaces::srv::Empty; CallbackT = void (*)(); typename rclcpp::Service<ServiceT>::SharedPtr = std::shared_ptr<rclcpp::Service<tutorial_interfaces::srv::Empty> >; std::string = std::__cxx11::basic_string<char>; rmw_qos_profile_t = rmw_qos_profile_s; rclcpp::CallbackGroup::SharedPtr = std::shared_ptr<rclcpp::CallbackGroup>][m[K’
[01m[K/opt/ros/humble/include/rclcpp/rclcpp/node_impl.hpp:147:53:[m[K   required from ‘[01m[Ktypename rclcpp::Service<ServiceT>::SharedPtr rclcpp::Node::create_service(const string&, CallbackT&&, const rmw_qos_profile_t&, rclcpp::CallbackGroup::SharedPtr) [with ServiceT = tutorial_interfaces::srv::Empty; CallbackT = void (*)(); typename rclcpp::Service<ServiceT>::SharedPtr = std::shared_ptr<rclcpp::Service<tutorial_interfaces::srv::Empty> >; std::string = std::__cxx11::basic_string<char>; rmw_qos_profile_t = rmw_qos_profile_s; rclcpp::CallbackGroup::SharedPtr = std::shared_ptr<rclcpp::CallbackGroup>][m[K’
[01m[K/home/devuser/AOX/ros_ws/cpp_pubsub/src/subscriber_member_function.cpp:28:58:[m[K   required from here
[01m[K/usr/include/c++/11/variant:1375:15:[m[K [01;31m[Kerror: [m[Kno type named ‘[01m[Ktype[m[K’ in ‘[01m[Kstruct std::enable_if<false, void>[m[K’
 1375 |         using [01;31m[K__accepted_type[m[K = __to_type<__accepted_index<_Tp>>;
      |               [01;31m[K^~~~~~~~~~~~~~~[m[K
/opt/ros/humble/include/rclcpp/rclcpp/any_service_callback.hpp: In instantiation of ‘[01m[Kvoid rclcpp::AnyServiceCallback<ServiceT>::set(CallbackT&&) [with CallbackT = void (*)(); typename std::enable_if<rclcpp::detail::can_be_nullptr<CallbackT>::value, int>::type <anonymous> = 0; ServiceT = tutorial_interfaces::srv::Empty][m[K’:
[01m[K/opt/ros/humble/include/rclcpp/rclcpp/create_service.hpp:43:27:[m[K   required from ‘[01m[Ktypename rclcpp::Service<ServiceT>::SharedPtr rclcpp::create_service(std::shared_ptr<rclcpp::node_interfaces::NodeBaseInterface>, std::shared_ptr<rclcpp::node_interfaces::NodeServicesInterface>, const string&, CallbackT&&, const rmw_qos_profile_t&, rclcpp::CallbackGroup::SharedPtr) [with ServiceT = tutorial_interfaces::srv::Empty; CallbackT = void (*)(); typename rclcpp::Service<ServiceT>::SharedPtr = std::shared_ptr<rclcpp::Service<tutorial_interfaces::srv::Empty> >; std::string = std::__cxx11::basic_string<char>; rmw_qos_profile_t = rmw_qos_profile_s; rclcpp::CallbackGroup::SharedPtr = std::shared_ptr<rclcpp::CallbackGroup>][m[K’
[01m[K/opt/ros/humble/include/rclcpp/rclcpp/node_impl.hpp:147:53:[m[K   required from ‘[01m[Ktypename rclcpp::Service<ServiceT>::SharedPtr rclcpp::Node::create_service(const string&, CallbackT&&, const rmw_qos_profile_t&, rclcpp::CallbackGroup::SharedPtr) [with ServiceT = tutorial_interfaces::srv::Empty; CallbackT = void (*)(); typename rclcpp::Service<ServiceT>::SharedPtr = std::shared_ptr<rclcpp::Service<tutorial_interfaces::srv::Empty> >; std::string = std::__cxx11::basic_string<char>; rmw_qos_profile_t = rmw_qos_profile_s; rclcpp::CallbackGroup::SharedPtr = std::shared_ptr<rclcpp::CallbackGroup>][m[K’
[01m[K/home/devuser/AOX/ros_ws/cpp_pubsub/src/subscriber_member_function.cpp:28:58:[m[K   required from here
[01m[K/usr/include/c++/11/variant:1398:16:[m[K [01;36m[Knote: [m[Kcandidate: ‘[01m[Kstd::variant<_Types>& std::variant<_Types>::operator=(const std::variant<_Types>&) [with _Types = {std::monostate, std::function<void(std::shared_ptr<tutorial_interfaces::srv::Empty_Request_<std::allocator<void> > >, std::shared_ptr<tutorial_interfaces::srv::Empty_Response_<std::allocator<void> > >)>, std::function<void(std::shared_ptr<rmw_request_id_s>, std::shared_ptr<tutorial_interfaces::srv::Empty_Request_<std::allocator<void> > >, std::shared_ptr<tutorial_interfaces::srv::Empty_Response_<std::allocator<void> > >)>, std::function<void(std::shared_ptr<rmw_request_id_s>, std::shared_ptr<tutorial_interfaces::srv::Empty_Request_<std::allocator<void> > >)>, std::function<void(std::shared_ptr<rclcpp::Service<tutorial_interfaces::srv::Empty> >, std::shared_ptr<rmw_request_id_s>, std::shared_ptr<tutorial_interfaces::srv::Empty_Request_<std::allocator<void> > >)>}][m[K’
 1398 |       variant& [01;36m[Koperator[m[K=(const variant&) = default;
      |                [01;36m[K^~~~~~~~[m[K
[01m[K/usr/include/c++/11/variant:1398:26:[m[K [01;36m[Knote: [m[K  no known conversion for argument 1 from ‘[01m[Kvoid (*)()[m[K’ to ‘[01m[Kconst std::variant<std::monostate, std::function<void(std::shared_ptr<tutorial_interfaces::srv::Empty_Request_<std::allocator<void> > >, std::shared_ptr<tutorial_interfaces::srv::Empty_Response_<std::allocator<void> > >)>, std::function<void(std::shared_ptr<rmw_request_id_s>, std::shared_ptr<tutorial_interfaces::srv::Empty_Request_<std::allocator<void> > >, std::shared_ptr<tutorial_interfaces::srv::Empty_Response_<std::allocator<void> > >)>, std::function<void(std::shared_ptr<rmw_request_id_s>, std::shared_ptr<tutorial_interfaces::srv::Empty_Request_<std::allocator<void> > >)>, std::function<void(std::shared_ptr<rclcpp::Service<tutorial_interfaces::srv::Empty> >, std::shared_ptr<rmw_request_id_s>, std::shared_ptr<tutorial_interfaces::srv::Empty_Request_<std::allocator<void> > >)> >&[m[K’
 1398 |       variant& operator=([01;36m[Kconst variant&[m[K) = default;
      |                          [01;36m[K^~~~~~~~~~~~~~[m[K
[01m[K/usr/include/c++/11/variant:1399:16:[m[K [01;36m[Knote: [m[Kcandidate: ‘[01m[Kstd::variant<_Types>& std::variant<_Types>::operator=(std::variant<_Types>&&) [with _Types = {std::monostate, std::function<void(std::shared_ptr<tutorial_interfaces::srv::Empty_Request_<std::allocator<void> > >, std::shared_ptr<tutorial_interfaces::srv::Empty_Response_<std::allocator<void> > >)>, std::function<void(std::shared_ptr<rmw_request_id_s>, std::shared_ptr<tutorial_interfaces::srv::Empty_Request_<std::allocator<void> > >, std::shared_ptr<tutorial_interfaces::srv::Empty_Response_<std::allocator<void> > >)>, std::function<void(std::shared_ptr<rmw_request_id_s>, std::shared_ptr<tutorial_interfaces::srv::Empty_Request_<std::allocator<void> > >)>, std::function<void(std::shared_ptr<rclcpp::Service<tutorial_interfaces::srv::Empty> >, std::shared_ptr<rmw_request_id_s>, std::shared_ptr<tutorial_interfaces::srv::Empty_Request_<std::allocator<void> > >)>}][m[K’
 1399 |       variant& [01;36m[Koperator[m[K=(variant&&) = default;
      |                [01;36m[K^~~~~~~~[m[K
[01m[K/usr/include/c++/11/variant:1399:26:[m[K [01;36m[Knote: [m[K  no known conversion for argument 1 from ‘[01m[Kvoid (*)()[m[K’ to ‘[01m[Kstd::variant<std::monostate, std::function<void(std::shared_ptr<tutorial_interfaces::srv::Empty_Request_<std::allocator<void> > >, std::shared_ptr<tutorial_interfaces::srv::Empty_Response_<std::allocator<void> > >)>, std::function<void(std::shared_ptr<rmw_request_id_s>, std::shared_ptr<tutorial_interfaces::srv::Empty_Request_<std::allocator<void> > >, std::shared_ptr<tutorial_interfaces::srv::Empty_Response_<std::allocator<void> > >)>, std::function<void(std::shared_ptr<rmw_request_id_s>, std::shared_ptr<tutorial_interfaces::srv::Empty_Request_<std::allocator<void> > >)>, std::function<void(std::shared_ptr<rclcpp::Service<tutorial_interfaces::srv::Empty> >, std::shared_ptr<rmw_request_id_s>, std::shared_ptr<tutorial_interfaces::srv::Empty_Request_<std::allocator<void> > >)> >&&[m[K’
 1399 |       variant& operator=([01;36m[Kvariant&&[m[K) = default;
      |                          [01;36m[K^~~~~~~~~[m[K
gmake[2]: *** [CMakeFiles/listener.dir/build.make:76: CMakeFiles/listener.dir/src/subscriber_member_function.cpp.o] Error 1
gmake[1]: *** [CMakeFiles/Makefile2:167: CMakeFiles/listener.dir/all] Error 2
gmake: *** [Makefile:146: all] Error 2
