[0.026s] Invoking command in '/home/devuser/ros2_ws/build/cpp_srvcli': CMAKE_PREFIX_PATH=${CMAKE_PREFIX_PATH}:/opt/ros/humble /usr/bin/cmake --build /home/devuser/ros2_ws/build/cpp_srvcli -- -j8 -l8
[0.049s] -- Found ament_cmake: 1.3.5 (/opt/ros/humble/share/ament_cmake/cmake)
[0.188s] -- Found rclcpp: 16.0.5 (/opt/ros/humble/share/rclcpp/cmake)
[0.233s] -- Found rosidl_generator_c: 3.1.5 (/opt/ros/humble/share/rosidl_generator_c/cmake)
[0.237s] -- Found rosidl_adapter: 3.1.5 (/opt/ros/humble/share/rosidl_adapter/cmake)
[0.243s] -- Found rosidl_generator_cpp: 3.1.5 (/opt/ros/humble/share/rosidl_generator_cpp/cmake)
[0.255s] -- Using all available rosidl_typesupport_c: rosidl_typesupport_fastrtps_c;rosidl_typesupport_introspection_c
[0.271s] -- Using all available rosidl_typesupport_cpp: rosidl_typesupport_fastrtps_cpp;rosidl_typesupport_introspection_cpp
[0.334s] -- Found rmw_implementation_cmake: 6.1.1 (/opt/ros/humble/share/rmw_implementation_cmake/cmake)
[0.336s] -- Found rmw_fastrtps_cpp: 6.2.3 (/opt/ros/humble/share/rmw_fastrtps_cpp/cmake)
[0.452s] -- Using RMW implementation 'rmw_fastrtps_cpp' as default
[0.630s] -- Found example_interfaces: 0.9.3 (/opt/ros/humble/share/example_interfaces/cmake)
[0.785s] [31mCMake Error at CMakeLists.txt:9 (add_executable):
[0.785s]   add_executable cannot create target "server" because another target with
[0.785s]   the same name already exists.  The existing target is an executable created
[0.785s]   in source directory "/home/devuser/ros2_ws/src/cpp_srvcli".  See
[0.785s]   documentation for policy CMP0002 for more details.
[0.785s] 
[0.786s] [0m
[0.849s] -- Configuring incomplete, errors occurred!
[0.849s] See also "/home/devuser/ros2_ws/build/cpp_srvcli/CMakeFiles/CMakeOutput.log".
[0.855s] gmake: *** [Makefile:308: cmake_check_build_system] Error 1
[0.858s] Invoked command in '/home/devuser/ros2_ws/build/cpp_srvcli' returned '2': CMAKE_PREFIX_PATH=${CMAKE_PREFIX_PATH}:/opt/ros/humble /usr/bin/cmake --build /home/devuser/ros2_ws/build/cpp_srvcli -- -j8 -l8
