[0.024s] Invoking command in '/home/devuser/ros2_ws/build/tutorial_interfaces': CMAKE_PREFIX_PATH=${CMAKE_PREFIX_PATH}:/opt/ros/humble /usr/bin/cmake --build /home/devuser/ros2_ws/build/tutorial_interfaces -- -j8 -l8
[0.074s] [  2%] Built target tutorial_interfaces__cpp
[0.081s] [ 12%] Built target tutorial_interfaces__rosidl_generator_c
[0.087s] [ 12%] Built target ament_cmake_python_copy_tutorial_interfaces
[0.108s] [ 23%] Built target tutorial_interfaces__rosidl_typesupport_cpp
[0.109s] [ 34%] Built target tutorial_interfaces__rosidl_typesupport_fastrtps_cpp
[0.116s] [ 55%] Built target tutorial_interfaces__rosidl_typesupport_c
[0.117s] [ 55%] Built target tutorial_interfaces__rosidl_typesupport_introspection_cpp
[0.120s] [ 65%] Built target tutorial_interfaces__rosidl_typesupport_introspection_c
[0.123s] [ 76%] Built target tutorial_interfaces__rosidl_typesupport_fastrtps_c
[0.155s] [ 76%] Built target tutorial_interfaces
[0.185s] [ 78%] Built target tutorial_interfaces__py
[0.214s] [ 87%] Built target tutorial_interfaces__rosidl_generator_py
[0.249s] [100%] Built target tutorial_interfaces__rosidl_typesupport_introspection_c__pyext
[0.249s] [100%] Built target tutorial_interfaces__rosidl_typesupport_fastrtps_c__pyext
[0.249s] [100%] Built target tutorial_interfaces__rosidl_typesupport_c__pyext
[0.440s] running egg_info
[0.440s] writing tutorial_interfaces.egg-info/PKG-INFO
[0.440s] writing dependency_links to tutorial_interfaces.egg-info/dependency_links.txt
[0.441s] writing top-level names to tutorial_interfaces.egg-info/top_level.txt
[0.443s] reading manifest file 'tutorial_interfaces.egg-info/SOURCES.txt'
[0.444s] writing manifest file 'tutorial_interfaces.egg-info/SOURCES.txt'
[0.487s] [100%] Built target ament_cmake_python_build_tutorial_interfaces_egg
[0.500s] Invoked command in '/home/devuser/ros2_ws/build/tutorial_interfaces' returned '0': CMAKE_PREFIX_PATH=${CMAKE_PREFIX_PATH}:/opt/ros/humble /usr/bin/cmake --build /home/devuser/ros2_ws/build/tutorial_interfaces -- -j8 -l8
[0.609s] Invoking command in '/home/devuser/ros2_ws/build/tutorial_interfaces': CMAKE_PREFIX_PATH=${CMAKE_PREFIX_PATH}:/opt/ros/humble /usr/bin/cmake --install /home/devuser/ros2_ws/build/tutorial_interfaces
[0.619s] -- Install configuration: ""
[0.619s] -- Up-to-date: /home/devuser/ros2_ws/install/tutorial_interfaces/share/ament_index/resource_index/rosidl_interfaces/tutorial_interfaces
[0.619s] -- Up-to-date: /home/devuser/ros2_ws/install/tutorial_interfaces/include/tutorial_interfaces/tutorial_interfaces
[0.619s] -- Up-to-date: /home/devuser/ros2_ws/install/tutorial_interfaces/include/tutorial_interfaces/tutorial_interfaces/msg
[0.619s] -- Up-to-date: /home/devuser/ros2_ws/install/tutorial_interfaces/include/tutorial_interfaces/tutorial_interfaces/msg/sphere.h
[0.620s] -- Up-to-date: /home/devuser/ros2_ws/install/tutorial_interfaces/include/tutorial_interfaces/tutorial_interfaces/msg/rosidl_generator_c__visibility_control.h
[0.620s] -- Up-to-date: /home/devuser/ros2_ws/install/tutorial_interfaces/include/tutorial_interfaces/tutorial_interfaces/msg/num.h
[0.620s] -- Up-to-date: /home/devuser/ros2_ws/install/tutorial_interfaces/include/tutorial_interfaces/tutorial_interfaces/msg/detail
[0.620s] -- Up-to-date: /home/devuser/ros2_ws/install/tutorial_interfaces/include/tutorial_interfaces/tutorial_interfaces/msg/detail/sphere__struct.h
[0.620s] -- Up-to-date: /home/devuser/ros2_ws/install/tutorial_interfaces/include/tutorial_interfaces/tutorial_interfaces/msg/detail/sphere__type_support.h
[0.620s] -- Up-to-date: /home/devuser/ros2_ws/install/tutorial_interfaces/include/tutorial_interfaces/tutorial_interfaces/msg/detail/num__functions.c
[0.621s] -- Up-to-date: /home/devuser/ros2_ws/install/tutorial_interfaces/include/tutorial_interfaces/tutorial_interfaces/msg/detail/sphere__functions.h
[0.621s] -- Up-to-date: /home/devuser/ros2_ws/install/tutorial_interfaces/include/tutorial_interfaces/tutorial_interfaces/msg/detail/num__type_support.h
[0.621s] -- Up-to-date: /home/devuser/ros2_ws/install/tutorial_interfaces/include/tutorial_interfaces/tutorial_interfaces/msg/detail/sphere__functions.c
[0.621s] -- Up-to-date: /home/devuser/ros2_ws/install/tutorial_interfaces/include/tutorial_interfaces/tutorial_interfaces/msg/detail/num__functions.h
[0.621s] -- Up-to-date: /home/devuser/ros2_ws/install/tutorial_interfaces/include/tutorial_interfaces/tutorial_interfaces/msg/detail/num__struct.h
[0.622s] -- Up-to-date: /home/devuser/ros2_ws/install/tutorial_interfaces/include/tutorial_interfaces/tutorial_interfaces/srv
[0.622s] -- Up-to-date: /home/devuser/ros2_ws/install/tutorial_interfaces/include/tutorial_interfaces/tutorial_interfaces/srv/add_three_ints.h
[0.622s] -- Up-to-date: /home/devuser/ros2_ws/install/tutorial_interfaces/include/tutorial_interfaces/tutorial_interfaces/srv/detail
[0.622s] -- Up-to-date: /home/devuser/ros2_ws/install/tutorial_interfaces/include/tutorial_interfaces/tutorial_interfaces/srv/detail/add_three_ints__functions.h
[0.622s] -- Up-to-date: /home/devuser/ros2_ws/install/tutorial_interfaces/include/tutorial_interfaces/tutorial_interfaces/srv/detail/add_three_ints__type_support.h
[0.622s] -- Up-to-date: /home/devuser/ros2_ws/install/tutorial_interfaces/include/tutorial_interfaces/tutorial_interfaces/srv/detail/add_three_ints__functions.c
[0.622s] -- Up-to-date: /home/devuser/ros2_ws/install/tutorial_interfaces/include/tutorial_interfaces/tutorial_interfaces/srv/detail/add_three_ints__struct.h
[0.622s] -- Up-to-date: /home/devuser/ros2_ws/install/tutorial_interfaces/share/tutorial_interfaces/environment/library_path.sh
[0.623s] -- Up-to-date: /home/devuser/ros2_ws/install/tutorial_interfaces/share/tutorial_interfaces/environment/library_path.dsv
[0.623s] -- Up-to-date: /home/devuser/ros2_ws/install/tutorial_interfaces/lib/libtutorial_interfaces__rosidl_generator_c.so
[0.623s] -- Up-to-date: /home/devuser/ros2_ws/install/tutorial_interfaces/include/tutorial_interfaces/tutorial_interfaces
[0.623s] -- Up-to-date: /home/devuser/ros2_ws/install/tutorial_interfaces/include/tutorial_interfaces/tutorial_interfaces/msg
[0.623s] -- Up-to-date: /home/devuser/ros2_ws/install/tutorial_interfaces/include/tutorial_interfaces/tutorial_interfaces/msg/rosidl_typesupport_fastrtps_c__visibility_control.h
[0.623s] -- Up-to-date: /home/devuser/ros2_ws/install/tutorial_interfaces/include/tutorial_interfaces/tutorial_interfaces/msg/detail
[0.623s] -- Up-to-date: /home/devuser/ros2_ws/install/tutorial_interfaces/include/tutorial_interfaces/tutorial_interfaces/msg/detail/num__rosidl_typesupport_fastrtps_c.h
[0.624s] -- Up-to-date: /home/devuser/ros2_ws/install/tutorial_interfaces/include/tutorial_interfaces/tutorial_interfaces/msg/detail/sphere__rosidl_typesupport_fastrtps_c.h
[0.624s] -- Up-to-date: /home/devuser/ros2_ws/install/tutorial_interfaces/include/tutorial_interfaces/tutorial_interfaces/srv
[0.624s] -- Up-to-date: /home/devuser/ros2_ws/install/tutorial_interfaces/include/tutorial_interfaces/tutorial_interfaces/srv/detail
[0.624s] -- Up-to-date: /home/devuser/ros2_ws/install/tutorial_interfaces/include/tutorial_interfaces/tutorial_interfaces/srv/detail/add_three_ints__rosidl_typesupport_fastrtps_c.h
[0.624s] -- Up-to-date: /home/devuser/ros2_ws/install/tutorial_interfaces/lib/libtutorial_interfaces__rosidl_typesupport_fastrtps_c.so
[0.624s] -- Up-to-date: /home/devuser/ros2_ws/install/tutorial_interfaces/include/tutorial_interfaces/tutorial_interfaces
[0.624s] -- Up-to-date: /home/devuser/ros2_ws/install/tutorial_interfaces/include/tutorial_interfaces/tutorial_interfaces/msg
[0.625s] -- Up-to-date: /home/devuser/ros2_ws/install/tutorial_interfaces/include/tutorial_interfaces/tutorial_interfaces/msg/num.hpp
[0.625s] -- Up-to-date: /home/devuser/ros2_ws/install/tutorial_interfaces/include/tutorial_interfaces/tutorial_interfaces/msg/sphere.hpp
[0.625s] -- Up-to-date: /home/devuser/ros2_ws/install/tutorial_interfaces/include/tutorial_interfaces/tutorial_interfaces/msg/detail
[0.625s] -- Up-to-date: /home/devuser/ros2_ws/install/tutorial_interfaces/include/tutorial_interfaces/tutorial_interfaces/msg/detail/sphere__builder.hpp
[0.625s] -- Up-to-date: /home/devuser/ros2_ws/install/tutorial_interfaces/include/tutorial_interfaces/tutorial_interfaces/msg/detail/num__traits.hpp
[0.626s] -- Up-to-date: /home/devuser/ros2_ws/install/tutorial_interfaces/include/tutorial_interfaces/tutorial_interfaces/msg/detail/num__struct.hpp
[0.626s] -- Up-to-date: /home/devuser/ros2_ws/install/tutorial_interfaces/include/tutorial_interfaces/tutorial_interfaces/msg/detail/sphere__traits.hpp
[0.626s] -- Up-to-date: /home/devuser/ros2_ws/install/tutorial_interfaces/include/tutorial_interfaces/tutorial_interfaces/msg/detail/sphere__struct.hpp
[0.626s] -- Up-to-date: /home/devuser/ros2_ws/install/tutorial_interfaces/include/tutorial_interfaces/tutorial_interfaces/msg/detail/num__builder.hpp
[0.626s] -- Up-to-date: /home/devuser/ros2_ws/install/tutorial_interfaces/include/tutorial_interfaces/tutorial_interfaces/srv
[0.626s] -- Up-to-date: /home/devuser/ros2_ws/install/tutorial_interfaces/include/tutorial_interfaces/tutorial_interfaces/srv/add_three_ints.hpp
[0.627s] -- Up-to-date: /home/devuser/ros2_ws/install/tutorial_interfaces/include/tutorial_interfaces/tutorial_interfaces/srv/detail
[0.627s] -- Up-to-date: /home/devuser/ros2_ws/install/tutorial_interfaces/include/tutorial_interfaces/tutorial_interfaces/srv/detail/add_three_ints__traits.hpp
[0.627s] -- Up-to-date: /home/devuser/ros2_ws/install/tutorial_interfaces/include/tutorial_interfaces/tutorial_interfaces/srv/detail/add_three_ints__builder.hpp
[0.627s] -- Up-to-date: /home/devuser/ros2_ws/install/tutorial_interfaces/include/tutorial_interfaces/tutorial_interfaces/srv/detail/add_three_ints__struct.hpp
[0.627s] -- Up-to-date: /home/devuser/ros2_ws/install/tutorial_interfaces/include/tutorial_interfaces/tutorial_interfaces
[0.627s] -- Up-to-date: /home/devuser/ros2_ws/install/tutorial_interfaces/include/tutorial_interfaces/tutorial_interfaces/msg
[0.627s] -- Up-to-date: /home/devuser/ros2_ws/install/tutorial_interfaces/include/tutorial_interfaces/tutorial_interfaces/msg/rosidl_typesupport_fastrtps_cpp__visibility_control.h
[0.627s] -- Up-to-date: /home/devuser/ros2_ws/install/tutorial_interfaces/include/tutorial_interfaces/tutorial_interfaces/msg/detail
[0.627s] -- Up-to-date: /home/devuser/ros2_ws/install/tutorial_interfaces/include/tutorial_interfaces/tutorial_interfaces/msg/detail/sphere__rosidl_typesupport_fastrtps_cpp.hpp
[0.627s] -- Up-to-date: /home/devuser/ros2_ws/install/tutorial_interfaces/include/tutorial_interfaces/tutorial_interfaces/msg/detail/num__rosidl_typesupport_fastrtps_cpp.hpp
[0.627s] -- Up-to-date: /home/devuser/ros2_ws/install/tutorial_interfaces/include/tutorial_interfaces/tutorial_interfaces/msg/detail/dds_fastrtps
[0.627s] -- Up-to-date: /home/devuser/ros2_ws/install/tutorial_interfaces/include/tutorial_interfaces/tutorial_interfaces/srv
[0.628s] -- Up-to-date: /home/devuser/ros2_ws/install/tutorial_interfaces/include/tutorial_interfaces/tutorial_interfaces/srv/detail
[0.628s] -- Up-to-date: /home/devuser/ros2_ws/install/tutorial_interfaces/include/tutorial_interfaces/tutorial_interfaces/srv/detail/dds_fastrtps
[0.628s] -- Up-to-date: /home/devuser/ros2_ws/install/tutorial_interfaces/include/tutorial_interfaces/tutorial_interfaces/srv/detail/add_three_ints__rosidl_typesupport_fastrtps_cpp.hpp
[0.628s] -- Up-to-date: /home/devuser/ros2_ws/install/tutorial_interfaces/lib/libtutorial_interfaces__rosidl_typesupport_fastrtps_cpp.so
[0.628s] -- Up-to-date: /home/devuser/ros2_ws/install/tutorial_interfaces/include/tutorial_interfaces/tutorial_interfaces
[0.628s] -- Up-to-date: /home/devuser/ros2_ws/install/tutorial_interfaces/include/tutorial_interfaces/tutorial_interfaces/msg
[0.628s] -- Up-to-date: /home/devuser/ros2_ws/install/tutorial_interfaces/include/tutorial_interfaces/tutorial_interfaces/msg/rosidl_typesupport_introspection_c__visibility_control.h
[0.628s] -- Up-to-date: /home/devuser/ros2_ws/install/tutorial_interfaces/include/tutorial_interfaces/tutorial_interfaces/msg/detail
[0.629s] -- Up-to-date: /home/devuser/ros2_ws/install/tutorial_interfaces/include/tutorial_interfaces/tutorial_interfaces/msg/detail/sphere__type_support.c
[0.629s] -- Up-to-date: /home/devuser/ros2_ws/install/tutorial_interfaces/include/tutorial_interfaces/tutorial_interfaces/msg/detail/num__type_support.c
[0.629s] -- Up-to-date: /home/devuser/ros2_ws/install/tutorial_interfaces/include/tutorial_interfaces/tutorial_interfaces/msg/detail/num__rosidl_typesupport_introspection_c.h
[0.629s] -- Up-to-date: /home/devuser/ros2_ws/install/tutorial_interfaces/include/tutorial_interfaces/tutorial_interfaces/msg/detail/sphere__rosidl_typesupport_introspection_c.h
[0.629s] -- Up-to-date: /home/devuser/ros2_ws/install/tutorial_interfaces/include/tutorial_interfaces/tutorial_interfaces/srv
[0.629s] -- Up-to-date: /home/devuser/ros2_ws/install/tutorial_interfaces/include/tutorial_interfaces/tutorial_interfaces/srv/detail
[0.629s] -- Up-to-date: /home/devuser/ros2_ws/install/tutorial_interfaces/include/tutorial_interfaces/tutorial_interfaces/srv/detail/add_three_ints__rosidl_typesupport_introspection_c.h
[0.629s] -- Up-to-date: /home/devuser/ros2_ws/install/tutorial_interfaces/include/tutorial_interfaces/tutorial_interfaces/srv/detail/add_three_ints__type_support.c
[0.629s] -- Up-to-date: /home/devuser/ros2_ws/install/tutorial_interfaces/lib/libtutorial_interfaces__rosidl_typesupport_introspection_c.so
[0.630s] -- Up-to-date: /home/devuser/ros2_ws/install/tutorial_interfaces/lib/libtutorial_interfaces__rosidl_typesupport_c.so
[0.630s] -- Up-to-date: /home/devuser/ros2_ws/install/tutorial_interfaces/include/tutorial_interfaces/tutorial_interfaces
[0.630s] -- Up-to-date: /home/devuser/ros2_ws/install/tutorial_interfaces/include/tutorial_interfaces/tutorial_interfaces/msg
[0.630s] -- Up-to-date: /home/devuser/ros2_ws/install/tutorial_interfaces/include/tutorial_interfaces/tutorial_interfaces/msg/detail
[0.630s] -- Up-to-date: /home/devuser/ros2_ws/install/tutorial_interfaces/include/tutorial_interfaces/tutorial_interfaces/msg/detail/num__type_support.cpp
[0.631s] -- Up-to-date: /home/devuser/ros2_ws/install/tutorial_interfaces/include/tutorial_interfaces/tutorial_interfaces/msg/detail/sphere__rosidl_typesupport_introspection_cpp.hpp
[0.631s] -- Up-to-date: /home/devuser/ros2_ws/install/tutorial_interfaces/include/tutorial_interfaces/tutorial_interfaces/msg/detail/num__rosidl_typesupport_introspection_cpp.hpp
[0.631s] -- Up-to-date: /home/devuser/ros2_ws/install/tutorial_interfaces/include/tutorial_interfaces/tutorial_interfaces/msg/detail/sphere__type_support.cpp
[0.631s] -- Up-to-date: /home/devuser/ros2_ws/install/tutorial_interfaces/include/tutorial_interfaces/tutorial_interfaces/srv
[0.631s] -- Up-to-date: /home/devuser/ros2_ws/install/tutorial_interfaces/include/tutorial_interfaces/tutorial_interfaces/srv/detail
[0.631s] -- Up-to-date: /home/devuser/ros2_ws/install/tutorial_interfaces/include/tutorial_interfaces/tutorial_interfaces/srv/detail/add_three_ints__type_support.cpp
[0.631s] -- Up-to-date: /home/devuser/ros2_ws/install/tutorial_interfaces/include/tutorial_interfaces/tutorial_interfaces/srv/detail/add_three_ints__rosidl_typesupport_introspection_cpp.hpp
[0.631s] -- Up-to-date: /home/devuser/ros2_ws/install/tutorial_interfaces/lib/libtutorial_interfaces__rosidl_typesupport_introspection_cpp.so
[0.631s] -- Up-to-date: /home/devuser/ros2_ws/install/tutorial_interfaces/lib/libtutorial_interfaces__rosidl_typesupport_cpp.so
[0.631s] -- Up-to-date: /home/devuser/ros2_ws/install/tutorial_interfaces/share/tutorial_interfaces/environment/pythonpath.sh
[0.632s] -- Up-to-date: /home/devuser/ros2_ws/install/tutorial_interfaces/share/tutorial_interfaces/environment/pythonpath.dsv
[0.632s] -- Up-to-date: /home/devuser/ros2_ws/install/tutorial_interfaces/local/lib/python3.10/dist-packages/tutorial_interfaces-0.0.0-py3.10.egg-info
[0.632s] -- Installing: /home/devuser/ros2_ws/install/tutorial_interfaces/local/lib/python3.10/dist-packages/tutorial_interfaces-0.0.0-py3.10.egg-info/dependency_links.txt
[0.632s] -- Installing: /home/devuser/ros2_ws/install/tutorial_interfaces/local/lib/python3.10/dist-packages/tutorial_interfaces-0.0.0-py3.10.egg-info/PKG-INFO
[0.632s] -- Installing: /home/devuser/ros2_ws/install/tutorial_interfaces/local/lib/python3.10/dist-packages/tutorial_interfaces-0.0.0-py3.10.egg-info/SOURCES.txt
[0.632s] -- Installing: /home/devuser/ros2_ws/install/tutorial_interfaces/local/lib/python3.10/dist-packages/tutorial_interfaces-0.0.0-py3.10.egg-info/top_level.txt
[0.632s] -- Up-to-date: /home/devuser/ros2_ws/install/tutorial_interfaces/local/lib/python3.10/dist-packages/tutorial_interfaces
[0.632s] -- Up-to-date: /home/devuser/ros2_ws/install/tutorial_interfaces/local/lib/python3.10/dist-packages/tutorial_interfaces/_tutorial_interfaces_s.ep.rosidl_typesupport_c.c
[0.632s] -- Up-to-date: /home/devuser/ros2_ws/install/tutorial_interfaces/local/lib/python3.10/dist-packages/tutorial_interfaces/tutorial_interfaces_s__rosidl_typesupport_fastrtps_c.cpython-310-x86_64-linux-gnu.so
[0.632s] -- Up-to-date: /home/devuser/ros2_ws/install/tutorial_interfaces/local/lib/python3.10/dist-packages/tutorial_interfaces/msg
[0.632s] -- Up-to-date: /home/devuser/ros2_ws/install/tutorial_interfaces/local/lib/python3.10/dist-packages/tutorial_interfaces/msg/_sphere_s.c
[0.632s] -- Up-to-date: /home/devuser/ros2_ws/install/tutorial_interfaces/local/lib/python3.10/dist-packages/tutorial_interfaces/msg/_num_s.c
[0.633s] -- Up-to-date: /home/devuser/ros2_ws/install/tutorial_interfaces/local/lib/python3.10/dist-packages/tutorial_interfaces/msg/_num.py
[0.633s] -- Up-to-date: /home/devuser/ros2_ws/install/tutorial_interfaces/local/lib/python3.10/dist-packages/tutorial_interfaces/msg/__init__.py
[0.633s] -- Up-to-date: /home/devuser/ros2_ws/install/tutorial_interfaces/local/lib/python3.10/dist-packages/tutorial_interfaces/msg/_sphere.py
[0.633s] -- Up-to-date: /home/devuser/ros2_ws/install/tutorial_interfaces/local/lib/python3.10/dist-packages/tutorial_interfaces/_tutorial_interfaces_s.ep.rosidl_typesupport_introspection_c.c
[0.633s] -- Up-to-date: /home/devuser/ros2_ws/install/tutorial_interfaces/local/lib/python3.10/dist-packages/tutorial_interfaces/tutorial_interfaces_s__rosidl_typesupport_c.cpython-310-x86_64-linux-gnu.so
[0.633s] -- Up-to-date: /home/devuser/ros2_ws/install/tutorial_interfaces/local/lib/python3.10/dist-packages/tutorial_interfaces/__init__.py
[0.633s] -- Up-to-date: /home/devuser/ros2_ws/install/tutorial_interfaces/local/lib/python3.10/dist-packages/tutorial_interfaces/srv
[0.633s] -- Up-to-date: /home/devuser/ros2_ws/install/tutorial_interfaces/local/lib/python3.10/dist-packages/tutorial_interfaces/srv/_add_three_ints.py
[0.633s] -- Up-to-date: /home/devuser/ros2_ws/install/tutorial_interfaces/local/lib/python3.10/dist-packages/tutorial_interfaces/srv/_add_three_ints_s.c
[0.633s] -- Up-to-date: /home/devuser/ros2_ws/install/tutorial_interfaces/local/lib/python3.10/dist-packages/tutorial_interfaces/srv/__init__.py
[0.633s] -- Up-to-date: /home/devuser/ros2_ws/install/tutorial_interfaces/local/lib/python3.10/dist-packages/tutorial_interfaces/libtutorial_interfaces__rosidl_generator_py.so
[0.633s] -- Up-to-date: /home/devuser/ros2_ws/install/tutorial_interfaces/local/lib/python3.10/dist-packages/tutorial_interfaces/tutorial_interfaces_s__rosidl_typesupport_introspection_c.cpython-310-x86_64-linux-gnu.so
[0.634s] -- Up-to-date: /home/devuser/ros2_ws/install/tutorial_interfaces/local/lib/python3.10/dist-packages/tutorial_interfaces/_tutorial_interfaces_s.ep.rosidl_typesupport_fastrtps_c.c
[0.665s] Listing '/home/devuser/ros2_ws/install/tutorial_interfaces/local/lib/python3.10/dist-packages/tutorial_interfaces'...
[0.666s] Listing '/home/devuser/ros2_ws/install/tutorial_interfaces/local/lib/python3.10/dist-packages/tutorial_interfaces/msg'...
[0.666s] Listing '/home/devuser/ros2_ws/install/tutorial_interfaces/local/lib/python3.10/dist-packages/tutorial_interfaces/srv'...
[0.672s] -- Up-to-date: /home/devuser/ros2_ws/install/tutorial_interfaces/local/lib/python3.10/dist-packages/tutorial_interfaces/tutorial_interfaces_s__rosidl_typesupport_fastrtps_c.cpython-310-x86_64-linux-gnu.so
[0.673s] -- Up-to-date: /home/devuser/ros2_ws/install/tutorial_interfaces/local/lib/python3.10/dist-packages/tutorial_interfaces/tutorial_interfaces_s__rosidl_typesupport_introspection_c.cpython-310-x86_64-linux-gnu.so
[0.673s] -- Up-to-date: /home/devuser/ros2_ws/install/tutorial_interfaces/local/lib/python3.10/dist-packages/tutorial_interfaces/tutorial_interfaces_s__rosidl_typesupport_c.cpython-310-x86_64-linux-gnu.so
[0.673s] -- Up-to-date: /home/devuser/ros2_ws/install/tutorial_interfaces/lib/libtutorial_interfaces__rosidl_generator_py.so
[0.673s] -- Up-to-date: /home/devuser/ros2_ws/install/tutorial_interfaces/share/tutorial_interfaces/msg/Num.idl
[0.673s] -- Up-to-date: /home/devuser/ros2_ws/install/tutorial_interfaces/share/tutorial_interfaces/msg/Sphere.idl
[0.674s] -- Up-to-date: /home/devuser/ros2_ws/install/tutorial_interfaces/share/tutorial_interfaces/srv/AddThreeInts.idl
[0.674s] -- Up-to-date: /home/devuser/ros2_ws/install/tutorial_interfaces/share/tutorial_interfaces/msg/Num.msg
[0.674s] -- Up-to-date: /home/devuser/ros2_ws/install/tutorial_interfaces/share/tutorial_interfaces/msg/Sphere.msg
[0.674s] -- Up-to-date: /home/devuser/ros2_ws/install/tutorial_interfaces/share/tutorial_interfaces/srv/AddThreeInts.srv
[0.674s] -- Up-to-date: /home/devuser/ros2_ws/install/tutorial_interfaces/share/tutorial_interfaces/srv/AddThreeInts_Request.msg
[0.674s] -- Up-to-date: /home/devuser/ros2_ws/install/tutorial_interfaces/share/tutorial_interfaces/srv/AddThreeInts_Response.msg
[0.674s] -- Up-to-date: /home/devuser/ros2_ws/install/tutorial_interfaces/share/ament_index/resource_index/package_run_dependencies/tutorial_interfaces
[0.674s] -- Up-to-date: /home/devuser/ros2_ws/install/tutorial_interfaces/share/ament_index/resource_index/parent_prefix_path/tutorial_interfaces
[0.674s] -- Up-to-date: /home/devuser/ros2_ws/install/tutorial_interfaces/share/tutorial_interfaces/environment/ament_prefix_path.sh
[0.675s] -- Up-to-date: /home/devuser/ros2_ws/install/tutorial_interfaces/share/tutorial_interfaces/environment/ament_prefix_path.dsv
[0.675s] -- Up-to-date: /home/devuser/ros2_ws/install/tutorial_interfaces/share/tutorial_interfaces/environment/path.sh
[0.675s] -- Up-to-date: /home/devuser/ros2_ws/install/tutorial_interfaces/share/tutorial_interfaces/environment/path.dsv
[0.675s] -- Up-to-date: /home/devuser/ros2_ws/install/tutorial_interfaces/share/tutorial_interfaces/local_setup.bash
[0.675s] -- Up-to-date: /home/devuser/ros2_ws/install/tutorial_interfaces/share/tutorial_interfaces/local_setup.sh
[0.675s] -- Up-to-date: /home/devuser/ros2_ws/install/tutorial_interfaces/share/tutorial_interfaces/local_setup.zsh
[0.675s] -- Up-to-date: /home/devuser/ros2_ws/install/tutorial_interfaces/share/tutorial_interfaces/local_setup.dsv
[0.675s] -- Installing: /home/devuser/ros2_ws/install/tutorial_interfaces/share/tutorial_interfaces/package.dsv
[0.675s] -- Up-to-date: /home/devuser/ros2_ws/install/tutorial_interfaces/share/ament_index/resource_index/packages/tutorial_interfaces
[0.675s] -- Up-to-date: /home/devuser/ros2_ws/install/tutorial_interfaces/share/tutorial_interfaces/cmake/export_tutorial_interfaces__rosidl_generator_cExport.cmake
[0.675s] -- Up-to-date: /home/devuser/ros2_ws/install/tutorial_interfaces/share/tutorial_interfaces/cmake/export_tutorial_interfaces__rosidl_generator_cExport-noconfig.cmake
[0.675s] -- Up-to-date: /home/devuser/ros2_ws/install/tutorial_interfaces/share/tutorial_interfaces/cmake/export_tutorial_interfaces__rosidl_typesupport_fastrtps_cExport.cmake
[0.676s] -- Up-to-date: /home/devuser/ros2_ws/install/tutorial_interfaces/share/tutorial_interfaces/cmake/export_tutorial_interfaces__rosidl_typesupport_fastrtps_cExport-noconfig.cmake
[0.676s] -- Up-to-date: /home/devuser/ros2_ws/install/tutorial_interfaces/share/tutorial_interfaces/cmake/export_tutorial_interfaces__rosidl_generator_cppExport.cmake
[0.676s] -- Up-to-date: /home/devuser/ros2_ws/install/tutorial_interfaces/share/tutorial_interfaces/cmake/export_tutorial_interfaces__rosidl_typesupport_fastrtps_cppExport.cmake
[0.676s] -- Up-to-date: /home/devuser/ros2_ws/install/tutorial_interfaces/share/tutorial_interfaces/cmake/export_tutorial_interfaces__rosidl_typesupport_fastrtps_cppExport-noconfig.cmake
[0.676s] -- Up-to-date: /home/devuser/ros2_ws/install/tutorial_interfaces/share/tutorial_interfaces/cmake/tutorial_interfaces__rosidl_typesupport_introspection_cExport.cmake
[0.676s] -- Up-to-date: /home/devuser/ros2_ws/install/tutorial_interfaces/share/tutorial_interfaces/cmake/tutorial_interfaces__rosidl_typesupport_introspection_cExport-noconfig.cmake
[0.676s] -- Up-to-date: /home/devuser/ros2_ws/install/tutorial_interfaces/share/tutorial_interfaces/cmake/tutorial_interfaces__rosidl_typesupport_cExport.cmake
[0.676s] -- Up-to-date: /home/devuser/ros2_ws/install/tutorial_interfaces/share/tutorial_interfaces/cmake/tutorial_interfaces__rosidl_typesupport_cExport-noconfig.cmake
[0.676s] -- Up-to-date: /home/devuser/ros2_ws/install/tutorial_interfaces/share/tutorial_interfaces/cmake/tutorial_interfaces__rosidl_typesupport_introspection_cppExport.cmake
[0.676s] -- Up-to-date: /home/devuser/ros2_ws/install/tutorial_interfaces/share/tutorial_interfaces/cmake/tutorial_interfaces__rosidl_typesupport_introspection_cppExport-noconfig.cmake
[0.676s] -- Up-to-date: /home/devuser/ros2_ws/install/tutorial_interfaces/share/tutorial_interfaces/cmake/tutorial_interfaces__rosidl_typesupport_cppExport.cmake
[0.676s] -- Up-to-date: /home/devuser/ros2_ws/install/tutorial_interfaces/share/tutorial_interfaces/cmake/tutorial_interfaces__rosidl_typesupport_cppExport-noconfig.cmake
[0.677s] -- Up-to-date: /home/devuser/ros2_ws/install/tutorial_interfaces/share/tutorial_interfaces/cmake/export_tutorial_interfaces__rosidl_generator_pyExport.cmake
[0.677s] -- Up-to-date: /home/devuser/ros2_ws/install/tutorial_interfaces/share/tutorial_interfaces/cmake/export_tutorial_interfaces__rosidl_generator_pyExport-noconfig.cmake
[0.677s] -- Up-to-date: /home/devuser/ros2_ws/install/tutorial_interfaces/share/tutorial_interfaces/cmake/rosidl_cmake-extras.cmake
[0.677s] -- Up-to-date: /home/devuser/ros2_ws/install/tutorial_interfaces/share/tutorial_interfaces/cmake/ament_cmake_export_dependencies-extras.cmake
[0.677s] -- Up-to-date: /home/devuser/ros2_ws/install/tutorial_interfaces/share/tutorial_interfaces/cmake/ament_cmake_export_include_directories-extras.cmake
[0.677s] -- Up-to-date: /home/devuser/ros2_ws/install/tutorial_interfaces/share/tutorial_interfaces/cmake/ament_cmake_export_libraries-extras.cmake
[0.677s] -- Up-to-date: /home/devuser/ros2_ws/install/tutorial_interfaces/share/tutorial_interfaces/cmake/ament_cmake_export_targets-extras.cmake
[0.677s] -- Up-to-date: /home/devuser/ros2_ws/install/tutorial_interfaces/share/tutorial_interfaces/cmake/rosidl_cmake_export_typesupport_targets-extras.cmake
[0.677s] -- Up-to-date: /home/devuser/ros2_ws/install/tutorial_interfaces/share/tutorial_interfaces/cmake/rosidl_cmake_export_typesupport_libraries-extras.cmake
[0.677s] -- Up-to-date: /home/devuser/ros2_ws/install/tutorial_interfaces/share/tutorial_interfaces/cmake/tutorial_interfacesConfig.cmake
[0.677s] -- Up-to-date: /home/devuser/ros2_ws/install/tutorial_interfaces/share/tutorial_interfaces/cmake/tutorial_interfacesConfig-version.cmake
[0.677s] -- Up-to-date: /home/devuser/ros2_ws/install/tutorial_interfaces/share/tutorial_interfaces/package.xml
[0.680s] Invoked command in '/home/devuser/ros2_ws/build/tutorial_interfaces' returned '0': CMAKE_PREFIX_PATH=${CMAKE_PREFIX_PATH}:/opt/ros/humble /usr/bin/cmake --install /home/devuser/ros2_ws/build/tutorial_interfaces
