[0.026s] Invoking command in '/home/devuser/ros2_ws/build/cpp_srvcli': CMAKE_PREFIX_PATH=${CMAKE_PREFIX_PATH}:/opt/ros/humble /usr/bin/cmake /home/devuser/ros2_ws/src/cpp_srvcli -DCMAKE_INSTALL_PREFIX=/home/devuser/ros2_ws/install/cpp_srvcli
[0.074s] -- The C compiler identification is GNU 11.4.0
[0.126s] -- The CXX compiler identification is GNU 11.4.0
[0.133s] -- Detecting C compiler ABI info
[0.193s] -- Detecting C compiler ABI info - done
[0.201s] -- Check for working C compiler: /usr/bin/cc - skipped
[0.201s] -- Detecting C compile features
[0.201s] -- Detecting C compile features - done
[0.204s] -- Detecting CXX compiler ABI info
[0.277s] -- Detecting CXX compiler ABI info - done
[0.285s] -- Check for working CXX compiler: /usr/bin/c++ - skipped
[0.285s] -- Detecting CXX compile features
[0.286s] -- Detecting CXX compile features - done
[0.287s] -- Found ament_cmake: 1.3.5 (/opt/ros/humble/share/ament_cmake/cmake)
[0.460s] -- Found Python3: /usr/bin/python3.10 (found version "3.10.12") found components: Interpreter 
[0.544s] -- Found rclcpp: 16.0.5 (/opt/ros/humble/share/rclcpp/cmake)
[0.583s] -- Found rosidl_generator_c: 3.1.5 (/opt/ros/humble/share/rosidl_generator_c/cmake)
[0.587s] -- Found rosidl_adapter: 3.1.5 (/opt/ros/humble/share/rosidl_adapter/cmake)
[0.595s] -- Found rosidl_generator_cpp: 3.1.5 (/opt/ros/humble/share/rosidl_generator_cpp/cmake)
[0.609s] -- Using all available rosidl_typesupport_c: rosidl_typesupport_fastrtps_c;rosidl_typesupport_introspection_c
[0.629s] -- Using all available rosidl_typesupport_cpp: rosidl_typesupport_fastrtps_cpp;rosidl_typesupport_introspection_cpp
[0.701s] -- Found rmw_implementation_cmake: 6.1.1 (/opt/ros/humble/share/rmw_implementation_cmake/cmake)
[0.704s] -- Found rmw_fastrtps_cpp: 6.2.3 (/opt/ros/humble/share/rmw_fastrtps_cpp/cmake)
[0.794s] -- Found OpenSSL: /usr/lib/x86_64-linux-gnu/libcrypto.so (found version "3.0.2")  
[0.819s] -- Found FastRTPS: /opt/ros/humble/include  
[0.866s] -- Using RMW implementation 'rmw_fastrtps_cpp' as default
[0.875s] -- Looking for pthread.h
[0.939s] -- Looking for pthread.h - found
[0.939s] -- Performing Test CMAKE_HAVE_LIBC_PTHREAD
[1.006s] -- Performing Test CMAKE_HAVE_LIBC_PTHREAD - Success
[1.007s] -- Found Threads: TRUE  
[1.194s] -- Found example_interfaces: 0.9.3 (/opt/ros/humble/share/example_interfaces/cmake)
[1.485s] -- Configuring done
[1.500s] -- Generating done
[1.502s] -- Build files have been written to: /home/devuser/ros2_ws/build/cpp_srvcli
[1.516s] Invoked command in '/home/devuser/ros2_ws/build/cpp_srvcli' returned '0': CMAKE_PREFIX_PATH=${CMAKE_PREFIX_PATH}:/opt/ros/humble /usr/bin/cmake /home/devuser/ros2_ws/src/cpp_srvcli -DCMAKE_INSTALL_PREFIX=/home/devuser/ros2_ws/install/cpp_srvcli
[1.517s] Invoking command in '/home/devuser/ros2_ws/build/cpp_srvcli': CMAKE_PREFIX_PATH=${CMAKE_PREFIX_PATH}:/opt/ros/humble /usr/bin/cmake --build /home/devuser/ros2_ws/build/cpp_srvcli -- -j8 -l8
[1.576s] [ 25%] [32mBuilding CXX object CMakeFiles/client.dir/src/add_two_ints_client.cpp.o[0m
[1.577s] [ 50%] [32mBuilding CXX object CMakeFiles/server.dir/src/add_two_ints_server.cpp.o[0m
[5.407s] [ 75%] [32m[1mLinking CXX executable server[0m
[5.580s] [ 75%] Built target server
[5.619s] [100%] [32m[1mLinking CXX executable client[0m
[5.782s] [100%] Built target client
[5.793s] Invoked command in '/home/devuser/ros2_ws/build/cpp_srvcli' returned '0': CMAKE_PREFIX_PATH=${CMAKE_PREFIX_PATH}:/opt/ros/humble /usr/bin/cmake --build /home/devuser/ros2_ws/build/cpp_srvcli -- -j8 -l8
[5.825s] Invoking command in '/home/devuser/ros2_ws/build/cpp_srvcli': CMAKE_PREFIX_PATH=${CMAKE_PREFIX_PATH}:/opt/ros/humble /usr/bin/cmake --install /home/devuser/ros2_ws/build/cpp_srvcli
[5.833s] -- Install configuration: ""
[5.833s] -- Installing: /home/devuser/ros2_ws/install/cpp_srvcli/lib/cpp_srvcli/server
[5.833s] -- Set runtime path of "/home/devuser/ros2_ws/install/cpp_srvcli/lib/cpp_srvcli/server" to ""
[5.833s] -- Installing: /home/devuser/ros2_ws/install/cpp_srvcli/lib/cpp_srvcli/client
[5.834s] -- Set runtime path of "/home/devuser/ros2_ws/install/cpp_srvcli/lib/cpp_srvcli/client" to ""
[5.834s] -- Installing: /home/devuser/ros2_ws/install/cpp_srvcli/share/ament_index/resource_index/package_run_dependencies/cpp_srvcli
[5.834s] -- Installing: /home/devuser/ros2_ws/install/cpp_srvcli/share/ament_index/resource_index/parent_prefix_path/cpp_srvcli
[5.834s] -- Installing: /home/devuser/ros2_ws/install/cpp_srvcli/share/cpp_srvcli/environment/ament_prefix_path.sh
[5.834s] -- Installing: /home/devuser/ros2_ws/install/cpp_srvcli/share/cpp_srvcli/environment/ament_prefix_path.dsv
[5.834s] -- Installing: /home/devuser/ros2_ws/install/cpp_srvcli/share/cpp_srvcli/environment/path.sh
[5.835s] -- Installing: /home/devuser/ros2_ws/install/cpp_srvcli/share/cpp_srvcli/environment/path.dsv
[5.835s] -- Installing: /home/devuser/ros2_ws/install/cpp_srvcli/share/cpp_srvcli/local_setup.bash
[5.835s] -- Installing: /home/devuser/ros2_ws/install/cpp_srvcli/share/cpp_srvcli/local_setup.sh
[5.835s] -- Installing: /home/devuser/ros2_ws/install/cpp_srvcli/share/cpp_srvcli/local_setup.zsh
[5.835s] -- Installing: /home/devuser/ros2_ws/install/cpp_srvcli/share/cpp_srvcli/local_setup.dsv
[5.835s] -- Installing: /home/devuser/ros2_ws/install/cpp_srvcli/share/cpp_srvcli/package.dsv
[5.835s] -- Installing: /home/devuser/ros2_ws/install/cpp_srvcli/share/ament_index/resource_index/packages/cpp_srvcli
[5.835s] -- Installing: /home/devuser/ros2_ws/install/cpp_srvcli/share/cpp_srvcli/cmake/cpp_srvcliConfig.cmake
[5.835s] -- Installing: /home/devuser/ros2_ws/install/cpp_srvcli/share/cpp_srvcli/cmake/cpp_srvcliConfig-version.cmake
[5.836s] -- Installing: /home/devuser/ros2_ws/install/cpp_srvcli/share/cpp_srvcli/package.xml
[5.837s] Invoked command in '/home/devuser/ros2_ws/build/cpp_srvcli' returned '0': CMAKE_PREFIX_PATH=${CMAKE_PREFIX_PATH}:/opt/ros/humble /usr/bin/cmake --install /home/devuser/ros2_ws/build/cpp_srvcli
