[0.015s] Invoking command in '/home/devuser/AOX/ros_ws/cpp_pubsub/build/cpp_pubsub': CMAKE_PREFIX_PATH=${CMAKE_PREFIX_PATH}:/opt/ros/humble /usr/bin/cmake --build /home/devuser/AOX/ros_ws/cpp_pubsub/build/cpp_pubsub -- -j8 -l8
[0.056s] [35m[1mConsolidate compiler generated dependencies of target listener[0m
[0.065s] [ 66%] Built target talker
[0.066s] [ 66%] Built target watchdog
[0.069s] [ 83%] [32mBuilding CXX object CMakeFiles/listener.dir/src/subscriber_member_function.cpp.o[0m
[1.648s] [01m[K/home/devuser/AOX/ros_ws/cpp_pubsub/src/subscriber_member_function.cpp:[m[K In constructor ‘[01m[KMinimalSubscriber::MinimalSubscriber()[m[K’:
[1.648s] [01m[K/home/devuser/AOX/ros_ws/cpp_pubsub/src/subscriber_member_function.cpp:29:5:[m[K [01;31m[Kerror: [m[K‘[01m[Knode[m[K’ was not declared in this scope; did you mean ‘[01m[KNode[m[K’?
[1.648s]    29 |     [01;31m[Knode[m[K->create_service<tutorial_interfaces::srv::Empty>("empty_service", {RCLCPP_INFO(rclcpp::get_logger("rclcpp"), "Pub stopped!"); });
[1.648s]       |     [01;31m[K^~~~[m[K
[1.648s]       |     [32m[KNode[m[K
[1.648s] [01m[K/home/devuser/AOX/ros_ws/cpp_pubsub/src/subscriber_member_function.cpp:29:57:[m[K [01;31m[Kerror: [m[Kexpected primary-expression before ‘[01m[K>[m[K’ token
[1.648s]    29 |     node->create_service<tutorial_interfaces::srv::Empty[01;31m[K>[m[K("empty_service", {RCLCPP_INFO(rclcpp::get_logger("rclcpp"), "Pub stopped!"); });
[1.648s]       |                                                         [01;31m[K^[m[K
[1.648s] [01m[K/home/devuser/AOX/ros_ws/cpp_pubsub/src/subscriber_member_function.cpp:29:76:[m[K [01;31m[Kerror: [m[Kexpected primary-expression before ‘[01m[K{[m[K’ token
[1.648s]    29 |     node->create_service<tutorial_interfaces::srv::Empty>("empty_service", [01;31m[K{[m[KRCLCPP_INFO(rclcpp::get_logger("rclcpp"), "Pub stopped!"); });
[1.648s]       |                                                                            [01;31m[K^[m[K
[1.648s] [01m[K/home/devuser/AOX/ros_ws/cpp_pubsub/src/subscriber_member_function.cpp:29:76:[m[K [01;31m[Kerror: [m[Kexpected ‘[01m[K)[m[K’ before ‘[01m[K{[m[K’ token
[1.648s] [01m[K/home/devuser/AOX/ros_ws/cpp_pubsub/src/subscriber_member_function.cpp:29:58:[m[K [01;36m[Knote: [m[Kto match this ‘[01m[K([m[K’
[1.649s]    29 |     node->create_service<tutorial_interfaces::srv::Empty>[01;36m[K([m[K"empty_service", {RCLCPP_INFO(rclcpp::get_logger("rclcpp"), "Pub stopped!"); });
[1.649s]       |                                                          [01;36m[K^[m[K
[1.651s] In file included from [01m[K/opt/ros/humble/include/rclcpp/rclcpp/logging.hpp:24[m[K,
[1.651s]                  from [01m[K/opt/ros/humble/include/rclcpp/rclcpp/client.hpp:40[m[K,
[1.651s]                  from [01m[K/opt/ros/humble/include/rclcpp/rclcpp/callback_group.hpp:24[m[K,
[1.651s]                  from [01m[K/opt/ros/humble/include/rclcpp/rclcpp/any_executable.hpp:20[m[K,
[1.651s]                  from [01m[K/opt/ros/humble/include/rclcpp/rclcpp/memory_strategy.hpp:25[m[K,
[1.651s]                  from [01m[K/opt/ros/humble/include/rclcpp/rclcpp/memory_strategies.hpp:18[m[K,
[1.651s]                  from [01m[K/opt/ros/humble/include/rclcpp/rclcpp/executor_options.hpp:20[m[K,
[1.651s]                  from [01m[K/opt/ros/humble/include/rclcpp/rclcpp/executor.hpp:37[m[K,
[1.651s]                  from [01m[K/opt/ros/humble/include/rclcpp/rclcpp/executors/multi_threaded_executor.hpp:25[m[K,
[1.651s]                  from [01m[K/opt/ros/humble/include/rclcpp/rclcpp/executors.hpp:21[m[K,
[1.651s]                  from [01m[K/opt/ros/humble/include/rclcpp/rclcpp/rclcpp.hpp:155[m[K,
[1.651s]                  from [01m[K/home/devuser/AOX/ros_ws/cpp_pubsub/src/subscriber_member_function.cpp:3[m[K:
[1.651s] [01m[K/home/devuser/AOX/ros_ws/cpp_pubsub/src/subscriber_member_function.cpp:[m[K In member function ‘[01m[Kvoid MinimalSubscriber::topic_callback(tutorial_interfaces::msg::Num_<std::allocator<void> >::SharedPtr) const[m[K’:
[1.651s] [01m[K/home/devuser/AOX/ros_ws/cpp_pubsub/src/subscriber_member_function.cpp:44:37:[m[K [01;35m[Kwarning: [m[Kformat ‘[01m[K%d[m[K’ expects argument of type ‘[01m[Kint[m[K’, but argument 5 has type ‘[01m[Ktutorial_interfaces::msg::Num_<std::allocator<void> >::_num_type[m[K’ {aka ‘[01m[Klong int[m[K’} [[01;35m[K]8;;https://gcc.gnu.org/onlinedocs/gcc/Warning-Options.html#index-Wformat=-Wformat=]8;;[m[K]
[1.651s]    44 |     RCLCPP_INFO(this->get_logger(), [01;35m[K"I heard: '%d'"[m[K, [32m[Kmsg->num[m[K);              // CHANGE
[1.651s]       |                                     [01;35m[K^~~~~~~~~~~~~~~[m[K  [32m[K~~~~~~~~[m[K
[1.651s]       |                                                           [32m[K|[m[K
[1.651s]       |                                                           [32m[Ktutorial_interfaces::msg::Num_<std::allocator<void> >::_num_type {aka long int}[m[K
[1.651s] [01m[K/home/devuser/AOX/ros_ws/cpp_pubsub/src/subscriber_member_function.cpp:44:49:[m[K [01;36m[Knote: [m[Kformat string is defined here
[1.651s]    44 |     RCLCPP_INFO(this->get_logger(), "I heard: '[01;36m[K%d[m[K'", msg->num);              // CHANGE
[1.651s]       |                                                [01;36m[K~^[m[K
[1.651s]       |                                                 [01;36m[K|[m[K
[1.652s]       |                                                 [01;36m[Kint[m[K
[1.652s]       |                                                [32m[K%ld[m[K
[3.254s] gmake[2]: *** [CMakeFiles/listener.dir/build.make:76: CMakeFiles/listener.dir/src/subscriber_member_function.cpp.o] Error 1
[3.254s] gmake[1]: *** [CMakeFiles/Makefile2:167: CMakeFiles/listener.dir/all] Error 2
[3.254s] gmake: *** [Makefile:146: all] Error 2
[3.256s] Invoked command in '/home/devuser/AOX/ros_ws/cpp_pubsub/build/cpp_pubsub' returned '2': CMAKE_PREFIX_PATH=${CMAKE_PREFIX_PATH}:/opt/ros/humble /usr/bin/cmake --build /home/devuser/AOX/ros_ws/cpp_pubsub/build/cpp_pubsub -- -j8 -l8
