[0.012s] Invoking command in '/home/devuser/AOX/ROS2/src/lcm_service/build/lcm_service': CMAKE_PREFIX_PATH=${CMAKE_PREFIX_PATH}:/opt/ros/humble /usr/bin/cmake /home/devuser/AOX/ROS2/src/lcm_service -DCMAKE_INSTALL_PREFIX=/home/devuser/AOX/ROS2/src/lcm_service/install/lcm_service
[0.252s] -- The C compiler identification is GNU 11.4.0
[0.339s] -- The CXX compiler identification is GNU 11.4.0
[0.346s] -- Detecting C compiler ABI info
[0.460s] -- Detecting C compiler ABI info - done
[0.465s] -- Check for working C compiler: /usr/bin/cc - skipped
[0.465s] -- Detecting C compile features
[0.466s] -- Detecting C compile features - done
[0.468s] -- Detecting CXX compiler ABI info
[0.640s] -- Detecting CXX compiler ABI info - done
[0.645s] -- Check for working CXX compiler: /usr/bin/c++ - skipped
[0.645s] -- Detecting CXX compile features
[0.646s] -- Detecting CXX compile features - done
[0.647s] -- Found ament_cmake: 1.3.5 (/opt/ros/humble/share/ament_cmake/cmake)
[0.762s] -- Found Python3: /usr/bin/python3.10 (found version "3.10.12") found components: Interpreter 
[0.847s] -- Found rclcpp: 16.0.5 (/opt/ros/humble/share/rclcpp/cmake)
[0.900s] -- Found rosidl_generator_c: 3.1.5 (/opt/ros/humble/share/rosidl_generator_c/cmake)
[0.904s] -- Found rosidl_adapter: 3.1.5 (/opt/ros/humble/share/rosidl_adapter/cmake)
[0.909s] -- Found rosidl_generator_cpp: 3.1.5 (/opt/ros/humble/share/rosidl_generator_cpp/cmake)
[0.920s] -- Using all available rosidl_typesupport_c: rosidl_typesupport_fastrtps_c;rosidl_typesupport_introspection_c
[0.933s] -- Using all available rosidl_typesupport_cpp: rosidl_typesupport_fastrtps_cpp;rosidl_typesupport_introspection_cpp
[0.981s] -- Found rmw_implementation_cmake: 6.1.1 (/opt/ros/humble/share/rmw_implementation_cmake/cmake)
[0.983s] -- Found rmw_fastrtps_cpp: 6.2.3 (/opt/ros/humble/share/rmw_fastrtps_cpp/cmake)
[1.135s] -- Found OpenSSL: /usr/lib/x86_64-linux-gnu/libcrypto.so (found version "1.1.0g")  
[1.155s] -- Found FastRTPS: /opt/ros/humble/include  
[1.187s] -- Using RMW implementation 'rmw_fastrtps_cpp' as default
[1.193s] -- Looking for pthread.h
[1.243s] -- Looking for pthread.h - found
[1.244s] -- Performing Test CMAKE_HAVE_LIBC_PTHREAD
[1.326s] -- Performing Test CMAKE_HAVE_LIBC_PTHREAD - Success
[1.327s] -- Found Threads: TRUE  
[1.440s] -- Configuring incomplete, errors occurred!
[1.440s] See also "/home/devuser/AOX/ROS2/src/lcm_service/build/lcm_service/CMakeFiles/CMakeOutput.log".
[1.440s] [31mCMake Error at CMakeLists.txt:19 (find_package):
[1.440s]   By not providing "Findtutorial_interfaces.cmake" in CMAKE_MODULE_PATH this
[1.440s]   project has asked CMake to find a package configuration file provided by
[1.440s]   "tutorial_interfaces", but CMake did not find one.
[1.440s] 
[1.440s]   Could not find a package configuration file provided by
[1.440s]   "tutorial_interfaces" with any of the following names:
[1.440s] 
[1.441s]     tutorial_interfacesConfig.cmake
[1.441s]     tutorial_interfaces-config.cmake
[1.441s] 
[1.441s]   Add the installation prefix of "tutorial_interfaces" to CMAKE_PREFIX_PATH
[1.441s]   or set "tutorial_interfaces_DIR" to a directory containing one of the above
[1.441s]   files.  If "tutorial_interfaces" provides a separate development package or
[1.441s]   SDK, be sure it has been installed.
[1.441s] 
[1.441s] [0m
[1.446s] Invoked command in '/home/devuser/AOX/ROS2/src/lcm_service/build/lcm_service' returned '1': CMAKE_PREFIX_PATH=${CMAKE_PREFIX_PATH}:/opt/ros/humble /usr/bin/cmake /home/devuser/AOX/ROS2/src/lcm_service -DCMAKE_INSTALL_PREFIX=/home/devuser/AOX/ROS2/src/lcm_service/install/lcm_service
