[0.015s] Invoking command in '/home/devuser/AOX/ros_ws/cpp_pubsub/build/cpp_pubsub': CMAKE_PREFIX_PATH=${CMAKE_PREFIX_PATH}:/opt/ros/humble /usr/bin/cmake --build /home/devuser/AOX/ros_ws/cpp_pubsub/build/cpp_pubsub -- -j8 -l8
[0.045s] [35m[1mConsolidate compiler generated dependencies of target watchdog[0m
[0.054s] [ 66%] Built target talker
[0.054s] [ 66%] Built target listener
[0.059s] [ 83%] [32mBuilding CXX object CMakeFiles/watchdog.dir/src/watchdog.cpp.o[0m
[6.098s] [100%] [32m[1mLinking CXX executable watchdog[0m
[6.418s] [100%] Built target watchdog
[6.426s] Invoked command in '/home/devuser/AOX/ros_ws/cpp_pubsub/build/cpp_pubsub' returned '0': CMAKE_PREFIX_PATH=${CMAKE_PREFIX_PATH}:/opt/ros/humble /usr/bin/cmake --build /home/devuser/AOX/ros_ws/cpp_pubsub/build/cpp_pubsub -- -j8 -l8
[6.458s] Invoking command in '/home/devuser/AOX/ros_ws/cpp_pubsub/build/cpp_pubsub': CMAKE_PREFIX_PATH=${CMAKE_PREFIX_PATH}:/opt/ros/humble /usr/bin/cmake --install /home/devuser/AOX/ros_ws/cpp_pubsub/build/cpp_pubsub
[6.465s] -- Install configuration: ""
[6.465s] -- Up-to-date: /home/devuser/AOX/ros_ws/cpp_pubsub/install/cpp_pubsub/lib/cpp_pubsub/talker
[6.465s] -- Up-to-date: /home/devuser/AOX/ros_ws/cpp_pubsub/install/cpp_pubsub/lib/cpp_pubsub/listener
[6.465s] -- Installing: /home/devuser/AOX/ros_ws/cpp_pubsub/install/cpp_pubsub/lib/cpp_pubsub/watchdog
[6.469s] -- Set runtime path of "/home/devuser/AOX/ros_ws/cpp_pubsub/install/cpp_pubsub/lib/cpp_pubsub/watchdog" to ""
[6.469s] -- Up-to-date: /home/devuser/AOX/ros_ws/cpp_pubsub/install/cpp_pubsub/share/ament_index/resource_index/package_run_dependencies/cpp_pubsub
[6.469s] -- Up-to-date: /home/devuser/AOX/ros_ws/cpp_pubsub/install/cpp_pubsub/share/ament_index/resource_index/parent_prefix_path/cpp_pubsub
[6.469s] -- Up-to-date: /home/devuser/AOX/ros_ws/cpp_pubsub/install/cpp_pubsub/share/cpp_pubsub/environment/ament_prefix_path.sh
[6.469s] -- Up-to-date: /home/devuser/AOX/ros_ws/cpp_pubsub/install/cpp_pubsub/share/cpp_pubsub/environment/ament_prefix_path.dsv
[6.469s] -- Up-to-date: /home/devuser/AOX/ros_ws/cpp_pubsub/install/cpp_pubsub/share/cpp_pubsub/environment/path.sh
[6.469s] -- Up-to-date: /home/devuser/AOX/ros_ws/cpp_pubsub/install/cpp_pubsub/share/cpp_pubsub/environment/path.dsv
[6.469s] -- Up-to-date: /home/devuser/AOX/ros_ws/cpp_pubsub/install/cpp_pubsub/share/cpp_pubsub/local_setup.bash
[6.469s] -- Up-to-date: /home/devuser/AOX/ros_ws/cpp_pubsub/install/cpp_pubsub/share/cpp_pubsub/local_setup.sh
[6.470s] -- Up-to-date: /home/devuser/AOX/ros_ws/cpp_pubsub/install/cpp_pubsub/share/cpp_pubsub/local_setup.zsh
[6.470s] -- Up-to-date: /home/devuser/AOX/ros_ws/cpp_pubsub/install/cpp_pubsub/share/cpp_pubsub/local_setup.dsv
[6.470s] -- Installing: /home/devuser/AOX/ros_ws/cpp_pubsub/install/cpp_pubsub/share/cpp_pubsub/package.dsv
[6.470s] -- Up-to-date: /home/devuser/AOX/ros_ws/cpp_pubsub/install/cpp_pubsub/share/ament_index/resource_index/packages/cpp_pubsub
[6.470s] -- Up-to-date: /home/devuser/AOX/ros_ws/cpp_pubsub/install/cpp_pubsub/share/cpp_pubsub/cmake/cpp_pubsubConfig.cmake
[6.470s] -- Up-to-date: /home/devuser/AOX/ros_ws/cpp_pubsub/install/cpp_pubsub/share/cpp_pubsub/cmake/cpp_pubsubConfig-version.cmake
[6.470s] -- Up-to-date: /home/devuser/AOX/ros_ws/cpp_pubsub/install/cpp_pubsub/share/cpp_pubsub/package.xml
[6.472s] Invoked command in '/home/devuser/AOX/ros_ws/cpp_pubsub/build/cpp_pubsub' returned '0': CMAKE_PREFIX_PATH=${CMAKE_PREFIX_PATH}:/opt/ros/humble /usr/bin/cmake --install /home/devuser/AOX/ros_ws/cpp_pubsub/build/cpp_pubsub
