[0.010s] Invoking command in '/home/devuser/AOX/ROS2/src/lcm_topic/build/lcm_topic': CMAKE_PREFIX_PATH=/opt/ros/humble /usr/bin/cmake /home/devuser/AOX/ROS2/src/lcm_topic -DCMAKE_INSTALL_PREFIX=/home/devuser/AOX/ROS2/src/lcm_topic/install/lcm_topic
[0.018s] -- Found ament_cmake: 1.3.5 (/opt/ros/humble/share/ament_cmake/cmake)
[0.108s] -- Found rclcpp: 16.0.5 (/opt/ros/humble/share/rclcpp/cmake)
[0.126s] -- Found rosidl_generator_c: 3.1.5 (/opt/ros/humble/share/rosidl_generator_c/cmake)
[0.127s] -- Found rosidl_adapter: 3.1.5 (/opt/ros/humble/share/rosidl_adapter/cmake)
[0.131s] -- Found rosidl_generator_cpp: 3.1.5 (/opt/ros/humble/share/rosidl_generator_cpp/cmake)
[0.138s] -- Using all available rosidl_typesupport_c: rosidl_typesupport_fastrtps_c;rosidl_typesupport_introspection_c
[0.149s] -- Using all available rosidl_typesupport_cpp: rosidl_typesupport_fastrtps_cpp;rosidl_typesupport_introspection_cpp
[0.187s] -- Found rmw_implementation_cmake: 6.1.1 (/opt/ros/humble/share/rmw_implementation_cmake/cmake)
[0.188s] -- Found rmw_fastrtps_cpp: 6.2.3 (/opt/ros/humble/share/rmw_fastrtps_cpp/cmake)
[0.267s] -- Using RMW implementation 'rmw_fastrtps_cpp' as default
[0.537s] -- Configuring done
[0.558s] -- Generating done
[0.558s] -- Build files have been written to: /home/devuser/AOX/ROS2/src/lcm_topic/build/lcm_topic
[0.563s] Invoked command in '/home/devuser/AOX/ROS2/src/lcm_topic/build/lcm_topic' returned '0': CMAKE_PREFIX_PATH=/opt/ros/humble /usr/bin/cmake /home/devuser/AOX/ROS2/src/lcm_topic -DCMAKE_INSTALL_PREFIX=/home/devuser/AOX/ROS2/src/lcm_topic/install/lcm_topic
[0.565s] Invoking command in '/home/devuser/AOX/ROS2/src/lcm_topic/build/lcm_topic': CMAKE_PREFIX_PATH=/opt/ros/humble /usr/bin/cmake --build /home/devuser/AOX/ROS2/src/lcm_topic/build/lcm_topic -- -j8 -l8
[0.594s] [ 50%] [32mBuilding CXX object CMakeFiles/talker.dir/src/publisher_member_function.cpp.o[0m
[0.594s] [ 50%] [32mBuilding CXX object CMakeFiles/listener2.dir/src/node_b.cpp.o[0m
[0.594s] [ 50%] [32mBuilding CXX object CMakeFiles/listener1.dir/src/node_a.cpp.o[0m
[0.594s] [ 50%] [32mBuilding CXX object CMakeFiles/listener3.dir/src/node_c.cpp.o[0m
[4.388s] [ 62%] [32m[1mLinking CXX executable talker[0m
[5.331s] [ 62%] Built target talker
[7.608s] [ 75%] [32m[1mLinking CXX executable listener1[0m
[7.698s] [ 87%] [32m[1mLinking CXX executable listener3[0m
[7.815s] [100%] [32m[1mLinking CXX executable listener2[0m
[7.946s] [100%] Built target listener1
[8.079s] [100%] Built target listener3
[8.137s] [100%] Built target listener2
[8.145s] Invoked command in '/home/devuser/AOX/ROS2/src/lcm_topic/build/lcm_topic' returned '0': CMAKE_PREFIX_PATH=/opt/ros/humble /usr/bin/cmake --build /home/devuser/AOX/ROS2/src/lcm_topic/build/lcm_topic -- -j8 -l8
[8.170s] Invoking command in '/home/devuser/AOX/ROS2/src/lcm_topic/build/lcm_topic': CMAKE_PREFIX_PATH=/opt/ros/humble /usr/bin/cmake --install /home/devuser/AOX/ROS2/src/lcm_topic/build/lcm_topic
[8.175s] -- Install configuration: ""
[8.175s] -- Installing: /home/devuser/AOX/ROS2/src/lcm_topic/install/lcm_topic/lib/lcm_topic/talker
[8.175s] -- Set runtime path of "/home/devuser/AOX/ROS2/src/lcm_topic/install/lcm_topic/lib/lcm_topic/talker" to ""
[8.175s] -- Installing: /home/devuser/AOX/ROS2/src/lcm_topic/install/lcm_topic/lib/lcm_topic/listener1
[8.177s] -- Set runtime path of "/home/devuser/AOX/ROS2/src/lcm_topic/install/lcm_topic/lib/lcm_topic/listener1" to ""
[8.177s] -- Installing: /home/devuser/AOX/ROS2/src/lcm_topic/install/lcm_topic/lib/lcm_topic/listener2
[8.179s] -- Set runtime path of "/home/devuser/AOX/ROS2/src/lcm_topic/install/lcm_topic/lib/lcm_topic/listener2" to ""
[8.179s] -- Installing: /home/devuser/AOX/ROS2/src/lcm_topic/install/lcm_topic/lib/lcm_topic/listener3
[8.181s] -- Set runtime path of "/home/devuser/AOX/ROS2/src/lcm_topic/install/lcm_topic/lib/lcm_topic/listener3" to ""
[8.181s] -- Installing: /home/devuser/AOX/ROS2/src/lcm_topic/install/lcm_topic/share/ament_index/resource_index/package_run_dependencies/lcm_topic
[8.181s] -- Installing: /home/devuser/AOX/ROS2/src/lcm_topic/install/lcm_topic/share/ament_index/resource_index/parent_prefix_path/lcm_topic
[8.181s] -- Installing: /home/devuser/AOX/ROS2/src/lcm_topic/install/lcm_topic/share/lcm_topic/environment/ament_prefix_path.sh
[8.181s] -- Installing: /home/devuser/AOX/ROS2/src/lcm_topic/install/lcm_topic/share/lcm_topic/environment/ament_prefix_path.dsv
[8.181s] -- Installing: /home/devuser/AOX/ROS2/src/lcm_topic/install/lcm_topic/share/lcm_topic/environment/path.sh
[8.181s] -- Installing: /home/devuser/AOX/ROS2/src/lcm_topic/install/lcm_topic/share/lcm_topic/environment/path.dsv
[8.182s] -- Installing: /home/devuser/AOX/ROS2/src/lcm_topic/install/lcm_topic/share/lcm_topic/local_setup.bash
[8.182s] -- Installing: /home/devuser/AOX/ROS2/src/lcm_topic/install/lcm_topic/share/lcm_topic/local_setup.sh
[8.182s] -- Installing: /home/devuser/AOX/ROS2/src/lcm_topic/install/lcm_topic/share/lcm_topic/local_setup.zsh
[8.182s] -- Installing: /home/devuser/AOX/ROS2/src/lcm_topic/install/lcm_topic/share/lcm_topic/local_setup.dsv
[8.182s] -- Installing: /home/devuser/AOX/ROS2/src/lcm_topic/install/lcm_topic/share/lcm_topic/package.dsv
[8.182s] -- Installing: /home/devuser/AOX/ROS2/src/lcm_topic/install/lcm_topic/share/ament_index/resource_index/packages/lcm_topic
[8.182s] -- Installing: /home/devuser/AOX/ROS2/src/lcm_topic/install/lcm_topic/share/lcm_topic/cmake/lcm_topicConfig.cmake
[8.182s] -- Installing: /home/devuser/AOX/ROS2/src/lcm_topic/install/lcm_topic/share/lcm_topic/cmake/lcm_topicConfig-version.cmake
[8.182s] -- Installing: /home/devuser/AOX/ROS2/src/lcm_topic/install/lcm_topic/share/lcm_topic/package.xml
[8.184s] Invoked command in '/home/devuser/AOX/ROS2/src/lcm_topic/build/lcm_topic' returned '0': CMAKE_PREFIX_PATH=/opt/ros/humble /usr/bin/cmake --install /home/devuser/AOX/ROS2/src/lcm_topic/build/lcm_topic
